<?xml version="1.0" encoding="UTF-8"?>
<testsuite xmlns:xsi="http://www.w3.org/2001/XMLSchema-instance" xsi:noNamespaceSchemaLocation="https://maven.apache.org/surefire/maven-surefire-plugin/xsd/surefire-test-report-3.0.xsd" version="3.0" name="com.example.tecnosserver.TecnosServerApplicationTests" time="8.575" tests="1" errors="0" skipped="0" failures="0">
  <properties>
    <property name="java.specification.version" value="17"/>
    <property name="sun.cpu.isalist" value="amd64"/>
    <property name="sun.jnu.encoding" value="Cp1252"/>
    <property name="java.class.path" value="C:\Users\denis\OneDrive\Desktop\tecnos-project\tecnos-server\target\test-classes;C:\Users\denis\OneDrive\Desktop\tecnos-project\tecnos-server\target\classes;C:\Users\denis\.m2\repository\org\springdoc\springdoc-openapi-starter-webmvc-ui\2.1.0\springdoc-openapi-starter-webmvc-ui-2.1.0.jar;C:\Users\denis\.m2\repository\org\springdoc\springdoc-openapi-starter-webmvc-api\2.1.0\springdoc-openapi-starter-webmvc-api-2.1.0.jar;C:\Users\denis\.m2\repository\org\springdoc\springdoc-openapi-starter-common\2.1.0\springdoc-openapi-starter-common-2.1.0.jar;C:\Users\denis\.m2\repository\io\swagger\core\v3\swagger-core-jakarta\2.2.9\swagger-core-jakarta-2.2.9.jar;C:\Users\denis\.m2\repository\org\apache\commons\commons-lang3\3.12.0\commons-lang3-3.12.0.jar;C:\Users\denis\.m2\repository\io\swagger\core\v3\swagger-annotations-jakarta\2.2.9\swagger-annotations-jakarta-2.2.9.jar;C:\Users\denis\.m2\repository\io\swagger\core\v3\swagger-models-jakarta\2.2.9\swagger-models-jakarta-2.2.9.jar;C:\Users\denis\.m2\repository\com\fasterxml\jackson\dataformat\jackson-dataformat-yaml\2.15.2\jackson-dataformat-yaml-2.15.2.jar;C:\Users\denis\.m2\repository\org\webjars\swagger-ui\4.18.2\swagger-ui-4.18.2.jar;C:\Users\denis\.m2\repository\org\springframework\boot\spring-boot-starter-data-jpa\3.1.3\spring-boot-starter-data-jpa-3.1.3.jar;C:\Users\denis\.m2\repository\org\springframework\boot\spring-boot-starter-aop\3.1.3\spring-boot-starter-aop-3.1.3.jar;C:\Users\denis\.m2\repository\org\aspectj\aspectjweaver\1.9.20\aspectjweaver-1.9.20.jar;C:\Users\denis\.m2\repository\org\springframework\boot\spring-boot-starter-jdbc\3.1.3\spring-boot-starter-jdbc-3.1.3.jar;C:\Users\denis\.m2\repository\com\zaxxer\HikariCP\5.0.1\HikariCP-5.0.1.jar;C:\Users\denis\.m2\repository\org\springframework\spring-jdbc\6.0.11\spring-jdbc-6.0.11.jar;C:\Users\denis\.m2\repository\org\hibernate\orm\hibernate-core\6.2.7.Final\hibernate-core-6.2.7.Final.jar;C:\Users\denis\.m2\repository\jakarta\persistence\jakarta.persistence-api\3.1.0\jakarta.persistence-api-3.1.0.jar;C:\Users\denis\.m2\repository\jakarta\transaction\jakarta.transaction-api\2.0.1\jakarta.transaction-api-2.0.1.jar;C:\Users\denis\.m2\repository\org\jboss\logging\jboss-logging\3.5.3.Final\jboss-logging-3.5.3.Final.jar;C:\Users\denis\.m2\repository\org\hibernate\common\hibernate-commons-annotations\6.0.6.Final\hibernate-commons-annotations-6.0.6.Final.jar;C:\Users\denis\.m2\repository\io\smallrye\jandex\3.0.5\jandex-3.0.5.jar;C:\Users\denis\.m2\repository\com\fasterxml\classmate\1.5.1\classmate-1.5.1.jar;C:\Users\denis\.m2\repository\net\bytebuddy\byte-buddy\1.14.6\byte-buddy-1.14.6.jar;C:\Users\denis\.m2\repository\org\glassfish\jaxb\jaxb-runtime\4.0.3\jaxb-runtime-4.0.3.jar;C:\Users\denis\.m2\repository\org\glassfish\jaxb\jaxb-core\4.0.3\jaxb-core-4.0.3.jar;C:\Users\denis\.m2\repository\org\eclipse\angus\angus-activation\2.0.1\angus-activation-2.0.1.jar;C:\Users\denis\.m2\repository\org\glassfish\jaxb\txw2\4.0.3\txw2-4.0.3.jar;C:\Users\denis\.m2\repository\com\sun\istack\istack-commons-runtime\4.1.2\istack-commons-runtime-4.1.2.jar;C:\Users\denis\.m2\repository\jakarta\inject\jakarta.inject-api\2.0.1\jakarta.inject-api-2.0.1.jar;C:\Users\denis\.m2\repository\org\antlr\antlr4-runtime\4.10.1\antlr4-runtime-4.10.1.jar;C:\Users\denis\.m2\repository\org\springframework\data\spring-data-jpa\3.1.3\spring-data-jpa-3.1.3.jar;C:\Users\denis\.m2\repository\org\springframework\data\spring-data-commons\3.1.3\spring-data-commons-3.1.3.jar;C:\Users\denis\.m2\repository\org\springframework\spring-orm\6.0.11\spring-orm-6.0.11.jar;C:\Users\denis\.m2\repository\org\springframework\spring-tx\6.0.11\spring-tx-6.0.11.jar;C:\Users\denis\.m2\repository\jakarta\annotation\jakarta.annotation-api\2.1.1\jakarta.annotation-api-2.1.1.jar;C:\Users\denis\.m2\repository\org\springframework\spring-aspects\6.0.11\spring-aspects-6.0.11.jar;C:\Users\denis\.m2\repository\org\springframework\boot\spring-boot-starter-actuator\3.1.3\spring-boot-starter-actuator-3.1.3.jar;C:\Users\denis\.m2\repository\org\springframework\boot\spring-boot-starter\3.1.3\spring-boot-starter-3.1.3.jar;C:\Users\denis\.m2\repository\org\springframework\boot\spring-boot\3.1.3\spring-boot-3.1.3.jar;C:\Users\denis\.m2\repository\org\springframework\boot\spring-boot-autoconfigure\3.1.3\spring-boot-autoconfigure-3.1.3.jar;C:\Users\denis\.m2\repository\org\yaml\snakeyaml\1.33\snakeyaml-1.33.jar;C:\Users\denis\.m2\repository\org\springframework\boot\spring-boot-actuator-autoconfigure\3.1.3\spring-boot-actuator-autoconfigure-3.1.3.jar;C:\Users\denis\.m2\repository\org\springframework\boot\spring-boot-actuator\3.1.3\spring-boot-actuator-3.1.3.jar;C:\Users\denis\.m2\repository\com\fasterxml\jackson\datatype\jackson-datatype-jsr310\2.15.2\jackson-datatype-jsr310-2.15.2.jar;C:\Users\denis\.m2\repository\io\micrometer\micrometer-observation\1.11.3\micrometer-observation-1.11.3.jar;C:\Users\denis\.m2\repository\io\micrometer\micrometer-commons\1.11.3\micrometer-commons-1.11.3.jar;C:\Users\denis\.m2\repository\io\micrometer\micrometer-core\1.11.3\micrometer-core-1.11.3.jar;C:\Users\denis\.m2\repository\org\hdrhistogram\HdrHistogram\2.1.12\HdrHistogram-2.1.12.jar;C:\Users\denis\.m2\repository\org\latencyutils\LatencyUtils\2.0.3\LatencyUtils-2.0.3.jar;C:\Users\denis\.m2\repository\io\zipkin\reporter2\zipkin-reporter-brave\2.16.3\zipkin-reporter-brave-2.16.3.jar;C:\Users\denis\.m2\repository\io\zipkin\reporter2\zipkin-reporter\2.16.3\zipkin-reporter-2.16.3.jar;C:\Users\denis\.m2\repository\io\zipkin\zipkin2\zipkin\2.23.2\zipkin-2.23.2.jar;C:\Users\denis\.m2\repository\io\micrometer\micrometer-tracing-bridge-brave\1.1.4\micrometer-tracing-bridge-brave-1.1.4.jar;C:\Users\denis\.m2\repository\io\micrometer\micrometer-tracing\1.1.4\micrometer-tracing-1.1.4.jar;C:\Users\denis\.m2\repository\io\micrometer\context-propagation\1.0.5\context-propagation-1.0.5.jar;C:\Users\denis\.m2\repository\aopalliance\aopalliance\1.0\aopalliance-1.0.jar;C:\Users\denis\.m2\repository\org\slf4j\slf4j-api\2.0.7\slf4j-api-2.0.7.jar;C:\Users\denis\.m2\repository\io\zipkin\brave\brave\5.15.1\brave-5.15.1.jar;C:\Users\denis\.m2\repository\io\zipkin\brave\brave-context-slf4j\5.15.1\brave-context-slf4j-5.15.1.jar;C:\Users\denis\.m2\repository\io\zipkin\brave\brave-instrumentation-http\5.15.1\brave-instrumentation-http-5.15.1.jar;C:\Users\denis\.m2\repository\io\zipkin\aws\brave-propagation-aws\0.23.5\brave-propagation-aws-0.23.5.jar;C:\Users\denis\.m2\repository\org\springframework\boot\spring-boot-starter-logging\3.1.3\spring-boot-starter-logging-3.1.3.jar;C:\Users\denis\.m2\repository\ch\qos\logback\logback-classic\1.4.11\logback-classic-1.4.11.jar;C:\Users\denis\.m2\repository\ch\qos\logback\logback-core\1.4.11\logback-core-1.4.11.jar;C:\Users\denis\.m2\repository\org\apache\logging\log4j\log4j-to-slf4j\2.20.0\log4j-to-slf4j-2.20.0.jar;C:\Users\denis\.m2\repository\org\apache\logging\log4j\log4j-api\2.20.0\log4j-api-2.20.0.jar;C:\Users\denis\.m2\repository\org\slf4j\jul-to-slf4j\2.0.7\jul-to-slf4j-2.0.7.jar;C:\Users\denis\.m2\repository\net\logstash\logback\logstash-logback-encoder\8.0\logstash-logback-encoder-8.0.jar;C:\Users\denis\.m2\repository\com\fasterxml\jackson\core\jackson-databind\2.15.2\jackson-databind-2.15.2.jar;C:\Users\denis\.m2\repository\com\fasterxml\jackson\core\jackson-annotations\2.15.2\jackson-annotations-2.15.2.jar;C:\Users\denis\.m2\repository\com\fasterxml\jackson\core\jackson-core\2.15.2\jackson-core-2.15.2.jar;C:\Users\denis\.m2\repository\org\springframework\boot\spring-boot-starter-web\3.1.3\spring-boot-starter-web-3.1.3.jar;C:\Users\denis\.m2\repository\org\springframework\boot\spring-boot-starter-json\3.1.3\spring-boot-starter-json-3.1.3.jar;C:\Users\denis\.m2\repository\com\fasterxml\jackson\datatype\jackson-datatype-jdk8\2.15.2\jackson-datatype-jdk8-2.15.2.jar;C:\Users\denis\.m2\repository\com\fasterxml\jackson\module\jackson-module-parameter-names\2.15.2\jackson-module-parameter-names-2.15.2.jar;C:\Users\denis\.m2\repository\org\springframework\boot\spring-boot-starter-tomcat\3.1.3\spring-boot-starter-tomcat-3.1.3.jar;C:\Users\denis\.m2\repository\org\apache\tomcat\embed\tomcat-embed-core\10.1.12\tomcat-embed-core-10.1.12.jar;C:\Users\denis\.m2\repository\org\apache\tomcat\embed\tomcat-embed-websocket\10.1.12\tomcat-embed-websocket-10.1.12.jar;C:\Users\denis\.m2\repository\org\springframework\spring-web\6.0.11\spring-web-6.0.11.jar;C:\Users\denis\.m2\repository\org\springframework\spring-webmvc\6.0.11\spring-webmvc-6.0.11.jar;C:\Users\denis\.m2\repository\com\mysql\mysql-connector-j\8.0.33\mysql-connector-j-8.0.33.jar;C:\Users\denis\.m2\repository\org\projectlombok\lombok\1.18.28\lombok-1.18.28.jar;C:\Users\denis\.m2\repository\org\springframework\boot\spring-boot-starter-validation\3.1.3\spring-boot-starter-validation-3.1.3.jar;C:\Users\denis\.m2\repository\org\apache\tomcat\embed\tomcat-embed-el\10.1.12\tomcat-embed-el-10.1.12.jar;C:\Users\denis\.m2\repository\org\hibernate\validator\hibernate-validator\8.0.1.Final\hibernate-validator-8.0.1.Final.jar;C:\Users\denis\.m2\repository\jakarta\validation\jakarta.validation-api\3.0.2\jakarta.validation-api-3.0.2.jar;C:\Users\denis\.m2\repository\com\auth0\java-jwt\3.10.0\java-jwt-3.10.0.jar;C:\Users\denis\.m2\repository\commons-codec\commons-codec\1.15\commons-codec-1.15.jar;C:\Users\denis\.m2\repository\org\springframework\security\spring-security-core\6.1.3\spring-security-core-6.1.3.jar;C:\Users\denis\.m2\repository\org\springframework\security\spring-security-crypto\6.1.3\spring-security-crypto-6.1.3.jar;C:\Users\denis\.m2\repository\org\springframework\spring-aop\6.0.11\spring-aop-6.0.11.jar;C:\Users\denis\.m2\repository\org\springframework\spring-beans\6.0.11\spring-beans-6.0.11.jar;C:\Users\denis\.m2\repository\org\springframework\spring-context\6.0.11\spring-context-6.0.11.jar;C:\Users\denis\.m2\repository\org\springframework\spring-core\6.0.11\spring-core-6.0.11.jar;C:\Users\denis\.m2\repository\org\springframework\spring-jcl\6.0.11\spring-jcl-6.0.11.jar;C:\Users\denis\.m2\repository\org\springframework\spring-expression\6.0.11\spring-expression-6.0.11.jar;C:\Users\denis\.m2\repository\org\springframework\boot\spring-boot-starter-security\3.1.3\spring-boot-starter-security-3.1.3.jar;C:\Users\denis\.m2\repository\org\springframework\security\spring-security-config\6.1.3\spring-security-config-6.1.3.jar;C:\Users\denis\.m2\repository\org\springframework\security\spring-security-web\6.1.3\spring-security-web-6.1.3.jar;C:\Users\denis\.m2\repository\org\springframework\boot\spring-boot-starter-test\3.1.3\spring-boot-starter-test-3.1.3.jar;C:\Users\denis\.m2\repository\org\springframework\boot\spring-boot-test\3.1.3\spring-boot-test-3.1.3.jar;C:\Users\denis\.m2\repository\org\springframework\boot\spring-boot-test-autoconfigure\3.1.3\spring-boot-test-autoconfigure-3.1.3.jar;C:\Users\denis\.m2\repository\com\jayway\jsonpath\json-path\2.8.0\json-path-2.8.0.jar;C:\Users\denis\.m2\repository\jakarta\xml\bind\jakarta.xml.bind-api\4.0.0\jakarta.xml.bind-api-4.0.0.jar;C:\Users\denis\.m2\repository\jakarta\activation\jakarta.activation-api\2.1.2\jakarta.activation-api-2.1.2.jar;C:\Users\denis\.m2\repository\net\minidev\json-smart\2.4.11\json-smart-2.4.11.jar;C:\Users\denis\.m2\repository\net\minidev\accessors-smart\2.4.11\accessors-smart-2.4.11.jar;C:\Users\denis\.m2\repository\org\ow2\asm\asm\9.3\asm-9.3.jar;C:\Users\denis\.m2\repository\org\assertj\assertj-core\3.24.2\assertj-core-3.24.2.jar;C:\Users\denis\.m2\repository\org\hamcrest\hamcrest\2.2\hamcrest-2.2.jar;C:\Users\denis\.m2\repository\org\junit\jupiter\junit-jupiter\5.9.3\junit-jupiter-5.9.3.jar;C:\Users\denis\.m2\repository\org\junit\jupiter\junit-jupiter-api\5.9.3\junit-jupiter-api-5.9.3.jar;C:\Users\denis\.m2\repository\org\opentest4j\opentest4j\1.2.0\opentest4j-1.2.0.jar;C:\Users\denis\.m2\repository\org\junit\platform\junit-platform-commons\1.9.3\junit-platform-commons-1.9.3.jar;C:\Users\denis\.m2\repository\org\apiguardian\apiguardian-api\1.1.2\apiguardian-api-1.1.2.jar;C:\Users\denis\.m2\repository\org\junit\jupiter\junit-jupiter-params\5.9.3\junit-jupiter-params-5.9.3.jar;C:\Users\denis\.m2\repository\org\junit\jupiter\junit-jupiter-engine\5.9.3\junit-jupiter-engine-5.9.3.jar;C:\Users\denis\.m2\repository\org\junit\platform\junit-platform-engine\1.9.3\junit-platform-engine-1.9.3.jar;C:\Users\denis\.m2\repository\org\mockito\mockito-core\5.3.1\mockito-core-5.3.1.jar;C:\Users\denis\.m2\repository\net\bytebuddy\byte-buddy-agent\1.14.6\byte-buddy-agent-1.14.6.jar;C:\Users\denis\.m2\repository\org\objenesis\objenesis\3.3\objenesis-3.3.jar;C:\Users\denis\.m2\repository\org\mockito\mockito-junit-jupiter\5.3.1\mockito-junit-jupiter-5.3.1.jar;C:\Users\denis\.m2\repository\org\skyscreamer\jsonassert\1.5.1\jsonassert-1.5.1.jar;C:\Users\denis\.m2\repository\com\vaadin\external\google\android-json\0.0.20131108.vaadin1\android-json-0.0.20131108.vaadin1.jar;C:\Users\denis\.m2\repository\org\springframework\spring-test\6.0.11\spring-test-6.0.11.jar;C:\Users\denis\.m2\repository\org\xmlunit\xmlunit-core\2.9.1\xmlunit-core-2.9.1.jar;C:\Users\denis\.m2\repository\com\google\guava\guava\33.0.0-jre\guava-33.0.0-jre.jar;C:\Users\denis\.m2\repository\com\google\guava\failureaccess\1.0.2\failureaccess-1.0.2.jar;C:\Users\denis\.m2\repository\com\google\guava\listenablefuture\9999.0-empty-to-avoid-conflict-with-guava\listenablefuture-9999.0-empty-to-avoid-conflict-with-guava.jar;C:\Users\denis\.m2\repository\com\google\code\findbugs\jsr305\3.0.2\jsr305-3.0.2.jar;C:\Users\denis\.m2\repository\org\checkerframework\checker-qual\3.41.0\checker-qual-3.41.0.jar;C:\Users\denis\.m2\repository\com\google\errorprone\error_prone_annotations\2.23.0\error_prone_annotations-2.23.0.jar;C:\Users\denis\.m2\repository\com\google\j2objc\j2objc-annotations\2.8\j2objc-annotations-2.8.jar;C:\Users\denis\.m2\repository\org\springframework\cloud\spring-cloud-starter-openfeign\4.0.4\spring-cloud-starter-openfeign-4.0.4.jar;C:\Users\denis\.m2\repository\org\springframework\cloud\spring-cloud-starter\4.0.4\spring-cloud-starter-4.0.4.jar;C:\Users\denis\.m2\repository\org\springframework\cloud\spring-cloud-context\4.0.4\spring-cloud-context-4.0.4.jar;C:\Users\denis\.m2\repository\org\springframework\security\spring-security-rsa\1.0.12.RELEASE\spring-security-rsa-1.0.12.RELEASE.jar;C:\Users\denis\.m2\repository\org\bouncycastle\bcpkix-jdk18on\1.73\bcpkix-jdk18on-1.73.jar;C:\Users\denis\.m2\repository\org\bouncycastle\bcprov-jdk18on\1.73\bcprov-jdk18on-1.73.jar;C:\Users\denis\.m2\repository\org\bouncycastle\bcutil-jdk18on\1.73\bcutil-jdk18on-1.73.jar;C:\Users\denis\.m2\repository\org\springframework\cloud\spring-cloud-openfeign-core\4.0.4\spring-cloud-openfeign-core-4.0.4.jar;C:\Users\denis\.m2\repository\io\github\openfeign\form\feign-form-spring\3.8.0\feign-form-spring-3.8.0.jar;C:\Users\denis\.m2\repository\io\github\openfeign\form\feign-form\3.8.0\feign-form-3.8.0.jar;C:\Users\denis\.m2\repository\commons-fileupload\commons-fileupload\1.5\commons-fileupload-1.5.jar;C:\Users\denis\.m2\repository\commons-io\commons-io\2.11.0\commons-io-2.11.0.jar;C:\Users\denis\.m2\repository\org\springframework\cloud\spring-cloud-commons\4.0.4\spring-cloud-commons-4.0.4.jar;C:\Users\denis\.m2\repository\io\github\openfeign\feign-core\12.4\feign-core-12.4.jar;C:\Users\denis\.m2\repository\io\github\openfeign\feign-slf4j\12.4\feign-slf4j-12.4.jar;"/>
    <property name="java.vm.vendor" value="Oracle Corporation"/>
    <property name="sun.arch.data.model" value="64"/>
    <property name="user.variant" value=""/>
    <property name="java.vendor.url" value="https://java.oracle.com/"/>
    <property name="user.timezone" value="Europe/Bucharest"/>
    <property name="org.jboss.logging.provider" value="slf4j"/>
    <property name="os.name" value="Windows 11"/>
    <property name="java.vm.specification.version" value="17"/>
    <property name="sun.java.launcher" value="SUN_STANDARD"/>
    <property name="user.country" value="US"/>
    <property name="sun.boot.library.path" value="C:\Program Files\Java\jdk-17\bin"/>
    <property name="sun.java.command" value="C:\Users\denis\AppData\Local\Temp\surefire9005354450404331921\surefirebooter-20241125003830749_3.jar C:\Users\denis\AppData\Local\Temp\surefire9005354450404331921 2024-11-25T00-38-30_652-jvmRun1 surefire-20241125003830749_1tmp surefire_0-20241125003830749_2tmp"/>
    <property name="jdk.debug" value="release"/>
    <property name="surefire.test.class.path" value="C:\Users\denis\OneDrive\Desktop\tecnos-project\tecnos-server\target\test-classes;C:\Users\denis\OneDrive\Desktop\tecnos-project\tecnos-server\target\classes;C:\Users\denis\.m2\repository\org\springdoc\springdoc-openapi-starter-webmvc-ui\2.1.0\springdoc-openapi-starter-webmvc-ui-2.1.0.jar;C:\Users\denis\.m2\repository\org\springdoc\springdoc-openapi-starter-webmvc-api\2.1.0\springdoc-openapi-starter-webmvc-api-2.1.0.jar;C:\Users\denis\.m2\repository\org\springdoc\springdoc-openapi-starter-common\2.1.0\springdoc-openapi-starter-common-2.1.0.jar;C:\Users\denis\.m2\repository\io\swagger\core\v3\swagger-core-jakarta\2.2.9\swagger-core-jakarta-2.2.9.jar;C:\Users\denis\.m2\repository\org\apache\commons\commons-lang3\3.12.0\commons-lang3-3.12.0.jar;C:\Users\denis\.m2\repository\io\swagger\core\v3\swagger-annotations-jakarta\2.2.9\swagger-annotations-jakarta-2.2.9.jar;C:\Users\denis\.m2\repository\io\swagger\core\v3\swagger-models-jakarta\2.2.9\swagger-models-jakarta-2.2.9.jar;C:\Users\denis\.m2\repository\com\fasterxml\jackson\dataformat\jackson-dataformat-yaml\2.15.2\jackson-dataformat-yaml-2.15.2.jar;C:\Users\denis\.m2\repository\org\webjars\swagger-ui\4.18.2\swagger-ui-4.18.2.jar;C:\Users\denis\.m2\repository\org\springframework\boot\spring-boot-starter-data-jpa\3.1.3\spring-boot-starter-data-jpa-3.1.3.jar;C:\Users\denis\.m2\repository\org\springframework\boot\spring-boot-starter-aop\3.1.3\spring-boot-starter-aop-3.1.3.jar;C:\Users\denis\.m2\repository\org\aspectj\aspectjweaver\1.9.20\aspectjweaver-1.9.20.jar;C:\Users\denis\.m2\repository\org\springframework\boot\spring-boot-starter-jdbc\3.1.3\spring-boot-starter-jdbc-3.1.3.jar;C:\Users\denis\.m2\repository\com\zaxxer\HikariCP\5.0.1\HikariCP-5.0.1.jar;C:\Users\denis\.m2\repository\org\springframework\spring-jdbc\6.0.11\spring-jdbc-6.0.11.jar;C:\Users\denis\.m2\repository\org\hibernate\orm\hibernate-core\6.2.7.Final\hibernate-core-6.2.7.Final.jar;C:\Users\denis\.m2\repository\jakarta\persistence\jakarta.persistence-api\3.1.0\jakarta.persistence-api-3.1.0.jar;C:\Users\denis\.m2\repository\jakarta\transaction\jakarta.transaction-api\2.0.1\jakarta.transaction-api-2.0.1.jar;C:\Users\denis\.m2\repository\org\jboss\logging\jboss-logging\3.5.3.Final\jboss-logging-3.5.3.Final.jar;C:\Users\denis\.m2\repository\org\hibernate\common\hibernate-commons-annotations\6.0.6.Final\hibernate-commons-annotations-6.0.6.Final.jar;C:\Users\denis\.m2\repository\io\smallrye\jandex\3.0.5\jandex-3.0.5.jar;C:\Users\denis\.m2\repository\com\fasterxml\classmate\1.5.1\classmate-1.5.1.jar;C:\Users\denis\.m2\repository\net\bytebuddy\byte-buddy\1.14.6\byte-buddy-1.14.6.jar;C:\Users\denis\.m2\repository\org\glassfish\jaxb\jaxb-runtime\4.0.3\jaxb-runtime-4.0.3.jar;C:\Users\denis\.m2\repository\org\glassfish\jaxb\jaxb-core\4.0.3\jaxb-core-4.0.3.jar;C:\Users\denis\.m2\repository\org\eclipse\angus\angus-activation\2.0.1\angus-activation-2.0.1.jar;C:\Users\denis\.m2\repository\org\glassfish\jaxb\txw2\4.0.3\txw2-4.0.3.jar;C:\Users\denis\.m2\repository\com\sun\istack\istack-commons-runtime\4.1.2\istack-commons-runtime-4.1.2.jar;C:\Users\denis\.m2\repository\jakarta\inject\jakarta.inject-api\2.0.1\jakarta.inject-api-2.0.1.jar;C:\Users\denis\.m2\repository\org\antlr\antlr4-runtime\4.10.1\antlr4-runtime-4.10.1.jar;C:\Users\denis\.m2\repository\org\springframework\data\spring-data-jpa\3.1.3\spring-data-jpa-3.1.3.jar;C:\Users\denis\.m2\repository\org\springframework\data\spring-data-commons\3.1.3\spring-data-commons-3.1.3.jar;C:\Users\denis\.m2\repository\org\springframework\spring-orm\6.0.11\spring-orm-6.0.11.jar;C:\Users\denis\.m2\repository\org\springframework\spring-tx\6.0.11\spring-tx-6.0.11.jar;C:\Users\denis\.m2\repository\jakarta\annotation\jakarta.annotation-api\2.1.1\jakarta.annotation-api-2.1.1.jar;C:\Users\denis\.m2\repository\org\springframework\spring-aspects\6.0.11\spring-aspects-6.0.11.jar;C:\Users\denis\.m2\repository\org\springframework\boot\spring-boot-starter-actuator\3.1.3\spring-boot-starter-actuator-3.1.3.jar;C:\Users\denis\.m2\repository\org\springframework\boot\spring-boot-starter\3.1.3\spring-boot-starter-3.1.3.jar;C:\Users\denis\.m2\repository\org\springframework\boot\spring-boot\3.1.3\spring-boot-3.1.3.jar;C:\Users\denis\.m2\repository\org\springframework\boot\spring-boot-autoconfigure\3.1.3\spring-boot-autoconfigure-3.1.3.jar;C:\Users\denis\.m2\repository\org\yaml\snakeyaml\1.33\snakeyaml-1.33.jar;C:\Users\denis\.m2\repository\org\springframework\boot\spring-boot-actuator-autoconfigure\3.1.3\spring-boot-actuator-autoconfigure-3.1.3.jar;C:\Users\denis\.m2\repository\org\springframework\boot\spring-boot-actuator\3.1.3\spring-boot-actuator-3.1.3.jar;C:\Users\denis\.m2\repository\com\fasterxml\jackson\datatype\jackson-datatype-jsr310\2.15.2\jackson-datatype-jsr310-2.15.2.jar;C:\Users\denis\.m2\repository\io\micrometer\micrometer-observation\1.11.3\micrometer-observation-1.11.3.jar;C:\Users\denis\.m2\repository\io\micrometer\micrometer-commons\1.11.3\micrometer-commons-1.11.3.jar;C:\Users\denis\.m2\repository\io\micrometer\micrometer-core\1.11.3\micrometer-core-1.11.3.jar;C:\Users\denis\.m2\repository\org\hdrhistogram\HdrHistogram\2.1.12\HdrHistogram-2.1.12.jar;C:\Users\denis\.m2\repository\org\latencyutils\LatencyUtils\2.0.3\LatencyUtils-2.0.3.jar;C:\Users\denis\.m2\repository\io\zipkin\reporter2\zipkin-reporter-brave\2.16.3\zipkin-reporter-brave-2.16.3.jar;C:\Users\denis\.m2\repository\io\zipkin\reporter2\zipkin-reporter\2.16.3\zipkin-reporter-2.16.3.jar;C:\Users\denis\.m2\repository\io\zipkin\zipkin2\zipkin\2.23.2\zipkin-2.23.2.jar;C:\Users\denis\.m2\repository\io\micrometer\micrometer-tracing-bridge-brave\1.1.4\micrometer-tracing-bridge-brave-1.1.4.jar;C:\Users\denis\.m2\repository\io\micrometer\micrometer-tracing\1.1.4\micrometer-tracing-1.1.4.jar;C:\Users\denis\.m2\repository\io\micrometer\context-propagation\1.0.5\context-propagation-1.0.5.jar;C:\Users\denis\.m2\repository\aopalliance\aopalliance\1.0\aopalliance-1.0.jar;C:\Users\denis\.m2\repository\org\slf4j\slf4j-api\2.0.7\slf4j-api-2.0.7.jar;C:\Users\denis\.m2\repository\io\zipkin\brave\brave\5.15.1\brave-5.15.1.jar;C:\Users\denis\.m2\repository\io\zipkin\brave\brave-context-slf4j\5.15.1\brave-context-slf4j-5.15.1.jar;C:\Users\denis\.m2\repository\io\zipkin\brave\brave-instrumentation-http\5.15.1\brave-instrumentation-http-5.15.1.jar;C:\Users\denis\.m2\repository\io\zipkin\aws\brave-propagation-aws\0.23.5\brave-propagation-aws-0.23.5.jar;C:\Users\denis\.m2\repository\org\springframework\boot\spring-boot-starter-logging\3.1.3\spring-boot-starter-logging-3.1.3.jar;C:\Users\denis\.m2\repository\ch\qos\logback\logback-classic\1.4.11\logback-classic-1.4.11.jar;C:\Users\denis\.m2\repository\ch\qos\logback\logback-core\1.4.11\logback-core-1.4.11.jar;C:\Users\denis\.m2\repository\org\apache\logging\log4j\log4j-to-slf4j\2.20.0\log4j-to-slf4j-2.20.0.jar;C:\Users\denis\.m2\repository\org\apache\logging\log4j\log4j-api\2.20.0\log4j-api-2.20.0.jar;C:\Users\denis\.m2\repository\org\slf4j\jul-to-slf4j\2.0.7\jul-to-slf4j-2.0.7.jar;C:\Users\denis\.m2\repository\net\logstash\logback\logstash-logback-encoder\8.0\logstash-logback-encoder-8.0.jar;C:\Users\denis\.m2\repository\com\fasterxml\jackson\core\jackson-databind\2.15.2\jackson-databind-2.15.2.jar;C:\Users\denis\.m2\repository\com\fasterxml\jackson\core\jackson-annotations\2.15.2\jackson-annotations-2.15.2.jar;C:\Users\denis\.m2\repository\com\fasterxml\jackson\core\jackson-core\2.15.2\jackson-core-2.15.2.jar;C:\Users\denis\.m2\repository\org\springframework\boot\spring-boot-starter-web\3.1.3\spring-boot-starter-web-3.1.3.jar;C:\Users\denis\.m2\repository\org\springframework\boot\spring-boot-starter-json\3.1.3\spring-boot-starter-json-3.1.3.jar;C:\Users\denis\.m2\repository\com\fasterxml\jackson\datatype\jackson-datatype-jdk8\2.15.2\jackson-datatype-jdk8-2.15.2.jar;C:\Users\denis\.m2\repository\com\fasterxml\jackson\module\jackson-module-parameter-names\2.15.2\jackson-module-parameter-names-2.15.2.jar;C:\Users\denis\.m2\repository\org\springframework\boot\spring-boot-starter-tomcat\3.1.3\spring-boot-starter-tomcat-3.1.3.jar;C:\Users\denis\.m2\repository\org\apache\tomcat\embed\tomcat-embed-core\10.1.12\tomcat-embed-core-10.1.12.jar;C:\Users\denis\.m2\repository\org\apache\tomcat\embed\tomcat-embed-websocket\10.1.12\tomcat-embed-websocket-10.1.12.jar;C:\Users\denis\.m2\repository\org\springframework\spring-web\6.0.11\spring-web-6.0.11.jar;C:\Users\denis\.m2\repository\org\springframework\spring-webmvc\6.0.11\spring-webmvc-6.0.11.jar;C:\Users\denis\.m2\repository\com\mysql\mysql-connector-j\8.0.33\mysql-connector-j-8.0.33.jar;C:\Users\denis\.m2\repository\org\projectlombok\lombok\1.18.28\lombok-1.18.28.jar;C:\Users\denis\.m2\repository\org\springframework\boot\spring-boot-starter-validation\3.1.3\spring-boot-starter-validation-3.1.3.jar;C:\Users\denis\.m2\repository\org\apache\tomcat\embed\tomcat-embed-el\10.1.12\tomcat-embed-el-10.1.12.jar;C:\Users\denis\.m2\repository\org\hibernate\validator\hibernate-validator\8.0.1.Final\hibernate-validator-8.0.1.Final.jar;C:\Users\denis\.m2\repository\jakarta\validation\jakarta.validation-api\3.0.2\jakarta.validation-api-3.0.2.jar;C:\Users\denis\.m2\repository\com\auth0\java-jwt\3.10.0\java-jwt-3.10.0.jar;C:\Users\denis\.m2\repository\commons-codec\commons-codec\1.15\commons-codec-1.15.jar;C:\Users\denis\.m2\repository\org\springframework\security\spring-security-core\6.1.3\spring-security-core-6.1.3.jar;C:\Users\denis\.m2\repository\org\springframework\security\spring-security-crypto\6.1.3\spring-security-crypto-6.1.3.jar;C:\Users\denis\.m2\repository\org\springframework\spring-aop\6.0.11\spring-aop-6.0.11.jar;C:\Users\denis\.m2\repository\org\springframework\spring-beans\6.0.11\spring-beans-6.0.11.jar;C:\Users\denis\.m2\repository\org\springframework\spring-context\6.0.11\spring-context-6.0.11.jar;C:\Users\denis\.m2\repository\org\springframework\spring-core\6.0.11\spring-core-6.0.11.jar;C:\Users\denis\.m2\repository\org\springframework\spring-jcl\6.0.11\spring-jcl-6.0.11.jar;C:\Users\denis\.m2\repository\org\springframework\spring-expression\6.0.11\spring-expression-6.0.11.jar;C:\Users\denis\.m2\repository\org\springframework\boot\spring-boot-starter-security\3.1.3\spring-boot-starter-security-3.1.3.jar;C:\Users\denis\.m2\repository\org\springframework\security\spring-security-config\6.1.3\spring-security-config-6.1.3.jar;C:\Users\denis\.m2\repository\org\springframework\security\spring-security-web\6.1.3\spring-security-web-6.1.3.jar;C:\Users\denis\.m2\repository\org\springframework\boot\spring-boot-starter-test\3.1.3\spring-boot-starter-test-3.1.3.jar;C:\Users\denis\.m2\repository\org\springframework\boot\spring-boot-test\3.1.3\spring-boot-test-3.1.3.jar;C:\Users\denis\.m2\repository\org\springframework\boot\spring-boot-test-autoconfigure\3.1.3\spring-boot-test-autoconfigure-3.1.3.jar;C:\Users\denis\.m2\repository\com\jayway\jsonpath\json-path\2.8.0\json-path-2.8.0.jar;C:\Users\denis\.m2\repository\jakarta\xml\bind\jakarta.xml.bind-api\4.0.0\jakarta.xml.bind-api-4.0.0.jar;C:\Users\denis\.m2\repository\jakarta\activation\jakarta.activation-api\2.1.2\jakarta.activation-api-2.1.2.jar;C:\Users\denis\.m2\repository\net\minidev\json-smart\2.4.11\json-smart-2.4.11.jar;C:\Users\denis\.m2\repository\net\minidev\accessors-smart\2.4.11\accessors-smart-2.4.11.jar;C:\Users\denis\.m2\repository\org\ow2\asm\asm\9.3\asm-9.3.jar;C:\Users\denis\.m2\repository\org\assertj\assertj-core\3.24.2\assertj-core-3.24.2.jar;C:\Users\denis\.m2\repository\org\hamcrest\hamcrest\2.2\hamcrest-2.2.jar;C:\Users\denis\.m2\repository\org\junit\jupiter\junit-jupiter\5.9.3\junit-jupiter-5.9.3.jar;C:\Users\denis\.m2\repository\org\junit\jupiter\junit-jupiter-api\5.9.3\junit-jupiter-api-5.9.3.jar;C:\Users\denis\.m2\repository\org\opentest4j\opentest4j\1.2.0\opentest4j-1.2.0.jar;C:\Users\denis\.m2\repository\org\junit\platform\junit-platform-commons\1.9.3\junit-platform-commons-1.9.3.jar;C:\Users\denis\.m2\repository\org\apiguardian\apiguardian-api\1.1.2\apiguardian-api-1.1.2.jar;C:\Users\denis\.m2\repository\org\junit\jupiter\junit-jupiter-params\5.9.3\junit-jupiter-params-5.9.3.jar;C:\Users\denis\.m2\repository\org\junit\jupiter\junit-jupiter-engine\5.9.3\junit-jupiter-engine-5.9.3.jar;C:\Users\denis\.m2\repository\org\junit\platform\junit-platform-engine\1.9.3\junit-platform-engine-1.9.3.jar;C:\Users\denis\.m2\repository\org\mockito\mockito-core\5.3.1\mockito-core-5.3.1.jar;C:\Users\denis\.m2\repository\net\bytebuddy\byte-buddy-agent\1.14.6\byte-buddy-agent-1.14.6.jar;C:\Users\denis\.m2\repository\org\objenesis\objenesis\3.3\objenesis-3.3.jar;C:\Users\denis\.m2\repository\org\mockito\mockito-junit-jupiter\5.3.1\mockito-junit-jupiter-5.3.1.jar;C:\Users\denis\.m2\repository\org\skyscreamer\jsonassert\1.5.1\jsonassert-1.5.1.jar;C:\Users\denis\.m2\repository\com\vaadin\external\google\android-json\0.0.20131108.vaadin1\android-json-0.0.20131108.vaadin1.jar;C:\Users\denis\.m2\repository\org\springframework\spring-test\6.0.11\spring-test-6.0.11.jar;C:\Users\denis\.m2\repository\org\xmlunit\xmlunit-core\2.9.1\xmlunit-core-2.9.1.jar;C:\Users\denis\.m2\repository\com\google\guava\guava\33.0.0-jre\guava-33.0.0-jre.jar;C:\Users\denis\.m2\repository\com\google\guava\failureaccess\1.0.2\failureaccess-1.0.2.jar;C:\Users\denis\.m2\repository\com\google\guava\listenablefuture\9999.0-empty-to-avoid-conflict-with-guava\listenablefuture-9999.0-empty-to-avoid-conflict-with-guava.jar;C:\Users\denis\.m2\repository\com\google\code\findbugs\jsr305\3.0.2\jsr305-3.0.2.jar;C:\Users\denis\.m2\repository\org\checkerframework\checker-qual\3.41.0\checker-qual-3.41.0.jar;C:\Users\denis\.m2\repository\com\google\errorprone\error_prone_annotations\2.23.0\error_prone_annotations-2.23.0.jar;C:\Users\denis\.m2\repository\com\google\j2objc\j2objc-annotations\2.8\j2objc-annotations-2.8.jar;C:\Users\denis\.m2\repository\org\springframework\cloud\spring-cloud-starter-openfeign\4.0.4\spring-cloud-starter-openfeign-4.0.4.jar;C:\Users\denis\.m2\repository\org\springframework\cloud\spring-cloud-starter\4.0.4\spring-cloud-starter-4.0.4.jar;C:\Users\denis\.m2\repository\org\springframework\cloud\spring-cloud-context\4.0.4\spring-cloud-context-4.0.4.jar;C:\Users\denis\.m2\repository\org\springframework\security\spring-security-rsa\1.0.12.RELEASE\spring-security-rsa-1.0.12.RELEASE.jar;C:\Users\denis\.m2\repository\org\bouncycastle\bcpkix-jdk18on\1.73\bcpkix-jdk18on-1.73.jar;C:\Users\denis\.m2\repository\org\bouncycastle\bcprov-jdk18on\1.73\bcprov-jdk18on-1.73.jar;C:\Users\denis\.m2\repository\org\bouncycastle\bcutil-jdk18on\1.73\bcutil-jdk18on-1.73.jar;C:\Users\denis\.m2\repository\org\springframework\cloud\spring-cloud-openfeign-core\4.0.4\spring-cloud-openfeign-core-4.0.4.jar;C:\Users\denis\.m2\repository\io\github\openfeign\form\feign-form-spring\3.8.0\feign-form-spring-3.8.0.jar;C:\Users\denis\.m2\repository\io\github\openfeign\form\feign-form\3.8.0\feign-form-3.8.0.jar;C:\Users\denis\.m2\repository\commons-fileupload\commons-fileupload\1.5\commons-fileupload-1.5.jar;C:\Users\denis\.m2\repository\commons-io\commons-io\2.11.0\commons-io-2.11.0.jar;C:\Users\denis\.m2\repository\org\springframework\cloud\spring-cloud-commons\4.0.4\spring-cloud-commons-4.0.4.jar;C:\Users\denis\.m2\repository\io\github\openfeign\feign-core\12.4\feign-core-12.4.jar;C:\Users\denis\.m2\repository\io\github\openfeign\feign-slf4j\12.4\feign-slf4j-12.4.jar;"/>
    <property name="sun.cpu.endian" value="little"/>
    <property name="user.home" value="C:\Users\denis"/>
    <property name="user.language" value="en"/>
    <property name="java.specification.vendor" value="Oracle Corporation"/>
    <property name="java.version.date" value="2023-07-18"/>
    <property name="java.home" value="C:\Program Files\Java\jdk-17"/>
    <property name="file.separator" value="\"/>
    <property name="basedir" value="C:\Users\denis\OneDrive\Desktop\tecnos-project\tecnos-server"/>
    <property name="java.vm.compressedOopsMode" value="Zero based"/>
    <property name="line.separator" value="&#10;"/>
    <property name="java.vm.specification.vendor" value="Oracle Corporation"/>
    <property name="java.specification.name" value="Java Platform API Specification"/>
    <property name="FILE_LOG_CHARSET" value="windows-1252"/>
    <property name="java.awt.headless" value="true"/>
    <property name="surefire.real.class.path" value="C:\Users\denis\AppData\Local\Temp\surefire9005354450404331921\surefirebooter-20241125003830749_3.jar"/>
    <property name="user.script" value=""/>
    <property name="sun.management.compiler" value="HotSpot 64-Bit Tiered Compilers"/>
    <property name="java.runtime.version" value="17.0.8+9-LTS-211"/>
    <property name="user.name" value="denis"/>
    <property name="path.separator" value=";"/>
    <property name="os.version" value="10.0"/>
    <property name="java.runtime.name" value="Java(TM) SE Runtime Environment"/>
    <property name="file.encoding" value="Cp1252"/>
    <property name="java.vm.name" value="Java HotSpot(TM) 64-Bit Server VM"/>
    <property name="localRepository" value="C:\Users\denis\.m2\repository"/>
    <property name="java.vendor.url.bug" value="https://bugreport.java.com/bugreport/"/>
    <property name="java.io.tmpdir" value="C:\Users\denis\AppData\Local\Temp\"/>
    <property name="com.zaxxer.hikari.pool_number" value="1"/>
    <property name="java.version" value="17.0.8"/>
    <property name="user.dir" value="C:\Users\denis\OneDrive\Desktop\tecnos-project\tecnos-server"/>
    <property name="os.arch" value="amd64"/>
    <property name="java.vm.specification.name" value="Java Virtual Machine Specification"/>
    <property name="PID" value="31748"/>
    <property name="sun.os.patch.level" value=""/>
    <property name="CONSOLE_LOG_CHARSET" value="windows-1252"/>
    <property name="native.encoding" value="Cp1252"/>
    <property name="java.library.path" value="C:\Program Files\Java\jdk-17\bin;C:\Windows\Sun\Java\bin;C:\Windows\system32;C:\Windows;C:\Python311\Scripts\;C:\Python311\;C:\Program Files\Common Files\Oracle\Java\javapath;C:\Windows\system32;C:\Windows;C:\Windows\System32\Wbem;C:\Windows\System32\WindowsPowerShell\v1.0\;C:\Windows\System32\OpenSSH\;C:\Program Files (x86)\GitExtensions\;C:\ProgramData\chocolatey\bin;C:\Program Files\nodejs\;C:\Program Files\Git\cmd;C:\Program Files\Microsoft SQL Server\150\Tools\Binn\;C:\Program Files\Microsoft SQL Server\Client SDK\ODBC\170\Tools\Binn\;C:\Program Files\dotnet\;C:\Program Files (x86)\Windows Kits\10\Windows Performance Toolkit\;C:\Program Files (x86)\NVIDIA Corporation\PhysX\Common;C:\Program Files\NVIDIA Corporation\NVIDIA NvDLISR;C:\Program Files\PuTTY\;C:\Program Files\Docker\Docker\resources\bin;C:\Program Files\Java\apache-maven-3.9.9\bin;C:\Users\denis\.console-ninja\.bin;C:\Users\denis\AppData\Local\Microsoft\WindowsApps;C:\Program Files\JetBrains\IntelliJ IDEA 2023.2.1\bin;C:\Program Files\JetBrains\WebStorm 2023.2\bin;C:\Program Files\JetBrains\DataGrip 2023.2.1\bin;C:\Users\denis\AppData\Local\Programs\Microsoft VS Code\bin;C:\Users\denis\AppData\Roaming\npm;C:\Program Files\JetBrains\PyCharm 2023.2.4\bin;C:\Users\denis\.dotnet\tools;C:\Users\denis\AppData\Local\JetBrains\Toolbox\scripts;C:\Users\denis\AppData\Local\gitkraken\bin;C:\Program Files\Java\apache-maven-3.9.9\bin;;."/>
    <property name="java.vm.info" value="mixed mode, sharing"/>
    <property name="java.vendor" value="Oracle Corporation"/>
    <property name="java.vm.version" value="17.0.8+9-LTS-211"/>
    <property name="sun.io.unicode.encoding" value="UnicodeLittle"/>
    <property name="java.class.version" value="61.0"/>
  </properties>
  <testcase name="contextLoads" classname="com.example.tecnosserver.TecnosServerApplicationTests" time="0.336">
    <system-out><![CDATA[00:38:31.371 [main] INFO org.springframework.test.context.support.AnnotationConfigContextLoaderUtils -- Could not detect default configuration classes for test class [com.example.tecnosserver.TecnosServerApplicationTests]: TecnosServerApplicationTests does not declare any static, non-private, non-final, nested classes annotated with @Configuration.
00:38:31.452 [main] INFO org.springframework.boot.test.context.SpringBootTestContextBootstrapper -- Found @SpringBootConfiguration com.example.tecnosserver.TecnosServerApplication for test class com.example.tecnosserver.TecnosServerApplicationTests
00:38:32,084 |-WARN in net.logstash.logback.appender.LogstashTcpSocketAppender[LOGSTASH] - Log destination localhost/<unresolved>:3100: connection failed. java.net.ConnectException: Connection refused: no further information
	at java.net.ConnectException: Connection refused: no further information
	at 	at java.base/sun.nio.ch.Net.pollConnect(Native Method)
	at 	at java.base/sun.nio.ch.Net.pollConnectNow(Net.java:672)
	at 	at java.base/sun.nio.ch.NioSocketImpl.timedFinishConnect(NioSocketImpl.java:542)
	at 	at java.base/sun.nio.ch.NioSocketImpl.connect(NioSocketImpl.java:597)
	at 	at java.base/java.net.SocksSocketImpl.connect(SocksSocketImpl.java:327)
	at 	at java.base/java.net.Socket.connect(Socket.java:633)
	at 	at net.logstash.logback.appender.AbstractLogstashTcpSocketAppender$TcpSendingEventHandler.openSocket(AbstractLogstashTcpSocketAppender.java:765)
	at 	at net.logstash.logback.appender.AbstractLogstashTcpSocketAppender$TcpSendingEventHandler.onStart(AbstractLogstashTcpSocketAppender.java:691)
	at 	at net.logstash.logback.appender.AsyncDisruptorAppender$EventClearingEventHandler.onStart(AsyncDisruptorAppender.java:382)
	at 	at net.logstash.logback.encoder.com.lmax.disruptor.BatchEventProcessor.notifyStart(BatchEventProcessor.java:224)
	at 	at net.logstash.logback.encoder.com.lmax.disruptor.BatchEventProcessor.run(BatchEventProcessor.java:120)
	at 	at java.base/java.lang.Thread.run(Thread.java:833)
00:38:32,089 |-WARN in net.logstash.logback.appender.LogstashTcpSocketAppender[LOGSTASH] - Log destination localhost/<unresolved>:3100: Waiting 29989ms before attempting reconnection.

  .   ____          _            __ _ _
 /\\ / ___'_ __ _ _(_)_ __  __ _ \ \ \ \
( ( )\___ | '_ | '_| | '_ \/ _` | \ \ \ \
 \\/  ___)| |_)| | | | | || (_| |  ) ) ) )
  '  |____| .__|_| |_|_| |_\__, | / / / /
 =========|_|==============|___/=/_/_/_/
 :: Spring Boot ::                (v3.1.3)

{"timestamp":"2024-11-25 00:38:32","thread":"background-preinit","level":"DEBUG","logger":"org.jboss.logging","message":"Logging Provider: org.jboss.logging.Slf4jLoggerProvider found via system property","serviceName":"tecnos-service"}
{"timestamp":"2024-11-25 00:38:32","thread":"background-preinit","level":"INFO","logger":"org.hibernate.validator.internal.util.Version","message":"HV000001: Hibernate Validator 8.0.1.Final","serviceName":"tecnos-service"}
{"timestamp":"2024-11-25 00:38:32","thread":"background-preinit","level":"DEBUG","logger":"org.hibernate.validator.internal.xml.config.ValidationXmlParser","message":"Trying to load META-INF/validation.xml for XML based Validator configuration.","serviceName":"tecnos-service"}
{"timestamp":"2024-11-25 00:38:32","thread":"background-preinit","level":"DEBUG","logger":"org.hibernate.validator.internal.xml.config.ResourceLoaderHelper","message":"Trying to load META-INF/validation.xml via TCCL","serviceName":"tecnos-service"}
{"timestamp":"2024-11-25 00:38:32","thread":"background-preinit","level":"DEBUG","logger":"org.hibernate.validator.internal.xml.config.ResourceLoaderHelper","message":"Trying to load META-INF/validation.xml via Hibernate Validator's class loader","serviceName":"tecnos-service"}
{"timestamp":"2024-11-25 00:38:32","thread":"background-preinit","level":"DEBUG","logger":"org.hibernate.validator.internal.xml.config.ValidationXmlParser","message":"No META-INF/validation.xml found. Using annotation based configuration only.","serviceName":"tecnos-service"}
{"timestamp":"2024-11-25 00:38:32","thread":"background-preinit","level":"DEBUG","logger":"org.hibernate.validator.internal.engine.resolver.TraversableResolvers","message":"Found jakarta.persistence.Persistence on classpath containing 'getPersistenceUtil'. Assuming JPA 2 environment. Trying to instantiate JPA aware TraversableResolver","serviceName":"tecnos-service"}
{"timestamp":"2024-11-25 00:38:32","thread":"background-preinit","level":"DEBUG","logger":"org.hibernate.validator.internal.engine.resolver.TraversableResolvers","message":"Instantiated JPA aware TraversableResolver of type org.hibernate.validator.internal.engine.resolver.JPATraversableResolver.","serviceName":"tecnos-service"}
{"timestamp":"2024-11-25 00:38:32","thread":"main","level":"INFO","logger":"com.example.tecnosserver.TecnosServerApplicationTests","message":"Starting TecnosServerApplicationTests using Java 17.0.8 with PID 31748 (started by denis in C:\\Users\\denis\\OneDrive\\Desktop\\tecnos-project\\tecnos-server)","serviceName":"tecnos-service"}
{"timestamp":"2024-11-25 00:38:32","thread":"main","level":"DEBUG","logger":"com.example.tecnosserver.TecnosServerApplicationTests","message":"Running with Spring Boot v3.1.3, Spring v6.0.11","serviceName":"tecnos-service"}
{"timestamp":"2024-11-25 00:38:32","thread":"main","level":"INFO","logger":"com.example.tecnosserver.TecnosServerApplicationTests","message":"No active profile set, falling back to 1 default profile: \"default\"","serviceName":"tecnos-service"}
{"timestamp":"2024-11-25 00:38:32","thread":"main","level":"DEBUG","logger":"org.springframework.boot.SpringApplication","message":"Loading source class com.example.tecnosserver.TecnosServerApplication","serviceName":"tecnos-service"}
{"timestamp":"2024-11-25 00:38:32","thread":"background-preinit","level":"DEBUG","logger":"org.hibernate.validator.messageinterpolation.ResourceBundleMessageInterpolator","message":"Loaded expression factory via original TCCL","serviceName":"tecnos-service"}
{"timestamp":"2024-11-25 00:38:32","thread":"main","level":"DEBUG","logger":"org.springframework.web.context.support.GenericWebApplicationContext","message":"Refreshing org.springframework.web.context.support.GenericWebApplicationContext@75fa1be3","serviceName":"tecnos-service"}
{"timestamp":"2024-11-25 00:38:32","thread":"main","level":"DEBUG","logger":"org.springframework.beans.factory.support.DefaultListableBeanFactory","message":"Creating shared instance of singleton bean 'org.springframework.context.annotation.internalConfigurationAnnotationProcessor'","serviceName":"tecnos-service"}
{"timestamp":"2024-11-25 00:38:32","thread":"main","level":"DEBUG","logger":"org.springframework.beans.factory.support.DefaultListableBeanFactory","message":"Creating shared instance of singleton bean 'org.springframework.boot.autoconfigure.internalCachingMetadataReaderFactory'","serviceName":"tecnos-service"}
{"timestamp":"2024-11-25 00:38:32","thread":"main","level":"DEBUG","logger":"org.springframework.context.annotation.ClassPathBeanDefinitionScanner","message":"Ignored because not a concrete top-level class: file [C:\\Users\\denis\\OneDrive\\Desktop\\tecnos-project\\tecnos-server\\target\\classes\\com\\example\\tecnosserver\\category\\repo\\CategoryRepo.class]","serviceName":"tecnos-service"}
{"timestamp":"2024-11-25 00:38:32","thread":"main","level":"DEBUG","logger":"org.springframework.context.annotation.ClassPathBeanDefinitionScanner","message":"Identified candidate component class: file [C:\\Users\\denis\\OneDrive\\Desktop\\tecnos-project\\tecnos-server\\target\\classes\\com\\example\\tecnosserver\\category\\service\\CategoryCommandServiceImpl.class]","serviceName":"tecnos-service"}
{"timestamp":"2024-11-25 00:38:32","thread":"main","level":"DEBUG","logger":"org.springframework.context.annotation.ClassPathBeanDefinitionScanner","message":"Identified candidate component class: file [C:\\Users\\denis\\OneDrive\\Desktop\\tecnos-project\\tecnos-server\\target\\classes\\com\\example\\tecnosserver\\category\\service\\CategoryQueryServiceImpl.class]","serviceName":"tecnos-service"}
{"timestamp":"2024-11-25 00:38:32","thread":"background-preinit","level":"DEBUG","logger":"org.hibernate.validator.internal.engine.ValidatorFactoryConfigurationHelper","message":"HV000252: Using org.hibernate.validator.internal.engine.DefaultPropertyNodeNameProvider as property node name provider.","serviceName":"tecnos-service"}
{"timestamp":"2024-11-25 00:38:32","thread":"background-preinit","level":"DEBUG","logger":"org.hibernate.validator.internal.engine.ValidatorFactoryConfigurationHelper","message":"HV000234: Using org.hibernate.validator.messageinterpolation.ResourceBundleMessageInterpolator as ValidatorFactory-scoped message interpolator.","serviceName":"tecnos-service"}
{"timestamp":"2024-11-25 00:38:32","thread":"background-preinit","level":"DEBUG","logger":"org.hibernate.validator.internal.engine.ValidatorFactoryConfigurationHelper","message":"HV000234: Using org.hibernate.validator.internal.engine.resolver.JPATraversableResolver as ValidatorFactory-scoped traversable resolver.","serviceName":"tecnos-service"}
{"timestamp":"2024-11-25 00:38:32","thread":"background-preinit","level":"DEBUG","logger":"org.hibernate.validator.internal.engine.ValidatorFactoryConfigurationHelper","message":"HV000234: Using org.hibernate.validator.internal.util.ExecutableParameterNameProvider as ValidatorFactory-scoped parameter name provider.","serviceName":"tecnos-service"}
{"timestamp":"2024-11-25 00:38:32","thread":"background-preinit","level":"DEBUG","logger":"org.hibernate.validator.internal.engine.ValidatorFactoryConfigurationHelper","message":"HV000234: Using org.hibernate.validator.internal.engine.DefaultClockProvider as ValidatorFactory-scoped clock provider.","serviceName":"tecnos-service"}
{"timestamp":"2024-11-25 00:38:32","thread":"background-preinit","level":"DEBUG","logger":"org.hibernate.validator.internal.engine.ValidatorFactoryConfigurationHelper","message":"HV000234: Using org.hibernate.validator.internal.engine.scripting.DefaultScriptEvaluatorFactory as ValidatorFactory-scoped script evaluator factory.","serviceName":"tecnos-service"}
{"timestamp":"2024-11-25 00:38:32","thread":"main","level":"DEBUG","logger":"org.springframework.context.annotation.ClassPathBeanDefinitionScanner","message":"Identified candidate component class: file [C:\\Users\\denis\\OneDrive\\Desktop\\tecnos-project\\tecnos-server\\target\\classes\\com\\example\\tecnosserver\\category\\web\\CategoryControllerApi.class]","serviceName":"tecnos-service"}
{"timestamp":"2024-11-25 00:38:32","thread":"main","level":"DEBUG","logger":"org.springframework.context.annotation.ClassPathBeanDefinitionScanner","message":"Identified candidate component class: file [C:\\Users\\denis\\OneDrive\\Desktop\\tecnos-project\\tecnos-server\\target\\classes\\com\\example\\tecnosserver\\exceptions\\model\\GlobalExceptionHandler.class]","serviceName":"tecnos-service"}
{"timestamp":"2024-11-25 00:38:32","thread":"main","level":"DEBUG","logger":"org.springframework.context.annotation.ClassPathBeanDefinitionScanner","message":"Identified candidate component class: file [C:\\Users\\denis\\OneDrive\\Desktop\\tecnos-project\\tecnos-server\\target\\classes\\com\\example\\tecnosserver\\intercom\\CloudAdapter.class]","serviceName":"tecnos-service"}
{"timestamp":"2024-11-25 00:38:32","thread":"main","level":"DEBUG","logger":"org.springframework.context.annotation.ClassPathBeanDefinitionScanner","message":"Ignored because not a concrete top-level class: file [C:\\Users\\denis\\OneDrive\\Desktop\\tecnos-project\\tecnos-server\\target\\classes\\com\\example\\tecnosserver\\itemcategory\\repo\\ItemCategoryRepo.class]","serviceName":"tecnos-service"}
{"timestamp":"2024-11-25 00:38:32","thread":"main","level":"DEBUG","logger":"org.springframework.context.annotation.ClassPathBeanDefinitionScanner","message":"Identified candidate component class: file [C:\\Users\\denis\\OneDrive\\Desktop\\tecnos-project\\tecnos-server\\target\\classes\\com\\example\\tecnosserver\\itemcategory\\service\\ItemCategoryCommandServiceImpl.class]","serviceName":"tecnos-service"}
{"timestamp":"2024-11-25 00:38:32","thread":"main","level":"DEBUG","logger":"org.springframework.context.annotation.ClassPathBeanDefinitionScanner","message":"Identified candidate component class: file [C:\\Users\\denis\\OneDrive\\Desktop\\tecnos-project\\tecnos-server\\target\\classes\\com\\example\\tecnosserver\\itemcategory\\service\\ItemCategoryQueryServiceImpl.class]","serviceName":"tecnos-service"}
{"timestamp":"2024-11-25 00:38:32","thread":"main","level":"DEBUG","logger":"org.springframework.context.annotation.ClassPathBeanDefinitionScanner","message":"Identified candidate component class: file [C:\\Users\\denis\\OneDrive\\Desktop\\tecnos-project\\tecnos-server\\target\\classes\\com\\example\\tecnosserver\\itemcategory\\web\\ItemCategoryControllerApi.class]","serviceName":"tecnos-service"}
{"timestamp":"2024-11-25 00:38:32","thread":"main","level":"DEBUG","logger":"org.springframework.context.annotation.ClassPathBeanDefinitionScanner","message":"Identified candidate component class: file [C:\\Users\\denis\\OneDrive\\Desktop\\tecnos-project\\tecnos-server\\target\\classes\\com\\example\\tecnosserver\\products\\mappers\\ProductMapper.class]","serviceName":"tecnos-service"}
{"timestamp":"2024-11-25 00:38:32","thread":"main","level":"DEBUG","logger":"org.springframework.context.annotation.ClassPathBeanDefinitionScanner","message":"Ignored because not a concrete top-level class: file [C:\\Users\\denis\\OneDrive\\Desktop\\tecnos-project\\tecnos-server\\target\\classes\\com\\example\\tecnosserver\\products\\repo\\ProductRepo.class]","serviceName":"tecnos-service"}
{"timestamp":"2024-11-25 00:38:32","thread":"main","level":"DEBUG","logger":"org.springframework.context.annotation.ClassPathBeanDefinitionScanner","message":"Identified candidate component class: file [C:\\Users\\denis\\OneDrive\\Desktop\\tecnos-project\\tecnos-server\\target\\classes\\com\\example\\tecnosserver\\products\\service\\ProductCommandServiceImpl.class]","serviceName":"tecnos-service"}
{"timestamp":"2024-11-25 00:38:32","thread":"main","level":"DEBUG","logger":"org.springframework.context.annotation.ClassPathBeanDefinitionScanner","message":"Identified candidate component class: file [C:\\Users\\denis\\OneDrive\\Desktop\\tecnos-project\\tecnos-server\\target\\classes\\com\\example\\tecnosserver\\products\\service\\ProductQueryServiceImpl.class]","serviceName":"tecnos-service"}
{"timestamp":"2024-11-25 00:38:32","thread":"main","level":"DEBUG","logger":"org.springframework.context.annotation.ClassPathBeanDefinitionScanner","message":"Identified candidate component class: file [C:\\Users\\denis\\OneDrive\\Desktop\\tecnos-project\\tecnos-server\\target\\classes\\com\\example\\tecnosserver\\products\\web\\ProductControllerApi.class]","serviceName":"tecnos-service"}
{"timestamp":"2024-11-25 00:38:32","thread":"main","level":"DEBUG","logger":"org.springframework.context.annotation.ClassPathBeanDefinitionScanner","message":"Ignored because not a concrete top-level class: file [C:\\Users\\denis\\OneDrive\\Desktop\\tecnos-project\\tecnos-server\\target\\classes\\com\\example\\tecnosserver\\subcategory\\repo\\SubCategoryRepo.class]","serviceName":"tecnos-service"}
{"timestamp":"2024-11-25 00:38:32","thread":"main","level":"DEBUG","logger":"org.springframework.context.annotation.ClassPathBeanDefinitionScanner","message":"Identified candidate component class: file [C:\\Users\\denis\\OneDrive\\Desktop\\tecnos-project\\tecnos-server\\target\\classes\\com\\example\\tecnosserver\\subcategory\\service\\SubCategoryCommandServiceImpl.class]","serviceName":"tecnos-service"}
{"timestamp":"2024-11-25 00:38:32","thread":"main","level":"DEBUG","logger":"org.springframework.context.annotation.ClassPathBeanDefinitionScanner","message":"Identified candidate component class: file [C:\\Users\\denis\\OneDrive\\Desktop\\tecnos-project\\tecnos-server\\target\\classes\\com\\example\\tecnosserver\\subcategory\\service\\SubCategoryQueryServiceImpl.class]","serviceName":"tecnos-service"}
{"timestamp":"2024-11-25 00:38:32","thread":"main","level":"DEBUG","logger":"org.springframework.context.annotation.ClassPathBeanDefinitionScanner","message":"Identified candidate component class: file [C:\\Users\\denis\\OneDrive\\Desktop\\tecnos-project\\tecnos-server\\target\\classes\\com\\example\\tecnosserver\\subcategory\\web\\SubCategoryControllerApi.class]","serviceName":"tecnos-service"}
{"timestamp":"2024-11-25 00:38:32","thread":"main","level":"DEBUG","logger":"org.springframework.context.annotation.ClassPathBeanDefinitionScanner","message":"Identified candidate component class: file [C:\\Users\\denis\\OneDrive\\Desktop\\tecnos-project\\tecnos-server\\target\\classes\\com\\example\\tecnosserver\\system\\jwt\\AuthenticationFailureListener.class]","serviceName":"tecnos-service"}
{"timestamp":"2024-11-25 00:38:32","thread":"main","level":"DEBUG","logger":"org.springframework.context.annotation.ClassPathBeanDefinitionScanner","message":"Identified candidate component class: file [C:\\Users\\denis\\OneDrive\\Desktop\\tecnos-project\\tecnos-server\\target\\classes\\com\\example\\tecnosserver\\system\\jwt\\AuthenticationSuccessListener.class]","serviceName":"tecnos-service"}
{"timestamp":"2024-11-25 00:38:32","thread":"main","level":"DEBUG","logger":"org.springframework.context.annotation.ClassPathBeanDefinitionScanner","message":"Identified candidate component class: file [C:\\Users\\denis\\OneDrive\\Desktop\\tecnos-project\\tecnos-server\\target\\classes\\com\\example\\tecnosserver\\system\\jwt\\JWTAccessDeniedHandler.class]","serviceName":"tecnos-service"}
{"timestamp":"2024-11-25 00:38:32","thread":"main","level":"DEBUG","logger":"org.springframework.context.annotation.ClassPathBeanDefinitionScanner","message":"Identified candidate component class: file [C:\\Users\\denis\\OneDrive\\Desktop\\tecnos-project\\tecnos-server\\target\\classes\\com\\example\\tecnosserver\\system\\jwt\\JWTAuthenticationEntryPoint.class]","serviceName":"tecnos-service"}
{"timestamp":"2024-11-25 00:38:32","thread":"main","level":"DEBUG","logger":"org.springframework.context.annotation.ClassPathBeanDefinitionScanner","message":"Identified candidate component class: file [C:\\Users\\denis\\OneDrive\\Desktop\\tecnos-project\\tecnos-server\\target\\classes\\com\\example\\tecnosserver\\system\\jwt\\JWTAuthorizationFilter.class]","serviceName":"tecnos-service"}
{"timestamp":"2024-11-25 00:38:32","thread":"main","level":"DEBUG","logger":"org.springframework.context.annotation.ClassPathBeanDefinitionScanner","message":"Identified candidate component class: file [C:\\Users\\denis\\OneDrive\\Desktop\\tecnos-project\\tecnos-server\\target\\classes\\com\\example\\tecnosserver\\system\\jwt\\JWTTokenProvider.class]","serviceName":"tecnos-service"}
{"timestamp":"2024-11-25 00:38:32","thread":"main","level":"DEBUG","logger":"org.springframework.context.annotation.ClassPathBeanDefinitionScanner","message":"Identified candidate component class: file [C:\\Users\\denis\\OneDrive\\Desktop\\tecnos-project\\tecnos-server\\target\\classes\\com\\example\\tecnosserver\\system\\security\\SecurityConfiguration.class]","serviceName":"tecnos-service"}
{"timestamp":"2024-11-25 00:38:32","thread":"main","level":"DEBUG","logger":"org.springframework.context.annotation.ClassPathBeanDefinitionScanner","message":"Identified candidate component class: file [C:\\Users\\denis\\OneDrive\\Desktop\\tecnos-project\\tecnos-server\\target\\classes\\com\\example\\tecnosserver\\system\\security\\UserDetailsImpl.class]","serviceName":"tecnos-service"}
{"timestamp":"2024-11-25 00:38:32","thread":"main","level":"DEBUG","logger":"org.springframework.context.annotation.ClassPathBeanDefinitionScanner","message":"Identified candidate component class: file [C:\\Users\\denis\\OneDrive\\Desktop\\tecnos-project\\tecnos-server\\target\\classes\\com\\example\\tecnosserver\\user\\dto\\LoginAttemptService.class]","serviceName":"tecnos-service"}
{"timestamp":"2024-11-25 00:38:32","thread":"main","level":"DEBUG","logger":"org.springframework.context.annotation.ClassPathBeanDefinitionScanner","message":"Ignored because not a concrete top-level class: file [C:\\Users\\denis\\OneDrive\\Desktop\\tecnos-project\\tecnos-server\\target\\classes\\com\\example\\tecnosserver\\user\\repo\\UserRepo.class]","serviceName":"tecnos-service"}
{"timestamp":"2024-11-25 00:38:32","thread":"main","level":"DEBUG","logger":"org.springframework.context.annotation.ClassPathBeanDefinitionScanner","message":"Ignored because not a concrete top-level class: file [C:\\Users\\denis\\OneDrive\\Desktop\\tecnos-project\\tecnos-server\\target\\classes\\com\\example\\tecnosserver\\user\\service\\UserCommandService.class]","serviceName":"tecnos-service"}
{"timestamp":"2024-11-25 00:38:32","thread":"main","level":"DEBUG","logger":"org.springframework.context.annotation.ClassPathBeanDefinitionScanner","message":"Identified candidate component class: file [C:\\Users\\denis\\OneDrive\\Desktop\\tecnos-project\\tecnos-server\\target\\classes\\com\\example\\tecnosserver\\user\\service\\UserCommandServiceImpl.class]","serviceName":"tecnos-service"}
{"timestamp":"2024-11-25 00:38:32","thread":"main","level":"DEBUG","logger":"org.springframework.context.annotation.ClassPathBeanDefinitionScanner","message":"Ignored because not a concrete top-level class: file [C:\\Users\\denis\\OneDrive\\Desktop\\tecnos-project\\tecnos-server\\target\\classes\\com\\example\\tecnosserver\\user\\service\\UserQueryService.class]","serviceName":"tecnos-service"}
{"timestamp":"2024-11-25 00:38:32","thread":"main","level":"DEBUG","logger":"org.springframework.context.annotation.ClassPathBeanDefinitionScanner","message":"Identified candidate component class: file [C:\\Users\\denis\\OneDrive\\Desktop\\tecnos-project\\tecnos-server\\target\\classes\\com\\example\\tecnosserver\\user\\service\\UserQueryServiceImpl.class]","serviceName":"tecnos-service"}
{"timestamp":"2024-11-25 00:38:32","thread":"main","level":"DEBUG","logger":"org.springframework.context.annotation.ClassPathBeanDefinitionScanner","message":"Identified candidate component class: file [C:\\Users\\denis\\OneDrive\\Desktop\\tecnos-project\\tecnos-server\\target\\classes\\com\\example\\tecnosserver\\user\\web\\UserControllerServer.class]","serviceName":"tecnos-service"}
{"timestamp":"2024-11-25 00:38:32","thread":"main","level":"DEBUG","logger":"org.springframework.cloud.openfeign.FeignClientsRegistrar$1","message":"Identified candidate component class: file [C:\\Users\\denis\\OneDrive\\Desktop\\tecnos-project\\tecnos-server\\target\\classes\\com\\example\\tecnosserver\\intercom\\CloudService.class]","serviceName":"tecnos-service"}
{"timestamp":"2024-11-25 00:38:33","thread":"main","level":"INFO","logger":"org.springframework.data.repository.config.RepositoryConfigurationDelegate","message":"Bootstrapping Spring Data JPA repositories in DEFAULT mode.","serviceName":"tecnos-service"}
{"timestamp":"2024-11-25 00:38:33","thread":"main","level":"DEBUG","logger":"org.springframework.beans.factory.support.DefaultListableBeanFactory","message":"Creating shared instance of singleton bean 'org.springframework.boot.autoconfigure.AutoConfigurationPackages'","serviceName":"tecnos-service"}
{"timestamp":"2024-11-25 00:38:33","thread":"main","level":"DEBUG","logger":"org.springframework.boot.autoconfigure.AutoConfigurationPackages","message":"@EnableAutoConfiguration was declared on a class in the package 'com.example.tecnosserver'. Automatic @Repository and @Entity scanning is enabled.","serviceName":"tecnos-service"}
{"timestamp":"2024-11-25 00:38:33","thread":"main","level":"DEBUG","logger":"org.springframework.data.repository.config.RepositoryConfigurationDelegate","message":"Scanning for JPA repositories in packages com.example.tecnosserver.","serviceName":"tecnos-service"}
{"timestamp":"2024-11-25 00:38:33","thread":"main","level":"DEBUG","logger":"org.springframework.data.repository.config.RepositoryComponentProvider","message":"Identified candidate component class: file [C:\\Users\\denis\\OneDrive\\Desktop\\tecnos-project\\tecnos-server\\target\\classes\\com\\example\\tecnosserver\\category\\repo\\CategoryRepo.class]","serviceName":"tecnos-service"}
{"timestamp":"2024-11-25 00:38:33","thread":"main","level":"DEBUG","logger":"org.springframework.data.repository.config.RepositoryComponentProvider","message":"Identified candidate component class: file [C:\\Users\\denis\\OneDrive\\Desktop\\tecnos-project\\tecnos-server\\target\\classes\\com\\example\\tecnosserver\\itemcategory\\repo\\ItemCategoryRepo.class]","serviceName":"tecnos-service"}
{"timestamp":"2024-11-25 00:38:33","thread":"main","level":"DEBUG","logger":"org.springframework.data.repository.config.RepositoryComponentProvider","message":"Identified candidate component class: file [C:\\Users\\denis\\OneDrive\\Desktop\\tecnos-project\\tecnos-server\\target\\classes\\com\\example\\tecnosserver\\products\\repo\\ProductRepo.class]","serviceName":"tecnos-service"}
{"timestamp":"2024-11-25 00:38:33","thread":"main","level":"DEBUG","logger":"org.springframework.data.repository.config.RepositoryComponentProvider","message":"Identified candidate component class: file [C:\\Users\\denis\\OneDrive\\Desktop\\tecnos-project\\tecnos-server\\target\\classes\\com\\example\\tecnosserver\\subcategory\\repo\\SubCategoryRepo.class]","serviceName":"tecnos-service"}
{"timestamp":"2024-11-25 00:38:33","thread":"main","level":"DEBUG","logger":"org.springframework.data.repository.config.RepositoryComponentProvider","message":"Identified candidate component class: file [C:\\Users\\denis\\OneDrive\\Desktop\\tecnos-project\\tecnos-server\\target\\classes\\com\\example\\tecnosserver\\user\\repo\\UserRepo.class]","serviceName":"tecnos-service"}
{"timestamp":"2024-11-25 00:38:33","thread":"main","level":"DEBUG","logger":"org.springframework.context.annotation.ClassPathScanningCandidateComponentProvider","message":"Identified candidate component class: file [C:\\Users\\denis\\OneDrive\\Desktop\\tecnos-project\\tecnos-server\\target\\classes\\com\\example\\tecnosserver\\category\\model\\Category$CategoryBuilderImpl.class]","serviceName":"tecnos-service"}
{"timestamp":"2024-11-25 00:38:33","thread":"main","level":"DEBUG","logger":"org.springframework.context.annotation.ClassPathScanningCandidateComponentProvider","message":"Identified candidate component class: file [C:\\Users\\denis\\OneDrive\\Desktop\\tecnos-project\\tecnos-server\\target\\classes\\com\\example\\tecnosserver\\category\\service\\CategoryCommandServiceImpl.class]","serviceName":"tecnos-service"}
{"timestamp":"2024-11-25 00:38:33","thread":"main","level":"DEBUG","logger":"org.springframework.context.annotation.ClassPathScanningCandidateComponentProvider","message":"Identified candidate component class: file [C:\\Users\\denis\\OneDrive\\Desktop\\tecnos-project\\tecnos-server\\target\\classes\\com\\example\\tecnosserver\\category\\service\\CategoryQueryServiceImpl.class]","serviceName":"tecnos-service"}
{"timestamp":"2024-11-25 00:38:33","thread":"main","level":"DEBUG","logger":"org.springframework.context.annotation.ClassPathScanningCandidateComponentProvider","message":"Identified candidate component class: file [C:\\Users\\denis\\OneDrive\\Desktop\\tecnos-project\\tecnos-server\\target\\classes\\com\\example\\tecnosserver\\itemcategory\\model\\ItemCategory$ItemCategoryBuilderImpl.class]","serviceName":"tecnos-service"}
{"timestamp":"2024-11-25 00:38:33","thread":"main","level":"DEBUG","logger":"org.springframework.context.annotation.ClassPathScanningCandidateComponentProvider","message":"Identified candidate component class: file [C:\\Users\\denis\\OneDrive\\Desktop\\tecnos-project\\tecnos-server\\target\\classes\\com\\example\\tecnosserver\\itemcategory\\service\\ItemCategoryCommandServiceImpl.class]","serviceName":"tecnos-service"}
{"timestamp":"2024-11-25 00:38:33","thread":"main","level":"DEBUG","logger":"org.springframework.context.annotation.ClassPathScanningCandidateComponentProvider","message":"Identified candidate component class: file [C:\\Users\\denis\\OneDrive\\Desktop\\tecnos-project\\tecnos-server\\target\\classes\\com\\example\\tecnosserver\\itemcategory\\service\\ItemCategoryQueryServiceImpl.class]","serviceName":"tecnos-service"}
{"timestamp":"2024-11-25 00:38:33","thread":"main","level":"DEBUG","logger":"org.springframework.context.annotation.ClassPathScanningCandidateComponentProvider","message":"Identified candidate component class: file [C:\\Users\\denis\\OneDrive\\Desktop\\tecnos-project\\tecnos-server\\target\\classes\\com\\example\\tecnosserver\\products\\model\\Product$ProductBuilderImpl.class]","serviceName":"tecnos-service"}
{"timestamp":"2024-11-25 00:38:33","thread":"main","level":"DEBUG","logger":"org.springframework.context.annotation.ClassPathScanningCandidateComponentProvider","message":"Identified candidate component class: file [C:\\Users\\denis\\OneDrive\\Desktop\\tecnos-project\\tecnos-server\\target\\classes\\com\\example\\tecnosserver\\products\\service\\ProductCommandServiceImpl.class]","serviceName":"tecnos-service"}
{"timestamp":"2024-11-25 00:38:33","thread":"main","level":"DEBUG","logger":"org.springframework.context.annotation.ClassPathScanningCandidateComponentProvider","message":"Identified candidate component class: file [C:\\Users\\denis\\OneDrive\\Desktop\\tecnos-project\\tecnos-server\\target\\classes\\com\\example\\tecnosserver\\products\\service\\ProductQueryServiceImpl.class]","serviceName":"tecnos-service"}
{"timestamp":"2024-11-25 00:38:33","thread":"main","level":"DEBUG","logger":"org.springframework.context.annotation.ClassPathScanningCandidateComponentProvider","message":"Identified candidate component class: file [C:\\Users\\denis\\OneDrive\\Desktop\\tecnos-project\\tecnos-server\\target\\classes\\com\\example\\tecnosserver\\subcategory\\model\\SubCategory$SubCategoryBuilderImpl.class]","serviceName":"tecnos-service"}
{"timestamp":"2024-11-25 00:38:33","thread":"main","level":"DEBUG","logger":"org.springframework.context.annotation.ClassPathScanningCandidateComponentProvider","message":"Identified candidate component class: file [C:\\Users\\denis\\OneDrive\\Desktop\\tecnos-project\\tecnos-server\\target\\classes\\com\\example\\tecnosserver\\subcategory\\service\\SubCategoryCommandServiceImpl.class]","serviceName":"tecnos-service"}
{"timestamp":"2024-11-25 00:38:33","thread":"main","level":"DEBUG","logger":"org.springframework.context.annotation.ClassPathScanningCandidateComponentProvider","message":"Identified candidate component class: file [C:\\Users\\denis\\OneDrive\\Desktop\\tecnos-project\\tecnos-server\\target\\classes\\com\\example\\tecnosserver\\subcategory\\service\\SubCategoryQueryServiceImpl.class]","serviceName":"tecnos-service"}
{"timestamp":"2024-11-25 00:38:33","thread":"main","level":"DEBUG","logger":"org.springframework.context.annotation.ClassPathScanningCandidateComponentProvider","message":"Identified candidate component class: file [C:\\Users\\denis\\OneDrive\\Desktop\\tecnos-project\\tecnos-server\\target\\classes\\com\\example\\tecnosserver\\system\\security\\UserDetailsImpl.class]","serviceName":"tecnos-service"}
{"timestamp":"2024-11-25 00:38:33","thread":"main","level":"DEBUG","logger":"org.springframework.context.annotation.ClassPathScanningCandidateComponentProvider","message":"Identified candidate component class: file [C:\\Users\\denis\\OneDrive\\Desktop\\tecnos-project\\tecnos-server\\target\\classes\\com\\example\\tecnosserver\\user\\model\\User$UserBuilderImpl.class]","serviceName":"tecnos-service"}
{"timestamp":"2024-11-25 00:38:33","thread":"main","level":"DEBUG","logger":"org.springframework.context.annotation.ClassPathScanningCandidateComponentProvider","message":"Identified candidate component class: file [C:\\Users\\denis\\OneDrive\\Desktop\\tecnos-project\\tecnos-server\\target\\classes\\com\\example\\tecnosserver\\user\\service\\UserCommandServiceImpl.class]","serviceName":"tecnos-service"}
{"timestamp":"2024-11-25 00:38:33","thread":"main","level":"DEBUG","logger":"org.springframework.context.annotation.ClassPathScanningCandidateComponentProvider","message":"Identified candidate component class: file [C:\\Users\\denis\\OneDrive\\Desktop\\tecnos-project\\tecnos-server\\target\\classes\\com\\example\\tecnosserver\\user\\service\\UserQueryServiceImpl.class]","serviceName":"tecnos-service"}
{"timestamp":"2024-11-25 00:38:33","thread":"main","level":"INFO","logger":"org.springframework.data.repository.config.RepositoryConfigurationDelegate","message":"Finished Spring Data repository scanning in 64 ms. Found 5 JPA repository interfaces.","serviceName":"tecnos-service"}
{"timestamp":"2024-11-25 00:38:33","thread":"main","level":"DEBUG","logger":"org.springframework.beans.factory.support.DefaultListableBeanFactory","message":"Creating shared instance of singleton bean 'org.springframework.boot.test.autoconfigure.actuate.observability.ObservabilityContextCustomizerFactory$NoopTracerRegistrar'","serviceName":"tecnos-service"}
{"timestamp":"2024-11-25 00:38:33","thread":"main","level":"DEBUG","logger":"org.springframework.beans.factory.support.DefaultListableBeanFactory","message":"Creating shared instance of singleton bean 'refreshScope'","serviceName":"tecnos-service"}
{"timestamp":"2024-11-25 00:38:33","thread":"main","level":"DEBUG","logger":"org.springframework.beans.factory.support.DefaultListableBeanFactory","message":"Creating shared instance of singleton bean 'org.springframework.cloud.autoconfigure.RefreshAutoConfiguration$RefreshScopeBeanDefinitionEnhancer'","serviceName":"tecnos-service"}
{"timestamp":"2024-11-25 00:38:33","thread":"main","level":"DEBUG","logger":"org.springframework.cloud.context.scope.GenericScope","message":"Generating bean factory id from names: [JWTAccessDeniedHandler, JWTAuthenticationEntryPoint, JWTAuthorizationFilter, JWTTokenProvider, additionalModelsConverter, applicationAvailability, applicationTaskExecutor, authenticationEventPublisher, authenticationFailureListener, authenticationManager, authenticationManagerBuilder, authenticationSuccessListener, bCryptPasswordEncoder, basicErrorController, beanNameHandlerMapping, beanNameViewResolver, categoryCommandServiceImpl, categoryControllerApi, categoryQueryServiceImpl, categoryRepo, characterEncodingFilter, classLoaderMetrics, cloudAdapter, com.example.tecnosserver.intercom.CloudService, compositeCompatibilityVerifier, compositeDiscoveryClient, configDataContextRefresher, configurationPropertiesBeans, configurationPropertiesRebinder, controllerEndpointDiscoverer, controllerEndpointHandlerMapping, controllerExposeExcludePropertyEndpointFilter, conventionErrorViewResolver, conversionServicePostProcessor, corsFilter, data-jpa.repository-aot-processor#0, dataSource, dataSourcePoolMetadataMeterBinder, dataSourceScriptDatabaseInitializer, dbHealthContributor, default.com.example.tecnosserver.TecnosServerApplication.FeignClientSpecification, defaultMeterObservationHandler, defaultServletHandlerMapping, defaultValidator, defaultViewResolver, defaultsBindHandlerAdvisor, delegatingApplicationListener, delegatingMethodParameterCustomizer, discoveryClientHealthIndicator, discoveryCompositeHealthContributor, diskSpaceHealthIndicator, diskSpaceMetrics, dispatcherServlet, dispatcherServletRegistration, emBeanDefinitionRegistrarPostProcessor, enableGlobalAuthenticationAutowiredConfigurer, endpointCachingOperationInvokerAdvisor, endpointMediaTypes, endpointObjectMapper, endpointObjectMapperWebMvcConfigurer, endpointOperationParameterMapper, entityManagerFactory, entityManagerFactoryBuilder, environmentManager, error, errorAttributes, errorPageCustomizer, errorPageRegistrarBeanPostProcessor, feignChildContextInitializer, feignClientBeanFactoryInitializationCodeGenerator, feignContext, feignFeature, feignTargeter, fileDescriptorMetrics, fileSupportConverter, filterChain, flashMapManager, formContentFilter, genericReturnTypeParser, globalExceptionHandler, handlerExceptionResolver, handlerFunctionAdapter, healthContributorRegistry, healthEndpoint, healthEndpointGroupMembershipValidator, healthEndpointGroups, healthEndpointGroupsBeanPostProcessor, healthEndpointWebExtension, healthEndpointWebMvcHandlerMapping, healthHttpCodeStatusMapper, healthStatusAggregator, hikariDataSourceMeterBinder, hikariPoolDataSourceMetadataProvider, httpRequestHandlerAdapter, indexPageTransformer, inetUtils, inetUtilsProperties, initializeAuthenticationProviderBeanManagerConfigurer, initializeUserDetailsBeanManagerConfigurer, itemCategoryCommandServiceImpl, itemCategoryControllerApi, itemCategoryQueryServiceImpl, itemCategoryRepo, jacksonGeoModule, jacksonObjectMapper, jacksonObjectMapperBuilder, jdbcConnectionDetails, jdbcConnectionDetailsHikariBeanPostProcessor, jdbcTemplate, jpa.CategoryRepo.fragments#0, jpa.ItemCategoryRepo.fragments#0, jpa.ProductRepo.fragments#0, jpa.SubCategoryRepo.fragments#0, jpa.UserRepo.fragments#0, jpa.named-queries#0, jpa.named-queries#1, jpa.named-queries#2, jpa.named-queries#3, jpa.named-queries#4, jpaContext, jpaMappingContext, jpaSharedEM_entityManagerFactory, jpaVendorAdapter, jsonComponentModule, jsonMixinModule, jsonMixinModuleEntries, jvmCompilationMetrics, jvmGcMetrics, jvmHeapPressureMetrics, jvmInfoMetrics, jvmMemoryMetrics, jvmThreadMetrics, lifecycleProcessor, loadBalancerClientsDefaultsMappingsProvider, localSpringDocParameterNameDiscoverer, localeCharsetMappingsCustomizer, localeResolver, logbackMetrics, loggingRebinder, loginAttemptService, management.endpoint.health-org.springframework.boot.actuate.autoconfigure.health.HealthEndpointProperties, management.endpoints.web-org.springframework.boot.actuate.autoconfigure.endpoint.web.WebEndpointProperties, management.endpoints.web.cors-org.springframework.boot.actuate.autoconfigure.endpoint.web.CorsEndpointProperties, management.health.db-org.springframework.boot.actuate.autoconfigure.jdbc.DataSourceHealthIndicatorProperties, management.health.diskspace-org.springframework.boot.actuate.autoconfigure.system.DiskSpaceHealthIndicatorProperties, management.info-org.springframework.boot.actuate.autoconfigure.info.InfoContributorProperties, management.metrics-org.springframework.boot.actuate.autoconfigure.metrics.MetricsProperties, management.observations-org.springframework.boot.actuate.autoconfigure.observation.ObservationProperties, management.server-org.springframework.boot.actuate.autoconfigure.web.server.ManagementServerProperties, management.simple.metrics.export-org.springframework.boot.actuate.autoconfigure.metrics.export.simple.SimpleProperties, managementServletContext, mappingJackson2HttpMessageConverter, messageConverters, meterRegistryPostProcessor, methodValidationPostProcessor, metricsAndTracingObservationHandlerGrouping, metricsHttpClientUriTagFilter, metricsHttpServerUriTagFilter, metricsRepositoryMethodInvocationListener, metricsRepositoryMethodInvocationListenerBeanPostProcessor, micrometerClock, modelConverterRegistrar, multipartConfigElement, multipartResolver, mvcContentNegotiationManager, mvcConversionService, mvcHandlerMappingIntrospector, mvcPathMatcher, mvcPatternParser, mvcResourceUrlProvider, mvcUriComponentsContributor, mvcUrlPathHelper, mvcValidator, mvcViewResolver, namedParameterJdbcTemplate, noopTracer, objectMapperProvider, objectPostProcessor, observationRegistry, observationRegistryPostProcessor, observationRestTemplateCustomizer, openAPIBuilder, openApiResource, openEntityManagerInViewInterceptor, openEntityManagerInViewInterceptorConfigurer, operationBuilder, org.springdoc.core.configuration.SpringDocConfiguration, org.springdoc.core.configuration.SpringDocConfiguration$OpenApiResourceAdvice, org.springdoc.core.configuration.SpringDocConfiguration$SpringDocSpringDataWebPropertiesProvider, org.springdoc.core.configuration.SpringDocConfiguration$WebConversionServiceConfiguration, org.springdoc.core.configuration.SpringDocPageableConfiguration, org.springdoc.core.configuration.SpringDocSecurityConfiguration, org.springdoc.core.configuration.SpringDocSecurityConfiguration$SpringSecurityLoginEndpointConfiguration, org.springdoc.core.configuration.SpringDocSortConfiguration, org.springdoc.core.configuration.SpringDocUIConfiguration, org.springdoc.core.properties.SpringDocConfigProperties, org.springdoc.core.properties.SwaggerUiConfigParameters, org.springdoc.core.properties.SwaggerUiConfigProperties, org.springdoc.core.properties.SwaggerUiOAuthProperties, org.springdoc.webmvc.core.configuration.SpringDocWebMvcConfiguration, org.springdoc.webmvc.core.configuration.SpringDocWebMvcConfiguration$SpringDocWebMvcActuatorConfiguration, org.springdoc.webmvc.core.configuration.SpringDocWebMvcConfiguration$SpringDocWebMvcRouterConfiguration, org.springdoc.webmvc.ui.SwaggerConfig, org.springframework.aop.config.internalAutoProxyCreator, org.springframework.boot.actuate.autoconfigure.availability.AvailabilityHealthContributorAutoConfiguration, org.springframework.boot.actuate.autoconfigure.endpoint.EndpointAutoConfiguration, org.springframework.boot.actuate.autoconfigure.endpoint.jackson.JacksonEndpointAutoConfiguration, org.springframework.boot.actuate.autoconfigure.endpoint.web.ServletEndpointManagementContextConfiguration, org.springframework.boot.actuate.autoconfigure.endpoint.web.ServletEndpointManagementContextConfiguration$WebMvcServletEndpointManagementContextConfiguration, org.springframework.boot.actuate.autoconfigure.endpoint.web.WebEndpointAutoConfiguration, org.springframework.boot.actuate.autoconfigure.endpoint.web.WebEndpointAutoConfiguration$WebEndpointServletConfiguration, org.springframework.boot.actuate.autoconfigure.endpoint.web.servlet.WebMvcEndpointManagementContextConfiguration, org.springframework.boot.actuate.autoconfigure.health.HealthContributorAutoConfiguration, org.springframework.boot.actuate.autoconfigure.health.HealthEndpointAutoConfiguration, org.springframework.boot.actuate.autoconfigure.health.HealthEndpointConfiguration, org.springframework.boot.actuate.autoconfigure.health.HealthEndpointWebExtensionConfiguration, org.springframework.boot.actuate.autoconfigure.health.HealthEndpointWebExtensionConfiguration$MvcAdditionalHealthEndpointPathsConfiguration, org.springframework.boot.actuate.autoconfigure.info.InfoContributorAutoConfiguration, org.springframework.boot.actuate.autoconfigure.jdbc.DataSourceHealthContributorAutoConfiguration, org.springframework.boot.actuate.autoconfigure.metrics.CompositeMeterRegistryAutoConfiguration, org.springframework.boot.actuate.autoconfigure.metrics.JvmMetricsAutoConfiguration, org.springframework.boot.actuate.autoconfigure.metrics.LogbackMetricsAutoConfiguration, org.springframework.boot.actuate.autoconfigure.metrics.MetricsAutoConfiguration, org.springframework.boot.actuate.autoconfigure.metrics.SystemMetricsAutoConfiguration, org.springframework.boot.actuate.autoconfigure.metrics.data.RepositoryMetricsAutoConfiguration, org.springframework.boot.actuate.autoconfigure.metrics.export.simple.SimpleMetricsExportAutoConfiguration, org.springframework.boot.actuate.autoconfigure.metrics.integration.IntegrationMetricsAutoConfiguration, org.springframework.boot.actuate.autoconfigure.metrics.jdbc.DataSourcePoolMetricsAutoConfiguration, org.springframework.boot.actuate.autoconfigure.metrics.jdbc.DataSourcePoolMetricsAutoConfiguration$DataSourcePoolMetadataMetricsConfiguration, org.springframework.boot.actuate.autoconfigure.metrics.jdbc.DataSourcePoolMetricsAutoConfiguration$HikariDataSourceMetricsConfiguration, org.springframework.boot.actuate.autoconfigure.metrics.startup.StartupTimeMetricsListenerAutoConfiguration, org.springframework.boot.actuate.autoconfigure.metrics.task.TaskExecutorMetricsAutoConfiguration, org.springframework.boot.actuate.autoconfigure.metrics.web.tomcat.TomcatMetricsAutoConfiguration, org.springframework.boot.actuate.autoconfigure.observation.ObservationAutoConfiguration, org.springframework.boot.actuate.autoconfigure.observation.ObservationAutoConfiguration$MeterObservationHandlerConfiguration, org.springframework.boot.actuate.autoconfigure.observation.ObservationAutoConfiguration$MeterObservationHandlerConfiguration$OnlyMetricsMeterObservationHandlerConfiguration, org.springframework.boot.actuate.autoconfigure.observation.ObservationAutoConfiguration$MetricsWithTracingConfiguration, org.springframework.boot.actuate.autoconfigure.observation.web.client.HttpClientObservationsAutoConfiguration, org.springframework.boot.actuate.autoconfigure.observation.web.client.HttpClientObservationsAutoConfiguration$MeterFilterConfiguration, org.springframework.boot.actuate.autoconfigure.observation.web.client.RestTemplateObservationConfiguration, org.springframework.boot.actuate.autoconfigure.observation.web.servlet.WebMvcObservationAutoConfiguration, org.springframework.boot.actuate.autoconfigure.observation.web.servlet.WebMvcObservationAutoConfiguration$MeterFilterConfiguration, org.springframework.boot.actuate.autoconfigure.security.servlet.SecurityRequestMatchersManagementContextConfiguration, org.springframework.boot.actuate.autoconfigure.security.servlet.SecurityRequestMatchersManagementContextConfiguration$MvcRequestMatcherConfiguration, org.springframework.boot.actuate.autoconfigure.system.DiskSpaceHealthContributorAutoConfiguration, org.springframework.boot.actuate.autoconfigure.web.server.ManagementContextAutoConfiguration, org.springframework.boot.actuate.autoconfigure.web.server.ManagementContextAutoConfiguration$SameManagementContextConfiguration, org.springframework.boot.actuate.autoconfigure.web.server.ManagementContextAutoConfiguration$SameManagementContextConfiguration$EnableSameManagementContextConfiguration, org.springframework.boot.actuate.autoconfigure.web.servlet.ServletManagementContextAutoConfiguration, org.springframework.boot.autoconfigure.AutoConfigurationPackages, org.springframework.boot.autoconfigure.aop.AopAutoConfiguration, org.springframework.boot.autoconfigure.aop.AopAutoConfiguration$AspectJAutoProxyingConfiguration, org.springframework.boot.autoconfigure.aop.AopAutoConfiguration$AspectJAutoProxyingConfiguration$CglibAutoProxyConfiguration, org.springframework.boot.autoconfigure.availability.ApplicationAvailabilityAutoConfiguration, org.springframework.boot.autoconfigure.context.ConfigurationPropertiesAutoConfiguration, org.springframework.boot.autoconfigure.context.LifecycleAutoConfiguration, org.springframework.boot.autoconfigure.context.PropertyPlaceholderAutoConfiguration, org.springframework.boot.autoconfigure.dao.PersistenceExceptionTranslationAutoConfiguration, org.springframework.boot.autoconfigure.data.jpa.JpaRepositoriesAutoConfiguration, org.springframework.boot.autoconfigure.data.web.SpringDataWebAutoConfiguration, org.springframework.boot.autoconfigure.http.HttpMessageConvertersAutoConfiguration, org.springframework.boot.autoconfigure.http.HttpMessageConvertersAutoConfiguration$StringHttpMessageConverterConfiguration, org.springframework.boot.autoconfigure.http.JacksonHttpMessageConvertersConfiguration, org.springframework.boot.autoconfigure.http.JacksonHttpMessageConvertersConfiguration$MappingJackson2HttpMessageConverterConfiguration, org.springframework.boot.autoconfigure.info.ProjectInfoAutoConfiguration, org.springframework.boot.autoconfigure.internalCachingMetadataReaderFactory, org.springframework.boot.autoconfigure.jackson.JacksonAutoConfiguration, org.springframework.boot.autoconfigure.jackson.JacksonAutoConfiguration$Jackson2ObjectMapperBuilderCustomizerConfiguration, org.springframework.boot.autoconfigure.jackson.JacksonAutoConfiguration$JacksonMixinConfiguration, org.springframework.boot.autoconfigure.jackson.JacksonAutoConfiguration$JacksonObjectMapperBuilderConfiguration, org.springframework.boot.autoconfigure.jackson.JacksonAutoConfiguration$JacksonObjectMapperConfiguration, org.springframework.boot.autoconfigure.jackson.JacksonAutoConfiguration$ParameterNamesModuleConfiguration, org.springframework.boot.autoconfigure.jdbc.DataSourceAutoConfiguration, org.springframework.boot.autoconfigure.jdbc.DataSourceAutoConfiguration$PooledDataSourceConfiguration, org.springframework.boot.autoconfigure.jdbc.DataSourceConfiguration$Hikari, org.springframework.boot.autoconfigure.jdbc.DataSourceTransactionManagerAutoConfiguration, org.springframework.boot.autoconfigure.jdbc.DataSourceTransactionManagerAutoConfiguration$JdbcTransactionManagerConfiguration, org.springframework.boot.autoconfigure.jdbc.JdbcTemplateAutoConfiguration, org.springframework.boot.autoconfigure.jdbc.JdbcTemplateConfiguration, org.springframework.boot.autoconfigure.jdbc.NamedParameterJdbcTemplateConfiguration, org.springframework.boot.autoconfigure.jdbc.metadata.DataSourcePoolMetadataProvidersConfiguration, org.springframework.boot.autoconfigure.jdbc.metadata.DataSourcePoolMetadataProvidersConfiguration$HikariPoolDataSourceMetadataProviderConfiguration, org.springframework.boot.autoconfigure.orm.jpa.HibernateJpaAutoConfiguration, org.springframework.boot.autoconfigure.orm.jpa.HibernateJpaConfiguration, org.springframework.boot.autoconfigure.orm.jpa.JpaBaseConfiguration$JpaWebConfiguration, org.springframework.boot.autoconfigure.orm.jpa.JpaBaseConfiguration$PersistenceManagedTypesConfiguration, org.springframework.boot.autoconfigure.security.servlet.SecurityAutoConfiguration, org.springframework.boot.autoconfigure.security.servlet.SecurityFilterAutoConfiguration, org.springframework.boot.autoconfigure.security.servlet.SpringBootWebSecurityConfiguration, org.springframework.boot.autoconfigure.sql.init.DataSourceInitializationConfiguration, org.springframework.boot.autoconfigure.sql.init.SqlInitializationAutoConfiguration, org.springframework.boot.autoconfigure.ssl.SslAutoConfiguration, org.springframework.boot.autoconfigure.task.TaskExecutionAutoConfiguration, org.springframework.boot.autoconfigure.task.TaskSchedulingAutoConfiguration, org.springframework.boot.autoconfigure.transaction.TransactionAutoConfiguration, org.springframework.boot.autoconfigure.transaction.TransactionAutoConfiguration$EnableTransactionManagementConfiguration, org.springframework.boot.autoconfigure.transaction.TransactionAutoConfiguration$EnableTransactionManagementConfiguration$CglibAutoProxyConfiguration, org.springframework.boot.autoconfigure.transaction.TransactionAutoConfiguration$TransactionTemplateConfiguration, org.springframework.boot.autoconfigure.transaction.jta.JtaAutoConfiguration, org.springframework.boot.autoconfigure.validation.ValidationAutoConfiguration, org.springframework.boot.autoconfigure.web.client.RestTemplateAutoConfiguration, org.springframework.boot.autoconfigure.web.servlet.DispatcherServletAutoConfiguration, org.springframework.boot.autoconfigure.web.servlet.DispatcherServletAutoConfiguration$DispatcherServletConfiguration, org.springframework.boot.autoconfigure.web.servlet.DispatcherServletAutoConfiguration$DispatcherServletRegistrationConfiguration, org.springframework.boot.autoconfigure.web.servlet.HttpEncodingAutoConfiguration, org.springframework.boot.autoconfigure.web.servlet.MultipartAutoConfiguration, org.springframework.boot.autoconfigure.web.servlet.ServletWebServerFactoryAutoConfiguration, org.springframework.boot.autoconfigure.web.servlet.ServletWebServerFactoryConfiguration$EmbeddedTomcat, org.springframework.boot.autoconfigure.web.servlet.WebMvcAutoConfiguration, org.springframework.boot.autoconfigure.web.servlet.WebMvcAutoConfiguration$EnableWebMvcConfiguration, org.springframework.boot.autoconfigure.web.servlet.WebMvcAutoConfiguration$WebMvcAutoConfigurationAdapter, org.springframework.boot.autoconfigure.web.servlet.error.ErrorMvcAutoConfiguration, org.springframework.boot.autoconfigure.web.servlet.error.ErrorMvcAutoConfiguration$DefaultErrorViewResolverConfiguration, org.springframework.boot.autoconfigure.web.servlet.error.ErrorMvcAutoConfiguration$WhitelabelErrorViewConfiguration, org.springframework.boot.autoconfigure.websocket.servlet.WebSocketServletAutoConfiguration, org.springframework.boot.autoconfigure.websocket.servlet.WebSocketServletAutoConfiguration$TomcatWebSocketConfiguration, org.springframework.boot.context.internalConfigurationPropertiesBinder, org.springframework.boot.context.properties.BoundConfigurationProperties, org.springframework.boot.context.properties.ConfigurationPropertiesBindingPostProcessor, org.springframework.boot.context.properties.EnableConfigurationPropertiesRegistrar.methodValidationExcludeFilter, org.springframework.boot.sql.init.dependency.DatabaseInitializationDependencyConfigurer$DependsOnDatabaseInitializationPostProcessor, org.springframework.boot.test.autoconfigure.actuate.observability.ObservabilityContextCustomizerFactory$NoopTracerRegistrar, org.springframework.boot.test.mock.mockito.MockitoPostProcessor, org.springframework.boot.test.mock.mockito.MockitoPostProcessor$SpyPostProcessor, org.springframework.cloud.autoconfigure.ConfigurationPropertiesRebinderAutoConfiguration, org.springframework.cloud.autoconfigure.LifecycleMvcEndpointAutoConfiguration, org.springframework.cloud.autoconfigure.PauseResumeEndpointsConfiguration, org.springframework.cloud.autoconfigure.RefreshAutoConfiguration, org.springframework.cloud.autoconfigure.RefreshAutoConfiguration$RefreshScopeBeanDefinitionEnhancer, org.springframework.cloud.autoconfigure.RefreshEndpointAutoConfiguration, org.springframework.cloud.autoconfigure.RefreshEndpointAutoConfiguration$RefreshEndpointConfiguration, org.springframework.cloud.autoconfigure.RestartEndpointWithoutIntegrationConfiguration, org.springframework.cloud.client.CommonsClientAutoConfiguration, org.springframework.cloud.client.CommonsClientAutoConfiguration$ActuatorConfiguration, org.springframework.cloud.client.CommonsClientAutoConfiguration$DiscoveryLoadBalancerConfiguration, org.springframework.cloud.client.ReactiveCommonsClientAutoConfiguration, org.springframework.cloud.client.discovery.composite.CompositeDiscoveryClientAutoConfiguration, org.springframework.cloud.client.discovery.simple.SimpleDiscoveryClientAutoConfiguration, org.springframework.cloud.client.loadbalancer.LoadBalancerDefaultMappingsProviderAutoConfiguration, org.springframework.cloud.client.serviceregistry.AutoServiceRegistrationAutoConfiguration, org.springframework.cloud.client.serviceregistry.AutoServiceRegistrationConfiguration, org.springframework.cloud.client.serviceregistry.ServiceRegistryAutoConfiguration, org.springframework.cloud.commons.config.CommonsConfigAutoConfiguration, org.springframework.cloud.commons.security.ResourceServerTokenRelayAutoConfiguration, org.springframework.cloud.commons.security.ResourceServerTokenRelayAutoConfiguration$ResourceServerTokenRelayRegistrationAutoConfiguration, org.springframework.cloud.commons.util.UtilAutoConfiguration, org.springframework.cloud.configuration.CompatibilityVerifierAutoConfiguration, org.springframework.cloud.openfeign.FeignAutoConfiguration, org.springframework.cloud.openfeign.FeignAutoConfiguration$DefaultFeignTargeterConfiguration, org.springframework.cloud.openfeign.FeignAutoConfiguration$FeignJacksonConfiguration, org.springframework.context.annotation.internalAutowiredAnnotationProcessor, org.springframework.context.annotation.internalCommonAnnotationProcessor, org.springframework.context.annotation.internalConfigurationAnnotationProcessor, org.springframework.context.annotation.internalPersistenceAnnotationProcessor, org.springframework.context.event.internalEventListenerFactory, org.springframework.context.event.internalEventListenerProcessor, org.springframework.data.jpa.repository.support.JpaEvaluationContextExtension, org.springframework.data.jpa.util.JpaMetamodelCacheCleanup, org.springframework.data.web.config.ProjectingArgumentResolverRegistrar, org.springframework.data.web.config.SpringDataJacksonConfiguration, org.springframework.data.web.config.SpringDataWebConfiguration, org.springframework.security.config.annotation.authentication.configuration.AuthenticationConfiguration, org.springframework.security.config.annotation.configuration.ObjectPostProcessorConfiguration, org.springframework.security.config.annotation.method.configuration.PrePostMethodSecurityConfiguration, org.springframework.security.config.annotation.web.configuration.HttpSecurityConfiguration, org.springframework.security.config.annotation.web.configuration.HttpSecurityConfiguration.httpSecurity, org.springframework.security.config.annotation.web.configuration.WebMvcSecurityConfiguration, org.springframework.security.config.annotation.web.configuration.WebSecurityConfiguration, org.springframework.transaction.annotation.ProxyTransactionManagementConfiguration, org.springframework.transaction.config.internalTransactionAdvisor, org.springframework.transaction.config.internalTransactionalEventListenerFactory, pageJacksonModule, pageableCustomizer, pageableOpenAPIConverter, pageableResolver, parameterBuilder, parameterNamesModule, pathMappedEndpoints, persistenceExceptionTranslationPostProcessor, persistenceManagedTypes, pingHealthContributor, platformTransactionManagerCustomizers, polymorphicModelConverter, postAuthorizeAuthorizationAdvisor, postAuthorizeAuthorizationMethodInterceptor, postFilterAuthorizationAdvisor, postFilterAuthorizationMethodInterceptor, preAuthorizeAuthorizationAdvisor, preAuthorizeAuthorizationMethodInterceptor, preFilterAuthorizationAdvisor, preFilterAuthorizationMethodInterceptor, preserveErrorControllerTargetClassPostProcessor, privilegeEvaluator, processorMetrics, productCommandServiceImpl, productControllerApi, productMapper, productQueryServiceImpl, productRepo, projectingArgumentResolverBeanPostProcessor, propertiesMeterFilter, propertyResolverUtils, propertySourcesPlaceholderConfigurer, refreshEventListener, refreshScope, refreshScopeHealthIndicator, repositoryTagsProvider, requestBodyBuilder, requestBuilder, requestContextFilter, requestDataValueProcessor, requestMappingHandlerAdapter, requestMappingHandlerMapping, requestMatcherProvider, resourceHandlerMapping, responseBuilder, responseSupportConverter, restTemplateBuilder, restTemplateBuilderConfigurer, routerFunctionMapping, routerFunctionProvider, schemaPropertyDeprecatingConverter, securityConfiguration, securityFilterChainRegistration, securityParser, server-org.springframework.boot.autoconfigure.web.ServerProperties, servletEndpointDiscoverer, servletEndpointRegistrar, servletExposeExcludePropertyEndpointFilter, servletWebChildContextFactory, servletWebServerFactoryCustomizer, simpleConfig, simpleControllerHandlerAdapter, simpleDiscoveryClient, simpleDiscoveryProperties, simpleMeterRegistry, sleuthPresentVerifier, sortCustomizer, sortModule, sortOpenAPIConverter, sortResolver, spring.cloud.compatibility-verifier-org.springframework.cloud.configuration.CompatibilityVerifierProperties, spring.cloud.discovery.client.health-indicator-org.springframework.cloud.client.discovery.health.DiscoveryClientHealthIndicatorProperties, spring.cloud.openfeign.client-org.springframework.cloud.openfeign.FeignClientProperties, spring.cloud.openfeign.encoder-org.springframework.cloud.openfeign.support.FeignEncoderProperties, spring.cloud.openfeign.httpclient-org.springframework.cloud.openfeign.support.FeignHttpClientProperties, spring.cloud.refresh-org.springframework.cloud.autoconfigure.RefreshAutoConfiguration$RefreshProperties, spring.cloud.service-registry.auto-registration-org.springframework.cloud.client.serviceregistry.AutoServiceRegistrationProperties, spring.data.web-org.springframework.boot.autoconfigure.data.web.SpringDataWebProperties, spring.datasource-org.springframework.boot.autoconfigure.jdbc.DataSourceProperties, spring.info-org.springframework.boot.autoconfigure.info.ProjectInfoProperties, spring.jackson-org.springframework.boot.autoconfigure.jackson.JacksonProperties, spring.jdbc-org.springframework.boot.autoconfigure.jdbc.JdbcProperties, spring.jpa-org.springframework.boot.autoconfigure.orm.jpa.JpaProperties, spring.jpa.hibernate-org.springframework.boot.autoconfigure.orm.jpa.HibernateProperties, spring.lifecycle-org.springframework.boot.autoconfigure.context.LifecycleProperties, spring.mvc-org.springframework.boot.autoconfigure.web.servlet.WebMvcProperties, spring.security-org.springframework.boot.autoconfigure.security.SecurityProperties, spring.servlet.multipart-org.springframework.boot.autoconfigure.web.servlet.MultipartProperties, spring.sql.init-org.springframework.boot.autoconfigure.sql.init.SqlInitializationProperties, spring.ssl-org.springframework.boot.autoconfigure.ssl.SslProperties, spring.task.execution-org.springframework.boot.autoconfigure.task.TaskExecutionProperties, spring.task.scheduling-org.springframework.boot.autoconfigure.task.TaskSchedulingProperties, spring.transaction-org.springframework.boot.autoconfigure.transaction.TransactionProperties, spring.web-org.springframework.boot.autoconfigure.web.WebProperties, springBootVersionVerifier, springCloudCommonsFeatures, springDataWebPropertiesProvider, springDocCustomizers, springDocProviders, springSecurityFilterChain, springWebProvider, sslBundleRegistry, sslPropertiesSslBundleRegistrar, standardJacksonObjectMapperBuilderCustomizer, startupTimeMetrics, stringHttpMessageConverter, subCategoryCommandServiceImpl, subCategoryControllerApi, subCategoryQueryServiceImpl, subCategoryRepo, swaggerConfigResource, swaggerResourceResolver, swaggerWebMvcConfigurer, swaggerWelcome, taskExecutorBuilder, taskSchedulerBuilder, tecnos-cloud.FeignClientSpecification, tecnosServerApplication, themeResolver, tomcatMetricsBinder, tomcatServletWebServerFactory, tomcatServletWebServerFactoryCustomizer, transactionAttributeSource, transactionInterceptor, transactionManager, transactionTemplate, uptimeMetrics, userCommandServiceImpl, userControllerServer, userDetailsImpl, userQueryServiceImpl, userRepo, viewControllerHandlerMapping, viewNameTranslator, viewResolver, webConversionServiceProvider, webEndpointDiscoverer, webEndpointPathMapper, webEndpointServletHandlerMapping, webExposeExcludePropertyEndpointFilter, webMvcObservationFilter, webSecurityExpressionHandler, webServerFactoryCustomizerBeanPostProcessor, websocketServletWebServerCustomizer, welcomePageHandlerMapping, welcomePageNotAcceptableHandlerMapping]","serviceName":"tecnos-service"}
{"timestamp":"2024-11-25 00:38:33","thread":"main","level":"INFO","logger":"org.springframework.cloud.context.scope.GenericScope","message":"BeanFactory id=b0ede260-24a3-36c0-9bd2-62d70412fa67","serviceName":"tecnos-service"}
{"timestamp":"2024-11-25 00:38:33","thread":"main","level":"DEBUG","logger":"org.springframework.beans.factory.support.DefaultListableBeanFactory","message":"Creating shared instance of singleton bean 'propertySourcesPlaceholderConfigurer'","serviceName":"tecnos-service"}
{"timestamp":"2024-11-25 00:38:33","thread":"main","level":"DEBUG","logger":"org.springframework.beans.factory.support.DefaultListableBeanFactory","message":"Creating shared instance of singleton bean 'org.springframework.boot.test.mock.mockito.MockitoPostProcessor'","serviceName":"tecnos-service"}
{"timestamp":"2024-11-25 00:38:33","thread":"main","level":"DEBUG","logger":"org.springframework.beans.factory.support.DefaultListableBeanFactory","message":"Creating shared instance of singleton bean 'emBeanDefinitionRegistrarPostProcessor'","serviceName":"tecnos-service"}
{"timestamp":"2024-11-25 00:38:33","thread":"main","level":"DEBUG","logger":"org.springframework.beans.factory.support.DefaultListableBeanFactory","message":"Creating shared instance of singleton bean 'org.springframework.boot.sql.init.dependency.DatabaseInitializationDependencyConfigurer$DependsOnDatabaseInitializationPostProcessor'","serviceName":"tecnos-service"}
{"timestamp":"2024-11-25 00:38:33","thread":"main","level":"DEBUG","logger":"org.springframework.beans.factory.support.DefaultListableBeanFactory","message":"Creating shared instance of singleton bean 'org.springframework.context.event.internalEventListenerProcessor'","serviceName":"tecnos-service"}
{"timestamp":"2024-11-25 00:38:33","thread":"main","level":"DEBUG","logger":"org.springframework.beans.factory.support.DefaultListableBeanFactory","message":"Creating shared instance of singleton bean 'conversionServicePostProcessor'","serviceName":"tecnos-service"}
{"timestamp":"2024-11-25 00:38:33","thread":"main","level":"DEBUG","logger":"org.springframework.beans.factory.support.DefaultListableBeanFactory","message":"Creating shared instance of singleton bean 'preserveErrorControllerTargetClassPostProcessor'","serviceName":"tecnos-service"}
{"timestamp":"2024-11-25 00:38:33","thread":"main","level":"DEBUG","logger":"org.springframework.beans.factory.support.DefaultListableBeanFactory","message":"Creating shared instance of singleton bean 'org.springframework.context.event.internalEventListenerFactory'","serviceName":"tecnos-service"}
{"timestamp":"2024-11-25 00:38:33","thread":"main","level":"DEBUG","logger":"org.springframework.beans.factory.support.DefaultListableBeanFactory","message":"Creating shared instance of singleton bean 'org.springframework.transaction.config.internalTransactionalEventListenerFactory'","serviceName":"tecnos-service"}
{"timestamp":"2024-11-25 00:38:33","thread":"main","level":"DEBUG","logger":"org.springframework.beans.factory.support.DefaultListableBeanFactory","message":"Creating shared instance of singleton bean 'org.springframework.boot.test.mock.mockito.MockitoPostProcessor$SpyPostProcessor'","serviceName":"tecnos-service"}
{"timestamp":"2024-11-25 00:38:33","thread":"main","level":"DEBUG","logger":"org.springframework.beans.factory.support.DefaultListableBeanFactory","message":"Creating shared instance of singleton bean 'org.springframework.context.annotation.internalAutowiredAnnotationProcessor'","serviceName":"tecnos-service"}
{"timestamp":"2024-11-25 00:38:33","thread":"main","level":"DEBUG","logger":"org.springframework.beans.factory.support.DefaultListableBeanFactory","message":"Creating shared instance of singleton bean 'org.springframework.context.annotation.internalCommonAnnotationProcessor'","serviceName":"tecnos-service"}
{"timestamp":"2024-11-25 00:38:33","thread":"main","level":"DEBUG","logger":"org.springframework.beans.factory.support.DefaultListableBeanFactory","message":"Creating shared instance of singleton bean 'org.springframework.context.annotation.internalPersistenceAnnotationProcessor'","serviceName":"tecnos-service"}
{"timestamp":"2024-11-25 00:38:33","thread":"main","level":"DEBUG","logger":"org.springframework.beans.factory.support.DefaultListableBeanFactory","message":"Creating shared instance of singleton bean 'org.springframework.boot.context.properties.ConfigurationPropertiesBindingPostProcessor'","serviceName":"tecnos-service"}
{"timestamp":"2024-11-25 00:38:33","thread":"main","level":"DEBUG","logger":"org.springframework.beans.factory.support.DefaultListableBeanFactory","message":"Creating shared instance of singleton bean 'org.springframework.boot.context.internalConfigurationPropertiesBinder'","serviceName":"tecnos-service"}
{"timestamp":"2024-11-25 00:38:33","thread":"main","level":"DEBUG","logger":"org.springframework.beans.factory.support.DefaultListableBeanFactory","message":"Creating shared instance of singleton bean 'jdbcConnectionDetailsHikariBeanPostProcessor'","serviceName":"tecnos-service"}
{"timestamp":"2024-11-25 00:38:33","thread":"main","level":"DEBUG","logger":"org.springframework.beans.factory.support.DefaultListableBeanFactory","message":"Creating shared instance of singleton bean 'org.springframework.aop.config.internalAutoProxyCreator'","serviceName":"tecnos-service"}
{"timestamp":"2024-11-25 00:38:33","thread":"main","level":"DEBUG","logger":"org.springframework.beans.factory.support.DefaultListableBeanFactory","message":"Creating shared instance of singleton bean 'methodValidationPostProcessor'","serviceName":"tecnos-service"}
{"timestamp":"2024-11-25 00:38:33","thread":"main","level":"DEBUG","logger":"org.springframework.cloud.openfeign.FeignClientFactoryBean","message":"Creating a FeignClientFactoryBean.","serviceName":"tecnos-service"}
{"timestamp":"2024-11-25 00:38:33","thread":"main","level":"DEBUG","logger":"org.springframework.beans.factory.support.DefaultListableBeanFactory","message":"Creating shared instance of singleton bean 'com.example.tecnosserver.intercom.CloudService'","serviceName":"tecnos-service"}
{"timestamp":"2024-11-25 00:38:33","thread":"main","level":"INFO","logger":"org.springframework.context.support.PostProcessorRegistrationDelegate$BeanPostProcessorChecker","message":"Bean 'com.example.tecnosserver.intercom.CloudService' of type [org.springframework.cloud.openfeign.FeignClientFactoryBean] is not eligible for getting processed by all BeanPostProcessors (for example: not eligible for auto-proxying)","serviceName":"tecnos-service"}
{"timestamp":"2024-11-25 00:38:33","thread":"main","level":"DEBUG","logger":"org.springframework.beans.factory.support.DefaultListableBeanFactory","message":"Autowiring by type from bean name 'methodValidationPostProcessor' via factory method to bean named 'environment'","serviceName":"tecnos-service"}
{"timestamp":"2024-11-25 00:38:33","thread":"main","level":"DEBUG","logger":"org.springframework.beans.factory.support.DefaultListableBeanFactory","message":"Creating shared instance of singleton bean 'org.springframework.boot.context.properties.EnableConfigurationPropertiesRegistrar.methodValidationExcludeFilter'","serviceName":"tecnos-service"}
{"timestamp":"2024-11-25 00:38:33","thread":"main","level":"DEBUG","logger":"org.springframework.beans.factory.support.DefaultListableBeanFactory","message":"Creating shared instance of singleton bean 'persistenceExceptionTranslationPostProcessor'","serviceName":"tecnos-service"}
{"timestamp":"2024-11-25 00:38:33","thread":"main","level":"DEBUG","logger":"org.springframework.beans.factory.support.DefaultListableBeanFactory","message":"Autowiring by type from bean name 'persistenceExceptionTranslationPostProcessor' via factory method to bean named 'environment'","serviceName":"tecnos-service"}
{"timestamp":"2024-11-25 00:38:33","thread":"main","level":"DEBUG","logger":"org.springframework.beans.factory.support.DefaultListableBeanFactory","message":"Creating shared instance of singleton bean 'webServerFactoryCustomizerBeanPostProcessor'","serviceName":"tecnos-service"}
{"timestamp":"2024-11-25 00:38:33","thread":"main","level":"DEBUG","logger":"org.springframework.beans.factory.support.DefaultListableBeanFactory","message":"Creating shared instance of singleton bean 'errorPageRegistrarBeanPostProcessor'","serviceName":"tecnos-service"}
{"timestamp":"2024-11-25 00:38:33","thread":"main","level":"DEBUG","logger":"org.springframework.beans.factory.support.DefaultListableBeanFactory","message":"Creating shared instance of singleton bean 'healthEndpointGroupsBeanPostProcessor'","serviceName":"tecnos-service"}
{"timestamp":"2024-11-25 00:38:33","thread":"main","level":"DEBUG","logger":"org.springframework.beans.factory.support.DefaultListableBeanFactory","message":"Creating shared instance of singleton bean 'preFilterAuthorizationAdvisor'","serviceName":"tecnos-service"}
{"timestamp":"2024-11-25 00:38:33","thread":"main","level":"DEBUG","logger":"org.springframework.beans.factory.support.DefaultListableBeanFactory","message":"Autowiring by type from bean name 'preFilterAuthorizationAdvisor' via factory method to bean named 'org.springframework.web.context.support.GenericWebApplicationContext@75fa1be3'","serviceName":"tecnos-service"}
{"timestamp":"2024-11-25 00:38:33","thread":"main","level":"DEBUG","logger":"org.springframework.beans.factory.support.DefaultListableBeanFactory","message":"Creating shared instance of singleton bean 'preAuthorizeAuthorizationAdvisor'","serviceName":"tecnos-service"}
{"timestamp":"2024-11-25 00:38:33","thread":"main","level":"DEBUG","logger":"org.springframework.beans.factory.support.DefaultListableBeanFactory","message":"Autowiring by type from bean name 'preAuthorizeAuthorizationAdvisor' via factory method to bean named 'org.springframework.web.context.support.GenericWebApplicationContext@75fa1be3'","serviceName":"tecnos-service"}
{"timestamp":"2024-11-25 00:38:33","thread":"main","level":"DEBUG","logger":"org.springframework.beans.factory.support.DefaultListableBeanFactory","message":"Creating shared instance of singleton bean 'postFilterAuthorizationAdvisor'","serviceName":"tecnos-service"}
{"timestamp":"2024-11-25 00:38:33","thread":"main","level":"DEBUG","logger":"org.springframework.beans.factory.support.DefaultListableBeanFactory","message":"Autowiring by type from bean name 'postFilterAuthorizationAdvisor' via factory method to bean named 'org.springframework.web.context.support.GenericWebApplicationContext@75fa1be3'","serviceName":"tecnos-service"}
{"timestamp":"2024-11-25 00:38:33","thread":"main","level":"DEBUG","logger":"org.springframework.beans.factory.support.DefaultListableBeanFactory","message":"Creating shared instance of singleton bean 'postAuthorizeAuthorizationAdvisor'","serviceName":"tecnos-service"}
{"timestamp":"2024-11-25 00:38:33","thread":"main","level":"DEBUG","logger":"org.springframework.beans.factory.support.DefaultListableBeanFactory","message":"Autowiring by type from bean name 'postAuthorizeAuthorizationAdvisor' via factory method to bean named 'org.springframework.web.context.support.GenericWebApplicationContext@75fa1be3'","serviceName":"tecnos-service"}
{"timestamp":"2024-11-25 00:38:33","thread":"main","level":"DEBUG","logger":"org.springframework.beans.factory.support.DefaultListableBeanFactory","message":"Creating shared instance of singleton bean 'org.springframework.transaction.config.internalTransactionAdvisor'","serviceName":"tecnos-service"}
{"timestamp":"2024-11-25 00:38:33","thread":"main","level":"DEBUG","logger":"org.springframework.beans.factory.support.DefaultListableBeanFactory","message":"Creating shared instance of singleton bean 'org.springframework.transaction.annotation.ProxyTransactionManagementConfiguration'","serviceName":"tecnos-service"}
{"timestamp":"2024-11-25 00:38:33","thread":"main","level":"DEBUG","logger":"org.springframework.beans.factory.support.DefaultListableBeanFactory","message":"Creating shared instance of singleton bean 'transactionAttributeSource'","serviceName":"tecnos-service"}
{"timestamp":"2024-11-25 00:38:33","thread":"main","level":"DEBUG","logger":"org.springframework.beans.factory.support.DefaultListableBeanFactory","message":"Creating shared instance of singleton bean 'transactionInterceptor'","serviceName":"tecnos-service"}
{"timestamp":"2024-11-25 00:38:33","thread":"main","level":"DEBUG","logger":"org.springframework.beans.factory.support.DefaultListableBeanFactory","message":"Autowiring by type from bean name 'transactionInterceptor' via factory method to bean named 'transactionAttributeSource'","serviceName":"tecnos-service"}
{"timestamp":"2024-11-25 00:38:33","thread":"main","level":"DEBUG","logger":"org.springframework.beans.factory.support.DefaultListableBeanFactory","message":"Autowiring by type from bean name 'org.springframework.transaction.config.internalTransactionAdvisor' via factory method to bean named 'transactionAttributeSource'","serviceName":"tecnos-service"}
{"timestamp":"2024-11-25 00:38:33","thread":"main","level":"DEBUG","logger":"org.springframework.beans.factory.support.DefaultListableBeanFactory","message":"Autowiring by type from bean name 'org.springframework.transaction.config.internalTransactionAdvisor' via factory method to bean named 'transactionInterceptor'","serviceName":"tecnos-service"}
{"timestamp":"2024-11-25 00:38:33","thread":"main","level":"DEBUG","logger":"org.springframework.beans.factory.support.DefaultListableBeanFactory","message":"Creating shared instance of singleton bean 'meterRegistryPostProcessor'","serviceName":"tecnos-service"}
{"timestamp":"2024-11-25 00:38:33","thread":"main","level":"DEBUG","logger":"org.springframework.beans.factory.support.DefaultListableBeanFactory","message":"Autowiring by type from bean name 'meterRegistryPostProcessor' via factory method to bean named 'org.springframework.web.context.support.GenericWebApplicationContext@75fa1be3'","serviceName":"tecnos-service"}
{"timestamp":"2024-11-25 00:38:33","thread":"main","level":"DEBUG","logger":"org.springframework.beans.factory.support.DefaultListableBeanFactory","message":"Creating shared instance of singleton bean 'metricsRepositoryMethodInvocationListenerBeanPostProcessor'","serviceName":"tecnos-service"}
{"timestamp":"2024-11-25 00:38:33","thread":"main","level":"DEBUG","logger":"org.springframework.beans.factory.support.DefaultListableBeanFactory","message":"Creating shared instance of singleton bean 'observationRegistryPostProcessor'","serviceName":"tecnos-service"}
{"timestamp":"2024-11-25 00:38:33","thread":"main","level":"DEBUG","logger":"org.springframework.beans.factory.support.DefaultListableBeanFactory","message":"Creating shared instance of singleton bean 'projectingArgumentResolverBeanPostProcessor'","serviceName":"tecnos-service"}
{"timestamp":"2024-11-25 00:38:33","thread":"main","level":"DEBUG","logger":"org.springframework.beans.factory.support.DefaultListableBeanFactory","message":"Creating shared instance of singleton bean 'configurationPropertiesBeans'","serviceName":"tecnos-service"}
{"timestamp":"2024-11-25 00:38:33","thread":"main","level":"DEBUG","logger":"org.springframework.ui.context.support.UiApplicationContextUtils","message":"Unable to locate ThemeSource with name 'themeSource': using default [org.springframework.ui.context.support.ResourceBundleThemeSource@78bad03b]","serviceName":"tecnos-service"}
{"timestamp":"2024-11-25 00:38:33","thread":"main","level":"DEBUG","logger":"org.springframework.beans.factory.support.DefaultListableBeanFactory","message":"Creating shared instance of singleton bean 'dataSourceScriptDatabaseInitializer'","serviceName":"tecnos-service"}
{"timestamp":"2024-11-25 00:38:33","thread":"main","level":"DEBUG","logger":"org.springframework.beans.factory.support.DefaultListableBeanFactory","message":"Creating shared instance of singleton bean 'org.springframework.boot.autoconfigure.sql.init.DataSourceInitializationConfiguration'","serviceName":"tecnos-service"}
{"timestamp":"2024-11-25 00:38:33","thread":"main","level":"DEBUG","logger":"org.springframework.beans.factory.support.DefaultListableBeanFactory","message":"Creating shared instance of singleton bean 'dataSource'","serviceName":"tecnos-service"}
{"timestamp":"2024-11-25 00:38:33","thread":"main","level":"DEBUG","logger":"org.springframework.beans.factory.support.DefaultListableBeanFactory","message":"Creating shared instance of singleton bean 'org.springframework.boot.autoconfigure.jdbc.DataSourceConfiguration$Hikari'","serviceName":"tecnos-service"}
{"timestamp":"2024-11-25 00:38:33","thread":"main","level":"DEBUG","logger":"org.springframework.beans.factory.support.DefaultListableBeanFactory","message":"Creating shared instance of singleton bean 'spring.datasource-org.springframework.boot.autoconfigure.jdbc.DataSourceProperties'","serviceName":"tecnos-service"}
{"timestamp":"2024-11-25 00:38:33","thread":"main","level":"DEBUG","logger":"org.springframework.beans.factory.support.DefaultListableBeanFactory","message":"Creating shared instance of singleton bean 'org.springframework.boot.context.properties.BoundConfigurationProperties'","serviceName":"tecnos-service"}
{"timestamp":"2024-11-25 00:38:33","thread":"main","level":"DEBUG","logger":"org.springframework.beans.factory.support.DefaultListableBeanFactory","message":"Creating shared instance of singleton bean 'defaultsBindHandlerAdvisor'","serviceName":"tecnos-service"}
{"timestamp":"2024-11-25 00:38:33","thread":"main","level":"DEBUG","logger":"org.springframework.beans.factory.support.DefaultListableBeanFactory","message":"Creating shared instance of singleton bean 'org.springframework.cloud.commons.config.CommonsConfigAutoConfiguration'","serviceName":"tecnos-service"}
{"timestamp":"2024-11-25 00:38:33","thread":"main","level":"DEBUG","logger":"org.springframework.beans.factory.support.DefaultListableBeanFactory","message":"Creating shared instance of singleton bean 'loadBalancerClientsDefaultsMappingsProvider'","serviceName":"tecnos-service"}
{"timestamp":"2024-11-25 00:38:33","thread":"main","level":"DEBUG","logger":"org.springframework.beans.factory.support.DefaultListableBeanFactory","message":"Creating shared instance of singleton bean 'org.springframework.cloud.client.loadbalancer.LoadBalancerDefaultMappingsProviderAutoConfiguration'","serviceName":"tecnos-service"}
{"timestamp":"2024-11-25 00:38:33","thread":"main","level":"DEBUG","logger":"org.springframework.beans.factory.support.DefaultListableBeanFactory","message":"Autowiring by type from bean name 'defaultsBindHandlerAdvisor' via factory method to bean named 'loadBalancerClientsDefaultsMappingsProvider'","serviceName":"tecnos-service"}
{"timestamp":"2024-11-25 00:38:33","thread":"main","level":"DEBUG","logger":"org.springframework.beans.factory.support.DefaultListableBeanFactory","message":"Creating shared instance of singleton bean 'jdbcConnectionDetails'","serviceName":"tecnos-service"}
{"timestamp":"2024-11-25 00:38:33","thread":"main","level":"DEBUG","logger":"org.springframework.beans.factory.support.DefaultListableBeanFactory","message":"Creating shared instance of singleton bean 'org.springframework.boot.autoconfigure.jdbc.DataSourceAutoConfiguration$PooledDataSourceConfiguration'","serviceName":"tecnos-service"}
{"timestamp":"2024-11-25 00:38:33","thread":"main","level":"DEBUG","logger":"org.springframework.beans.factory.support.DefaultListableBeanFactory","message":"Autowiring by type from bean name 'jdbcConnectionDetails' via factory method to bean named 'spring.datasource-org.springframework.boot.autoconfigure.jdbc.DataSourceProperties'","serviceName":"tecnos-service"}
{"timestamp":"2024-11-25 00:38:33","thread":"main","level":"DEBUG","logger":"org.springframework.beans.factory.support.DefaultListableBeanFactory","message":"Autowiring by type from bean name 'dataSource' via factory method to bean named 'spring.datasource-org.springframework.boot.autoconfigure.jdbc.DataSourceProperties'","serviceName":"tecnos-service"}
{"timestamp":"2024-11-25 00:38:33","thread":"main","level":"DEBUG","logger":"org.springframework.beans.factory.support.DefaultListableBeanFactory","message":"Autowiring by type from bean name 'dataSource' via factory method to bean named 'jdbcConnectionDetails'","serviceName":"tecnos-service"}
{"timestamp":"2024-11-25 00:38:33","thread":"main","level":"DEBUG","logger":"com.zaxxer.hikari.HikariConfig","message":"Driver class com.mysql.cj.jdbc.Driver found in Thread context class loader jdk.internal.loader.ClassLoaders$AppClassLoader@73d16e93","serviceName":"tecnos-service"}
{"timestamp":"2024-11-25 00:38:33","thread":"main","level":"DEBUG","logger":"org.springframework.beans.factory.support.DefaultListableBeanFactory","message":"Creating shared instance of singleton bean 'spring.sql.init-org.springframework.boot.autoconfigure.sql.init.SqlInitializationProperties'","serviceName":"tecnos-service"}
{"timestamp":"2024-11-25 00:38:33","thread":"main","level":"DEBUG","logger":"org.springframework.beans.factory.support.DefaultListableBeanFactory","message":"Autowiring by type from bean name 'dataSourceScriptDatabaseInitializer' via factory method to bean named 'dataSource'","serviceName":"tecnos-service"}
{"timestamp":"2024-11-25 00:38:33","thread":"main","level":"DEBUG","logger":"org.springframework.beans.factory.support.DefaultListableBeanFactory","message":"Autowiring by type from bean name 'dataSourceScriptDatabaseInitializer' via factory method to bean named 'spring.sql.init-org.springframework.boot.autoconfigure.sql.init.SqlInitializationProperties'","serviceName":"tecnos-service"}
{"timestamp":"2024-11-25 00:38:33","thread":"main","level":"DEBUG","logger":"org.springframework.beans.factory.support.DefaultListableBeanFactory","message":"Creating shared instance of singleton bean 'entityManagerFactory'","serviceName":"tecnos-service"}
{"timestamp":"2024-11-25 00:38:33","thread":"main","level":"DEBUG","logger":"org.springframework.beans.factory.support.DefaultListableBeanFactory","message":"Creating shared instance of singleton bean 'org.springframework.boot.autoconfigure.orm.jpa.HibernateJpaConfiguration'","serviceName":"tecnos-service"}
{"timestamp":"2024-11-25 00:38:33","thread":"main","level":"DEBUG","logger":"org.springframework.beans.factory.support.DefaultListableBeanFactory","message":"Creating shared instance of singleton bean 'spring.jpa-org.springframework.boot.autoconfigure.orm.jpa.JpaProperties'","serviceName":"tecnos-service"}
{"timestamp":"2024-11-25 00:38:33","thread":"main","level":"DEBUG","logger":"org.springframework.beans.factory.support.DefaultListableBeanFactory","message":"Creating shared instance of singleton bean 'spring.jpa.hibernate-org.springframework.boot.autoconfigure.orm.jpa.HibernateProperties'","serviceName":"tecnos-service"}
{"timestamp":"2024-11-25 00:38:33","thread":"main","level":"DEBUG","logger":"org.springframework.beans.factory.support.DefaultListableBeanFactory","message":"Autowiring by type from bean name 'org.springframework.boot.autoconfigure.orm.jpa.HibernateJpaConfiguration' via constructor to bean named 'dataSource'","serviceName":"tecnos-service"}
{"timestamp":"2024-11-25 00:38:33","thread":"main","level":"DEBUG","logger":"org.springframework.beans.factory.support.DefaultListableBeanFactory","message":"Autowiring by type from bean name 'org.springframework.boot.autoconfigure.orm.jpa.HibernateJpaConfiguration' via constructor to bean named 'spring.jpa-org.springframework.boot.autoconfigure.orm.jpa.JpaProperties'","serviceName":"tecnos-service"}
{"timestamp":"2024-11-25 00:38:33","thread":"main","level":"DEBUG","logger":"org.springframework.beans.factory.support.DefaultListableBeanFactory","message":"Autowiring by type from bean name 'org.springframework.boot.autoconfigure.orm.jpa.HibernateJpaConfiguration' via constructor to bean named 'org.springframework.beans.factory.support.DefaultListableBeanFactory@3ed7821'","serviceName":"tecnos-service"}
{"timestamp":"2024-11-25 00:38:33","thread":"main","level":"DEBUG","logger":"org.springframework.beans.factory.support.DefaultListableBeanFactory","message":"Autowiring by type from bean name 'org.springframework.boot.autoconfigure.orm.jpa.HibernateJpaConfiguration' via constructor to bean named 'spring.jpa.hibernate-org.springframework.boot.autoconfigure.orm.jpa.HibernateProperties'","serviceName":"tecnos-service"}
{"timestamp":"2024-11-25 00:38:33","thread":"main","level":"DEBUG","logger":"org.springframework.beans.factory.support.DefaultListableBeanFactory","message":"Creating shared instance of singleton bean 'hikariPoolDataSourceMetadataProvider'","serviceName":"tecnos-service"}
{"timestamp":"2024-11-25 00:38:33","thread":"main","level":"DEBUG","logger":"org.springframework.beans.factory.support.DefaultListableBeanFactory","message":"Creating shared instance of singleton bean 'org.springframework.boot.autoconfigure.jdbc.metadata.DataSourcePoolMetadataProvidersConfiguration$HikariPoolDataSourceMetadataProviderConfiguration'","serviceName":"tecnos-service"}
{"timestamp":"2024-11-25 00:38:33","thread":"main","level":"DEBUG","logger":"org.springframework.beans.factory.support.DefaultListableBeanFactory","message":"Creating shared instance of singleton bean 'entityManagerFactoryBuilder'","serviceName":"tecnos-service"}
{"timestamp":"2024-11-25 00:38:33","thread":"main","level":"DEBUG","logger":"org.springframework.beans.factory.support.DefaultListableBeanFactory","message":"Creating shared instance of singleton bean 'jpaVendorAdapter'","serviceName":"tecnos-service"}
{"timestamp":"2024-11-25 00:38:33","thread":"main","level":"DEBUG","logger":"org.springframework.beans.factory.support.DefaultListableBeanFactory","message":"Autowiring by type from bean name 'entityManagerFactoryBuilder' via factory method to bean named 'jpaVendorAdapter'","serviceName":"tecnos-service"}
{"timestamp":"2024-11-25 00:38:33","thread":"main","level":"DEBUG","logger":"org.springframework.beans.factory.support.DefaultListableBeanFactory","message":"Creating shared instance of singleton bean 'persistenceManagedTypes'","serviceName":"tecnos-service"}
{"timestamp":"2024-11-25 00:38:33","thread":"main","level":"DEBUG","logger":"org.springframework.beans.factory.support.DefaultListableBeanFactory","message":"Autowiring by type from bean name 'persistenceManagedTypes' via factory method to bean named 'org.springframework.beans.factory.support.DefaultListableBeanFactory@3ed7821'","serviceName":"tecnos-service"}
{"timestamp":"2024-11-25 00:38:33","thread":"main","level":"DEBUG","logger":"org.springframework.beans.factory.support.DefaultListableBeanFactory","message":"Autowiring by type from bean name 'persistenceManagedTypes' via factory method to bean named 'org.springframework.web.context.support.GenericWebApplicationContext@75fa1be3'","serviceName":"tecnos-service"}
{"timestamp":"2024-11-25 00:38:33","thread":"main","level":"DEBUG","logger":"org.springframework.beans.factory.support.DefaultListableBeanFactory","message":"Autowiring by type from bean name 'entityManagerFactory' via factory method to bean named 'entityManagerFactoryBuilder'","serviceName":"tecnos-service"}
{"timestamp":"2024-11-25 00:38:33","thread":"main","level":"DEBUG","logger":"org.springframework.beans.factory.support.DefaultListableBeanFactory","message":"Autowiring by type from bean name 'entityManagerFactory' via factory method to bean named 'persistenceManagedTypes'","serviceName":"tecnos-service"}
{"timestamp":"2024-11-25 00:38:33","thread":"main","level":"DEBUG","logger":"org.springframework.orm.jpa.LocalContainerEntityManagerFactoryBean","message":"Building JPA container EntityManagerFactory for persistence unit 'default'","serviceName":"tecnos-service"}
{"timestamp":"2024-11-25 00:38:33","thread":"main","level":"DEBUG","logger":"org.hibernate.jpa.internal.util.LogHelper","message":"PersistenceUnitInfo [\n\tname: default\n\tpersistence provider classname: null\n\tclassloader: jdk.internal.loader.ClassLoaders$AppClassLoader@73d16e93\n\texcludeUnlistedClasses: true\n\tJTA datasource: null\n\tNon JTA datasource: HikariDataSource (null)\n\tTransaction type: RESOURCE_LOCAL\n\tPU root URL: file:/C:/Users/denis/OneDrive/Desktop/tecnos-project/tecnos-server/target/test-classes/\n\tShared Cache Mode: UNSPECIFIED\n\tValidation Mode: AUTO\n\tJar files URLs []\n\tManaged classes names [\n\t\tcom.example.tecnosserver.category.model.Category\n\t\tcom.example.tecnosserver.image.model.Image\n\t\tcom.example.tecnosserver.itemcategory.model.ItemCategory\n\t\tcom.example.tecnosserver.products.model.Product\n\t\tcom.example.tecnosserver.subcategory.model.SubCategory\n\t\tcom.example.tecnosserver.user.model.User]\n\tMapping files names []\n\tProperties []","serviceName":"tecnos-service"}
{"timestamp":"2024-11-25 00:38:33","thread":"main","level":"DEBUG","logger":"org.hibernate.integrator.internal.IntegratorServiceImpl","message":"Adding Integrator [org.hibernate.boot.beanvalidation.BeanValidationIntegrator].","serviceName":"tecnos-service"}
{"timestamp":"2024-11-25 00:38:33","thread":"main","level":"DEBUG","logger":"org.hibernate.integrator.internal.IntegratorServiceImpl","message":"Adding Integrator [org.hibernate.cache.internal.CollectionCacheInvalidator].","serviceName":"tecnos-service"}
{"timestamp":"2024-11-25 00:38:34","thread":"main","level":"INFO","logger":"org.hibernate.Version","message":"HHH000412: Hibernate ORM core version 6.2.7.Final","serviceName":"tecnos-service"}
{"timestamp":"2024-11-25 00:38:34","thread":"main","level":"DEBUG","logger":"org.hibernate.cfg.Environment","message":"HHH000206: hibernate.properties not found","serviceName":"tecnos-service"}
{"timestamp":"2024-11-25 00:38:34","thread":"main","level":"INFO","logger":"org.hibernate.cfg.Environment","message":"HHH000406: Using bytecode reflection optimizer","serviceName":"tecnos-service"}
{"timestamp":"2024-11-25 00:38:34","thread":"main","level":"DEBUG","logger":"org.hibernate.orm.idgen.factory","message":"Registering IdentifierGenerator strategy [uuid2] -> [org.hibernate.id.UUIDGenerator]","serviceName":"tecnos-service"}
{"timestamp":"2024-11-25 00:38:34","thread":"main","level":"DEBUG","logger":"org.hibernate.orm.idgen.factory","message":"Registering IdentifierGenerator strategy [guid] -> [org.hibernate.id.GUIDGenerator]","serviceName":"tecnos-service"}
{"timestamp":"2024-11-25 00:38:34","thread":"main","level":"DEBUG","logger":"org.hibernate.orm.idgen.factory","message":"Registering IdentifierGenerator strategy [uuid] -> [org.hibernate.id.UUIDHexGenerator]","serviceName":"tecnos-service"}
{"timestamp":"2024-11-25 00:38:34","thread":"main","level":"DEBUG","logger":"org.hibernate.orm.idgen.factory","message":"Registering IdentifierGenerator strategy [uuid.hex] -> [org.hibernate.id.UUIDHexGenerator]","serviceName":"tecnos-service"}
{"timestamp":"2024-11-25 00:38:34","thread":"main","level":"DEBUG","logger":"org.hibernate.orm.idgen.factory","message":"Registering IdentifierGenerator strategy [assigned] -> [org.hibernate.id.Assigned]","serviceName":"tecnos-service"}
{"timestamp":"2024-11-25 00:38:34","thread":"main","level":"DEBUG","logger":"org.hibernate.orm.idgen.factory","message":"Registering IdentifierGenerator strategy [identity] -> [org.hibernate.id.IdentityGenerator]","serviceName":"tecnos-service"}
{"timestamp":"2024-11-25 00:38:34","thread":"main","level":"DEBUG","logger":"org.hibernate.orm.idgen.factory","message":"Registering IdentifierGenerator strategy [select] -> [org.hibernate.id.SelectGenerator]","serviceName":"tecnos-service"}
{"timestamp":"2024-11-25 00:38:34","thread":"main","level":"DEBUG","logger":"org.hibernate.orm.idgen.factory","message":"Registering IdentifierGenerator strategy [sequence] -> [org.hibernate.id.enhanced.SequenceStyleGenerator]","serviceName":"tecnos-service"}
{"timestamp":"2024-11-25 00:38:34","thread":"main","level":"DEBUG","logger":"org.hibernate.orm.idgen.factory","message":"Registering IdentifierGenerator strategy [increment] -> [org.hibernate.id.IncrementGenerator]","serviceName":"tecnos-service"}
{"timestamp":"2024-11-25 00:38:34","thread":"main","level":"DEBUG","logger":"org.hibernate.orm.idgen.factory","message":"Registering IdentifierGenerator strategy [foreign] -> [org.hibernate.id.ForeignGenerator]","serviceName":"tecnos-service"}
{"timestamp":"2024-11-25 00:38:34","thread":"main","level":"DEBUG","logger":"org.hibernate.orm.idgen.factory","message":"Registering IdentifierGenerator strategy [enhanced-sequence] -> [org.hibernate.id.enhanced.SequenceStyleGenerator]","serviceName":"tecnos-service"}
{"timestamp":"2024-11-25 00:38:34","thread":"main","level":"DEBUG","logger":"org.hibernate.orm.idgen.factory","message":"Registering IdentifierGenerator strategy [enhanced-table] -> [org.hibernate.id.enhanced.TableGenerator]","serviceName":"tecnos-service"}
{"timestamp":"2024-11-25 00:38:34","thread":"main","level":"DEBUG","logger":"org.hibernate.cache.internal.RegionFactoryInitiator","message":"Cannot default RegionFactory based on registered strategies as `[]` RegionFactory strategies were registered","serviceName":"tecnos-service"}
{"timestamp":"2024-11-25 00:38:34","thread":"main","level":"DEBUG","logger":"org.hibernate.cache.internal.RegionFactoryInitiator","message":"Cache region factory : org.hibernate.cache.internal.NoCachingRegionFactory","serviceName":"tecnos-service"}
{"timestamp":"2024-11-25 00:38:34","thread":"main","level":"DEBUG","logger":"org.hibernate.type.BasicTypeRegistry","message":"Adding type registration boolean -> org.hibernate.type.BasicTypeReference@2ca1e49a","serviceName":"tecnos-service"}
{"timestamp":"2024-11-25 00:38:34","thread":"main","level":"DEBUG","logger":"org.hibernate.type.BasicTypeRegistry","message":"Adding type registration boolean -> org.hibernate.type.BasicTypeReference@2ca1e49a","serviceName":"tecnos-service"}
{"timestamp":"2024-11-25 00:38:34","thread":"main","level":"DEBUG","logger":"org.hibernate.type.BasicTypeRegistry","message":"Adding type registration java.lang.Boolean -> org.hibernate.type.BasicTypeReference@2ca1e49a","serviceName":"tecnos-service"}
{"timestamp":"2024-11-25 00:38:34","thread":"main","level":"DEBUG","logger":"org.hibernate.type.BasicTypeRegistry","message":"Adding type registration numeric_boolean -> org.hibernate.type.BasicTypeReference@1aee6d14","serviceName":"tecnos-service"}
{"timestamp":"2024-11-25 00:38:34","thread":"main","level":"DEBUG","logger":"org.hibernate.type.BasicTypeRegistry","message":"Adding type registration org.hibernate.type.NumericBooleanConverter -> org.hibernate.type.BasicTypeReference@1aee6d14","serviceName":"tecnos-service"}
{"timestamp":"2024-11-25 00:38:34","thread":"main","level":"DEBUG","logger":"org.hibernate.type.BasicTypeRegistry","message":"Adding type registration true_false -> org.hibernate.type.BasicTypeReference@54a6ef6","serviceName":"tecnos-service"}
{"timestamp":"2024-11-25 00:38:34","thread":"main","level":"DEBUG","logger":"org.hibernate.type.BasicTypeRegistry","message":"Adding type registration org.hibernate.type.TrueFalseConverter -> org.hibernate.type.BasicTypeReference@54a6ef6","serviceName":"tecnos-service"}
{"timestamp":"2024-11-25 00:38:34","thread":"main","level":"DEBUG","logger":"org.hibernate.type.BasicTypeRegistry","message":"Adding type registration yes_no -> org.hibernate.type.BasicTypeReference@5c740c5a","serviceName":"tecnos-service"}
{"timestamp":"2024-11-25 00:38:34","thread":"main","level":"DEBUG","logger":"org.hibernate.type.BasicTypeRegistry","message":"Adding type registration org.hibernate.type.YesNoConverter -> org.hibernate.type.BasicTypeReference@5c740c5a","serviceName":"tecnos-service"}
{"timestamp":"2024-11-25 00:38:34","thread":"main","level":"DEBUG","logger":"org.hibernate.type.BasicTypeRegistry","message":"Adding type registration byte -> org.hibernate.type.BasicTypeReference@7fd2a67a","serviceName":"tecnos-service"}
{"timestamp":"2024-11-25 00:38:34","thread":"main","level":"DEBUG","logger":"org.hibernate.type.BasicTypeRegistry","message":"Adding type registration byte -> org.hibernate.type.BasicTypeReference@7fd2a67a","serviceName":"tecnos-service"}
{"timestamp":"2024-11-25 00:38:34","thread":"main","level":"DEBUG","logger":"org.hibernate.type.BasicTypeRegistry","message":"Adding type registration java.lang.Byte -> org.hibernate.type.BasicTypeReference@7fd2a67a","serviceName":"tecnos-service"}
{"timestamp":"2024-11-25 00:38:34","thread":"main","level":"DEBUG","logger":"org.hibernate.type.BasicTypeRegistry","message":"Adding type registration binary -> org.hibernate.type.BasicTypeReference@163df259","serviceName":"tecnos-service"}
{"timestamp":"2024-11-25 00:38:34","thread":"main","level":"DEBUG","logger":"org.hibernate.type.BasicTypeRegistry","message":"Adding type registration byte[] -> org.hibernate.type.BasicTypeReference@163df259","serviceName":"tecnos-service"}
{"timestamp":"2024-11-25 00:38:34","thread":"main","level":"DEBUG","logger":"org.hibernate.type.BasicTypeRegistry","message":"Adding type registration [B -> org.hibernate.type.BasicTypeReference@163df259","serviceName":"tecnos-service"}
{"timestamp":"2024-11-25 00:38:34","thread":"main","level":"DEBUG","logger":"org.hibernate.type.BasicTypeRegistry","message":"Adding type registration binary_wrapper -> org.hibernate.type.BasicTypeReference@405603b6","serviceName":"tecnos-service"}
{"timestamp":"2024-11-25 00:38:34","thread":"main","level":"DEBUG","logger":"org.hibernate.type.BasicTypeRegistry","message":"Adding type registration wrapper-binary -> org.hibernate.type.BasicTypeReference@405603b6","serviceName":"tecnos-service"}
{"timestamp":"2024-11-25 00:38:34","thread":"main","level":"DEBUG","logger":"org.hibernate.type.BasicTypeRegistry","message":"Adding type registration image -> org.hibernate.type.BasicTypeReference@3c3cd13a","serviceName":"tecnos-service"}
{"timestamp":"2024-11-25 00:38:34","thread":"main","level":"DEBUG","logger":"org.hibernate.type.BasicTypeRegistry","message":"Adding type registration blob -> org.hibernate.type.BasicTypeReference@56b751b1","serviceName":"tecnos-service"}
{"timestamp":"2024-11-25 00:38:34","thread":"main","level":"DEBUG","logger":"org.hibernate.type.BasicTypeRegistry","message":"Adding type registration java.sql.Blob -> org.hibernate.type.BasicTypeReference@56b751b1","serviceName":"tecnos-service"}
{"timestamp":"2024-11-25 00:38:34","thread":"main","level":"DEBUG","logger":"org.hibernate.type.BasicTypeRegistry","message":"Adding type registration materialized_blob -> org.hibernate.type.BasicTypeReference@2f61de04","serviceName":"tecnos-service"}
{"timestamp":"2024-11-25 00:38:34","thread":"main","level":"DEBUG","logger":"org.hibernate.type.BasicTypeRegistry","message":"Adding type registration materialized_blob_wrapper -> org.hibernate.type.BasicTypeReference@5f5a33ed","serviceName":"tecnos-service"}
{"timestamp":"2024-11-25 00:38:34","thread":"main","level":"DEBUG","logger":"org.hibernate.type.BasicTypeRegistry","message":"Adding type registration short -> org.hibernate.type.BasicTypeReference@5b59c3d","serviceName":"tecnos-service"}
{"timestamp":"2024-11-25 00:38:34","thread":"main","level":"DEBUG","logger":"org.hibernate.type.BasicTypeRegistry","message":"Adding type registration short -> org.hibernate.type.BasicTypeReference@5b59c3d","serviceName":"tecnos-service"}
{"timestamp":"2024-11-25 00:38:34","thread":"main","level":"DEBUG","logger":"org.hibernate.type.BasicTypeRegistry","message":"Adding type registration java.lang.Short -> org.hibernate.type.BasicTypeReference@5b59c3d","serviceName":"tecnos-service"}
{"timestamp":"2024-11-25 00:38:34","thread":"main","level":"DEBUG","logger":"org.hibernate.type.BasicTypeRegistry","message":"Adding type registration integer -> org.hibernate.type.BasicTypeReference@69e36fe3","serviceName":"tecnos-service"}
{"timestamp":"2024-11-25 00:38:34","thread":"main","level":"DEBUG","logger":"org.hibernate.type.BasicTypeRegistry","message":"Adding type registration int -> org.hibernate.type.BasicTypeReference@69e36fe3","serviceName":"tecnos-service"}
{"timestamp":"2024-11-25 00:38:34","thread":"main","level":"DEBUG","logger":"org.hibernate.type.BasicTypeRegistry","message":"Adding type registration java.lang.Integer -> org.hibernate.type.BasicTypeReference@69e36fe3","serviceName":"tecnos-service"}
{"timestamp":"2024-11-25 00:38:34","thread":"main","level":"DEBUG","logger":"org.hibernate.type.BasicTypeRegistry","message":"Adding type registration long -> org.hibernate.type.BasicTypeReference@48d31d25","serviceName":"tecnos-service"}
{"timestamp":"2024-11-25 00:38:34","thread":"main","level":"DEBUG","logger":"org.hibernate.type.BasicTypeRegistry","message":"Adding type registration long -> org.hibernate.type.BasicTypeReference@48d31d25","serviceName":"tecnos-service"}
{"timestamp":"2024-11-25 00:38:34","thread":"main","level":"DEBUG","logger":"org.hibernate.type.BasicTypeRegistry","message":"Adding type registration java.lang.Long -> org.hibernate.type.BasicTypeReference@48d31d25","serviceName":"tecnos-service"}
{"timestamp":"2024-11-25 00:38:34","thread":"main","level":"DEBUG","logger":"org.hibernate.type.BasicTypeRegistry","message":"Adding type registration float -> org.hibernate.type.BasicTypeReference@46188a89","serviceName":"tecnos-service"}
{"timestamp":"2024-11-25 00:38:34","thread":"main","level":"DEBUG","logger":"org.hibernate.type.BasicTypeRegistry","message":"Adding type registration float -> org.hibernate.type.BasicTypeReference@46188a89","serviceName":"tecnos-service"}
{"timestamp":"2024-11-25 00:38:34","thread":"main","level":"DEBUG","logger":"org.hibernate.type.BasicTypeRegistry","message":"Adding type registration java.lang.Float -> org.hibernate.type.BasicTypeReference@46188a89","serviceName":"tecnos-service"}
{"timestamp":"2024-11-25 00:38:34","thread":"main","level":"DEBUG","logger":"org.hibernate.type.BasicTypeRegistry","message":"Adding type registration double -> org.hibernate.type.BasicTypeReference@6f65a203","serviceName":"tecnos-service"}
{"timestamp":"2024-11-25 00:38:34","thread":"main","level":"DEBUG","logger":"org.hibernate.type.BasicTypeRegistry","message":"Adding type registration double -> org.hibernate.type.BasicTypeReference@6f65a203","serviceName":"tecnos-service"}
{"timestamp":"2024-11-25 00:38:34","thread":"main","level":"DEBUG","logger":"org.hibernate.type.BasicTypeRegistry","message":"Adding type registration java.lang.Double -> org.hibernate.type.BasicTypeReference@6f65a203","serviceName":"tecnos-service"}
{"timestamp":"2024-11-25 00:38:34","thread":"main","level":"DEBUG","logger":"org.hibernate.type.BasicTypeRegistry","message":"Adding type registration big_integer -> org.hibernate.type.BasicTypeReference@1d0b447b","serviceName":"tecnos-service"}
{"timestamp":"2024-11-25 00:38:34","thread":"main","level":"DEBUG","logger":"org.hibernate.type.BasicTypeRegistry","message":"Adding type registration java.math.BigInteger -> org.hibernate.type.BasicTypeReference@1d0b447b","serviceName":"tecnos-service"}
{"timestamp":"2024-11-25 00:38:34","thread":"main","level":"DEBUG","logger":"org.hibernate.type.BasicTypeRegistry","message":"Adding type registration big_decimal -> org.hibernate.type.BasicTypeReference@4de158ca","serviceName":"tecnos-service"}
{"timestamp":"2024-11-25 00:38:34","thread":"main","level":"DEBUG","logger":"org.hibernate.type.BasicTypeRegistry","message":"Adding type registration java.math.BigDecimal -> org.hibernate.type.BasicTypeReference@4de158ca","serviceName":"tecnos-service"}
{"timestamp":"2024-11-25 00:38:34","thread":"main","level":"DEBUG","logger":"org.hibernate.type.BasicTypeRegistry","message":"Adding type registration character -> org.hibernate.type.BasicTypeReference@4f2fdf3d","serviceName":"tecnos-service"}
{"timestamp":"2024-11-25 00:38:34","thread":"main","level":"DEBUG","logger":"org.hibernate.type.BasicTypeRegistry","message":"Adding type registration char -> org.hibernate.type.BasicTypeReference@4f2fdf3d","serviceName":"tecnos-service"}
{"timestamp":"2024-11-25 00:38:34","thread":"main","level":"DEBUG","logger":"org.hibernate.type.BasicTypeRegistry","message":"Adding type registration java.lang.Character -> org.hibernate.type.BasicTypeReference@4f2fdf3d","serviceName":"tecnos-service"}
{"timestamp":"2024-11-25 00:38:34","thread":"main","level":"DEBUG","logger":"org.hibernate.type.BasicTypeRegistry","message":"Adding type registration character_nchar -> org.hibernate.type.BasicTypeReference@d180961","serviceName":"tecnos-service"}
{"timestamp":"2024-11-25 00:38:34","thread":"main","level":"DEBUG","logger":"org.hibernate.type.BasicTypeRegistry","message":"Adding type registration string -> org.hibernate.type.BasicTypeReference@4af7ac25","serviceName":"tecnos-service"}
{"timestamp":"2024-11-25 00:38:34","thread":"main","level":"DEBUG","logger":"org.hibernate.type.BasicTypeRegistry","message":"Adding type registration java.lang.String -> org.hibernate.type.BasicTypeReference@4af7ac25","serviceName":"tecnos-service"}
{"timestamp":"2024-11-25 00:38:34","thread":"main","level":"DEBUG","logger":"org.hibernate.type.BasicTypeRegistry","message":"Adding type registration nstring -> org.hibernate.type.BasicTypeReference@d978ab9","serviceName":"tecnos-service"}
{"timestamp":"2024-11-25 00:38:34","thread":"main","level":"DEBUG","logger":"org.hibernate.type.BasicTypeRegistry","message":"Adding type registration characters -> org.hibernate.type.BasicTypeReference@3cf06a01","serviceName":"tecnos-service"}
{"timestamp":"2024-11-25 00:38:34","thread":"main","level":"DEBUG","logger":"org.hibernate.type.BasicTypeRegistry","message":"Adding type registration char[] -> org.hibernate.type.BasicTypeReference@3cf06a01","serviceName":"tecnos-service"}
{"timestamp":"2024-11-25 00:38:34","thread":"main","level":"DEBUG","logger":"org.hibernate.type.BasicTypeRegistry","message":"Adding type registration [C -> org.hibernate.type.BasicTypeReference@3cf06a01","serviceName":"tecnos-service"}
{"timestamp":"2024-11-25 00:38:34","thread":"main","level":"DEBUG","logger":"org.hibernate.type.BasicTypeRegistry","message":"Adding type registration wrapper-characters -> org.hibernate.type.BasicTypeReference@71ee2fff","serviceName":"tecnos-service"}
{"timestamp":"2024-11-25 00:38:34","thread":"main","level":"DEBUG","logger":"org.hibernate.type.BasicTypeRegistry","message":"Adding type registration text -> org.hibernate.type.BasicTypeReference@68f2363","serviceName":"tecnos-service"}
{"timestamp":"2024-11-25 00:38:34","thread":"main","level":"DEBUG","logger":"org.hibernate.type.BasicTypeRegistry","message":"Adding type registration ntext -> org.hibernate.type.BasicTypeReference@37fca349","serviceName":"tecnos-service"}
{"timestamp":"2024-11-25 00:38:34","thread":"main","level":"DEBUG","logger":"org.hibernate.type.BasicTypeRegistry","message":"Adding type registration clob -> org.hibernate.type.BasicTypeReference@86377d5","serviceName":"tecnos-service"}
{"timestamp":"2024-11-25 00:38:34","thread":"main","level":"DEBUG","logger":"org.hibernate.type.BasicTypeRegistry","message":"Adding type registration java.sql.Clob -> org.hibernate.type.BasicTypeReference@86377d5","serviceName":"tecnos-service"}
{"timestamp":"2024-11-25 00:38:34","thread":"main","level":"DEBUG","logger":"org.hibernate.type.BasicTypeRegistry","message":"Adding type registration nclob -> org.hibernate.type.BasicTypeReference@87220f1","serviceName":"tecnos-service"}
{"timestamp":"2024-11-25 00:38:34","thread":"main","level":"DEBUG","logger":"org.hibernate.type.BasicTypeRegistry","message":"Adding type registration java.sql.NClob -> org.hibernate.type.BasicTypeReference@87220f1","serviceName":"tecnos-service"}
{"timestamp":"2024-11-25 00:38:34","thread":"main","level":"DEBUG","logger":"org.hibernate.type.BasicTypeRegistry","message":"Adding type registration materialized_clob -> org.hibernate.type.BasicTypeReference@77998ea7","serviceName":"tecnos-service"}
{"timestamp":"2024-11-25 00:38:34","thread":"main","level":"DEBUG","logger":"org.hibernate.type.BasicTypeRegistry","message":"Adding type registration materialized_clob_char_array -> org.hibernate.type.BasicTypeReference@252d8df6","serviceName":"tecnos-service"}
{"timestamp":"2024-11-25 00:38:34","thread":"main","level":"DEBUG","logger":"org.hibernate.type.BasicTypeRegistry","message":"Adding type registration materialized_clob_character_array -> org.hibernate.type.BasicTypeReference@36638b59","serviceName":"tecnos-service"}
{"timestamp":"2024-11-25 00:38:34","thread":"main","level":"DEBUG","logger":"org.hibernate.type.BasicTypeRegistry","message":"Adding type registration materialized_nclob -> org.hibernate.type.BasicTypeReference@2f8f40cc","serviceName":"tecnos-service"}
{"timestamp":"2024-11-25 00:38:34","thread":"main","level":"DEBUG","logger":"org.hibernate.type.BasicTypeRegistry","message":"Adding type registration materialized_nclob_character_array -> org.hibernate.type.BasicTypeReference@14d81f2c","serviceName":"tecnos-service"}
{"timestamp":"2024-11-25 00:38:34","thread":"main","level":"DEBUG","logger":"org.hibernate.type.BasicTypeRegistry","message":"Adding type registration materialized_nclob_char_array -> org.hibernate.type.BasicTypeReference@5dd3727c","serviceName":"tecnos-service"}
{"timestamp":"2024-11-25 00:38:34","thread":"main","level":"DEBUG","logger":"org.hibernate.type.BasicTypeRegistry","message":"Adding type registration Duration -> org.hibernate.type.BasicTypeReference@774013dc","serviceName":"tecnos-service"}
{"timestamp":"2024-11-25 00:38:34","thread":"main","level":"DEBUG","logger":"org.hibernate.type.BasicTypeRegistry","message":"Adding type registration java.time.Duration -> org.hibernate.type.BasicTypeReference@774013dc","serviceName":"tecnos-service"}
{"timestamp":"2024-11-25 00:38:34","thread":"main","level":"DEBUG","logger":"org.hibernate.type.BasicTypeRegistry","message":"Adding type registration LocalDateTime -> org.hibernate.type.BasicTypeReference@229cb4d8","serviceName":"tecnos-service"}
{"timestamp":"2024-11-25 00:38:34","thread":"main","level":"DEBUG","logger":"org.hibernate.type.BasicTypeRegistry","message":"Adding type registration java.time.LocalDateTime -> org.hibernate.type.BasicTypeReference@229cb4d8","serviceName":"tecnos-service"}
{"timestamp":"2024-11-25 00:38:34","thread":"main","level":"DEBUG","logger":"org.hibernate.type.BasicTypeRegistry","message":"Adding type registration LocalDate -> org.hibernate.type.BasicTypeReference@76e9eed8","serviceName":"tecnos-service"}
{"timestamp":"2024-11-25 00:38:34","thread":"main","level":"DEBUG","logger":"org.hibernate.type.BasicTypeRegistry","message":"Adding type registration java.time.LocalDate -> org.hibernate.type.BasicTypeReference@76e9eed8","serviceName":"tecnos-service"}
{"timestamp":"2024-11-25 00:38:34","thread":"main","level":"DEBUG","logger":"org.hibernate.type.BasicTypeRegistry","message":"Adding type registration LocalTime -> org.hibernate.type.BasicTypeReference@30ef32eb","serviceName":"tecnos-service"}
{"timestamp":"2024-11-25 00:38:34","thread":"main","level":"DEBUG","logger":"org.hibernate.type.BasicTypeRegistry","message":"Adding type registration java.time.LocalTime -> org.hibernate.type.BasicTypeReference@30ef32eb","serviceName":"tecnos-service"}
{"timestamp":"2024-11-25 00:38:34","thread":"main","level":"DEBUG","logger":"org.hibernate.type.BasicTypeRegistry","message":"Adding type registration OffsetDateTime -> org.hibernate.type.BasicTypeReference@474619d9","serviceName":"tecnos-service"}
{"timestamp":"2024-11-25 00:38:34","thread":"main","level":"DEBUG","logger":"org.hibernate.type.BasicTypeRegistry","message":"Adding type registration java.time.OffsetDateTime -> org.hibernate.type.BasicTypeReference@474619d9","serviceName":"tecnos-service"}
{"timestamp":"2024-11-25 00:38:34","thread":"main","level":"DEBUG","logger":"org.hibernate.type.BasicTypeRegistry","message":"Adding type registration OffsetDateTimeWithTimezone -> org.hibernate.type.BasicTypeReference@bb5f9d","serviceName":"tecnos-service"}
{"timestamp":"2024-11-25 00:38:34","thread":"main","level":"DEBUG","logger":"org.hibernate.type.BasicTypeRegistry","message":"Adding type registration OffsetDateTimeWithoutTimezone -> org.hibernate.type.BasicTypeReference@391dfe7c","serviceName":"tecnos-service"}
{"timestamp":"2024-11-25 00:38:34","thread":"main","level":"DEBUG","logger":"org.hibernate.type.BasicTypeRegistry","message":"Adding type registration OffsetTime -> org.hibernate.type.BasicTypeReference@702cfbde","serviceName":"tecnos-service"}
{"timestamp":"2024-11-25 00:38:34","thread":"main","level":"DEBUG","logger":"org.hibernate.type.BasicTypeRegistry","message":"Adding type registration java.time.OffsetTime -> org.hibernate.type.BasicTypeReference@702cfbde","serviceName":"tecnos-service"}
{"timestamp":"2024-11-25 00:38:34","thread":"main","level":"DEBUG","logger":"org.hibernate.type.BasicTypeRegistry","message":"Adding type registration OffsetTimeUtc -> org.hibernate.type.BasicTypeReference@7d3bcd3","serviceName":"tecnos-service"}
{"timestamp":"2024-11-25 00:38:34","thread":"main","level":"DEBUG","logger":"org.hibernate.type.BasicTypeRegistry","message":"Adding type registration OffsetTimeWithTimezone -> org.hibernate.type.BasicTypeReference@5dce5c03","serviceName":"tecnos-service"}
{"timestamp":"2024-11-25 00:38:34","thread":"main","level":"DEBUG","logger":"org.hibernate.type.BasicTypeRegistry","message":"Adding type registration OffsetTimeWithoutTimezone -> org.hibernate.type.BasicTypeReference@b76b7d8","serviceName":"tecnos-service"}
{"timestamp":"2024-11-25 00:38:34","thread":"main","level":"DEBUG","logger":"org.hibernate.type.BasicTypeRegistry","message":"Adding type registration ZonedDateTime -> org.hibernate.type.BasicTypeReference@1c135f63","serviceName":"tecnos-service"}
{"timestamp":"2024-11-25 00:38:34","thread":"main","level":"DEBUG","logger":"org.hibernate.type.BasicTypeRegistry","message":"Adding type registration java.time.ZonedDateTime -> org.hibernate.type.BasicTypeReference@1c135f63","serviceName":"tecnos-service"}
{"timestamp":"2024-11-25 00:38:34","thread":"main","level":"DEBUG","logger":"org.hibernate.type.BasicTypeRegistry","message":"Adding type registration ZonedDateTimeWithTimezone -> org.hibernate.type.BasicTypeReference@63c4d16","serviceName":"tecnos-service"}
{"timestamp":"2024-11-25 00:38:34","thread":"main","level":"DEBUG","logger":"org.hibernate.type.BasicTypeRegistry","message":"Adding type registration ZonedDateTimeWithoutTimezone -> org.hibernate.type.BasicTypeReference@29bd2796","serviceName":"tecnos-service"}
{"timestamp":"2024-11-25 00:38:34","thread":"main","level":"DEBUG","logger":"org.hibernate.type.BasicTypeRegistry","message":"Adding type registration date -> org.hibernate.type.BasicTypeReference@174b8d0e","serviceName":"tecnos-service"}
{"timestamp":"2024-11-25 00:38:34","thread":"main","level":"DEBUG","logger":"org.hibernate.type.BasicTypeRegistry","message":"Adding type registration java.sql.Date -> org.hibernate.type.BasicTypeReference@174b8d0e","serviceName":"tecnos-service"}
{"timestamp":"2024-11-25 00:38:34","thread":"main","level":"DEBUG","logger":"org.hibernate.type.BasicTypeRegistry","message":"Adding type registration time -> org.hibernate.type.BasicTypeReference@112530c3","serviceName":"tecnos-service"}
{"timestamp":"2024-11-25 00:38:34","thread":"main","level":"DEBUG","logger":"org.hibernate.type.BasicTypeRegistry","message":"Adding type registration java.sql.Time -> org.hibernate.type.BasicTypeReference@112530c3","serviceName":"tecnos-service"}
{"timestamp":"2024-11-25 00:38:34","thread":"main","level":"DEBUG","logger":"org.hibernate.type.BasicTypeRegistry","message":"Adding type registration timestamp -> org.hibernate.type.BasicTypeReference@75959b0c","serviceName":"tecnos-service"}
{"timestamp":"2024-11-25 00:38:34","thread":"main","level":"DEBUG","logger":"org.hibernate.type.BasicTypeRegistry","message":"Adding type registration java.sql.Timestamp -> org.hibernate.type.BasicTypeReference@75959b0c","serviceName":"tecnos-service"}
{"timestamp":"2024-11-25 00:38:34","thread":"main","level":"DEBUG","logger":"org.hibernate.type.BasicTypeRegistry","message":"Adding type registration java.util.Date -> org.hibernate.type.BasicTypeReference@75959b0c","serviceName":"tecnos-service"}
{"timestamp":"2024-11-25 00:38:34","thread":"main","level":"DEBUG","logger":"org.hibernate.type.BasicTypeRegistry","message":"Adding type registration calendar -> org.hibernate.type.BasicTypeReference@355493bf","serviceName":"tecnos-service"}
{"timestamp":"2024-11-25 00:38:34","thread":"main","level":"DEBUG","logger":"org.hibernate.type.BasicTypeRegistry","message":"Adding type registration java.util.Calendar -> org.hibernate.type.BasicTypeReference@355493bf","serviceName":"tecnos-service"}
{"timestamp":"2024-11-25 00:38:34","thread":"main","level":"DEBUG","logger":"org.hibernate.type.BasicTypeRegistry","message":"Adding type registration java.util.GregorianCalendar -> org.hibernate.type.BasicTypeReference@355493bf","serviceName":"tecnos-service"}
{"timestamp":"2024-11-25 00:38:34","thread":"main","level":"DEBUG","logger":"org.hibernate.type.BasicTypeRegistry","message":"Adding type registration calendar_date -> org.hibernate.type.BasicTypeReference@7ebc5be6","serviceName":"tecnos-service"}
{"timestamp":"2024-11-25 00:38:34","thread":"main","level":"DEBUG","logger":"org.hibernate.type.BasicTypeRegistry","message":"Adding type registration calendar_time -> org.hibernate.type.BasicTypeReference@4627dfda","serviceName":"tecnos-service"}
{"timestamp":"2024-11-25 00:38:34","thread":"main","level":"DEBUG","logger":"org.hibernate.type.BasicTypeRegistry","message":"Adding type registration instant -> org.hibernate.type.BasicTypeReference@1f3361e9","serviceName":"tecnos-service"}
{"timestamp":"2024-11-25 00:38:34","thread":"main","level":"DEBUG","logger":"org.hibernate.type.BasicTypeRegistry","message":"Adding type registration java.time.Instant -> org.hibernate.type.BasicTypeReference@1f3361e9","serviceName":"tecnos-service"}
{"timestamp":"2024-11-25 00:38:34","thread":"main","level":"DEBUG","logger":"org.hibernate.type.BasicTypeRegistry","message":"Adding type registration uuid -> org.hibernate.type.BasicTypeReference@eebc0db","serviceName":"tecnos-service"}
{"timestamp":"2024-11-25 00:38:34","thread":"main","level":"DEBUG","logger":"org.hibernate.type.BasicTypeRegistry","message":"Adding type registration java.util.UUID -> org.hibernate.type.BasicTypeReference@eebc0db","serviceName":"tecnos-service"}
{"timestamp":"2024-11-25 00:38:34","thread":"main","level":"DEBUG","logger":"org.hibernate.type.BasicTypeRegistry","message":"Adding type registration pg-uuid -> org.hibernate.type.BasicTypeReference@eebc0db","serviceName":"tecnos-service"}
{"timestamp":"2024-11-25 00:38:34","thread":"main","level":"DEBUG","logger":"org.hibernate.type.BasicTypeRegistry","message":"Adding type registration uuid-binary -> org.hibernate.type.BasicTypeReference@1214c98b","serviceName":"tecnos-service"}
{"timestamp":"2024-11-25 00:38:34","thread":"main","level":"DEBUG","logger":"org.hibernate.type.BasicTypeRegistry","message":"Adding type registration uuid-char -> org.hibernate.type.BasicTypeReference@6ab50d1c","serviceName":"tecnos-service"}
{"timestamp":"2024-11-25 00:38:34","thread":"main","level":"DEBUG","logger":"org.hibernate.type.BasicTypeRegistry","message":"Adding type registration class -> org.hibernate.type.BasicTypeReference@6e0d058a","serviceName":"tecnos-service"}
{"timestamp":"2024-11-25 00:38:34","thread":"main","level":"DEBUG","logger":"org.hibernate.type.BasicTypeRegistry","message":"Adding type registration java.lang.Class -> org.hibernate.type.BasicTypeReference@6e0d058a","serviceName":"tecnos-service"}
{"timestamp":"2024-11-25 00:38:34","thread":"main","level":"DEBUG","logger":"org.hibernate.type.BasicTypeRegistry","message":"Adding type registration currency -> org.hibernate.type.BasicTypeReference@3eb0fd88","serviceName":"tecnos-service"}
{"timestamp":"2024-11-25 00:38:34","thread":"main","level":"DEBUG","logger":"org.hibernate.type.BasicTypeRegistry","message":"Adding type registration Currency -> org.hibernate.type.BasicTypeReference@3eb0fd88","serviceName":"tecnos-service"}
{"timestamp":"2024-11-25 00:38:34","thread":"main","level":"DEBUG","logger":"org.hibernate.type.BasicTypeRegistry","message":"Adding type registration java.util.Currency -> org.hibernate.type.BasicTypeReference@3eb0fd88","serviceName":"tecnos-service"}
{"timestamp":"2024-11-25 00:38:34","thread":"main","level":"DEBUG","logger":"org.hibernate.type.BasicTypeRegistry","message":"Adding type registration locale -> org.hibernate.type.BasicTypeReference@adc3344","serviceName":"tecnos-service"}
{"timestamp":"2024-11-25 00:38:34","thread":"main","level":"DEBUG","logger":"org.hibernate.type.BasicTypeRegistry","message":"Adding type registration java.util.Locale -> org.hibernate.type.BasicTypeReference@adc3344","serviceName":"tecnos-service"}
{"timestamp":"2024-11-25 00:38:34","thread":"main","level":"DEBUG","logger":"org.hibernate.type.BasicTypeRegistry","message":"Adding type registration serializable -> org.hibernate.type.BasicTypeReference@484302ee","serviceName":"tecnos-service"}
{"timestamp":"2024-11-25 00:38:34","thread":"main","level":"DEBUG","logger":"org.hibernate.type.BasicTypeRegistry","message":"Adding type registration java.io.Serializable -> org.hibernate.type.BasicTypeReference@484302ee","serviceName":"tecnos-service"}
{"timestamp":"2024-11-25 00:38:34","thread":"main","level":"DEBUG","logger":"org.hibernate.type.BasicTypeRegistry","message":"Adding type registration timezone -> org.hibernate.type.BasicTypeReference@4e647f39","serviceName":"tecnos-service"}
{"timestamp":"2024-11-25 00:38:34","thread":"main","level":"DEBUG","logger":"org.hibernate.type.BasicTypeRegistry","message":"Adding type registration java.util.TimeZone -> org.hibernate.type.BasicTypeReference@4e647f39","serviceName":"tecnos-service"}
{"timestamp":"2024-11-25 00:38:34","thread":"main","level":"DEBUG","logger":"org.hibernate.type.BasicTypeRegistry","message":"Adding type registration ZoneOffset -> org.hibernate.type.BasicTypeReference@778197c0","serviceName":"tecnos-service"}
{"timestamp":"2024-11-25 00:38:34","thread":"main","level":"DEBUG","logger":"org.hibernate.type.BasicTypeRegistry","message":"Adding type registration java.time.ZoneOffset -> org.hibernate.type.BasicTypeReference@778197c0","serviceName":"tecnos-service"}
{"timestamp":"2024-11-25 00:38:34","thread":"main","level":"DEBUG","logger":"org.hibernate.type.BasicTypeRegistry","message":"Adding type registration url -> org.hibernate.type.BasicTypeReference@1c2cdc67","serviceName":"tecnos-service"}
{"timestamp":"2024-11-25 00:38:34","thread":"main","level":"DEBUG","logger":"org.hibernate.type.BasicTypeRegistry","message":"Adding type registration java.net.URL -> org.hibernate.type.BasicTypeReference@1c2cdc67","serviceName":"tecnos-service"}
{"timestamp":"2024-11-25 00:38:34","thread":"main","level":"DEBUG","logger":"org.hibernate.type.BasicTypeRegistry","message":"Adding type registration row_version -> org.hibernate.type.BasicTypeReference@4c28f97e","serviceName":"tecnos-service"}
{"timestamp":"2024-11-25 00:38:34","thread":"main","level":"DEBUG","logger":"org.hibernate.type.BasicTypeRegistry","message":"Adding type registration object -> org.hibernate.type.JavaObjectType@5600a278","serviceName":"tecnos-service"}
{"timestamp":"2024-11-25 00:38:34","thread":"main","level":"DEBUG","logger":"org.hibernate.type.BasicTypeRegistry","message":"Adding type registration java.lang.Object -> org.hibernate.type.JavaObjectType@5600a278","serviceName":"tecnos-service"}
{"timestamp":"2024-11-25 00:38:34","thread":"main","level":"DEBUG","logger":"org.hibernate.type.BasicTypeRegistry","message":"Adding type registration null -> org.hibernate.type.NullType@6eb00cbe","serviceName":"tecnos-service"}
{"timestamp":"2024-11-25 00:38:34","thread":"main","level":"DEBUG","logger":"org.hibernate.type.BasicTypeRegistry","message":"Adding type registration imm_date -> org.hibernate.type.BasicTypeReference@74e4be21","serviceName":"tecnos-service"}
{"timestamp":"2024-11-25 00:38:34","thread":"main","level":"DEBUG","logger":"org.hibernate.type.BasicTypeRegistry","message":"Adding type registration imm_time -> org.hibernate.type.BasicTypeReference@4d174189","serviceName":"tecnos-service"}
{"timestamp":"2024-11-25 00:38:34","thread":"main","level":"DEBUG","logger":"org.hibernate.type.BasicTypeRegistry","message":"Adding type registration imm_timestamp -> org.hibernate.type.BasicTypeReference@628bd77e","serviceName":"tecnos-service"}
{"timestamp":"2024-11-25 00:38:34","thread":"main","level":"DEBUG","logger":"org.hibernate.type.BasicTypeRegistry","message":"Adding type registration imm_calendar -> org.hibernate.type.BasicTypeReference@c30f26d","serviceName":"tecnos-service"}
{"timestamp":"2024-11-25 00:38:34","thread":"main","level":"DEBUG","logger":"org.hibernate.type.BasicTypeRegistry","message":"Adding type registration imm_calendar_date -> org.hibernate.type.BasicTypeReference@5d74507c","serviceName":"tecnos-service"}
{"timestamp":"2024-11-25 00:38:34","thread":"main","level":"DEBUG","logger":"org.hibernate.type.BasicTypeRegistry","message":"Adding type registration imm_calendar_time -> org.hibernate.type.BasicTypeReference@2a984952","serviceName":"tecnos-service"}
{"timestamp":"2024-11-25 00:38:34","thread":"main","level":"DEBUG","logger":"org.hibernate.type.BasicTypeRegistry","message":"Adding type registration imm_binary -> org.hibernate.type.BasicTypeReference@16944b58","serviceName":"tecnos-service"}
{"timestamp":"2024-11-25 00:38:34","thread":"main","level":"DEBUG","logger":"org.hibernate.type.BasicTypeRegistry","message":"Adding type registration imm_serializable -> org.hibernate.type.BasicTypeReference@1dbc607d","serviceName":"tecnos-service"}
{"timestamp":"2024-11-25 00:38:34","thread":"main","level":"DEBUG","logger":"org.hibernate.boot.internal.BootstrapContextImpl","message":"Injecting JPA temp ClassLoader [org.springframework.instrument.classloading.SimpleThrowawayClassLoader@f36f34d] into BootstrapContext; was [null]","serviceName":"tecnos-service"}
{"timestamp":"2024-11-25 00:38:34","thread":"main","level":"DEBUG","logger":"org.hibernate.boot.internal.ClassLoaderAccessImpl","message":"ClassLoaderAccessImpl#injectTempClassLoader(org.springframework.instrument.classloading.SimpleThrowawayClassLoader@f36f34d) [was null]","serviceName":"tecnos-service"}
{"timestamp":"2024-11-25 00:38:34","thread":"main","level":"DEBUG","logger":"org.hibernate.boot.internal.BootstrapContextImpl","message":"Injecting ScanEnvironment [org.hibernate.jpa.boot.internal.StandardJpaScanEnvironmentImpl@6d80e411] into BootstrapContext; was [null]","serviceName":"tecnos-service"}
{"timestamp":"2024-11-25 00:38:34","thread":"main","level":"DEBUG","logger":"org.hibernate.boot.internal.BootstrapContextImpl","message":"Injecting ScanOptions [org.hibernate.boot.archive.scan.internal.StandardScanOptions@32caae19] into BootstrapContext; was [org.hibernate.boot.archive.scan.internal.StandardScanOptions@60e67c06]","serviceName":"tecnos-service"}
{"timestamp":"2024-11-25 00:38:34","thread":"main","level":"INFO","logger":"org.hibernate.bytecode.internal.BytecodeProviderInitiator","message":"HHH000021: Bytecode provider name : bytebuddy","serviceName":"tecnos-service"}
{"timestamp":"2024-11-25 00:38:34","thread":"main","level":"INFO","logger":"org.springframework.orm.jpa.persistenceunit.SpringPersistenceUnitInfo","message":"No LoadTimeWeaver setup: ignoring JPA class transformer","serviceName":"tecnos-service"}
{"timestamp":"2024-11-25 00:38:34","thread":"main","level":"DEBUG","logger":"org.hibernate.boot.internal.BootstrapContextImpl","message":"Injecting JPA temp ClassLoader [null] into BootstrapContext; was [org.springframework.instrument.classloading.SimpleThrowawayClassLoader@f36f34d]","serviceName":"tecnos-service"}
{"timestamp":"2024-11-25 00:38:34","thread":"main","level":"DEBUG","logger":"org.hibernate.boot.internal.ClassLoaderAccessImpl","message":"ClassLoaderAccessImpl#injectTempClassLoader(null) [was org.springframework.instrument.classloading.SimpleThrowawayClassLoader@f36f34d]","serviceName":"tecnos-service"}
{"timestamp":"2024-11-25 00:38:34","thread":"main","level":"DEBUG","logger":"com.zaxxer.hikari.HikariConfig","message":"HikariPool-1 - configuration:","serviceName":"tecnos-service"}
{"timestamp":"2024-11-25 00:38:34","thread":"main","level":"DEBUG","logger":"com.zaxxer.hikari.HikariConfig","message":"allowPoolSuspension.............false","serviceName":"tecnos-service"}
{"timestamp":"2024-11-25 00:38:34","thread":"main","level":"DEBUG","logger":"com.zaxxer.hikari.HikariConfig","message":"autoCommit......................true","serviceName":"tecnos-service"}
{"timestamp":"2024-11-25 00:38:34","thread":"main","level":"DEBUG","logger":"com.zaxxer.hikari.HikariConfig","message":"catalog.........................none","serviceName":"tecnos-service"}
{"timestamp":"2024-11-25 00:38:34","thread":"main","level":"DEBUG","logger":"com.zaxxer.hikari.HikariConfig","message":"connectionInitSql...............none","serviceName":"tecnos-service"}
{"timestamp":"2024-11-25 00:38:34","thread":"main","level":"DEBUG","logger":"com.zaxxer.hikari.HikariConfig","message":"connectionTestQuery.............none","serviceName":"tecnos-service"}
{"timestamp":"2024-11-25 00:38:34","thread":"main","level":"DEBUG","logger":"com.zaxxer.hikari.HikariConfig","message":"connectionTimeout...............30000","serviceName":"tecnos-service"}
{"timestamp":"2024-11-25 00:38:34","thread":"main","level":"DEBUG","logger":"com.zaxxer.hikari.HikariConfig","message":"dataSource......................none","serviceName":"tecnos-service"}
{"timestamp":"2024-11-25 00:38:34","thread":"main","level":"DEBUG","logger":"com.zaxxer.hikari.HikariConfig","message":"dataSourceClassName.............none","serviceName":"tecnos-service"}
{"timestamp":"2024-11-25 00:38:34","thread":"main","level":"DEBUG","logger":"com.zaxxer.hikari.HikariConfig","message":"dataSourceJNDI..................none","serviceName":"tecnos-service"}
{"timestamp":"2024-11-25 00:38:34","thread":"main","level":"DEBUG","logger":"com.zaxxer.hikari.HikariConfig","message":"dataSourceProperties............{password=<masked>}","serviceName":"tecnos-service"}
{"timestamp":"2024-11-25 00:38:34","thread":"main","level":"DEBUG","logger":"com.zaxxer.hikari.HikariConfig","message":"driverClassName.................\"com.mysql.cj.jdbc.Driver\"","serviceName":"tecnos-service"}
{"timestamp":"2024-11-25 00:38:34","thread":"main","level":"DEBUG","logger":"com.zaxxer.hikari.HikariConfig","message":"exceptionOverrideClassName......none","serviceName":"tecnos-service"}
{"timestamp":"2024-11-25 00:38:34","thread":"main","level":"DEBUG","logger":"com.zaxxer.hikari.HikariConfig","message":"healthCheckProperties...........{}","serviceName":"tecnos-service"}
{"timestamp":"2024-11-25 00:38:34","thread":"main","level":"DEBUG","logger":"com.zaxxer.hikari.HikariConfig","message":"healthCheckRegistry.............none","serviceName":"tecnos-service"}
{"timestamp":"2024-11-25 00:38:34","thread":"main","level":"DEBUG","logger":"com.zaxxer.hikari.HikariConfig","message":"idleTimeout.....................600000","serviceName":"tecnos-service"}
{"timestamp":"2024-11-25 00:38:34","thread":"main","level":"DEBUG","logger":"com.zaxxer.hikari.HikariConfig","message":"initializationFailTimeout.......1","serviceName":"tecnos-service"}
{"timestamp":"2024-11-25 00:38:34","thread":"main","level":"DEBUG","logger":"com.zaxxer.hikari.HikariConfig","message":"isolateInternalQueries..........false","serviceName":"tecnos-service"}
{"timestamp":"2024-11-25 00:38:34","thread":"main","level":"DEBUG","logger":"com.zaxxer.hikari.HikariConfig","message":"jdbcUrl.........................jdbc:mysql://localhost:3306/tecnos_db?allowPublicKeyRetrieval=true&useUnicode=true&characterEncoding=utf8&useSSL=false&createDatabaseIfNotExist=true","serviceName":"tecnos-service"}
{"timestamp":"2024-11-25 00:38:34","thread":"main","level":"DEBUG","logger":"com.zaxxer.hikari.HikariConfig","message":"keepaliveTime...................0","serviceName":"tecnos-service"}
{"timestamp":"2024-11-25 00:38:34","thread":"main","level":"DEBUG","logger":"com.zaxxer.hikari.HikariConfig","message":"leakDetectionThreshold..........0","serviceName":"tecnos-service"}
{"timestamp":"2024-11-25 00:38:34","thread":"main","level":"DEBUG","logger":"com.zaxxer.hikari.HikariConfig","message":"maxLifetime.....................1800000","serviceName":"tecnos-service"}
{"timestamp":"2024-11-25 00:38:34","thread":"main","level":"DEBUG","logger":"com.zaxxer.hikari.HikariConfig","message":"maximumPoolSize.................10","serviceName":"tecnos-service"}
{"timestamp":"2024-11-25 00:38:34","thread":"main","level":"DEBUG","logger":"com.zaxxer.hikari.HikariConfig","message":"metricRegistry..................none","serviceName":"tecnos-service"}
{"timestamp":"2024-11-25 00:38:34","thread":"main","level":"DEBUG","logger":"com.zaxxer.hikari.HikariConfig","message":"metricsTrackerFactory...........none","serviceName":"tecnos-service"}
{"timestamp":"2024-11-25 00:38:34","thread":"main","level":"DEBUG","logger":"com.zaxxer.hikari.HikariConfig","message":"minimumIdle.....................10","serviceName":"tecnos-service"}
{"timestamp":"2024-11-25 00:38:34","thread":"main","level":"DEBUG","logger":"com.zaxxer.hikari.HikariConfig","message":"password........................<masked>","serviceName":"tecnos-service"}
{"timestamp":"2024-11-25 00:38:34","thread":"main","level":"DEBUG","logger":"com.zaxxer.hikari.HikariConfig","message":"poolName........................\"HikariPool-1\"","serviceName":"tecnos-service"}
{"timestamp":"2024-11-25 00:38:34","thread":"main","level":"DEBUG","logger":"com.zaxxer.hikari.HikariConfig","message":"readOnly........................false","serviceName":"tecnos-service"}
{"timestamp":"2024-11-25 00:38:34","thread":"main","level":"DEBUG","logger":"com.zaxxer.hikari.HikariConfig","message":"registerMbeans..................false","serviceName":"tecnos-service"}
{"timestamp":"2024-11-25 00:38:34","thread":"main","level":"DEBUG","logger":"com.zaxxer.hikari.HikariConfig","message":"scheduledExecutor...............none","serviceName":"tecnos-service"}
{"timestamp":"2024-11-25 00:38:34","thread":"main","level":"DEBUG","logger":"com.zaxxer.hikari.HikariConfig","message":"schema..........................none","serviceName":"tecnos-service"}
{"timestamp":"2024-11-25 00:38:34","thread":"main","level":"DEBUG","logger":"com.zaxxer.hikari.HikariConfig","message":"threadFactory...................internal","serviceName":"tecnos-service"}
{"timestamp":"2024-11-25 00:38:34","thread":"main","level":"DEBUG","logger":"com.zaxxer.hikari.HikariConfig","message":"transactionIsolation............default","serviceName":"tecnos-service"}
{"timestamp":"2024-11-25 00:38:34","thread":"main","level":"DEBUG","logger":"com.zaxxer.hikari.HikariConfig","message":"username........................\"root\"","serviceName":"tecnos-service"}
{"timestamp":"2024-11-25 00:38:34","thread":"main","level":"DEBUG","logger":"com.zaxxer.hikari.HikariConfig","message":"validationTimeout...............5000","serviceName":"tecnos-service"}
{"timestamp":"2024-11-25 00:38:34","thread":"main","level":"INFO","logger":"com.zaxxer.hikari.HikariDataSource","message":"HikariPool-1 - Starting...","serviceName":"tecnos-service"}
{"timestamp":"2024-11-25 00:38:34","thread":"main","level":"INFO","logger":"com.zaxxer.hikari.pool.HikariPool","message":"HikariPool-1 - Added connection com.mysql.cj.jdbc.ConnectionImpl@70aa03c0","serviceName":"tecnos-service"}
{"timestamp":"2024-11-25 00:38:34","thread":"main","level":"INFO","logger":"com.zaxxer.hikari.HikariDataSource","message":"HikariPool-1 - Start completed.","serviceName":"tecnos-service"}
{"timestamp":"2024-11-25 00:38:34","thread":"main","level":"DEBUG","logger":"org.hibernate.engine.jdbc.env.internal.JdbcEnvironmentInitiator","message":"Database ->\n       name : MySQL\n    version : 8.0.30\n      major : 8\n      minor : 0","serviceName":"tecnos-service"}
{"timestamp":"2024-11-25 00:38:34","thread":"main","level":"DEBUG","logger":"org.hibernate.engine.jdbc.env.internal.JdbcEnvironmentInitiator","message":"Driver ->\n       name : MySQL Connector/J\n    version : mysql-connector-j-8.0.33 (Revision: 7d6b0800528b6b25c68b52dc10d6c1c8429c100c)\n      major : 8\n      minor : 0","serviceName":"tecnos-service"}
{"timestamp":"2024-11-25 00:38:34","thread":"main","level":"DEBUG","logger":"org.hibernate.engine.jdbc.env.internal.JdbcEnvironmentInitiator","message":"JDBC version : 4.2","serviceName":"tecnos-service"}
{"timestamp":"2024-11-25 00:38:34","thread":"main","level":"DEBUG","logger":"org.hibernate.orm.dialect","message":"HHH035001: Using dialect: org.hibernate.dialect.MySQLDialect, version: 8.0.30","serviceName":"tecnos-service"}
{"timestamp":"2024-11-25 00:38:34","thread":"main","level":"DEBUG","logger":"org.hibernate.engine.jdbc.env.spi.IdentifierHelperBuilder","message":"JDBC driver metadata reported database stores quoted identifiers in more than one case","serviceName":"tecnos-service"}
{"timestamp":"2024-11-25 00:38:34","thread":"main","level":"DEBUG","logger":"org.hibernate.engine.jdbc.env.spi.IdentifierHelperBuilder","message":"IdentifierCaseStrategy for both quoted and unquoted identifiers was set to the same strategy [LOWER]; that will likely lead to problems in schema update and validation if using quoted identifiers","serviceName":"tecnos-service"}
{"timestamp":"2024-11-25 00:38:34","thread":"main","level":"DEBUG","logger":"org.hibernate.type.descriptor.sql.spi.DdlTypeRegistry","message":"addDescriptor(12, org.hibernate.type.descriptor.sql.internal.CapacityDependentDdlType@7852ab30) replaced previous registration(org.hibernate.type.descriptor.sql.internal.CapacityDependentDdlType@417751d3)","serviceName":"tecnos-service"}
{"timestamp":"2024-11-25 00:38:34","thread":"main","level":"DEBUG","logger":"org.hibernate.type.descriptor.sql.spi.DdlTypeRegistry","message":"addDescriptor(-9, org.hibernate.type.descriptor.sql.internal.CapacityDependentDdlType@5bf4dfb) replaced previous registration(org.hibernate.type.descriptor.sql.internal.CapacityDependentDdlType@8c3b634)","serviceName":"tecnos-service"}
{"timestamp":"2024-11-25 00:38:34","thread":"main","level":"DEBUG","logger":"org.hibernate.type.descriptor.sql.spi.DdlTypeRegistry","message":"addDescriptor(-3, org.hibernate.type.descriptor.sql.internal.CapacityDependentDdlType@65259737) replaced previous registration(org.hibernate.type.descriptor.sql.internal.CapacityDependentDdlType@1e27bb89)","serviceName":"tecnos-service"}
{"timestamp":"2024-11-25 00:38:34","thread":"main","level":"DEBUG","logger":"org.hibernate.type.descriptor.sql.spi.DdlTypeRegistry","message":"addDescriptor(4003, org.hibernate.type.descriptor.sql.internal.DdlTypeImpl@6108fd23) replaced previous registration(org.hibernate.type.descriptor.sql.internal.DdlTypeImpl@746f8520)","serviceName":"tecnos-service"}
{"timestamp":"2024-11-25 00:38:34","thread":"main","level":"DEBUG","logger":"org.hibernate.type.descriptor.sql.spi.DdlTypeRegistry","message":"addDescriptor(4001, org.hibernate.type.descriptor.sql.internal.DdlTypeImpl@3d3a28b5) replaced previous registration(org.hibernate.type.descriptor.sql.internal.DdlTypeImpl@1ee22768)","serviceName":"tecnos-service"}
{"timestamp":"2024-11-25 00:38:34","thread":"main","level":"DEBUG","logger":"org.hibernate.type.descriptor.sql.spi.DdlTypeRegistry","message":"addDescriptor(4002, org.hibernate.type.descriptor.sql.internal.DdlTypeImpl@38a52072) replaced previous registration(org.hibernate.type.descriptor.sql.internal.DdlTypeImpl@306bf4c3)","serviceName":"tecnos-service"}
{"timestamp":"2024-11-25 00:38:34","thread":"main","level":"DEBUG","logger":"org.hibernate.type.descriptor.sql.spi.DdlTypeRegistry","message":"addDescriptor(2004, org.hibernate.type.descriptor.sql.internal.CapacityDependentDdlType@5cf80dfb) replaced previous registration(org.hibernate.type.descriptor.sql.internal.DdlTypeImpl@532ea86b)","serviceName":"tecnos-service"}
{"timestamp":"2024-11-25 00:38:34","thread":"main","level":"DEBUG","logger":"org.hibernate.type.descriptor.sql.spi.DdlTypeRegistry","message":"addDescriptor(2005, org.hibernate.type.descriptor.sql.internal.CapacityDependentDdlType@4219a4cc) replaced previous registration(org.hibernate.type.descriptor.sql.internal.DdlTypeImpl@2dbb8da0)","serviceName":"tecnos-service"}
{"timestamp":"2024-11-25 00:38:34","thread":"main","level":"DEBUG","logger":"org.hibernate.type.descriptor.sql.spi.DdlTypeRegistry","message":"addDescriptor(2011, org.hibernate.type.descriptor.sql.internal.CapacityDependentDdlType@3130ca39) replaced previous registration(org.hibernate.type.descriptor.sql.internal.DdlTypeImpl@17fb5184)","serviceName":"tecnos-service"}
{"timestamp":"2024-11-25 00:38:34","thread":"main","level":"DEBUG","logger":"org.hibernate.type.descriptor.jdbc.spi.JdbcTypeRegistry","message":"addDescriptor(NCharTypeDescriptor) replaced previous registration(CharTypeDescriptor)","serviceName":"tecnos-service"}
{"timestamp":"2024-11-25 00:38:34","thread":"main","level":"DEBUG","logger":"org.hibernate.type.descriptor.jdbc.spi.JdbcTypeRegistry","message":"addDescriptor(NVarcharTypeDescriptor) replaced previous registration(VarcharTypeDescriptor)","serviceName":"tecnos-service"}
{"timestamp":"2024-11-25 00:38:34","thread":"main","level":"DEBUG","logger":"org.hibernate.type.descriptor.jdbc.spi.JdbcTypeRegistry","message":"addDescriptor(LongNVarcharTypeDescriptor) replaced previous registration(LongVarcharTypeDescriptor)","serviceName":"tecnos-service"}
{"timestamp":"2024-11-25 00:38:34","thread":"main","level":"DEBUG","logger":"org.hibernate.type.descriptor.jdbc.spi.JdbcTypeRegistry","message":"addDescriptor(NClobTypeDescriptor(DEFAULT)) replaced previous registration(ClobTypeDescriptor(DEFAULT))","serviceName":"tecnos-service"}
{"timestamp":"2024-11-25 00:38:34","thread":"main","level":"DEBUG","logger":"org.hibernate.type.descriptor.jdbc.spi.JdbcTypeRegistry","message":"addDescriptor(2005, ClobTypeDescriptor(STREAM_BINDING)) replaced previous registration(ClobTypeDescriptor(DEFAULT))","serviceName":"tecnos-service"}
{"timestamp":"2024-11-25 00:38:34","thread":"main","level":"DEBUG","logger":"org.hibernate.type.BasicTypeRegistry","message":"Adding type registration null -> org.hibernate.type.NullType@348bd063","serviceName":"tecnos-service"}
{"timestamp":"2024-11-25 00:38:34","thread":"main","level":"DEBUG","logger":"org.hibernate.type.BasicTypeRegistry","message":"Type registration key [null] overrode previous entry : `org.hibernate.type.NullType@6eb00cbe`","serviceName":"tecnos-service"}
{"timestamp":"2024-11-25 00:38:34","thread":"main","level":"DEBUG","logger":"org.hibernate.type.BasicTypeRegistry","message":"Adding type registration org.hibernate.type.OffsetDateTimeType -> basicType@1(java.time.OffsetDateTime,3003)","serviceName":"tecnos-service"}
{"timestamp":"2024-11-25 00:38:34","thread":"main","level":"DEBUG","logger":"org.hibernate.type.BasicTypeRegistry","message":"Adding type registration OffsetDateTime -> basicType@1(java.time.OffsetDateTime,3003)","serviceName":"tecnos-service"}
{"timestamp":"2024-11-25 00:38:34","thread":"main","level":"DEBUG","logger":"org.hibernate.type.BasicTypeRegistry","message":"Adding type registration java.time.OffsetDateTime -> basicType@1(java.time.OffsetDateTime,3003)","serviceName":"tecnos-service"}
{"timestamp":"2024-11-25 00:38:34","thread":"main","level":"DEBUG","logger":"org.hibernate.type.BasicTypeRegistry","message":"Adding type registration org.hibernate.type.ZonedDateTimeType -> basicType@2(java.time.ZonedDateTime,3003)","serviceName":"tecnos-service"}
{"timestamp":"2024-11-25 00:38:34","thread":"main","level":"DEBUG","logger":"org.hibernate.type.BasicTypeRegistry","message":"Adding type registration ZonedDateTime -> basicType@2(java.time.ZonedDateTime,3003)","serviceName":"tecnos-service"}
{"timestamp":"2024-11-25 00:38:34","thread":"main","level":"DEBUG","logger":"org.hibernate.type.BasicTypeRegistry","message":"Adding type registration java.time.ZonedDateTime -> basicType@2(java.time.ZonedDateTime,3003)","serviceName":"tecnos-service"}
{"timestamp":"2024-11-25 00:38:34","thread":"main","level":"DEBUG","logger":"org.hibernate.type.BasicTypeRegistry","message":"Adding type registration org.hibernate.type.OffsetTimeType -> basicType@3(java.time.OffsetTime,3007)","serviceName":"tecnos-service"}
{"timestamp":"2024-11-25 00:38:34","thread":"main","level":"DEBUG","logger":"org.hibernate.type.BasicTypeRegistry","message":"Adding type registration OffsetTime -> basicType@3(java.time.OffsetTime,3007)","serviceName":"tecnos-service"}
{"timestamp":"2024-11-25 00:38:34","thread":"main","level":"DEBUG","logger":"org.hibernate.type.BasicTypeRegistry","message":"Adding type registration java.time.OffsetTime -> basicType@3(java.time.OffsetTime,3007)","serviceName":"tecnos-service"}
{"timestamp":"2024-11-25 00:38:34","thread":"main","level":"DEBUG","logger":"org.hibernate.type.spi.TypeConfiguration$Scope","message":"Scoping TypeConfiguration [org.hibernate.type.spi.TypeConfiguration@1e36baca] to MetadataBuildingContext [org.hibernate.boot.internal.MetadataBuildingContextRootImpl@3dfa2f64]","serviceName":"tecnos-service"}
{"timestamp":"2024-11-25 00:38:34","thread":"main","level":"DEBUG","logger":"org.hibernate.boot.model.relational.Namespace","message":"Created database namespace [logicalName=Name{catalog=null, schema=null}, physicalName=Name{catalog=null, schema=null}]","serviceName":"tecnos-service"}
{"timestamp":"2024-11-25 00:38:34","thread":"main","level":"DEBUG","logger":"org.hibernate.boot.model.internal.EntityBinder","message":"Binding entity from annotated class: com.example.tecnosserver.category.model.Category","serviceName":"tecnos-service"}
{"timestamp":"2024-11-25 00:38:34","thread":"main","level":"DEBUG","logger":"org.hibernate.boot.model.internal.EntityBinder","message":"Import with entity name Category","serviceName":"tecnos-service"}
{"timestamp":"2024-11-25 00:38:34","thread":"main","level":"DEBUG","logger":"org.hibernate.boot.model.internal.EntityBinder","message":"Bind entity com.example.tecnosserver.category.model.Category on table categories","serviceName":"tecnos-service"}
{"timestamp":"2024-11-25 00:38:34","thread":"HikariPool-1 housekeeper","level":"DEBUG","logger":"com.zaxxer.hikari.pool.HikariPool","message":"HikariPool-1 - Pool stats (total=1, active=0, idle=1, waiting=0)","serviceName":"tecnos-service"}
{"timestamp":"2024-11-25 00:38:34","thread":"main","level":"DEBUG","logger":"org.hibernate.boot.model.internal.AnnotatedColumn","message":"Binding column: AnnotatedDiscriminatorColumn(column='DTYPE')","serviceName":"tecnos-service"}
{"timestamp":"2024-11-25 00:38:34","thread":"HikariPool-1 connection adder","level":"DEBUG","logger":"com.zaxxer.hikari.pool.HikariPool","message":"HikariPool-1 - Added connection com.mysql.cj.jdbc.ConnectionImpl@250656a5","serviceName":"tecnos-service"}
{"timestamp":"2024-11-25 00:38:34","thread":"HikariPool-1 connection adder","level":"DEBUG","logger":"com.zaxxer.hikari.pool.HikariPool","message":"HikariPool-1 - Added connection com.mysql.cj.jdbc.ConnectionImpl@643b5c9e","serviceName":"tecnos-service"}
{"timestamp":"2024-11-25 00:38:34","thread":"main","level":"DEBUG","logger":"org.hibernate.boot.model.internal.AnnotatedColumn","message":"Binding column: AnnotatedColumn()","serviceName":"tecnos-service"}
{"timestamp":"2024-11-25 00:38:34","thread":"main","level":"DEBUG","logger":"org.hibernate.boot.internal.ClassLoaderAccessImpl","message":"Not known whether passed class name [com.example.tecnosserver.category.model.Category] is safe","serviceName":"tecnos-service"}
{"timestamp":"2024-11-25 00:38:34","thread":"main","level":"DEBUG","logger":"org.hibernate.boot.internal.ClassLoaderAccessImpl","message":"No temp ClassLoader provided; using live ClassLoader for loading potentially unsafe class : com.example.tecnosserver.category.model.Category","serviceName":"tecnos-service"}
{"timestamp":"2024-11-25 00:38:34","thread":"main","level":"DEBUG","logger":"org.hibernate.boot.model.internal.PropertyBinder","message":"MetadataSourceProcessor property id with lazy=false","serviceName":"tecnos-service"}
{"timestamp":"2024-11-25 00:38:34","thread":"main","level":"DEBUG","logger":"org.hibernate.boot.model.internal.AbstractPropertyHolder","message":"Attempting to locate auto-apply AttributeConverter for property [com.example.tecnosserver.category.model.Category:id]","serviceName":"tecnos-service"}
{"timestamp":"2024-11-25 00:38:34","thread":"main","level":"DEBUG","logger":"org.hibernate.boot.model.internal.BasicValueBinder","message":"building BasicValue for id","serviceName":"tecnos-service"}
{"timestamp":"2024-11-25 00:38:34","thread":"main","level":"DEBUG","logger":"org.hibernate.mapping.BasicValue","message":"Skipping column re-registration: categories.id","serviceName":"tecnos-service"}
{"timestamp":"2024-11-25 00:38:34","thread":"main","level":"DEBUG","logger":"org.hibernate.boot.model.internal.PropertyBinder","message":"Building property id","serviceName":"tecnos-service"}
{"timestamp":"2024-11-25 00:38:34","thread":"HikariPool-1 connection adder","level":"DEBUG","logger":"com.zaxxer.hikari.pool.HikariPool","message":"HikariPool-1 - Added connection com.mysql.cj.jdbc.ConnectionImpl@5595fcfc","serviceName":"tecnos-service"}
{"timestamp":"2024-11-25 00:38:34","thread":"main","level":"DEBUG","logger":"org.hibernate.boot.model.internal.BinderHelper","message":"#makeIdGenerator(BasicValue([Column(id)]), id, org.hibernate.id.enhanced.SequenceStyleGenerator, category_sequence, ...)","serviceName":"tecnos-service"}
{"timestamp":"2024-11-25 00:38:34","thread":"main","level":"DEBUG","logger":"org.hibernate.boot.model.internal.AnnotatedColumn","message":"Binding column: AnnotatedColumn(column='created_at')","serviceName":"tecnos-service"}
{"timestamp":"2024-11-25 00:38:34","thread":"main","level":"DEBUG","logger":"org.hibernate.boot.model.internal.PropertyBinder","message":"MetadataSourceProcessor property createdAt with lazy=false","serviceName":"tecnos-service"}
{"timestamp":"2024-11-25 00:38:34","thread":"main","level":"DEBUG","logger":"org.hibernate.boot.model.internal.AbstractPropertyHolder","message":"Attempting to locate auto-apply AttributeConverter for property [com.example.tecnosserver.category.model.Category:createdAt]","serviceName":"tecnos-service"}
{"timestamp":"2024-11-25 00:38:34","thread":"main","level":"DEBUG","logger":"org.hibernate.boot.model.internal.BasicValueBinder","message":"building BasicValue for createdAt","serviceName":"tecnos-service"}
{"timestamp":"2024-11-25 00:38:34","thread":"main","level":"DEBUG","logger":"org.hibernate.mapping.BasicValue","message":"Skipping column re-registration: categories.created_at","serviceName":"tecnos-service"}
{"timestamp":"2024-11-25 00:38:34","thread":"main","level":"DEBUG","logger":"org.hibernate.boot.model.internal.PropertyBinder","message":"Building property createdAt","serviceName":"tecnos-service"}
{"timestamp":"2024-11-25 00:38:34","thread":"main","level":"DEBUG","logger":"org.hibernate.boot.model.internal.AnnotatedColumn","message":"Binding column: AnnotatedJoinColumn()","serviceName":"tecnos-service"}
{"timestamp":"2024-11-25 00:38:34","thread":"main","level":"DEBUG","logger":"org.hibernate.boot.model.internal.AnnotatedColumn","message":"Binding column: AnnotatedColumn()","serviceName":"tecnos-service"}
{"timestamp":"2024-11-25 00:38:34","thread":"main","level":"DEBUG","logger":"org.hibernate.boot.model.internal.AnnotatedColumn","message":"Binding column: IndexColumn(column='itemCategories_ORDER')","serviceName":"tecnos-service"}
{"timestamp":"2024-11-25 00:38:34","thread":"main","level":"DEBUG","logger":"org.hibernate.boot.model.internal.AnnotatedColumn","message":"Binding column: AnnotatedColumn()","serviceName":"tecnos-service"}
{"timestamp":"2024-11-25 00:38:34","thread":"HikariPool-1 connection adder","level":"DEBUG","logger":"com.zaxxer.hikari.pool.HikariPool","message":"HikariPool-1 - Added connection com.mysql.cj.jdbc.ConnectionImpl@414a3d1","serviceName":"tecnos-service"}
{"timestamp":"2024-11-25 00:38:34","thread":"main","level":"DEBUG","logger":"org.hibernate.boot.model.internal.AnnotatedColumn","message":"Binding column: AnnotatedColumn(column='itemCategories_KEY')","serviceName":"tecnos-service"}
{"timestamp":"2024-11-25 00:38:34","thread":"main","level":"DEBUG","logger":"org.hibernate.boot.model.internal.AnnotatedColumn","message":"Binding column: AnnotatedJoinColumn(column='itemCategories_KEY')","serviceName":"tecnos-service"}
{"timestamp":"2024-11-25 00:38:34","thread":"main","level":"DEBUG","logger":"org.hibernate.boot.model.internal.AnnotatedColumn","message":"Binding column: AnnotatedJoinColumn()","serviceName":"tecnos-service"}
{"timestamp":"2024-11-25 00:38:34","thread":"main","level":"DEBUG","logger":"org.hibernate.boot.model.internal.AnnotatedColumn","message":"Binding column: AnnotatedJoinColumn()","serviceName":"tecnos-service"}
{"timestamp":"2024-11-25 00:38:34","thread":"main","level":"DEBUG","logger":"org.hibernate.boot.model.internal.CollectionBinder","message":"Collection role: com.example.tecnosserver.category.model.Category.itemCategories","serviceName":"tecnos-service"}
{"timestamp":"2024-11-25 00:38:34","thread":"main","level":"DEBUG","logger":"org.hibernate.boot.model.internal.PropertyBinder","message":"Building property itemCategories","serviceName":"tecnos-service"}
{"timestamp":"2024-11-25 00:38:34","thread":"main","level":"DEBUG","logger":"org.hibernate.boot.model.internal.AnnotatedColumn","message":"Binding column: AnnotatedColumn(column='main_section')","serviceName":"tecnos-service"}
{"timestamp":"2024-11-25 00:38:34","thread":"main","level":"DEBUG","logger":"org.hibernate.boot.model.internal.PropertyBinder","message":"MetadataSourceProcessor property mainSection with lazy=false","serviceName":"tecnos-service"}
{"timestamp":"2024-11-25 00:38:34","thread":"main","level":"DEBUG","logger":"org.hibernate.boot.model.internal.AbstractPropertyHolder","message":"Attempting to locate auto-apply AttributeConverter for property [com.example.tecnosserver.category.model.Category:mainSection]","serviceName":"tecnos-service"}
{"timestamp":"2024-11-25 00:38:34","thread":"main","level":"DEBUG","logger":"org.hibernate.boot.model.internal.BasicValueBinder","message":"building BasicValue for mainSection","serviceName":"tecnos-service"}
{"timestamp":"2024-11-25 00:38:34","thread":"main","level":"DEBUG","logger":"org.hibernate.mapping.BasicValue","message":"Skipping column re-registration: categories.main_section","serviceName":"tecnos-service"}
{"timestamp":"2024-11-25 00:38:34","thread":"main","level":"DEBUG","logger":"org.hibernate.boot.model.internal.PropertyBinder","message":"Building property mainSection","serviceName":"tecnos-service"}
{"timestamp":"2024-11-25 00:38:34","thread":"main","level":"DEBUG","logger":"org.hibernate.boot.model.internal.AnnotatedColumn","message":"Binding column: AnnotatedColumn(column='name')","serviceName":"tecnos-service"}
{"timestamp":"2024-11-25 00:38:34","thread":"main","level":"DEBUG","logger":"org.hibernate.boot.model.internal.PropertyBinder","message":"MetadataSourceProcessor property name with lazy=false","serviceName":"tecnos-service"}
{"timestamp":"2024-11-25 00:38:34","thread":"main","level":"DEBUG","logger":"org.hibernate.boot.model.internal.AbstractPropertyHolder","message":"Attempting to locate auto-apply AttributeConverter for property [com.example.tecnosserver.category.model.Category:name]","serviceName":"tecnos-service"}
{"timestamp":"2024-11-25 00:38:34","thread":"main","level":"DEBUG","logger":"org.hibernate.boot.model.internal.BasicValueBinder","message":"building BasicValue for name","serviceName":"tecnos-service"}
{"timestamp":"2024-11-25 00:38:34","thread":"main","level":"DEBUG","logger":"org.hibernate.mapping.BasicValue","message":"Skipping column re-registration: categories.name","serviceName":"tecnos-service"}
{"timestamp":"2024-11-25 00:38:34","thread":"main","level":"DEBUG","logger":"org.hibernate.boot.model.internal.PropertyBinder","message":"Building property name","serviceName":"tecnos-service"}
{"timestamp":"2024-11-25 00:38:34","thread":"main","level":"DEBUG","logger":"org.hibernate.boot.model.internal.AnnotatedColumn","message":"Binding column: AnnotatedJoinColumn()","serviceName":"tecnos-service"}
{"timestamp":"2024-11-25 00:38:34","thread":"main","level":"DEBUG","logger":"org.hibernate.boot.model.internal.AnnotatedColumn","message":"Binding column: AnnotatedColumn()","serviceName":"tecnos-service"}
{"timestamp":"2024-11-25 00:38:34","thread":"main","level":"DEBUG","logger":"org.hibernate.boot.model.internal.AnnotatedColumn","message":"Binding column: IndexColumn(column='products_ORDER')","serviceName":"tecnos-service"}
{"timestamp":"2024-11-25 00:38:34","thread":"main","level":"DEBUG","logger":"org.hibernate.boot.model.internal.AnnotatedColumn","message":"Binding column: AnnotatedColumn()","serviceName":"tecnos-service"}
{"timestamp":"2024-11-25 00:38:34","thread":"main","level":"DEBUG","logger":"org.hibernate.boot.model.internal.AnnotatedColumn","message":"Binding column: AnnotatedColumn(column='products_KEY')","serviceName":"tecnos-service"}
{"timestamp":"2024-11-25 00:38:34","thread":"main","level":"DEBUG","logger":"org.hibernate.boot.model.internal.AnnotatedColumn","message":"Binding column: AnnotatedJoinColumn(column='products_KEY')","serviceName":"tecnos-service"}
{"timestamp":"2024-11-25 00:38:34","thread":"main","level":"DEBUG","logger":"org.hibernate.boot.model.internal.AnnotatedColumn","message":"Binding column: AnnotatedJoinColumn()","serviceName":"tecnos-service"}
{"timestamp":"2024-11-25 00:38:34","thread":"main","level":"DEBUG","logger":"org.hibernate.boot.model.internal.AnnotatedColumn","message":"Binding column: AnnotatedJoinColumn()","serviceName":"tecnos-service"}
{"timestamp":"2024-11-25 00:38:34","thread":"main","level":"DEBUG","logger":"org.hibernate.boot.model.internal.CollectionBinder","message":"Collection role: com.example.tecnosserver.category.model.Category.products","serviceName":"tecnos-service"}
{"timestamp":"2024-11-25 00:38:34","thread":"main","level":"DEBUG","logger":"org.hibernate.boot.model.internal.PropertyBinder","message":"Building property products","serviceName":"tecnos-service"}
{"timestamp":"2024-11-25 00:38:34","thread":"main","level":"DEBUG","logger":"org.hibernate.boot.model.internal.AnnotatedColumn","message":"Binding column: AnnotatedJoinColumn()","serviceName":"tecnos-service"}
{"timestamp":"2024-11-25 00:38:34","thread":"main","level":"DEBUG","logger":"org.hibernate.boot.model.internal.AnnotatedColumn","message":"Binding column: AnnotatedColumn()","serviceName":"tecnos-service"}
{"timestamp":"2024-11-25 00:38:34","thread":"main","level":"DEBUG","logger":"org.hibernate.boot.model.internal.AnnotatedColumn","message":"Binding column: IndexColumn(column='subCategories_ORDER')","serviceName":"tecnos-service"}
{"timestamp":"2024-11-25 00:38:34","thread":"main","level":"DEBUG","logger":"org.hibernate.boot.model.internal.AnnotatedColumn","message":"Binding column: AnnotatedColumn()","serviceName":"tecnos-service"}
{"timestamp":"2024-11-25 00:38:34","thread":"main","level":"DEBUG","logger":"org.hibernate.boot.model.internal.AnnotatedColumn","message":"Binding column: AnnotatedColumn(column='subCategories_KEY')","serviceName":"tecnos-service"}
{"timestamp":"2024-11-25 00:38:34","thread":"main","level":"DEBUG","logger":"org.hibernate.boot.model.internal.AnnotatedColumn","message":"Binding column: AnnotatedJoinColumn(column='subCategories_KEY')","serviceName":"tecnos-service"}
{"timestamp":"2024-11-25 00:38:34","thread":"main","level":"DEBUG","logger":"org.hibernate.boot.model.internal.AnnotatedColumn","message":"Binding column: AnnotatedJoinColumn()","serviceName":"tecnos-service"}
{"timestamp":"2024-11-25 00:38:34","thread":"main","level":"DEBUG","logger":"org.hibernate.boot.model.internal.AnnotatedColumn","message":"Binding column: AnnotatedJoinColumn()","serviceName":"tecnos-service"}
{"timestamp":"2024-11-25 00:38:34","thread":"main","level":"DEBUG","logger":"org.hibernate.boot.model.internal.CollectionBinder","message":"Collection role: com.example.tecnosserver.category.model.Category.subCategories","serviceName":"tecnos-service"}
{"timestamp":"2024-11-25 00:38:34","thread":"main","level":"DEBUG","logger":"org.hibernate.boot.model.internal.PropertyBinder","message":"Building property subCategories","serviceName":"tecnos-service"}
{"timestamp":"2024-11-25 00:38:34","thread":"main","level":"DEBUG","logger":"org.hibernate.boot.model.internal.AnnotatedColumn","message":"Binding column: AnnotatedColumn(column='updated_at')","serviceName":"tecnos-service"}
{"timestamp":"2024-11-25 00:38:34","thread":"main","level":"DEBUG","logger":"org.hibernate.boot.model.internal.PropertyBinder","message":"MetadataSourceProcessor property updatedAt with lazy=false","serviceName":"tecnos-service"}
{"timestamp":"2024-11-25 00:38:34","thread":"main","level":"DEBUG","logger":"org.hibernate.boot.model.internal.AbstractPropertyHolder","message":"Attempting to locate auto-apply AttributeConverter for property [com.example.tecnosserver.category.model.Category:updatedAt]","serviceName":"tecnos-service"}
{"timestamp":"2024-11-25 00:38:34","thread":"main","level":"DEBUG","logger":"org.hibernate.boot.model.internal.BasicValueBinder","message":"building BasicValue for updatedAt","serviceName":"tecnos-service"}
{"timestamp":"2024-11-25 00:38:34","thread":"main","level":"DEBUG","logger":"org.hibernate.mapping.BasicValue","message":"Skipping column re-registration: categories.updated_at","serviceName":"tecnos-service"}
{"timestamp":"2024-11-25 00:38:34","thread":"main","level":"DEBUG","logger":"org.hibernate.boot.model.internal.PropertyBinder","message":"Building property updatedAt","serviceName":"tecnos-service"}
{"timestamp":"2024-11-25 00:38:34","thread":"HikariPool-1 connection adder","level":"DEBUG","logger":"com.zaxxer.hikari.pool.HikariPool","message":"HikariPool-1 - Added connection com.mysql.cj.jdbc.ConnectionImpl@352d9f97","serviceName":"tecnos-service"}
{"timestamp":"2024-11-25 00:38:34","thread":"main","level":"DEBUG","logger":"org.hibernate.boot.model.internal.EntityBinder","message":"Binding entity from annotated class: com.example.tecnosserver.image.model.Image","serviceName":"tecnos-service"}
{"timestamp":"2024-11-25 00:38:34","thread":"main","level":"DEBUG","logger":"org.hibernate.boot.model.internal.EntityBinder","message":"Import with entity name Image","serviceName":"tecnos-service"}
{"timestamp":"2024-11-25 00:38:34","thread":"main","level":"DEBUG","logger":"org.hibernate.boot.model.internal.EntityBinder","message":"Bind entity com.example.tecnosserver.image.model.Image on table images","serviceName":"tecnos-service"}
{"timestamp":"2024-11-25 00:38:34","thread":"main","level":"DEBUG","logger":"org.hibernate.boot.model.internal.AnnotatedColumn","message":"Binding column: AnnotatedDiscriminatorColumn(column='DTYPE')","serviceName":"tecnos-service"}
{"timestamp":"2024-11-25 00:38:34","thread":"main","level":"DEBUG","logger":"org.hibernate.boot.model.internal.AnnotatedColumn","message":"Binding column: AnnotatedColumn()","serviceName":"tecnos-service"}
{"timestamp":"2024-11-25 00:38:34","thread":"main","level":"DEBUG","logger":"org.hibernate.boot.internal.ClassLoaderAccessImpl","message":"Not known whether passed class name [com.example.tecnosserver.image.model.Image] is safe","serviceName":"tecnos-service"}
{"timestamp":"2024-11-25 00:38:34","thread":"main","level":"DEBUG","logger":"org.hibernate.boot.internal.ClassLoaderAccessImpl","message":"No temp ClassLoader provided; using live ClassLoader for loading potentially unsafe class : com.example.tecnosserver.image.model.Image","serviceName":"tecnos-service"}
{"timestamp":"2024-11-25 00:38:34","thread":"main","level":"DEBUG","logger":"org.hibernate.boot.model.internal.PropertyBinder","message":"MetadataSourceProcessor property id with lazy=false","serviceName":"tecnos-service"}
{"timestamp":"2024-11-25 00:38:34","thread":"main","level":"DEBUG","logger":"org.hibernate.boot.model.internal.AbstractPropertyHolder","message":"Attempting to locate auto-apply AttributeConverter for property [com.example.tecnosserver.image.model.Image:id]","serviceName":"tecnos-service"}
{"timestamp":"2024-11-25 00:38:34","thread":"main","level":"DEBUG","logger":"org.hibernate.boot.model.internal.BasicValueBinder","message":"building BasicValue for id","serviceName":"tecnos-service"}
{"timestamp":"2024-11-25 00:38:34","thread":"main","level":"DEBUG","logger":"org.hibernate.mapping.BasicValue","message":"Skipping column re-registration: images.id","serviceName":"tecnos-service"}
{"timestamp":"2024-11-25 00:38:34","thread":"main","level":"DEBUG","logger":"org.hibernate.boot.model.internal.PropertyBinder","message":"Building property id","serviceName":"tecnos-service"}
{"timestamp":"2024-11-25 00:38:34","thread":"main","level":"DEBUG","logger":"org.hibernate.boot.model.internal.BinderHelper","message":"#makeIdGenerator(BasicValue([Column(id)]), id, org.hibernate.id.enhanced.SequenceStyleGenerator, image_sequence, ...)","serviceName":"tecnos-service"}
{"timestamp":"2024-11-25 00:38:34","thread":"main","level":"DEBUG","logger":"org.hibernate.boot.model.internal.AnnotatedColumn","message":"Binding column: AnnotatedColumn(column='type')","serviceName":"tecnos-service"}
{"timestamp":"2024-11-25 00:38:34","thread":"main","level":"DEBUG","logger":"org.hibernate.boot.model.internal.PropertyBinder","message":"MetadataSourceProcessor property type with lazy=false","serviceName":"tecnos-service"}
{"timestamp":"2024-11-25 00:38:34","thread":"main","level":"DEBUG","logger":"org.hibernate.boot.model.internal.AbstractPropertyHolder","message":"Attempting to locate auto-apply AttributeConverter for property [com.example.tecnosserver.image.model.Image:type]","serviceName":"tecnos-service"}
{"timestamp":"2024-11-25 00:38:34","thread":"main","level":"DEBUG","logger":"org.hibernate.boot.model.internal.BasicValueBinder","message":"building BasicValue for type","serviceName":"tecnos-service"}
{"timestamp":"2024-11-25 00:38:34","thread":"main","level":"DEBUG","logger":"org.hibernate.mapping.BasicValue","message":"Skipping column re-registration: images.type","serviceName":"tecnos-service"}
{"timestamp":"2024-11-25 00:38:34","thread":"main","level":"DEBUG","logger":"org.hibernate.boot.model.internal.PropertyBinder","message":"Building property type","serviceName":"tecnos-service"}
{"timestamp":"2024-11-25 00:38:34","thread":"main","level":"DEBUG","logger":"org.hibernate.boot.model.internal.AnnotatedColumn","message":"Binding column: AnnotatedColumn(column='url')","serviceName":"tecnos-service"}
{"timestamp":"2024-11-25 00:38:34","thread":"main","level":"DEBUG","logger":"org.hibernate.boot.model.internal.PropertyBinder","message":"MetadataSourceProcessor property url with lazy=false","serviceName":"tecnos-service"}
{"timestamp":"2024-11-25 00:38:34","thread":"main","level":"DEBUG","logger":"org.hibernate.boot.model.internal.AbstractPropertyHolder","message":"Attempting to locate auto-apply AttributeConverter for property [com.example.tecnosserver.image.model.Image:url]","serviceName":"tecnos-service"}
{"timestamp":"2024-11-25 00:38:34","thread":"main","level":"DEBUG","logger":"org.hibernate.boot.model.internal.BasicValueBinder","message":"building BasicValue for url","serviceName":"tecnos-service"}
{"timestamp":"2024-11-25 00:38:34","thread":"main","level":"DEBUG","logger":"org.hibernate.mapping.BasicValue","message":"Skipping column re-registration: images.url","serviceName":"tecnos-service"}
{"timestamp":"2024-11-25 00:38:34","thread":"main","level":"DEBUG","logger":"org.hibernate.boot.model.internal.PropertyBinder","message":"Building property url","serviceName":"tecnos-service"}
{"timestamp":"2024-11-25 00:38:34","thread":"main","level":"DEBUG","logger":"org.hibernate.boot.model.internal.EntityBinder","message":"Binding entity from annotated class: com.example.tecnosserver.itemcategory.model.ItemCategory","serviceName":"tecnos-service"}
{"timestamp":"2024-11-25 00:38:34","thread":"main","level":"DEBUG","logger":"org.hibernate.boot.model.internal.EntityBinder","message":"Import with entity name ItemCategory","serviceName":"tecnos-service"}
{"timestamp":"2024-11-25 00:38:34","thread":"main","level":"DEBUG","logger":"org.hibernate.boot.model.internal.EntityBinder","message":"Bind entity com.example.tecnosserver.itemcategory.model.ItemCategory on table item_categories","serviceName":"tecnos-service"}
{"timestamp":"2024-11-25 00:38:34","thread":"main","level":"DEBUG","logger":"org.hibernate.boot.model.internal.AnnotatedColumn","message":"Binding column: AnnotatedDiscriminatorColumn(column='DTYPE')","serviceName":"tecnos-service"}
{"timestamp":"2024-11-25 00:38:34","thread":"main","level":"DEBUG","logger":"org.hibernate.boot.model.internal.AnnotatedColumn","message":"Binding column: AnnotatedColumn()","serviceName":"tecnos-service"}
{"timestamp":"2024-11-25 00:38:34","thread":"main","level":"DEBUG","logger":"org.hibernate.boot.internal.ClassLoaderAccessImpl","message":"Not known whether passed class name [com.example.tecnosserver.itemcategory.model.ItemCategory] is safe","serviceName":"tecnos-service"}
{"timestamp":"2024-11-25 00:38:34","thread":"main","level":"DEBUG","logger":"org.hibernate.boot.internal.ClassLoaderAccessImpl","message":"No temp ClassLoader provided; using live ClassLoader for loading potentially unsafe class : com.example.tecnosserver.itemcategory.model.ItemCategory","serviceName":"tecnos-service"}
{"timestamp":"2024-11-25 00:38:34","thread":"main","level":"DEBUG","logger":"org.hibernate.boot.model.internal.PropertyBinder","message":"MetadataSourceProcessor property id with lazy=false","serviceName":"tecnos-service"}
{"timestamp":"2024-11-25 00:38:34","thread":"main","level":"DEBUG","logger":"org.hibernate.boot.model.internal.AbstractPropertyHolder","message":"Attempting to locate auto-apply AttributeConverter for property [com.example.tecnosserver.itemcategory.model.ItemCategory:id]","serviceName":"tecnos-service"}
{"timestamp":"2024-11-25 00:38:34","thread":"main","level":"DEBUG","logger":"org.hibernate.boot.model.internal.BasicValueBinder","message":"building BasicValue for id","serviceName":"tecnos-service"}
{"timestamp":"2024-11-25 00:38:34","thread":"main","level":"DEBUG","logger":"org.hibernate.mapping.BasicValue","message":"Skipping column re-registration: item_categories.id","serviceName":"tecnos-service"}
{"timestamp":"2024-11-25 00:38:34","thread":"main","level":"DEBUG","logger":"org.hibernate.boot.model.internal.PropertyBinder","message":"Building property id","serviceName":"tecnos-service"}
{"timestamp":"2024-11-25 00:38:34","thread":"main","level":"DEBUG","logger":"org.hibernate.boot.model.internal.BinderHelper","message":"#makeIdGenerator(BasicValue([Column(id)]), id, org.hibernate.id.enhanced.SequenceStyleGenerator, itemcategory_sequence, ...)","serviceName":"tecnos-service"}
{"timestamp":"2024-11-25 00:38:34","thread":"main","level":"DEBUG","logger":"org.hibernate.boot.model.internal.AnnotatedColumn","message":"Binding column: AnnotatedJoinColumn(column='category_id')","serviceName":"tecnos-service"}
{"timestamp":"2024-11-25 00:38:34","thread":"main","level":"DEBUG","logger":"org.hibernate.boot.model.internal.AnnotatedColumn","message":"Binding column: AnnotatedColumn()","serviceName":"tecnos-service"}
{"timestamp":"2024-11-25 00:38:34","thread":"HikariPool-1 connection adder","level":"DEBUG","logger":"com.zaxxer.hikari.pool.HikariPool","message":"HikariPool-1 - Added connection com.mysql.cj.jdbc.ConnectionImpl@5adb74","serviceName":"tecnos-service"}
{"timestamp":"2024-11-25 00:38:34","thread":"main","level":"DEBUG","logger":"org.hibernate.boot.model.internal.PropertyBinder","message":"Building property category","serviceName":"tecnos-service"}
{"timestamp":"2024-11-25 00:38:34","thread":"main","level":"DEBUG","logger":"org.hibernate.boot.model.internal.AnnotatedColumn","message":"Binding column: AnnotatedColumn(column='created_at')","serviceName":"tecnos-service"}
{"timestamp":"2024-11-25 00:38:34","thread":"main","level":"DEBUG","logger":"org.hibernate.boot.model.internal.PropertyBinder","message":"MetadataSourceProcessor property createdAt with lazy=false","serviceName":"tecnos-service"}
{"timestamp":"2024-11-25 00:38:34","thread":"main","level":"DEBUG","logger":"org.hibernate.boot.model.internal.AbstractPropertyHolder","message":"Attempting to locate auto-apply AttributeConverter for property [com.example.tecnosserver.itemcategory.model.ItemCategory:createdAt]","serviceName":"tecnos-service"}
{"timestamp":"2024-11-25 00:38:34","thread":"main","level":"DEBUG","logger":"org.hibernate.boot.model.internal.BasicValueBinder","message":"building BasicValue for createdAt","serviceName":"tecnos-service"}
{"timestamp":"2024-11-25 00:38:34","thread":"main","level":"DEBUG","logger":"org.hibernate.mapping.BasicValue","message":"Skipping column re-registration: item_categories.created_at","serviceName":"tecnos-service"}
{"timestamp":"2024-11-25 00:38:34","thread":"main","level":"DEBUG","logger":"org.hibernate.boot.model.internal.PropertyBinder","message":"Building property createdAt","serviceName":"tecnos-service"}
{"timestamp":"2024-11-25 00:38:34","thread":"main","level":"DEBUG","logger":"org.hibernate.boot.model.internal.AnnotatedColumn","message":"Binding column: AnnotatedColumn(column='name')","serviceName":"tecnos-service"}
{"timestamp":"2024-11-25 00:38:34","thread":"main","level":"DEBUG","logger":"org.hibernate.boot.model.internal.PropertyBinder","message":"MetadataSourceProcessor property name with lazy=false","serviceName":"tecnos-service"}
{"timestamp":"2024-11-25 00:38:34","thread":"main","level":"DEBUG","logger":"org.hibernate.boot.model.internal.AbstractPropertyHolder","message":"Attempting to locate auto-apply AttributeConverter for property [com.example.tecnosserver.itemcategory.model.ItemCategory:name]","serviceName":"tecnos-service"}
{"timestamp":"2024-11-25 00:38:34","thread":"main","level":"DEBUG","logger":"org.hibernate.boot.model.internal.BasicValueBinder","message":"building BasicValue for name","serviceName":"tecnos-service"}
{"timestamp":"2024-11-25 00:38:34","thread":"main","level":"DEBUG","logger":"org.hibernate.mapping.BasicValue","message":"Skipping column re-registration: item_categories.name","serviceName":"tecnos-service"}
{"timestamp":"2024-11-25 00:38:34","thread":"main","level":"DEBUG","logger":"org.hibernate.boot.model.internal.PropertyBinder","message":"Building property name","serviceName":"tecnos-service"}
{"timestamp":"2024-11-25 00:38:34","thread":"main","level":"DEBUG","logger":"org.hibernate.boot.model.internal.AnnotatedColumn","message":"Binding column: AnnotatedJoinColumn()","serviceName":"tecnos-service"}
{"timestamp":"2024-11-25 00:38:34","thread":"main","level":"DEBUG","logger":"org.hibernate.boot.model.internal.AnnotatedColumn","message":"Binding column: AnnotatedColumn()","serviceName":"tecnos-service"}
{"timestamp":"2024-11-25 00:38:34","thread":"main","level":"DEBUG","logger":"org.hibernate.boot.model.internal.AnnotatedColumn","message":"Binding column: IndexColumn(column='products_ORDER')","serviceName":"tecnos-service"}
{"timestamp":"2024-11-25 00:38:34","thread":"main","level":"DEBUG","logger":"org.hibernate.boot.model.internal.AnnotatedColumn","message":"Binding column: AnnotatedColumn()","serviceName":"tecnos-service"}
{"timestamp":"2024-11-25 00:38:34","thread":"main","level":"DEBUG","logger":"org.hibernate.boot.model.internal.AnnotatedColumn","message":"Binding column: AnnotatedColumn(column='products_KEY')","serviceName":"tecnos-service"}
{"timestamp":"2024-11-25 00:38:34","thread":"main","level":"DEBUG","logger":"org.hibernate.boot.model.internal.AnnotatedColumn","message":"Binding column: AnnotatedJoinColumn(column='products_KEY')","serviceName":"tecnos-service"}
{"timestamp":"2024-11-25 00:38:34","thread":"main","level":"DEBUG","logger":"org.hibernate.boot.model.internal.AnnotatedColumn","message":"Binding column: AnnotatedJoinColumn()","serviceName":"tecnos-service"}
{"timestamp":"2024-11-25 00:38:34","thread":"main","level":"DEBUG","logger":"org.hibernate.boot.model.internal.AnnotatedColumn","message":"Binding column: AnnotatedJoinColumn()","serviceName":"tecnos-service"}
{"timestamp":"2024-11-25 00:38:34","thread":"main","level":"DEBUG","logger":"org.hibernate.boot.model.internal.CollectionBinder","message":"Collection role: com.example.tecnosserver.itemcategory.model.ItemCategory.products","serviceName":"tecnos-service"}
{"timestamp":"2024-11-25 00:38:34","thread":"main","level":"DEBUG","logger":"org.hibernate.boot.model.internal.PropertyBinder","message":"Building property products","serviceName":"tecnos-service"}
{"timestamp":"2024-11-25 00:38:34","thread":"main","level":"DEBUG","logger":"org.hibernate.boot.model.internal.AnnotatedColumn","message":"Binding column: AnnotatedJoinColumn(column='subcategory_id')","serviceName":"tecnos-service"}
{"timestamp":"2024-11-25 00:38:34","thread":"main","level":"DEBUG","logger":"org.hibernate.boot.model.internal.AnnotatedColumn","message":"Binding column: AnnotatedColumn()","serviceName":"tecnos-service"}
{"timestamp":"2024-11-25 00:38:34","thread":"main","level":"DEBUG","logger":"org.hibernate.boot.model.internal.PropertyBinder","message":"Building property subCategory","serviceName":"tecnos-service"}
{"timestamp":"2024-11-25 00:38:34","thread":"main","level":"DEBUG","logger":"org.hibernate.boot.model.internal.AnnotatedColumn","message":"Binding column: AnnotatedColumn(column='updated_at')","serviceName":"tecnos-service"}
{"timestamp":"2024-11-25 00:38:34","thread":"main","level":"DEBUG","logger":"org.hibernate.boot.model.internal.PropertyBinder","message":"MetadataSourceProcessor property updatedAt with lazy=false","serviceName":"tecnos-service"}
{"timestamp":"2024-11-25 00:38:34","thread":"main","level":"DEBUG","logger":"org.hibernate.boot.model.internal.AbstractPropertyHolder","message":"Attempting to locate auto-apply AttributeConverter for property [com.example.tecnosserver.itemcategory.model.ItemCategory:updatedAt]","serviceName":"tecnos-service"}
{"timestamp":"2024-11-25 00:38:34","thread":"main","level":"DEBUG","logger":"org.hibernate.boot.model.internal.BasicValueBinder","message":"building BasicValue for updatedAt","serviceName":"tecnos-service"}
{"timestamp":"2024-11-25 00:38:34","thread":"main","level":"DEBUG","logger":"org.hibernate.mapping.BasicValue","message":"Skipping column re-registration: item_categories.updated_at","serviceName":"tecnos-service"}
{"timestamp":"2024-11-25 00:38:34","thread":"main","level":"DEBUG","logger":"org.hibernate.boot.model.internal.PropertyBinder","message":"Building property updatedAt","serviceName":"tecnos-service"}
{"timestamp":"2024-11-25 00:38:34","thread":"main","level":"DEBUG","logger":"org.hibernate.boot.model.internal.EntityBinder","message":"Binding entity from annotated class: com.example.tecnosserver.products.model.Product","serviceName":"tecnos-service"}
{"timestamp":"2024-11-25 00:38:34","thread":"main","level":"DEBUG","logger":"org.hibernate.boot.model.internal.EntityBinder","message":"Import with entity name Product","serviceName":"tecnos-service"}
{"timestamp":"2024-11-25 00:38:34","thread":"main","level":"DEBUG","logger":"org.hibernate.boot.model.internal.EntityBinder","message":"Bind entity com.example.tecnosserver.products.model.Product on table products","serviceName":"tecnos-service"}
{"timestamp":"2024-11-25 00:38:34","thread":"main","level":"DEBUG","logger":"org.hibernate.boot.model.internal.AnnotatedColumn","message":"Binding column: AnnotatedDiscriminatorColumn(column='DTYPE')","serviceName":"tecnos-service"}
{"timestamp":"2024-11-25 00:38:34","thread":"main","level":"DEBUG","logger":"org.hibernate.boot.model.internal.AnnotatedColumn","message":"Binding column: AnnotatedColumn()","serviceName":"tecnos-service"}
{"timestamp":"2024-11-25 00:38:34","thread":"main","level":"DEBUG","logger":"org.hibernate.boot.internal.ClassLoaderAccessImpl","message":"Not known whether passed class name [com.example.tecnosserver.products.model.Product] is safe","serviceName":"tecnos-service"}
{"timestamp":"2024-11-25 00:38:34","thread":"main","level":"DEBUG","logger":"org.hibernate.boot.internal.ClassLoaderAccessImpl","message":"No temp ClassLoader provided; using live ClassLoader for loading potentially unsafe class : com.example.tecnosserver.products.model.Product","serviceName":"tecnos-service"}
{"timestamp":"2024-11-25 00:38:34","thread":"main","level":"DEBUG","logger":"org.hibernate.boot.model.internal.PropertyBinder","message":"MetadataSourceProcessor property id with lazy=false","serviceName":"tecnos-service"}
{"timestamp":"2024-11-25 00:38:34","thread":"main","level":"DEBUG","logger":"org.hibernate.boot.model.internal.AbstractPropertyHolder","message":"Attempting to locate auto-apply AttributeConverter for property [com.example.tecnosserver.products.model.Product:id]","serviceName":"tecnos-service"}
{"timestamp":"2024-11-25 00:38:34","thread":"main","level":"DEBUG","logger":"org.hibernate.boot.model.internal.BasicValueBinder","message":"building BasicValue for id","serviceName":"tecnos-service"}
{"timestamp":"2024-11-25 00:38:34","thread":"main","level":"DEBUG","logger":"org.hibernate.mapping.BasicValue","message":"Skipping column re-registration: products.id","serviceName":"tecnos-service"}
{"timestamp":"2024-11-25 00:38:34","thread":"main","level":"DEBUG","logger":"org.hibernate.boot.model.internal.PropertyBinder","message":"Building property id","serviceName":"tecnos-service"}
{"timestamp":"2024-11-25 00:38:34","thread":"main","level":"DEBUG","logger":"org.hibernate.boot.model.internal.BinderHelper","message":"#makeIdGenerator(BasicValue([Column(id)]), id, org.hibernate.id.enhanced.SequenceStyleGenerator, product_sequence, ...)","serviceName":"tecnos-service"}
{"timestamp":"2024-11-25 00:38:34","thread":"main","level":"DEBUG","logger":"org.hibernate.boot.model.internal.AnnotatedColumn","message":"Binding column: AnnotatedColumn(column='broschure')","serviceName":"tecnos-service"}
{"timestamp":"2024-11-25 00:38:34","thread":"main","level":"DEBUG","logger":"org.hibernate.boot.model.internal.PropertyBinder","message":"MetadataSourceProcessor property broschure with lazy=false","serviceName":"tecnos-service"}
{"timestamp":"2024-11-25 00:38:34","thread":"main","level":"DEBUG","logger":"org.hibernate.boot.model.internal.AbstractPropertyHolder","message":"Attempting to locate auto-apply AttributeConverter for property [com.example.tecnosserver.products.model.Product:broschure]","serviceName":"tecnos-service"}
{"timestamp":"2024-11-25 00:38:34","thread":"main","level":"DEBUG","logger":"org.hibernate.boot.model.internal.BasicValueBinder","message":"building BasicValue for broschure","serviceName":"tecnos-service"}
{"timestamp":"2024-11-25 00:38:34","thread":"main","level":"DEBUG","logger":"org.hibernate.mapping.BasicValue","message":"Skipping column re-registration: products.broschure","serviceName":"tecnos-service"}
{"timestamp":"2024-11-25 00:38:34","thread":"main","level":"DEBUG","logger":"org.hibernate.boot.model.internal.PropertyBinder","message":"Building property broschure","serviceName":"tecnos-service"}
{"timestamp":"2024-11-25 00:38:34","thread":"main","level":"DEBUG","logger":"org.hibernate.boot.model.internal.AnnotatedColumn","message":"Binding column: AnnotatedColumn(column='catalog')","serviceName":"tecnos-service"}
{"timestamp":"2024-11-25 00:38:34","thread":"main","level":"DEBUG","logger":"org.hibernate.boot.model.internal.PropertyBinder","message":"MetadataSourceProcessor property catalog with lazy=false","serviceName":"tecnos-service"}
{"timestamp":"2024-11-25 00:38:34","thread":"main","level":"DEBUG","logger":"org.hibernate.boot.model.internal.AbstractPropertyHolder","message":"Attempting to locate auto-apply AttributeConverter for property [com.example.tecnosserver.products.model.Product:catalog]","serviceName":"tecnos-service"}
{"timestamp":"2024-11-25 00:38:34","thread":"main","level":"DEBUG","logger":"org.hibernate.boot.model.internal.BasicValueBinder","message":"building BasicValue for catalog","serviceName":"tecnos-service"}
{"timestamp":"2024-11-25 00:38:34","thread":"main","level":"DEBUG","logger":"org.hibernate.mapping.BasicValue","message":"Skipping column re-registration: products.catalog","serviceName":"tecnos-service"}
{"timestamp":"2024-11-25 00:38:34","thread":"main","level":"DEBUG","logger":"org.hibernate.boot.model.internal.PropertyBinder","message":"Building property catalog","serviceName":"tecnos-service"}
{"timestamp":"2024-11-25 00:38:34","thread":"main","level":"DEBUG","logger":"org.hibernate.boot.model.internal.AnnotatedColumn","message":"Binding column: AnnotatedJoinColumn(column='category_id')","serviceName":"tecnos-service"}
{"timestamp":"2024-11-25 00:38:34","thread":"main","level":"DEBUG","logger":"org.hibernate.boot.model.internal.AnnotatedColumn","message":"Binding column: AnnotatedColumn()","serviceName":"tecnos-service"}
{"timestamp":"2024-11-25 00:38:34","thread":"main","level":"DEBUG","logger":"org.hibernate.boot.model.internal.PropertyBinder","message":"Building property category","serviceName":"tecnos-service"}
{"timestamp":"2024-11-25 00:38:34","thread":"main","level":"DEBUG","logger":"org.hibernate.boot.model.internal.AnnotatedColumn","message":"Binding column: AnnotatedColumn(column='created_at')","serviceName":"tecnos-service"}
{"timestamp":"2024-11-25 00:38:34","thread":"main","level":"DEBUG","logger":"org.hibernate.boot.model.internal.PropertyBinder","message":"MetadataSourceProcessor property createdAt with lazy=false","serviceName":"tecnos-service"}
{"timestamp":"2024-11-25 00:38:34","thread":"main","level":"DEBUG","logger":"org.hibernate.boot.model.internal.AbstractPropertyHolder","message":"Attempting to locate auto-apply AttributeConverter for property [com.example.tecnosserver.products.model.Product:createdAt]","serviceName":"tecnos-service"}
{"timestamp":"2024-11-25 00:38:34","thread":"main","level":"DEBUG","logger":"org.hibernate.boot.model.internal.BasicValueBinder","message":"building BasicValue for createdAt","serviceName":"tecnos-service"}
{"timestamp":"2024-11-25 00:38:34","thread":"main","level":"DEBUG","logger":"org.hibernate.mapping.BasicValue","message":"Skipping column re-registration: products.created_at","serviceName":"tecnos-service"}
{"timestamp":"2024-11-25 00:38:34","thread":"main","level":"DEBUG","logger":"org.hibernate.boot.model.internal.PropertyBinder","message":"Building property createdAt","serviceName":"tecnos-service"}
{"timestamp":"2024-11-25 00:38:34","thread":"main","level":"DEBUG","logger":"org.hibernate.boot.model.internal.AnnotatedColumn","message":"Binding column: AnnotatedColumn(column='description')","serviceName":"tecnos-service"}
{"timestamp":"2024-11-25 00:38:34","thread":"main","level":"DEBUG","logger":"org.hibernate.boot.model.internal.PropertyBinder","message":"MetadataSourceProcessor property description with lazy=false","serviceName":"tecnos-service"}
{"timestamp":"2024-11-25 00:38:34","thread":"main","level":"DEBUG","logger":"org.hibernate.boot.model.internal.AbstractPropertyHolder","message":"Attempting to locate auto-apply AttributeConverter for property [com.example.tecnosserver.products.model.Product:description]","serviceName":"tecnos-service"}
{"timestamp":"2024-11-25 00:38:34","thread":"main","level":"DEBUG","logger":"org.hibernate.boot.model.internal.BasicValueBinder","message":"building BasicValue for description","serviceName":"tecnos-service"}
{"timestamp":"2024-11-25 00:38:34","thread":"main","level":"DEBUG","logger":"org.hibernate.mapping.BasicValue","message":"Skipping column re-registration: products.description","serviceName":"tecnos-service"}
{"timestamp":"2024-11-25 00:38:34","thread":"main","level":"DEBUG","logger":"org.hibernate.boot.model.internal.PropertyBinder","message":"Building property description","serviceName":"tecnos-service"}
{"timestamp":"2024-11-25 00:38:34","thread":"main","level":"DEBUG","logger":"org.hibernate.boot.model.internal.AnnotatedColumn","message":"Binding column: AnnotatedJoinColumn(column='product_id')","serviceName":"tecnos-service"}
{"timestamp":"2024-11-25 00:38:34","thread":"main","level":"DEBUG","logger":"org.hibernate.boot.model.internal.AnnotatedColumn","message":"Binding column: AnnotatedColumn()","serviceName":"tecnos-service"}
{"timestamp":"2024-11-25 00:38:34","thread":"main","level":"DEBUG","logger":"org.hibernate.boot.model.internal.AnnotatedColumn","message":"Binding column: IndexColumn(column='images_ORDER')","serviceName":"tecnos-service"}
{"timestamp":"2024-11-25 00:38:34","thread":"main","level":"DEBUG","logger":"org.hibernate.boot.model.internal.AnnotatedColumn","message":"Binding column: AnnotatedColumn()","serviceName":"tecnos-service"}
{"timestamp":"2024-11-25 00:38:34","thread":"main","level":"DEBUG","logger":"org.hibernate.boot.model.internal.AnnotatedColumn","message":"Binding column: AnnotatedColumn(column='images_KEY')","serviceName":"tecnos-service"}
{"timestamp":"2024-11-25 00:38:34","thread":"main","level":"DEBUG","logger":"org.hibernate.boot.model.internal.AnnotatedColumn","message":"Binding column: AnnotatedJoinColumn(column='images_KEY')","serviceName":"tecnos-service"}
{"timestamp":"2024-11-25 00:38:34","thread":"main","level":"DEBUG","logger":"org.hibernate.boot.model.internal.AnnotatedColumn","message":"Binding column: AnnotatedJoinColumn()","serviceName":"tecnos-service"}
{"timestamp":"2024-11-25 00:38:34","thread":"main","level":"DEBUG","logger":"org.hibernate.boot.model.internal.AnnotatedColumn","message":"Binding column: AnnotatedJoinColumn()","serviceName":"tecnos-service"}
{"timestamp":"2024-11-25 00:38:34","thread":"main","level":"DEBUG","logger":"org.hibernate.boot.model.internal.CollectionBinder","message":"Collection role: com.example.tecnosserver.products.model.Product.images","serviceName":"tecnos-service"}
{"timestamp":"2024-11-25 00:38:34","thread":"main","level":"DEBUG","logger":"org.hibernate.boot.model.internal.PropertyBinder","message":"Building property images","serviceName":"tecnos-service"}
{"timestamp":"2024-11-25 00:38:34","thread":"main","level":"DEBUG","logger":"org.hibernate.boot.model.internal.AnnotatedColumn","message":"Binding column: AnnotatedJoinColumn(column='item_category_id',referencedColumn='id')","serviceName":"tecnos-service"}
{"timestamp":"2024-11-25 00:38:34","thread":"main","level":"DEBUG","logger":"org.hibernate.boot.model.internal.AnnotatedColumn","message":"Binding column: AnnotatedColumn()","serviceName":"tecnos-service"}
{"timestamp":"2024-11-25 00:38:34","thread":"main","level":"DEBUG","logger":"org.hibernate.boot.model.internal.PropertyBinder","message":"Building property itemCategory","serviceName":"tecnos-service"}
{"timestamp":"2024-11-25 00:38:34","thread":"main","level":"DEBUG","logger":"org.hibernate.boot.model.internal.AnnotatedColumn","message":"Binding column: AnnotatedColumn(column='link_video')","serviceName":"tecnos-service"}
{"timestamp":"2024-11-25 00:38:34","thread":"main","level":"DEBUG","logger":"org.hibernate.boot.model.internal.PropertyBinder","message":"MetadataSourceProcessor property linkVideo with lazy=false","serviceName":"tecnos-service"}
{"timestamp":"2024-11-25 00:38:34","thread":"main","level":"DEBUG","logger":"org.hibernate.boot.model.internal.AbstractPropertyHolder","message":"Attempting to locate auto-apply AttributeConverter for property [com.example.tecnosserver.products.model.Product:linkVideo]","serviceName":"tecnos-service"}
{"timestamp":"2024-11-25 00:38:34","thread":"main","level":"DEBUG","logger":"org.hibernate.boot.model.internal.BasicValueBinder","message":"building BasicValue for linkVideo","serviceName":"tecnos-service"}
{"timestamp":"2024-11-25 00:38:34","thread":"main","level":"DEBUG","logger":"org.hibernate.mapping.BasicValue","message":"Skipping column re-registration: products.link_video","serviceName":"tecnos-service"}
{"timestamp":"2024-11-25 00:38:34","thread":"main","level":"DEBUG","logger":"org.hibernate.boot.model.internal.PropertyBinder","message":"Building property linkVideo","serviceName":"tecnos-service"}
{"timestamp":"2024-11-25 00:38:34","thread":"main","level":"DEBUG","logger":"org.hibernate.boot.model.internal.AnnotatedColumn","message":"Binding column: AnnotatedColumn(column='name')","serviceName":"tecnos-service"}
{"timestamp":"2024-11-25 00:38:34","thread":"main","level":"DEBUG","logger":"org.hibernate.boot.model.internal.PropertyBinder","message":"MetadataSourceProcessor property name with lazy=false","serviceName":"tecnos-service"}
{"timestamp":"2024-11-25 00:38:34","thread":"main","level":"DEBUG","logger":"org.hibernate.boot.model.internal.AbstractPropertyHolder","message":"Attempting to locate auto-apply AttributeConverter for property [com.example.tecnosserver.products.model.Product:name]","serviceName":"tecnos-service"}
{"timestamp":"2024-11-25 00:38:34","thread":"main","level":"DEBUG","logger":"org.hibernate.boot.model.internal.BasicValueBinder","message":"building BasicValue for name","serviceName":"tecnos-service"}
{"timestamp":"2024-11-25 00:38:34","thread":"main","level":"DEBUG","logger":"org.hibernate.mapping.BasicValue","message":"Skipping column re-registration: products.name","serviceName":"tecnos-service"}
{"timestamp":"2024-11-25 00:38:34","thread":"main","level":"DEBUG","logger":"org.hibernate.boot.model.internal.PropertyBinder","message":"Building property name","serviceName":"tecnos-service"}
{"timestamp":"2024-11-25 00:38:34","thread":"main","level":"DEBUG","logger":"org.hibernate.boot.model.internal.AnnotatedColumn","message":"Binding column: AnnotatedColumn(column='sku')","serviceName":"tecnos-service"}
{"timestamp":"2024-11-25 00:38:34","thread":"main","level":"DEBUG","logger":"org.hibernate.boot.model.internal.PropertyBinder","message":"MetadataSourceProcessor property sku with lazy=false","serviceName":"tecnos-service"}
{"timestamp":"2024-11-25 00:38:34","thread":"main","level":"DEBUG","logger":"org.hibernate.boot.model.internal.AbstractPropertyHolder","message":"Attempting to locate auto-apply AttributeConverter for property [com.example.tecnosserver.products.model.Product:sku]","serviceName":"tecnos-service"}
{"timestamp":"2024-11-25 00:38:34","thread":"main","level":"DEBUG","logger":"org.hibernate.boot.model.internal.BasicValueBinder","message":"building BasicValue for sku","serviceName":"tecnos-service"}
{"timestamp":"2024-11-25 00:38:34","thread":"main","level":"DEBUG","logger":"org.hibernate.mapping.BasicValue","message":"Skipping column re-registration: products.sku","serviceName":"tecnos-service"}
{"timestamp":"2024-11-25 00:38:34","thread":"main","level":"DEBUG","logger":"org.hibernate.boot.model.internal.PropertyBinder","message":"Building property sku","serviceName":"tecnos-service"}
{"timestamp":"2024-11-25 00:38:34","thread":"main","level":"DEBUG","logger":"org.hibernate.boot.model.internal.AnnotatedColumn","message":"Binding column: AnnotatedJoinColumn(column='subcategory_id')","serviceName":"tecnos-service"}
{"timestamp":"2024-11-25 00:38:34","thread":"HikariPool-1 connection adder","level":"DEBUG","logger":"com.zaxxer.hikari.pool.HikariPool","message":"HikariPool-1 - Added connection com.mysql.cj.jdbc.ConnectionImpl@3953a0a7","serviceName":"tecnos-service"}
{"timestamp":"2024-11-25 00:38:34","thread":"main","level":"DEBUG","logger":"org.hibernate.boot.model.internal.AnnotatedColumn","message":"Binding column: AnnotatedColumn()","serviceName":"tecnos-service"}
{"timestamp":"2024-11-25 00:38:34","thread":"main","level":"DEBUG","logger":"org.hibernate.boot.model.internal.PropertyBinder","message":"Building property subCategory","serviceName":"tecnos-service"}
{"timestamp":"2024-11-25 00:38:34","thread":"main","level":"DEBUG","logger":"org.hibernate.boot.model.internal.AnnotatedColumn","message":"Binding column: AnnotatedColumn(column='tehnic')","serviceName":"tecnos-service"}
{"timestamp":"2024-11-25 00:38:34","thread":"main","level":"DEBUG","logger":"org.hibernate.boot.model.internal.PropertyBinder","message":"MetadataSourceProcessor property tehnic with lazy=false","serviceName":"tecnos-service"}
{"timestamp":"2024-11-25 00:38:34","thread":"main","level":"DEBUG","logger":"org.hibernate.boot.model.internal.AbstractPropertyHolder","message":"Attempting to locate auto-apply AttributeConverter for property [com.example.tecnosserver.products.model.Product:tehnic]","serviceName":"tecnos-service"}
{"timestamp":"2024-11-25 00:38:34","thread":"main","level":"DEBUG","logger":"org.hibernate.boot.model.internal.BasicValueBinder","message":"building BasicValue for tehnic","serviceName":"tecnos-service"}
{"timestamp":"2024-11-25 00:38:34","thread":"main","level":"DEBUG","logger":"org.hibernate.mapping.BasicValue","message":"Skipping column re-registration: products.tehnic","serviceName":"tecnos-service"}
{"timestamp":"2024-11-25 00:38:34","thread":"main","level":"DEBUG","logger":"org.hibernate.boot.model.internal.PropertyBinder","message":"Building property tehnic","serviceName":"tecnos-service"}
{"timestamp":"2024-11-25 00:38:34","thread":"main","level":"DEBUG","logger":"org.hibernate.boot.model.internal.AnnotatedColumn","message":"Binding column: AnnotatedColumn(column='updated_at')","serviceName":"tecnos-service"}
{"timestamp":"2024-11-25 00:38:34","thread":"main","level":"DEBUG","logger":"org.hibernate.boot.model.internal.PropertyBinder","message":"MetadataSourceProcessor property updatedAt with lazy=false","serviceName":"tecnos-service"}
{"timestamp":"2024-11-25 00:38:34","thread":"main","level":"DEBUG","logger":"org.hibernate.boot.model.internal.AbstractPropertyHolder","message":"Attempting to locate auto-apply AttributeConverter for property [com.example.tecnosserver.products.model.Product:updatedAt]","serviceName":"tecnos-service"}
{"timestamp":"2024-11-25 00:38:34","thread":"main","level":"DEBUG","logger":"org.hibernate.boot.model.internal.BasicValueBinder","message":"building BasicValue for updatedAt","serviceName":"tecnos-service"}
{"timestamp":"2024-11-25 00:38:34","thread":"main","level":"DEBUG","logger":"org.hibernate.mapping.BasicValue","message":"Skipping column re-registration: products.updated_at","serviceName":"tecnos-service"}
{"timestamp":"2024-11-25 00:38:34","thread":"main","level":"DEBUG","logger":"org.hibernate.boot.model.internal.PropertyBinder","message":"Building property updatedAt","serviceName":"tecnos-service"}
{"timestamp":"2024-11-25 00:38:34","thread":"main","level":"DEBUG","logger":"org.hibernate.boot.model.internal.EntityBinder","message":"Binding entity from annotated class: com.example.tecnosserver.subcategory.model.SubCategory","serviceName":"tecnos-service"}
{"timestamp":"2024-11-25 00:38:34","thread":"main","level":"DEBUG","logger":"org.hibernate.boot.model.internal.EntityBinder","message":"Import with entity name SubCategory","serviceName":"tecnos-service"}
{"timestamp":"2024-11-25 00:38:34","thread":"main","level":"DEBUG","logger":"org.hibernate.boot.model.internal.EntityBinder","message":"Bind entity com.example.tecnosserver.subcategory.model.SubCategory on table subcategories","serviceName":"tecnos-service"}
{"timestamp":"2024-11-25 00:38:34","thread":"main","level":"DEBUG","logger":"org.hibernate.boot.model.internal.AnnotatedColumn","message":"Binding column: AnnotatedDiscriminatorColumn(column='DTYPE')","serviceName":"tecnos-service"}
{"timestamp":"2024-11-25 00:38:34","thread":"main","level":"DEBUG","logger":"org.hibernate.boot.model.internal.AnnotatedColumn","message":"Binding column: AnnotatedColumn()","serviceName":"tecnos-service"}
{"timestamp":"2024-11-25 00:38:34","thread":"main","level":"DEBUG","logger":"org.hibernate.boot.internal.ClassLoaderAccessImpl","message":"Not known whether passed class name [com.example.tecnosserver.subcategory.model.SubCategory] is safe","serviceName":"tecnos-service"}
{"timestamp":"2024-11-25 00:38:34","thread":"main","level":"DEBUG","logger":"org.hibernate.boot.internal.ClassLoaderAccessImpl","message":"No temp ClassLoader provided; using live ClassLoader for loading potentially unsafe class : com.example.tecnosserver.subcategory.model.SubCategory","serviceName":"tecnos-service"}
{"timestamp":"2024-11-25 00:38:34","thread":"main","level":"DEBUG","logger":"org.hibernate.boot.model.internal.PropertyBinder","message":"MetadataSourceProcessor property id with lazy=false","serviceName":"tecnos-service"}
{"timestamp":"2024-11-25 00:38:34","thread":"main","level":"DEBUG","logger":"org.hibernate.boot.model.internal.AbstractPropertyHolder","message":"Attempting to locate auto-apply AttributeConverter for property [com.example.tecnosserver.subcategory.model.SubCategory:id]","serviceName":"tecnos-service"}
{"timestamp":"2024-11-25 00:38:34","thread":"main","level":"DEBUG","logger":"org.hibernate.boot.model.internal.BasicValueBinder","message":"building BasicValue for id","serviceName":"tecnos-service"}
{"timestamp":"2024-11-25 00:38:34","thread":"main","level":"DEBUG","logger":"org.hibernate.mapping.BasicValue","message":"Skipping column re-registration: subcategories.id","serviceName":"tecnos-service"}
{"timestamp":"2024-11-25 00:38:34","thread":"main","level":"DEBUG","logger":"org.hibernate.boot.model.internal.PropertyBinder","message":"Building property id","serviceName":"tecnos-service"}
{"timestamp":"2024-11-25 00:38:34","thread":"main","level":"DEBUG","logger":"org.hibernate.boot.model.internal.BinderHelper","message":"#makeIdGenerator(BasicValue([Column(id)]), id, org.hibernate.id.enhanced.SequenceStyleGenerator, subcategory_sequence, ...)","serviceName":"tecnos-service"}
{"timestamp":"2024-11-25 00:38:34","thread":"main","level":"DEBUG","logger":"org.hibernate.boot.model.internal.AnnotatedColumn","message":"Binding column: AnnotatedJoinColumn(column='category_id')","serviceName":"tecnos-service"}
{"timestamp":"2024-11-25 00:38:34","thread":"main","level":"DEBUG","logger":"org.hibernate.boot.model.internal.AnnotatedColumn","message":"Binding column: AnnotatedColumn()","serviceName":"tecnos-service"}
{"timestamp":"2024-11-25 00:38:34","thread":"main","level":"DEBUG","logger":"org.hibernate.boot.model.internal.PropertyBinder","message":"Building property category","serviceName":"tecnos-service"}
{"timestamp":"2024-11-25 00:38:34","thread":"main","level":"DEBUG","logger":"org.hibernate.boot.model.internal.AnnotatedColumn","message":"Binding column: AnnotatedColumn(column='created_at')","serviceName":"tecnos-service"}
{"timestamp":"2024-11-25 00:38:34","thread":"main","level":"DEBUG","logger":"org.hibernate.boot.model.internal.PropertyBinder","message":"MetadataSourceProcessor property createdAt with lazy=false","serviceName":"tecnos-service"}
{"timestamp":"2024-11-25 00:38:34","thread":"main","level":"DEBUG","logger":"org.hibernate.boot.model.internal.AbstractPropertyHolder","message":"Attempting to locate auto-apply AttributeConverter for property [com.example.tecnosserver.subcategory.model.SubCategory:createdAt]","serviceName":"tecnos-service"}
{"timestamp":"2024-11-25 00:38:34","thread":"main","level":"DEBUG","logger":"org.hibernate.boot.model.internal.BasicValueBinder","message":"building BasicValue for createdAt","serviceName":"tecnos-service"}
{"timestamp":"2024-11-25 00:38:34","thread":"main","level":"DEBUG","logger":"org.hibernate.mapping.BasicValue","message":"Skipping column re-registration: subcategories.created_at","serviceName":"tecnos-service"}
{"timestamp":"2024-11-25 00:38:34","thread":"main","level":"DEBUG","logger":"org.hibernate.boot.model.internal.PropertyBinder","message":"Building property createdAt","serviceName":"tecnos-service"}
{"timestamp":"2024-11-25 00:38:34","thread":"main","level":"DEBUG","logger":"org.hibernate.boot.model.internal.AnnotatedColumn","message":"Binding column: AnnotatedJoinColumn()","serviceName":"tecnos-service"}
{"timestamp":"2024-11-25 00:38:34","thread":"main","level":"DEBUG","logger":"org.hibernate.boot.model.internal.AnnotatedColumn","message":"Binding column: AnnotatedColumn()","serviceName":"tecnos-service"}
{"timestamp":"2024-11-25 00:38:34","thread":"main","level":"DEBUG","logger":"org.hibernate.boot.model.internal.AnnotatedColumn","message":"Binding column: IndexColumn(column='itemCategories_ORDER')","serviceName":"tecnos-service"}
{"timestamp":"2024-11-25 00:38:34","thread":"main","level":"DEBUG","logger":"org.hibernate.boot.model.internal.AnnotatedColumn","message":"Binding column: AnnotatedColumn()","serviceName":"tecnos-service"}
{"timestamp":"2024-11-25 00:38:34","thread":"main","level":"DEBUG","logger":"org.hibernate.boot.model.internal.AnnotatedColumn","message":"Binding column: AnnotatedColumn(column='itemCategories_KEY')","serviceName":"tecnos-service"}
{"timestamp":"2024-11-25 00:38:34","thread":"main","level":"DEBUG","logger":"org.hibernate.boot.model.internal.AnnotatedColumn","message":"Binding column: AnnotatedJoinColumn(column='itemCategories_KEY')","serviceName":"tecnos-service"}
{"timestamp":"2024-11-25 00:38:34","thread":"main","level":"DEBUG","logger":"org.hibernate.boot.model.internal.AnnotatedColumn","message":"Binding column: AnnotatedJoinColumn()","serviceName":"tecnos-service"}
{"timestamp":"2024-11-25 00:38:34","thread":"main","level":"DEBUG","logger":"org.hibernate.boot.model.internal.AnnotatedColumn","message":"Binding column: AnnotatedJoinColumn()","serviceName":"tecnos-service"}
{"timestamp":"2024-11-25 00:38:34","thread":"main","level":"DEBUG","logger":"org.hibernate.boot.model.internal.CollectionBinder","message":"Collection role: com.example.tecnosserver.subcategory.model.SubCategory.itemCategories","serviceName":"tecnos-service"}
{"timestamp":"2024-11-25 00:38:34","thread":"main","level":"DEBUG","logger":"org.hibernate.boot.model.internal.PropertyBinder","message":"Building property itemCategories","serviceName":"tecnos-service"}
{"timestamp":"2024-11-25 00:38:34","thread":"main","level":"DEBUG","logger":"org.hibernate.boot.model.internal.AnnotatedColumn","message":"Binding column: AnnotatedColumn(column='name')","serviceName":"tecnos-service"}
{"timestamp":"2024-11-25 00:38:34","thread":"main","level":"DEBUG","logger":"org.hibernate.boot.model.internal.PropertyBinder","message":"MetadataSourceProcessor property name with lazy=false","serviceName":"tecnos-service"}
{"timestamp":"2024-11-25 00:38:34","thread":"main","level":"DEBUG","logger":"org.hibernate.boot.model.internal.AbstractPropertyHolder","message":"Attempting to locate auto-apply AttributeConverter for property [com.example.tecnosserver.subcategory.model.SubCategory:name]","serviceName":"tecnos-service"}
{"timestamp":"2024-11-25 00:38:34","thread":"main","level":"DEBUG","logger":"org.hibernate.boot.model.internal.BasicValueBinder","message":"building BasicValue for name","serviceName":"tecnos-service"}
{"timestamp":"2024-11-25 00:38:34","thread":"main","level":"DEBUG","logger":"org.hibernate.mapping.BasicValue","message":"Skipping column re-registration: subcategories.name","serviceName":"tecnos-service"}
{"timestamp":"2024-11-25 00:38:34","thread":"main","level":"DEBUG","logger":"org.hibernate.boot.model.internal.PropertyBinder","message":"Building property name","serviceName":"tecnos-service"}
{"timestamp":"2024-11-25 00:38:34","thread":"main","level":"DEBUG","logger":"org.hibernate.boot.model.internal.AnnotatedColumn","message":"Binding column: AnnotatedJoinColumn()","serviceName":"tecnos-service"}
{"timestamp":"2024-11-25 00:38:34","thread":"main","level":"DEBUG","logger":"org.hibernate.boot.model.internal.AnnotatedColumn","message":"Binding column: AnnotatedColumn()","serviceName":"tecnos-service"}
{"timestamp":"2024-11-25 00:38:34","thread":"main","level":"DEBUG","logger":"org.hibernate.boot.model.internal.AnnotatedColumn","message":"Binding column: IndexColumn(column='products_ORDER')","serviceName":"tecnos-service"}
{"timestamp":"2024-11-25 00:38:34","thread":"main","level":"DEBUG","logger":"org.hibernate.boot.model.internal.AnnotatedColumn","message":"Binding column: AnnotatedColumn()","serviceName":"tecnos-service"}
{"timestamp":"2024-11-25 00:38:34","thread":"main","level":"DEBUG","logger":"org.hibernate.boot.model.internal.AnnotatedColumn","message":"Binding column: AnnotatedColumn(column='products_KEY')","serviceName":"tecnos-service"}
{"timestamp":"2024-11-25 00:38:34","thread":"main","level":"DEBUG","logger":"org.hibernate.boot.model.internal.AnnotatedColumn","message":"Binding column: AnnotatedJoinColumn(column='products_KEY')","serviceName":"tecnos-service"}
{"timestamp":"2024-11-25 00:38:34","thread":"main","level":"DEBUG","logger":"org.hibernate.boot.model.internal.AnnotatedColumn","message":"Binding column: AnnotatedJoinColumn()","serviceName":"tecnos-service"}
{"timestamp":"2024-11-25 00:38:34","thread":"main","level":"DEBUG","logger":"org.hibernate.boot.model.internal.AnnotatedColumn","message":"Binding column: AnnotatedJoinColumn()","serviceName":"tecnos-service"}
{"timestamp":"2024-11-25 00:38:34","thread":"main","level":"DEBUG","logger":"org.hibernate.boot.model.internal.CollectionBinder","message":"Collection role: com.example.tecnosserver.subcategory.model.SubCategory.products","serviceName":"tecnos-service"}
{"timestamp":"2024-11-25 00:38:34","thread":"main","level":"DEBUG","logger":"org.hibernate.boot.model.internal.PropertyBinder","message":"Building property products","serviceName":"tecnos-service"}
{"timestamp":"2024-11-25 00:38:34","thread":"main","level":"DEBUG","logger":"org.hibernate.boot.model.internal.AnnotatedColumn","message":"Binding column: AnnotatedColumn(column='updated_at')","serviceName":"tecnos-service"}
{"timestamp":"2024-11-25 00:38:34","thread":"main","level":"DEBUG","logger":"org.hibernate.boot.model.internal.PropertyBinder","message":"MetadataSourceProcessor property updatedAt with lazy=false","serviceName":"tecnos-service"}
{"timestamp":"2024-11-25 00:38:34","thread":"main","level":"DEBUG","logger":"org.hibernate.boot.model.internal.AbstractPropertyHolder","message":"Attempting to locate auto-apply AttributeConverter for property [com.example.tecnosserver.subcategory.model.SubCategory:updatedAt]","serviceName":"tecnos-service"}
{"timestamp":"2024-11-25 00:38:34","thread":"main","level":"DEBUG","logger":"org.hibernate.boot.model.internal.BasicValueBinder","message":"building BasicValue for updatedAt","serviceName":"tecnos-service"}
{"timestamp":"2024-11-25 00:38:34","thread":"main","level":"DEBUG","logger":"org.hibernate.mapping.BasicValue","message":"Skipping column re-registration: subcategories.updated_at","serviceName":"tecnos-service"}
{"timestamp":"2024-11-25 00:38:34","thread":"main","level":"DEBUG","logger":"org.hibernate.boot.model.internal.PropertyBinder","message":"Building property updatedAt","serviceName":"tecnos-service"}
{"timestamp":"2024-11-25 00:38:34","thread":"main","level":"DEBUG","logger":"org.hibernate.boot.model.internal.EntityBinder","message":"Binding entity from annotated class: com.example.tecnosserver.user.model.User","serviceName":"tecnos-service"}
{"timestamp":"2024-11-25 00:38:34","thread":"main","level":"DEBUG","logger":"org.hibernate.boot.model.internal.EntityBinder","message":"Import with entity name User","serviceName":"tecnos-service"}
{"timestamp":"2024-11-25 00:38:34","thread":"main","level":"DEBUG","logger":"org.hibernate.boot.model.internal.EntityBinder","message":"Bind entity com.example.tecnosserver.user.model.User on table users","serviceName":"tecnos-service"}
{"timestamp":"2024-11-25 00:38:34","thread":"main","level":"DEBUG","logger":"org.hibernate.boot.model.internal.AnnotatedColumn","message":"Binding column: AnnotatedDiscriminatorColumn(column='DTYPE')","serviceName":"tecnos-service"}
{"timestamp":"2024-11-25 00:38:34","thread":"main","level":"DEBUG","logger":"org.hibernate.boot.model.internal.AnnotatedColumn","message":"Binding column: AnnotatedColumn(column='id')","serviceName":"tecnos-service"}
{"timestamp":"2024-11-25 00:38:34","thread":"main","level":"DEBUG","logger":"org.hibernate.boot.internal.ClassLoaderAccessImpl","message":"Not known whether passed class name [com.example.tecnosserver.user.model.User] is safe","serviceName":"tecnos-service"}
{"timestamp":"2024-11-25 00:38:34","thread":"main","level":"DEBUG","logger":"org.hibernate.boot.internal.ClassLoaderAccessImpl","message":"No temp ClassLoader provided; using live ClassLoader for loading potentially unsafe class : com.example.tecnosserver.user.model.User","serviceName":"tecnos-service"}
{"timestamp":"2024-11-25 00:38:34","thread":"main","level":"DEBUG","logger":"org.hibernate.boot.model.internal.PropertyBinder","message":"MetadataSourceProcessor property id with lazy=false","serviceName":"tecnos-service"}
{"timestamp":"2024-11-25 00:38:34","thread":"main","level":"DEBUG","logger":"org.hibernate.boot.model.internal.AbstractPropertyHolder","message":"Attempting to locate auto-apply AttributeConverter for property [com.example.tecnosserver.user.model.User:id]","serviceName":"tecnos-service"}
{"timestamp":"2024-11-25 00:38:34","thread":"main","level":"DEBUG","logger":"org.hibernate.boot.model.internal.BasicValueBinder","message":"building BasicValue for id","serviceName":"tecnos-service"}
{"timestamp":"2024-11-25 00:38:34","thread":"main","level":"DEBUG","logger":"org.hibernate.mapping.BasicValue","message":"Skipping column re-registration: users.id","serviceName":"tecnos-service"}
{"timestamp":"2024-11-25 00:38:34","thread":"main","level":"DEBUG","logger":"org.hibernate.boot.model.internal.PropertyBinder","message":"Building property id","serviceName":"tecnos-service"}
{"timestamp":"2024-11-25 00:38:34","thread":"main","level":"DEBUG","logger":"org.hibernate.boot.model.internal.BinderHelper","message":"#makeIdGenerator(BasicValue([Column(id)]), id, org.hibernate.id.enhanced.SequenceStyleGenerator, user_sequence, ...)","serviceName":"tecnos-service"}
{"timestamp":"2024-11-25 00:38:34","thread":"main","level":"DEBUG","logger":"org.hibernate.boot.model.internal.AnnotatedColumn","message":"Binding column: AnnotatedColumn(column='created_at')","serviceName":"tecnos-service"}
{"timestamp":"2024-11-25 00:38:34","thread":"main","level":"DEBUG","logger":"org.hibernate.boot.model.internal.PropertyBinder","message":"MetadataSourceProcessor property createdAt with lazy=false","serviceName":"tecnos-service"}
{"timestamp":"2024-11-25 00:38:34","thread":"main","level":"DEBUG","logger":"org.hibernate.boot.model.internal.AbstractPropertyHolder","message":"Attempting to locate auto-apply AttributeConverter for property [com.example.tecnosserver.user.model.User:createdAt]","serviceName":"tecnos-service"}
{"timestamp":"2024-11-25 00:38:34","thread":"main","level":"DEBUG","logger":"org.hibernate.boot.model.internal.BasicValueBinder","message":"building BasicValue for createdAt","serviceName":"tecnos-service"}
{"timestamp":"2024-11-25 00:38:34","thread":"main","level":"DEBUG","logger":"org.hibernate.mapping.BasicValue","message":"Skipping column re-registration: users.created_at","serviceName":"tecnos-service"}
{"timestamp":"2024-11-25 00:38:34","thread":"main","level":"DEBUG","logger":"org.hibernate.boot.model.internal.PropertyBinder","message":"Building property createdAt","serviceName":"tecnos-service"}
{"timestamp":"2024-11-25 00:38:34","thread":"HikariPool-1 connection adder","level":"DEBUG","logger":"com.zaxxer.hikari.pool.HikariPool","message":"HikariPool-1 - Added connection com.mysql.cj.jdbc.ConnectionImpl@412e35b3","serviceName":"tecnos-service"}
{"timestamp":"2024-11-25 00:38:34","thread":"main","level":"DEBUG","logger":"org.hibernate.boot.model.internal.AnnotatedColumn","message":"Binding column: AnnotatedColumn(column='email')","serviceName":"tecnos-service"}
{"timestamp":"2024-11-25 00:38:34","thread":"main","level":"DEBUG","logger":"org.hibernate.boot.model.internal.PropertyBinder","message":"MetadataSourceProcessor property email with lazy=false","serviceName":"tecnos-service"}
{"timestamp":"2024-11-25 00:38:34","thread":"main","level":"DEBUG","logger":"org.hibernate.boot.model.internal.AbstractPropertyHolder","message":"Attempting to locate auto-apply AttributeConverter for property [com.example.tecnosserver.user.model.User:email]","serviceName":"tecnos-service"}
{"timestamp":"2024-11-25 00:38:34","thread":"main","level":"DEBUG","logger":"org.hibernate.boot.model.internal.BasicValueBinder","message":"building BasicValue for email","serviceName":"tecnos-service"}
{"timestamp":"2024-11-25 00:38:34","thread":"main","level":"DEBUG","logger":"org.hibernate.mapping.BasicValue","message":"Skipping column re-registration: users.email","serviceName":"tecnos-service"}
{"timestamp":"2024-11-25 00:38:34","thread":"main","level":"DEBUG","logger":"org.hibernate.boot.model.internal.PropertyBinder","message":"Building property email","serviceName":"tecnos-service"}
{"timestamp":"2024-11-25 00:38:34","thread":"main","level":"DEBUG","logger":"org.hibernate.boot.model.internal.AnnotatedColumn","message":"Binding column: AnnotatedColumn(column='first_name')","serviceName":"tecnos-service"}
{"timestamp":"2024-11-25 00:38:34","thread":"main","level":"DEBUG","logger":"org.hibernate.boot.model.internal.PropertyBinder","message":"MetadataSourceProcessor property firstName with lazy=false","serviceName":"tecnos-service"}
{"timestamp":"2024-11-25 00:38:34","thread":"main","level":"DEBUG","logger":"org.hibernate.boot.model.internal.AbstractPropertyHolder","message":"Attempting to locate auto-apply AttributeConverter for property [com.example.tecnosserver.user.model.User:firstName]","serviceName":"tecnos-service"}
{"timestamp":"2024-11-25 00:38:34","thread":"main","level":"DEBUG","logger":"org.hibernate.boot.model.internal.BasicValueBinder","message":"building BasicValue for firstName","serviceName":"tecnos-service"}
{"timestamp":"2024-11-25 00:38:34","thread":"main","level":"DEBUG","logger":"org.hibernate.mapping.BasicValue","message":"Skipping column re-registration: users.first_name","serviceName":"tecnos-service"}
{"timestamp":"2024-11-25 00:38:34","thread":"main","level":"DEBUG","logger":"org.hibernate.boot.model.internal.PropertyBinder","message":"Building property firstName","serviceName":"tecnos-service"}
{"timestamp":"2024-11-25 00:38:34","thread":"main","level":"DEBUG","logger":"org.hibernate.boot.model.internal.AnnotatedColumn","message":"Binding column: AnnotatedColumn(column='last_name')","serviceName":"tecnos-service"}
{"timestamp":"2024-11-25 00:38:34","thread":"main","level":"DEBUG","logger":"org.hibernate.boot.model.internal.PropertyBinder","message":"MetadataSourceProcessor property lastName with lazy=false","serviceName":"tecnos-service"}
{"timestamp":"2024-11-25 00:38:34","thread":"main","level":"DEBUG","logger":"org.hibernate.boot.model.internal.AbstractPropertyHolder","message":"Attempting to locate auto-apply AttributeConverter for property [com.example.tecnosserver.user.model.User:lastName]","serviceName":"tecnos-service"}
{"timestamp":"2024-11-25 00:38:34","thread":"main","level":"DEBUG","logger":"org.hibernate.boot.model.internal.BasicValueBinder","message":"building BasicValue for lastName","serviceName":"tecnos-service"}
{"timestamp":"2024-11-25 00:38:34","thread":"main","level":"DEBUG","logger":"org.hibernate.mapping.BasicValue","message":"Skipping column re-registration: users.last_name","serviceName":"tecnos-service"}
{"timestamp":"2024-11-25 00:38:34","thread":"main","level":"DEBUG","logger":"org.hibernate.boot.model.internal.PropertyBinder","message":"Building property lastName","serviceName":"tecnos-service"}
{"timestamp":"2024-11-25 00:38:34","thread":"main","level":"DEBUG","logger":"org.hibernate.boot.model.internal.AnnotatedColumn","message":"Binding column: AnnotatedColumn(column='password')","serviceName":"tecnos-service"}
{"timestamp":"2024-11-25 00:38:34","thread":"main","level":"DEBUG","logger":"org.hibernate.boot.model.internal.PropertyBinder","message":"MetadataSourceProcessor property password with lazy=false","serviceName":"tecnos-service"}
{"timestamp":"2024-11-25 00:38:34","thread":"main","level":"DEBUG","logger":"org.hibernate.boot.model.internal.AbstractPropertyHolder","message":"Attempting to locate auto-apply AttributeConverter for property [com.example.tecnosserver.user.model.User:password]","serviceName":"tecnos-service"}
{"timestamp":"2024-11-25 00:38:34","thread":"main","level":"DEBUG","logger":"org.hibernate.boot.model.internal.BasicValueBinder","message":"building BasicValue for password","serviceName":"tecnos-service"}
{"timestamp":"2024-11-25 00:38:34","thread":"main","level":"DEBUG","logger":"org.hibernate.mapping.BasicValue","message":"Skipping column re-registration: users.password","serviceName":"tecnos-service"}
{"timestamp":"2024-11-25 00:38:34","thread":"main","level":"DEBUG","logger":"org.hibernate.boot.model.internal.PropertyBinder","message":"Building property password","serviceName":"tecnos-service"}
{"timestamp":"2024-11-25 00:38:34","thread":"main","level":"DEBUG","logger":"org.hibernate.boot.model.internal.AnnotatedColumn","message":"Binding column: AnnotatedColumn(column='phone_number')","serviceName":"tecnos-service"}
{"timestamp":"2024-11-25 00:38:34","thread":"main","level":"DEBUG","logger":"org.hibernate.boot.model.internal.PropertyBinder","message":"MetadataSourceProcessor property phoneNumber with lazy=false","serviceName":"tecnos-service"}
{"timestamp":"2024-11-25 00:38:34","thread":"main","level":"DEBUG","logger":"org.hibernate.boot.model.internal.AbstractPropertyHolder","message":"Attempting to locate auto-apply AttributeConverter for property [com.example.tecnosserver.user.model.User:phoneNumber]","serviceName":"tecnos-service"}
{"timestamp":"2024-11-25 00:38:34","thread":"main","level":"DEBUG","logger":"org.hibernate.boot.model.internal.BasicValueBinder","message":"building BasicValue for phoneNumber","serviceName":"tecnos-service"}
{"timestamp":"2024-11-25 00:38:34","thread":"main","level":"DEBUG","logger":"org.hibernate.mapping.BasicValue","message":"Skipping column re-registration: users.phone_number","serviceName":"tecnos-service"}
{"timestamp":"2024-11-25 00:38:34","thread":"main","level":"DEBUG","logger":"org.hibernate.boot.model.internal.PropertyBinder","message":"Building property phoneNumber","serviceName":"tecnos-service"}
{"timestamp":"2024-11-25 00:38:34","thread":"main","level":"DEBUG","logger":"org.hibernate.boot.model.internal.AnnotatedColumn","message":"Binding column: AnnotatedColumn(column='profile_url')","serviceName":"tecnos-service"}
{"timestamp":"2024-11-25 00:38:34","thread":"main","level":"DEBUG","logger":"org.hibernate.boot.model.internal.PropertyBinder","message":"MetadataSourceProcessor property profileUrl with lazy=false","serviceName":"tecnos-service"}
{"timestamp":"2024-11-25 00:38:34","thread":"main","level":"DEBUG","logger":"org.hibernate.boot.model.internal.AbstractPropertyHolder","message":"Attempting to locate auto-apply AttributeConverter for property [com.example.tecnosserver.user.model.User:profileUrl]","serviceName":"tecnos-service"}
{"timestamp":"2024-11-25 00:38:34","thread":"main","level":"DEBUG","logger":"org.hibernate.boot.model.internal.BasicValueBinder","message":"building BasicValue for profileUrl","serviceName":"tecnos-service"}
{"timestamp":"2024-11-25 00:38:34","thread":"main","level":"DEBUG","logger":"org.hibernate.mapping.BasicValue","message":"Skipping column re-registration: users.profile_url","serviceName":"tecnos-service"}
{"timestamp":"2024-11-25 00:38:34","thread":"main","level":"DEBUG","logger":"org.hibernate.boot.model.internal.PropertyBinder","message":"Building property profileUrl","serviceName":"tecnos-service"}
{"timestamp":"2024-11-25 00:38:34","thread":"main","level":"DEBUG","logger":"org.hibernate.boot.model.internal.AnnotatedColumn","message":"Binding column: AnnotatedColumn(column='registered_at')","serviceName":"tecnos-service"}
{"timestamp":"2024-11-25 00:38:34","thread":"main","level":"DEBUG","logger":"org.hibernate.boot.model.internal.PropertyBinder","message":"MetadataSourceProcessor property registeredAt with lazy=false","serviceName":"tecnos-service"}
{"timestamp":"2024-11-25 00:38:34","thread":"main","level":"DEBUG","logger":"org.hibernate.boot.model.internal.AbstractPropertyHolder","message":"Attempting to locate auto-apply AttributeConverter for property [com.example.tecnosserver.user.model.User:registeredAt]","serviceName":"tecnos-service"}
{"timestamp":"2024-11-25 00:38:34","thread":"main","level":"DEBUG","logger":"org.hibernate.boot.model.internal.BasicValueBinder","message":"building BasicValue for registeredAt","serviceName":"tecnos-service"}
{"timestamp":"2024-11-25 00:38:34","thread":"main","level":"DEBUG","logger":"org.hibernate.mapping.BasicValue","message":"Skipping column re-registration: users.registered_at","serviceName":"tecnos-service"}
{"timestamp":"2024-11-25 00:38:34","thread":"main","level":"DEBUG","logger":"org.hibernate.boot.model.internal.PropertyBinder","message":"Building property registeredAt","serviceName":"tecnos-service"}
{"timestamp":"2024-11-25 00:38:34","thread":"main","level":"DEBUG","logger":"org.hibernate.boot.model.internal.AnnotatedColumn","message":"Binding column: AnnotatedColumn(column='role')","serviceName":"tecnos-service"}
{"timestamp":"2024-11-25 00:38:34","thread":"main","level":"DEBUG","logger":"org.hibernate.boot.model.internal.PropertyBinder","message":"MetadataSourceProcessor property userRole with lazy=false","serviceName":"tecnos-service"}
{"timestamp":"2024-11-25 00:38:34","thread":"main","level":"DEBUG","logger":"org.hibernate.boot.model.internal.AbstractPropertyHolder","message":"Attempting to locate auto-apply AttributeConverter for property [com.example.tecnosserver.user.model.User:userRole]","serviceName":"tecnos-service"}
{"timestamp":"2024-11-25 00:38:34","thread":"main","level":"DEBUG","logger":"org.hibernate.boot.model.internal.BasicValueBinder","message":"building BasicValue for userRole","serviceName":"tecnos-service"}
{"timestamp":"2024-11-25 00:38:34","thread":"main","level":"DEBUG","logger":"org.hibernate.mapping.BasicValue","message":"Skipping column re-registration: users.role","serviceName":"tecnos-service"}
{"timestamp":"2024-11-25 00:38:34","thread":"main","level":"DEBUG","logger":"org.hibernate.boot.model.internal.PropertyBinder","message":"Building property userRole","serviceName":"tecnos-service"}
{"timestamp":"2024-11-25 00:38:34","thread":"main","level":"DEBUG","logger":"org.hibernate.boot.model.internal.BasicValueBinder","message":"Starting `BasicValueBinder#fillSimpleValue` for id","serviceName":"tecnos-service"}
{"timestamp":"2024-11-25 00:38:34","thread":"main","level":"DEBUG","logger":"org.hibernate.boot.model.internal.BasicValueBinder","message":"Starting `BasicValueBinder#fillSimpleValue` for createdAt","serviceName":"tecnos-service"}
{"timestamp":"2024-11-25 00:38:34","thread":"main","level":"DEBUG","logger":"org.hibernate.boot.model.internal.BasicValueBinder","message":"Starting `BasicValueBinder#fillSimpleValue` for mainSection","serviceName":"tecnos-service"}
{"timestamp":"2024-11-25 00:38:34","thread":"main","level":"DEBUG","logger":"org.hibernate.boot.model.internal.BasicValueBinder","message":"Starting `BasicValueBinder#fillSimpleValue` for name","serviceName":"tecnos-service"}
{"timestamp":"2024-11-25 00:38:34","thread":"main","level":"DEBUG","logger":"org.hibernate.boot.model.internal.BasicValueBinder","message":"Starting `BasicValueBinder#fillSimpleValue` for updatedAt","serviceName":"tecnos-service"}
{"timestamp":"2024-11-25 00:38:34","thread":"main","level":"DEBUG","logger":"org.hibernate.boot.model.internal.BasicValueBinder","message":"Starting `BasicValueBinder#fillSimpleValue` for id","serviceName":"tecnos-service"}
{"timestamp":"2024-11-25 00:38:34","thread":"main","level":"DEBUG","logger":"org.hibernate.boot.model.internal.BasicValueBinder","message":"Starting `BasicValueBinder#fillSimpleValue` for type","serviceName":"tecnos-service"}
{"timestamp":"2024-11-25 00:38:34","thread":"main","level":"DEBUG","logger":"org.hibernate.boot.model.internal.BasicValueBinder","message":"Starting `BasicValueBinder#fillSimpleValue` for url","serviceName":"tecnos-service"}
{"timestamp":"2024-11-25 00:38:34","thread":"main","level":"DEBUG","logger":"org.hibernate.boot.model.internal.BasicValueBinder","message":"Starting `BasicValueBinder#fillSimpleValue` for id","serviceName":"tecnos-service"}
{"timestamp":"2024-11-25 00:38:34","thread":"main","level":"DEBUG","logger":"org.hibernate.boot.model.internal.BasicValueBinder","message":"Starting `BasicValueBinder#fillSimpleValue` for createdAt","serviceName":"tecnos-service"}
{"timestamp":"2024-11-25 00:38:34","thread":"main","level":"DEBUG","logger":"org.hibernate.boot.model.internal.BasicValueBinder","message":"Starting `BasicValueBinder#fillSimpleValue` for name","serviceName":"tecnos-service"}
{"timestamp":"2024-11-25 00:38:34","thread":"main","level":"DEBUG","logger":"org.hibernate.boot.model.internal.BasicValueBinder","message":"Starting `BasicValueBinder#fillSimpleValue` for updatedAt","serviceName":"tecnos-service"}
{"timestamp":"2024-11-25 00:38:34","thread":"main","level":"DEBUG","logger":"org.hibernate.boot.model.internal.BasicValueBinder","message":"Starting `BasicValueBinder#fillSimpleValue` for id","serviceName":"tecnos-service"}
{"timestamp":"2024-11-25 00:38:34","thread":"main","level":"DEBUG","logger":"org.hibernate.boot.model.internal.BasicValueBinder","message":"Starting `BasicValueBinder#fillSimpleValue` for broschure","serviceName":"tecnos-service"}
{"timestamp":"2024-11-25 00:38:34","thread":"main","level":"DEBUG","logger":"org.hibernate.boot.model.internal.BasicValueBinder","message":"Starting `BasicValueBinder#fillSimpleValue` for catalog","serviceName":"tecnos-service"}
{"timestamp":"2024-11-25 00:38:34","thread":"main","level":"DEBUG","logger":"org.hibernate.boot.model.internal.BasicValueBinder","message":"Starting `BasicValueBinder#fillSimpleValue` for createdAt","serviceName":"tecnos-service"}
{"timestamp":"2024-11-25 00:38:34","thread":"main","level":"DEBUG","logger":"org.hibernate.boot.model.internal.BasicValueBinder","message":"Starting `BasicValueBinder#fillSimpleValue` for description","serviceName":"tecnos-service"}
{"timestamp":"2024-11-25 00:38:34","thread":"main","level":"DEBUG","logger":"org.hibernate.boot.model.internal.BasicValueBinder","message":"Starting `BasicValueBinder#fillSimpleValue` for linkVideo","serviceName":"tecnos-service"}
{"timestamp":"2024-11-25 00:38:34","thread":"main","level":"DEBUG","logger":"org.hibernate.boot.model.internal.BasicValueBinder","message":"Starting `BasicValueBinder#fillSimpleValue` for name","serviceName":"tecnos-service"}
{"timestamp":"2024-11-25 00:38:34","thread":"main","level":"DEBUG","logger":"org.hibernate.boot.model.internal.BasicValueBinder","message":"Starting `BasicValueBinder#fillSimpleValue` for sku","serviceName":"tecnos-service"}
{"timestamp":"2024-11-25 00:38:34","thread":"main","level":"DEBUG","logger":"org.hibernate.boot.model.internal.BasicValueBinder","message":"Starting `BasicValueBinder#fillSimpleValue` for tehnic","serviceName":"tecnos-service"}
{"timestamp":"2024-11-25 00:38:34","thread":"main","level":"DEBUG","logger":"org.hibernate.boot.model.internal.BasicValueBinder","message":"Starting `BasicValueBinder#fillSimpleValue` for updatedAt","serviceName":"tecnos-service"}
{"timestamp":"2024-11-25 00:38:34","thread":"main","level":"DEBUG","logger":"org.hibernate.boot.model.internal.BasicValueBinder","message":"Starting `BasicValueBinder#fillSimpleValue` for id","serviceName":"tecnos-service"}
{"timestamp":"2024-11-25 00:38:34","thread":"main","level":"DEBUG","logger":"org.hibernate.boot.model.internal.BasicValueBinder","message":"Starting `BasicValueBinder#fillSimpleValue` for createdAt","serviceName":"tecnos-service"}
{"timestamp":"2024-11-25 00:38:34","thread":"main","level":"DEBUG","logger":"org.hibernate.boot.model.internal.BasicValueBinder","message":"Starting `BasicValueBinder#fillSimpleValue` for name","serviceName":"tecnos-service"}
{"timestamp":"2024-11-25 00:38:34","thread":"main","level":"DEBUG","logger":"org.hibernate.boot.model.internal.BasicValueBinder","message":"Starting `BasicValueBinder#fillSimpleValue` for updatedAt","serviceName":"tecnos-service"}
{"timestamp":"2024-11-25 00:38:34","thread":"main","level":"DEBUG","logger":"org.hibernate.boot.model.internal.BasicValueBinder","message":"Starting `BasicValueBinder#fillSimpleValue` for id","serviceName":"tecnos-service"}
{"timestamp":"2024-11-25 00:38:34","thread":"main","level":"DEBUG","logger":"org.hibernate.boot.model.internal.BasicValueBinder","message":"Starting `BasicValueBinder#fillSimpleValue` for createdAt","serviceName":"tecnos-service"}
{"timestamp":"2024-11-25 00:38:34","thread":"main","level":"DEBUG","logger":"org.hibernate.boot.model.internal.BasicValueBinder","message":"Starting `BasicValueBinder#fillSimpleValue` for email","serviceName":"tecnos-service"}
{"timestamp":"2024-11-25 00:38:34","thread":"main","level":"DEBUG","logger":"org.hibernate.boot.model.internal.BasicValueBinder","message":"Starting `BasicValueBinder#fillSimpleValue` for firstName","serviceName":"tecnos-service"}
{"timestamp":"2024-11-25 00:38:34","thread":"main","level":"DEBUG","logger":"org.hibernate.boot.model.internal.BasicValueBinder","message":"Starting `BasicValueBinder#fillSimpleValue` for lastName","serviceName":"tecnos-service"}
{"timestamp":"2024-11-25 00:38:34","thread":"main","level":"DEBUG","logger":"org.hibernate.boot.model.internal.BasicValueBinder","message":"Starting `BasicValueBinder#fillSimpleValue` for password","serviceName":"tecnos-service"}
{"timestamp":"2024-11-25 00:38:34","thread":"main","level":"DEBUG","logger":"org.hibernate.boot.model.internal.BasicValueBinder","message":"Starting `BasicValueBinder#fillSimpleValue` for phoneNumber","serviceName":"tecnos-service"}
{"timestamp":"2024-11-25 00:38:34","thread":"main","level":"DEBUG","logger":"org.hibernate.boot.model.internal.BasicValueBinder","message":"Starting `BasicValueBinder#fillSimpleValue` for profileUrl","serviceName":"tecnos-service"}
{"timestamp":"2024-11-25 00:38:34","thread":"main","level":"DEBUG","logger":"org.hibernate.boot.model.internal.BasicValueBinder","message":"Starting `BasicValueBinder#fillSimpleValue` for registeredAt","serviceName":"tecnos-service"}
{"timestamp":"2024-11-25 00:38:34","thread":"main","level":"DEBUG","logger":"org.hibernate.boot.model.internal.BasicValueBinder","message":"Starting `BasicValueBinder#fillSimpleValue` for userRole","serviceName":"tecnos-service"}
{"timestamp":"2024-11-25 00:38:34","thread":"HikariPool-1 connection adder","level":"DEBUG","logger":"com.zaxxer.hikari.pool.HikariPool","message":"HikariPool-1 - Added connection com.mysql.cj.jdbc.ConnectionImpl@5fed5d7c","serviceName":"tecnos-service"}
{"timestamp":"2024-11-25 00:38:34","thread":"main","level":"DEBUG","logger":"org.hibernate.mapping.PrimaryKey","message":"Forcing column [id] to be non-null as it is part of the primary key for table [categories]","serviceName":"tecnos-service"}
{"timestamp":"2024-11-25 00:38:34","thread":"main","level":"DEBUG","logger":"org.hibernate.mapping.PrimaryKey","message":"Forcing column [id] to be non-null as it is part of the primary key for table [images]","serviceName":"tecnos-service"}
{"timestamp":"2024-11-25 00:38:34","thread":"main","level":"DEBUG","logger":"org.hibernate.mapping.PrimaryKey","message":"Forcing column [id] to be non-null as it is part of the primary key for table [item_categories]","serviceName":"tecnos-service"}
{"timestamp":"2024-11-25 00:38:34","thread":"main","level":"DEBUG","logger":"org.hibernate.mapping.PrimaryKey","message":"Forcing column [id] to be non-null as it is part of the primary key for table [products]","serviceName":"tecnos-service"}
{"timestamp":"2024-11-25 00:38:34","thread":"main","level":"DEBUG","logger":"org.hibernate.mapping.PrimaryKey","message":"Forcing column [id] to be non-null as it is part of the primary key for table [subcategories]","serviceName":"tecnos-service"}
{"timestamp":"2024-11-25 00:38:34","thread":"main","level":"DEBUG","logger":"org.hibernate.mapping.PrimaryKey","message":"Forcing column [id] to be non-null as it is part of the primary key for table [users]","serviceName":"tecnos-service"}
{"timestamp":"2024-11-25 00:38:34","thread":"main","level":"DEBUG","logger":"org.hibernate.boot.model.internal.CollectionSecondPass","message":"Second pass for collection: com.example.tecnosserver.products.model.Product.images","serviceName":"tecnos-service"}
{"timestamp":"2024-11-25 00:38:34","thread":"main","level":"DEBUG","logger":"org.hibernate.boot.model.internal.CollectionBinder","message":"Binding a OneToMany: com.example.tecnosserver.products.model.Product.images through a foreign key","serviceName":"tecnos-service"}
{"timestamp":"2024-11-25 00:38:34","thread":"main","level":"DEBUG","logger":"org.hibernate.boot.model.internal.CollectionBinder","message":"Mapping collection: com.example.tecnosserver.products.model.Product.images -> images","serviceName":"tecnos-service"}
{"timestamp":"2024-11-25 00:38:34","thread":"main","level":"DEBUG","logger":"org.hibernate.boot.model.internal.CollectionSecondPass","message":"Mapped collection key: product_id, one-to-many: com.example.tecnosserver.image.model.Image","serviceName":"tecnos-service"}
{"timestamp":"2024-11-25 00:38:34","thread":"main","level":"DEBUG","logger":"org.hibernate.boot.model.internal.CollectionSecondPass","message":"Second pass for collection: com.example.tecnosserver.category.model.Category.itemCategories","serviceName":"tecnos-service"}
{"timestamp":"2024-11-25 00:38:34","thread":"main","level":"DEBUG","logger":"org.hibernate.boot.model.internal.CollectionBinder","message":"Binding a OneToMany: com.example.tecnosserver.category.model.Category.itemCategories through a foreign key","serviceName":"tecnos-service"}
{"timestamp":"2024-11-25 00:38:34","thread":"main","level":"DEBUG","logger":"org.hibernate.boot.model.internal.CollectionBinder","message":"Mapping collection: com.example.tecnosserver.category.model.Category.itemCategories -> item_categories","serviceName":"tecnos-service"}
{"timestamp":"2024-11-25 00:38:34","thread":"main","level":"DEBUG","logger":"org.hibernate.boot.model.internal.TableBinder","message":"Retrieving property com.example.tecnosserver.itemcategory.model.ItemCategory.category","serviceName":"tecnos-service"}
{"timestamp":"2024-11-25 00:38:34","thread":"main","level":"DEBUG","logger":"org.hibernate.boot.model.internal.CollectionSecondPass","message":"Mapped collection key: category_id, one-to-many: com.example.tecnosserver.itemcategory.model.ItemCategory","serviceName":"tecnos-service"}
{"timestamp":"2024-11-25 00:38:34","thread":"main","level":"DEBUG","logger":"org.hibernate.boot.model.internal.CollectionSecondPass","message":"Second pass for collection: com.example.tecnosserver.category.model.Category.products","serviceName":"tecnos-service"}
{"timestamp":"2024-11-25 00:38:34","thread":"main","level":"DEBUG","logger":"org.hibernate.boot.model.internal.CollectionBinder","message":"Binding a OneToMany: com.example.tecnosserver.category.model.Category.products through a foreign key","serviceName":"tecnos-service"}
{"timestamp":"2024-11-25 00:38:34","thread":"main","level":"DEBUG","logger":"org.hibernate.boot.model.internal.CollectionBinder","message":"Mapping collection: com.example.tecnosserver.category.model.Category.products -> products","serviceName":"tecnos-service"}
{"timestamp":"2024-11-25 00:38:34","thread":"main","level":"DEBUG","logger":"org.hibernate.boot.model.internal.TableBinder","message":"Retrieving property com.example.tecnosserver.products.model.Product.category","serviceName":"tecnos-service"}
{"timestamp":"2024-11-25 00:38:34","thread":"main","level":"DEBUG","logger":"org.hibernate.boot.model.internal.CollectionSecondPass","message":"Mapped collection key: category_id, one-to-many: com.example.tecnosserver.products.model.Product","serviceName":"tecnos-service"}
{"timestamp":"2024-11-25 00:38:34","thread":"main","level":"DEBUG","logger":"org.hibernate.boot.model.internal.CollectionSecondPass","message":"Second pass for collection: com.example.tecnosserver.category.model.Category.subCategories","serviceName":"tecnos-service"}
{"timestamp":"2024-11-25 00:38:34","thread":"main","level":"DEBUG","logger":"org.hibernate.boot.model.internal.CollectionBinder","message":"Binding a OneToMany: com.example.tecnosserver.category.model.Category.subCategories through a foreign key","serviceName":"tecnos-service"}
{"timestamp":"2024-11-25 00:38:34","thread":"main","level":"DEBUG","logger":"org.hibernate.boot.model.internal.CollectionBinder","message":"Mapping collection: com.example.tecnosserver.category.model.Category.subCategories -> subcategories","serviceName":"tecnos-service"}
{"timestamp":"2024-11-25 00:38:34","thread":"main","level":"DEBUG","logger":"org.hibernate.boot.model.internal.TableBinder","message":"Retrieving property com.example.tecnosserver.subcategory.model.SubCategory.category","serviceName":"tecnos-service"}
{"timestamp":"2024-11-25 00:38:34","thread":"main","level":"DEBUG","logger":"org.hibernate.boot.model.internal.CollectionSecondPass","message":"Mapped collection key: category_id, one-to-many: com.example.tecnosserver.subcategory.model.SubCategory","serviceName":"tecnos-service"}
{"timestamp":"2024-11-25 00:38:34","thread":"main","level":"DEBUG","logger":"org.hibernate.boot.model.internal.CollectionSecondPass","message":"Second pass for collection: com.example.tecnosserver.itemcategory.model.ItemCategory.products","serviceName":"tecnos-service"}
{"timestamp":"2024-11-25 00:38:34","thread":"main","level":"DEBUG","logger":"org.hibernate.boot.model.internal.CollectionBinder","message":"Binding a OneToMany: com.example.tecnosserver.itemcategory.model.ItemCategory.products through a foreign key","serviceName":"tecnos-service"}
{"timestamp":"2024-11-25 00:38:34","thread":"main","level":"DEBUG","logger":"org.hibernate.boot.model.internal.CollectionBinder","message":"Mapping collection: com.example.tecnosserver.itemcategory.model.ItemCategory.products -> products","serviceName":"tecnos-service"}
{"timestamp":"2024-11-25 00:38:34","thread":"main","level":"DEBUG","logger":"org.hibernate.boot.model.internal.TableBinder","message":"Retrieving property com.example.tecnosserver.products.model.Product.itemCategory","serviceName":"tecnos-service"}
{"timestamp":"2024-11-25 00:38:34","thread":"main","level":"DEBUG","logger":"org.hibernate.boot.model.internal.CollectionSecondPass","message":"Mapped collection key: item_category_id, one-to-many: com.example.tecnosserver.products.model.Product","serviceName":"tecnos-service"}
{"timestamp":"2024-11-25 00:38:34","thread":"main","level":"DEBUG","logger":"org.hibernate.boot.model.internal.CollectionSecondPass","message":"Second pass for collection: com.example.tecnosserver.subcategory.model.SubCategory.itemCategories","serviceName":"tecnos-service"}
{"timestamp":"2024-11-25 00:38:34","thread":"main","level":"DEBUG","logger":"org.hibernate.boot.model.internal.CollectionBinder","message":"Binding a OneToMany: com.example.tecnosserver.subcategory.model.SubCategory.itemCategories through a foreign key","serviceName":"tecnos-service"}
{"timestamp":"2024-11-25 00:38:34","thread":"main","level":"DEBUG","logger":"org.hibernate.boot.model.internal.CollectionBinder","message":"Mapping collection: com.example.tecnosserver.subcategory.model.SubCategory.itemCategories -> item_categories","serviceName":"tecnos-service"}
{"timestamp":"2024-11-25 00:38:34","thread":"main","level":"DEBUG","logger":"org.hibernate.boot.model.internal.TableBinder","message":"Retrieving property com.example.tecnosserver.itemcategory.model.ItemCategory.subCategory","serviceName":"tecnos-service"}
{"timestamp":"2024-11-25 00:38:34","thread":"main","level":"DEBUG","logger":"org.hibernate.boot.model.internal.CollectionSecondPass","message":"Mapped collection key: subcategory_id, one-to-many: com.example.tecnosserver.itemcategory.model.ItemCategory","serviceName":"tecnos-service"}
{"timestamp":"2024-11-25 00:38:34","thread":"main","level":"DEBUG","logger":"org.hibernate.boot.model.internal.CollectionSecondPass","message":"Second pass for collection: com.example.tecnosserver.subcategory.model.SubCategory.products","serviceName":"tecnos-service"}
{"timestamp":"2024-11-25 00:38:34","thread":"main","level":"DEBUG","logger":"org.hibernate.boot.model.internal.CollectionBinder","message":"Binding a OneToMany: com.example.tecnosserver.subcategory.model.SubCategory.products through a foreign key","serviceName":"tecnos-service"}
{"timestamp":"2024-11-25 00:38:34","thread":"main","level":"DEBUG","logger":"org.hibernate.boot.model.internal.CollectionBinder","message":"Mapping collection: com.example.tecnosserver.subcategory.model.SubCategory.products -> products","serviceName":"tecnos-service"}
{"timestamp":"2024-11-25 00:38:34","thread":"main","level":"DEBUG","logger":"org.hibernate.boot.model.internal.TableBinder","message":"Retrieving property com.example.tecnosserver.products.model.Product.subCategory","serviceName":"tecnos-service"}
{"timestamp":"2024-11-25 00:38:34","thread":"main","level":"DEBUG","logger":"org.hibernate.boot.model.internal.CollectionSecondPass","message":"Mapped collection key: subcategory_id, one-to-many: com.example.tecnosserver.products.model.Product","serviceName":"tecnos-service"}
{"timestamp":"2024-11-25 00:38:34","thread":"main","level":"DEBUG","logger":"org.hibernate.boot.internal.InFlightMetadataCollectorImpl","message":"Resolving reference to class: com.example.tecnosserver.products.model.Product","serviceName":"tecnos-service"}
{"timestamp":"2024-11-25 00:38:34","thread":"main","level":"DEBUG","logger":"org.hibernate.boot.internal.InFlightMetadataCollectorImpl","message":"Resolving reference to class: com.example.tecnosserver.category.model.Category","serviceName":"tecnos-service"}
{"timestamp":"2024-11-25 00:38:34","thread":"main","level":"DEBUG","logger":"org.hibernate.boot.internal.InFlightMetadataCollectorImpl","message":"Resolving reference to class: com.example.tecnosserver.subcategory.model.SubCategory","serviceName":"tecnos-service"}
{"timestamp":"2024-11-25 00:38:34","thread":"main","level":"DEBUG","logger":"org.hibernate.boot.internal.InFlightMetadataCollectorImpl","message":"Resolving reference to class: com.example.tecnosserver.category.model.Category","serviceName":"tecnos-service"}
{"timestamp":"2024-11-25 00:38:34","thread":"main","level":"DEBUG","logger":"org.hibernate.boot.internal.InFlightMetadataCollectorImpl","message":"Resolving reference to class: com.example.tecnosserver.itemcategory.model.ItemCategory","serviceName":"tecnos-service"}
{"timestamp":"2024-11-25 00:38:34","thread":"main","level":"DEBUG","logger":"org.hibernate.boot.internal.InFlightMetadataCollectorImpl","message":"Resolving reference to class: com.example.tecnosserver.subcategory.model.SubCategory","serviceName":"tecnos-service"}
{"timestamp":"2024-11-25 00:38:34","thread":"main","level":"DEBUG","logger":"org.hibernate.boot.internal.InFlightMetadataCollectorImpl","message":"Resolving reference to class: com.example.tecnosserver.category.model.Category","serviceName":"tecnos-service"}
{"timestamp":"2024-11-25 00:38:34","thread":"HikariPool-1 connection adder","level":"DEBUG","logger":"com.zaxxer.hikari.pool.HikariPool","message":"HikariPool-1 - After adding stats (total=10, active=0, idle=10, waiting=0)","serviceName":"tecnos-service"}
{"timestamp":"2024-11-25 00:38:34","thread":"main","level":"DEBUG","logger":"org.hibernate.boot.internal.InFlightMetadataCollectorImpl","message":"Resolving reference to class: com.example.tecnosserver.products.model.Product","serviceName":"tecnos-service"}
{"timestamp":"2024-11-25 00:38:34","thread":"main","level":"DEBUG","logger":"org.hibernate.boot.internal.InFlightMetadataCollectorImpl","message":"Resolving reference to class: com.example.tecnosserver.category.model.Category","serviceName":"tecnos-service"}
{"timestamp":"2024-11-25 00:38:34","thread":"main","level":"DEBUG","logger":"org.hibernate.boot.internal.InFlightMetadataCollectorImpl","message":"Resolving reference to class: com.example.tecnosserver.subcategory.model.SubCategory","serviceName":"tecnos-service"}
{"timestamp":"2024-11-25 00:38:34","thread":"main","level":"DEBUG","logger":"org.hibernate.boot.internal.InFlightMetadataCollectorImpl","message":"Resolving reference to class: com.example.tecnosserver.category.model.Category","serviceName":"tecnos-service"}
{"timestamp":"2024-11-25 00:38:34","thread":"main","level":"DEBUG","logger":"org.hibernate.boot.internal.InFlightMetadataCollectorImpl","message":"Resolving reference to class: com.example.tecnosserver.itemcategory.model.ItemCategory","serviceName":"tecnos-service"}
{"timestamp":"2024-11-25 00:38:34","thread":"main","level":"DEBUG","logger":"org.hibernate.boot.internal.InFlightMetadataCollectorImpl","message":"Resolving reference to class: com.example.tecnosserver.subcategory.model.SubCategory","serviceName":"tecnos-service"}
{"timestamp":"2024-11-25 00:38:34","thread":"main","level":"DEBUG","logger":"org.hibernate.boot.internal.InFlightMetadataCollectorImpl","message":"Resolving reference to class: com.example.tecnosserver.category.model.Category","serviceName":"tecnos-service"}
{"timestamp":"2024-11-25 00:38:34","thread":"main","level":"INFO","logger":"org.hibernate.bytecode.internal.BytecodeProviderInitiator","message":"HHH000021: Bytecode provider name : bytebuddy","serviceName":"tecnos-service"}
{"timestamp":"2024-11-25 00:38:34","thread":"main","level":"DEBUG","logger":"org.hibernate.internal.SessionFactoryImpl","message":"Building session factory","serviceName":"tecnos-service"}
{"timestamp":"2024-11-25 00:38:34","thread":"main","level":"DEBUG","logger":"org.hibernate.service.internal.SessionFactoryServiceRegistryImpl","message":"EventListenerRegistry access via ServiceRegistry is deprecated.  Use `sessionFactory.getEventEngine().getListenerRegistry()` instead","serviceName":"tecnos-service"}
{"timestamp":"2024-11-25 00:38:34","thread":"main","level":"DEBUG","logger":"org.hibernate.internal.SessionFactoryImpl","message":"Instantiating SessionFactory with settings: {hibernate.format_sql=true, java.specification.version=17, sun.cpu.isalist=amd64, hibernate.resource.beans.container=org.springframework.orm.hibernate5.SpringBeanContainer@5570dc21, hibernate.connection.handling_mode=DELAYED_ACQUISITION_AND_HOLD, sun.jnu.encoding=Cp1252, hibernate.dialect=org.hibernate.dialect.MySQLDialect, hibernate.implicit_naming_strategy=org.springframework.boot.orm.jpa.hibernate.SpringImplicitNamingStrategy, java.class.path=C:\\Users\\denis\\OneDrive\\Desktop\\tecnos-project\\tecnos-server\\target\\test-classes;C:\\Users\\denis\\OneDrive\\Desktop\\tecnos-project\\tecnos-server\\target\\classes;C:\\Users\\denis\\.m2\\repository\\org\\springdoc\\springdoc-openapi-starter-webmvc-ui\\2.1.0\\springdoc-openapi-starter-webmvc-ui-2.1.0.jar;C:\\Users\\denis\\.m2\\repository\\org\\springdoc\\springdoc-openapi-starter-webmvc-api\\2.1.0\\springdoc-openapi-starter-webmvc-api-2.1.0.jar;C:\\Users\\denis\\.m2\\repository\\org\\springdoc\\springdoc-openapi-starter-common\\2.1.0\\springdoc-openapi-starter-common-2.1.0.jar;C:\\Users\\denis\\.m2\\repository\\io\\swagger\\core\\v3\\swagger-core-jakarta\\2.2.9\\swagger-core-jakarta-2.2.9.jar;C:\\Users\\denis\\.m2\\repository\\org\\apache\\commons\\commons-lang3\\3.12.0\\commons-lang3-3.12.0.jar;C:\\Users\\denis\\.m2\\repository\\io\\swagger\\core\\v3\\swagger-annotations-jakarta\\2.2.9\\swagger-annotations-jakarta-2.2.9.jar;C:\\Users\\denis\\.m2\\repository\\io\\swagger\\core\\v3\\swagger-models-jakarta\\2.2.9\\swagger-models-jakarta-2.2.9.jar;C:\\Users\\denis\\.m2\\repository\\com\\fasterxml\\jackson\\dataformat\\jackson-dataformat-yaml\\2.15.2\\jackson-dataformat-yaml-2.15.2.jar;C:\\Users\\denis\\.m2\\repository\\org\\webjars\\swagger-ui\\4.18.2\\swagger-ui-4.18.2.jar;C:\\Users\\denis\\.m2\\repository\\org\\springframework\\boot\\spring-boot-starter-data-jpa\\3.1.3\\spring-boot-starter-data-jpa-3.1.3.jar;C:\\Users\\denis\\.m2\\repository\\org\\springframework\\boot\\spring-boot-starter-aop\\3.1.3\\spring-boot-starter-aop-3.1.3.jar;C:\\Users\\denis\\.m2\\repository\\org\\aspectj\\aspectjweaver\\1.9.20\\aspectjweaver-1.9.20.jar;C:\\Users\\denis\\.m2\\repository\\org\\springframework\\boot\\spring-boot-starter-jdbc\\3.1.3\\spring-boot-starter-jdbc-3.1.3.jar;C:\\Users\\denis\\.m2\\repository\\com\\zaxxer\\HikariCP\\5.0.1\\HikariCP-5.0.1.jar;C:\\Users\\denis\\.m2\\repository\\org\\springframework\\spring-jdbc\\6.0.11\\spring-jdbc-6.0.11.jar;C:\\Users\\denis\\.m2\\repository\\org\\hibernate\\orm\\hibernate-core\\6.2.7.Final\\hibernate-core-6.2.7.Final.jar;C:\\Users\\denis\\.m2\\repository\\jakarta\\persistence\\jakarta.persistence-api\\3.1.0\\jakarta.persistence-api-3.1.0.jar;C:\\Users\\denis\\.m2\\repository\\jakarta\\transaction\\jakarta.transaction-api\\2.0.1\\jakarta.transaction-api-2.0.1.jar;C:\\Users\\denis\\.m2\\repository\\org\\jboss\\logging\\jboss-logging\\3.5.3.Final\\jboss-logging-3.5.3.Final.jar;C:\\Users\\denis\\.m2\\repository\\org\\hibernate\\common\\hibernate-commons-annotations\\6.0.6.Final\\hibernate-commons-annotations-6.0.6.Final.jar;C:\\Users\\denis\\.m2\\repository\\io\\smallrye\\jandex\\3.0.5\\jandex-3.0.5.jar;C:\\Users\\denis\\.m2\\repository\\com\\fasterxml\\classmate\\1.5.1\\classmate-1.5.1.jar;C:\\Users\\denis\\.m2\\repository\\net\\bytebuddy\\byte-buddy\\1.14.6\\byte-buddy-1.14.6.jar;C:\\Users\\denis\\.m2\\repository\\org\\glassfish\\jaxb\\jaxb-runtime\\4.0.3\\jaxb-runtime-4.0.3.jar;C:\\Users\\denis\\.m2\\repository\\org\\glassfish\\jaxb\\jaxb-core\\4.0.3\\jaxb-core-4.0.3.jar;C:\\Users\\denis\\.m2\\repository\\org\\eclipse\\angus\\angus-activation\\2.0.1\\angus-activation-2.0.1.jar;C:\\Users\\denis\\.m2\\repository\\org\\glassfish\\jaxb\\txw2\\4.0.3\\txw2-4.0.3.jar;C:\\Users\\denis\\.m2\\repository\\com\\sun\\istack\\istack-commons-runtime\\4.1.2\\istack-commons-runtime-4.1.2.jar;C:\\Users\\denis\\.m2\\repository\\jakarta\\inject\\jakarta.inject-api\\2.0.1\\jakarta.inject-api-2.0.1.jar;C:\\Users\\denis\\.m2\\repository\\org\\antlr\\antlr4-runtime\\4.10.1\\antlr4-runtime-4.10.1.jar;C:\\Users\\denis\\.m2\\repository\\org\\springframework\\data\\spring-data-jpa\\3.1.3\\spring-data-jpa-3.1.3.jar;C:\\Users\\denis\\.m2\\repository\\org\\springframework\\data\\spring-data-commons\\3.1.3\\spring-data-commons-3.1.3.jar;C:\\Users\\denis\\.m2\\repository\\org\\springframework\\spring-orm\\6.0.11\\spring-orm-6.0.11.jar;C:\\Users\\denis\\.m2\\repository\\org\\springframework\\spring-tx\\6.0.11\\spring-tx-6.0.11.jar;C:\\Users\\denis\\.m2\\repository\\jakarta\\annotation\\jakarta.annotation-api\\2.1.1\\jakarta.annotation-api-2.1.1.jar;C:\\Users\\denis\\.m2\\repository\\org\\springframework\\spring-aspects\\6.0.11\\spring-aspects-6.0.11.jar;C:\\Users\\denis\\.m2\\repository\\org\\springframework\\boot\\spring-boot-starter-actuator\\3.1.3\\spring-boot-starter-actuator-3.1.3.jar;C:\\Users\\denis\\.m2\\repository\\org\\springframework\\boot\\spring-boot-starter\\3.1.3\\spring-boot-starter-3.1.3.jar;C:\\Users\\denis\\.m2\\repository\\org\\springframework\\boot\\spring-boot\\3.1.3\\spring-boot-3.1.3.jar;C:\\Users\\denis\\.m2\\repository\\org\\springframework\\boot\\spring-boot-autoconfigure\\3.1.3\\spring-boot-autoconfigure-3.1.3.jar;C:\\Users\\denis\\.m2\\repository\\org\\yaml\\snakeyaml\\1.33\\snakeyaml-1.33.jar;C:\\Users\\denis\\.m2\\repository\\org\\springframework\\boot\\spring-boot-actuator-autoconfigure\\3.1.3\\spring-boot-actuator-autoconfigure-3.1.3.jar;C:\\Users\\denis\\.m2\\repository\\org\\springframework\\boot\\spring-boot-actuator\\3.1.3\\spring-boot-actuator-3.1.3.jar;C:\\Users\\denis\\.m2\\repository\\com\\fasterxml\\jackson\\datatype\\jackson-datatype-jsr310\\2.15.2\\jackson-datatype-jsr310-2.15.2.jar;C:\\Users\\denis\\.m2\\repository\\io\\micrometer\\micrometer-observation\\1.11.3\\micrometer-observation-1.11.3.jar;C:\\Users\\denis\\.m2\\repository\\io\\micrometer\\micrometer-commons\\1.11.3\\micrometer-commons-1.11.3.jar;C:\\Users\\denis\\.m2\\repository\\io\\micrometer\\micrometer-core\\1.11.3\\micrometer-core-1.11.3.jar;C:\\Users\\denis\\.m2\\repository\\org\\hdrhistogram\\HdrHistogram\\2.1.12\\HdrHistogram-2.1.12.jar;C:\\Users\\denis\\.m2\\repository\\org\\latencyutils\\LatencyUtils\\2.0.3\\LatencyUtils-2.0.3.jar;C:\\Users\\denis\\.m2\\repository\\io\\zipkin\\reporter2\\zipkin-reporter-brave\\2.16.3\\zipkin-reporter-brave-2.16.3.jar;C:\\Users\\denis\\.m2\\repository\\io\\zipkin\\reporter2\\zipkin-reporter\\2.16.3\\zipkin-reporter-2.16.3.jar;C:\\Users\\denis\\.m2\\repository\\io\\zipkin\\zipkin2\\zipkin\\2.23.2\\zipkin-2.23.2.jar;C:\\Users\\denis\\.m2\\repository\\io\\micrometer\\micrometer-tracing-bridge-brave\\1.1.4\\micrometer-tracing-bridge-brave-1.1.4.jar;C:\\Users\\denis\\.m2\\repository\\io\\micrometer\\micrometer-tracing\\1.1.4\\micrometer-tracing-1.1.4.jar;C:\\Users\\denis\\.m2\\repository\\io\\micrometer\\context-propagation\\1.0.5\\context-propagation-1.0.5.jar;C:\\Users\\denis\\.m2\\repository\\aopalliance\\aopalliance\\1.0\\aopalliance-1.0.jar;C:\\Users\\denis\\.m2\\repository\\org\\slf4j\\slf4j-api\\2.0.7\\slf4j-api-2.0.7.jar;C:\\Users\\denis\\.m2\\repository\\io\\zipkin\\brave\\brave\\5.15.1\\brave-5.15.1.jar;C:\\Users\\denis\\.m2\\repository\\io\\zipkin\\brave\\brave-context-slf4j\\5.15.1\\brave-context-slf4j-5.15.1.jar;C:\\Users\\denis\\.m2\\repository\\io\\zipkin\\brave\\brave-instrumentation-http\\5.15.1\\brave-instrumentation-http-5.15.1.jar;C:\\Users\\denis\\.m2\\repository\\io\\zipkin\\aws\\brave-propagation-aws\\0.23.5\\brave-propagation-aws-0.23.5.jar;C:\\Users\\denis\\.m2\\repository\\org\\springframework\\boot\\spring-boot-starter-logging\\3.1.3\\spring-boot-starter-logging-3.1.3.jar;C:\\Users\\denis\\.m2\\repository\\ch\\qos\\logback\\logback-classic\\1.4.11\\logback-classic-1.4.11.jar;C:\\Users\\denis\\.m2\\repository\\ch\\qos\\logback\\logback-core\\1.4.11\\logback-core-1.4.11.jar;C:\\Users\\denis\\.m2\\repository\\org\\apache\\logging\\log4j\\log4j-to-slf4j\\2.20.0\\log4j-to-slf4j-2.20.0.jar;C:\\Users\\denis\\.m2\\repository\\org\\apache\\logging\\log4j\\log4j-api\\2.20.0\\log4j-api-2.20.0.jar;C:\\Users\\denis\\.m2\\repository\\org\\slf4j\\jul-to-slf4j\\2.0.7\\jul-to-slf4j-2.0.7.jar;C:\\Users\\denis\\.m2\\repository\\net\\logstash\\logback\\logstash-logback-encoder\\8.0\\logstash-logback-encoder-8.0.jar;C:\\Users\\denis\\.m2\\repository\\com\\fasterxml\\jackson\\core\\jackson-databind\\2.15.2\\jackson-databind-2.15.2.jar;C:\\Users\\denis\\.m2\\repository\\com\\fasterxml\\jackson\\core\\jackson-annotations\\2.15.2\\jackson-annotations-2.15.2.jar;C:\\Users\\denis\\.m2\\repository\\com\\fasterxml\\jackson\\core\\jackson-core\\2.15.2\\jackson-core-2.15.2.jar;C:\\Users\\denis\\.m2\\repository\\org\\springframework\\boot\\spring-boot-starter-web\\3.1.3\\spring-boot-starter-web-3.1.3.jar;C:\\Users\\denis\\.m2\\repository\\org\\springframework\\boot\\spring-boot-starter-json\\3.1.3\\spring-boot-starter-json-3.1.3.jar;C:\\Users\\denis\\.m2\\repository\\com\\fasterxml\\jackson\\datatype\\jackson-datatype-jdk8\\2.15.2\\jackson-datatype-jdk8-2.15.2.jar;C:\\Users\\denis\\.m2\\repository\\com\\fasterxml\\jackson\\module\\jackson-module-parameter-names\\2.15.2\\jackson-module-parameter-names-2.15.2.jar;C:\\Users\\denis\\.m2\\repository\\org\\springframework\\boot\\spring-boot-starter-tomcat\\3.1.3\\spring-boot-starter-tomcat-3.1.3.jar;C:\\Users\\denis\\.m2\\repository\\org\\apache\\tomcat\\embed\\tomcat-embed-core\\10.1.12\\tomcat-embed-core-10.1.12.jar;C:\\Users\\denis\\.m2\\repository\\org\\apache\\tomcat\\embed\\tomcat-embed-websocket\\10.1.12\\tomcat-embed-websocket-10.1.12.jar;C:\\Users\\denis\\.m2\\repository\\org\\springframework\\spring-web\\6.0.11\\spring-web-6.0.11.jar;C:\\Users\\denis\\.m2\\repository\\org\\springframework\\spring-webmvc\\6.0.11\\spring-webmvc-6.0.11.jar;C:\\Users\\denis\\.m2\\repository\\com\\mysql\\mysql-connector-j\\8.0.33\\mysql-connector-j-8.0.33.jar;C:\\Users\\denis\\.m2\\repository\\org\\projectlombok\\lombok\\1.18.28\\lombok-1.18.28.jar;C:\\Users\\denis\\.m2\\repository\\org\\springframework\\boot\\spring-boot-starter-validation\\3.1.3\\spring-boot-starter-validation-3.1.3.jar;C:\\Users\\denis\\.m2\\repository\\org\\apache\\tomcat\\embed\\tomcat-embed-el\\10.1.12\\tomcat-embed-el-10.1.12.jar;C:\\Users\\denis\\.m2\\repository\\org\\hibernate\\validator\\hibernate-validator\\8.0.1.Final\\hibernate-validator-8.0.1.Final.jar;C:\\Users\\denis\\.m2\\repository\\jakarta\\validation\\jakarta.validation-api\\3.0.2\\jakarta.validation-api-3.0.2.jar;C:\\Users\\denis\\.m2\\repository\\com\\auth0\\java-jwt\\3.10.0\\java-jwt-3.10.0.jar;C:\\Users\\denis\\.m2\\repository\\commons-codec\\commons-codec\\1.15\\commons-codec-1.15.jar;C:\\Users\\denis\\.m2\\repository\\org\\springframework\\security\\spring-security-core\\6.1.3\\spring-security-core-6.1.3.jar;C:\\Users\\denis\\.m2\\repository\\org\\springframework\\security\\spring-security-crypto\\6.1.3\\spring-security-crypto-6.1.3.jar;C:\\Users\\denis\\.m2\\repository\\org\\springframework\\spring-aop\\6.0.11\\spring-aop-6.0.11.jar;C:\\Users\\denis\\.m2\\repository\\org\\springframework\\spring-beans\\6.0.11\\spring-beans-6.0.11.jar;C:\\Users\\denis\\.m2\\repository\\org\\springframework\\spring-context\\6.0.11\\spring-context-6.0.11.jar;C:\\Users\\denis\\.m2\\repository\\org\\springframework\\spring-core\\6.0.11\\spring-core-6.0.11.jar;C:\\Users\\denis\\.m2\\repository\\org\\springframework\\spring-jcl\\6.0.11\\spring-jcl-6.0.11.jar;C:\\Users\\denis\\.m2\\repository\\org\\springframework\\spring-expression\\6.0.11\\spring-expression-6.0.11.jar;C:\\Users\\denis\\.m2\\repository\\org\\springframework\\boot\\spring-boot-starter-security\\3.1.3\\spring-boot-starter-security-3.1.3.jar;C:\\Users\\denis\\.m2\\repository\\org\\springframework\\security\\spring-security-config\\6.1.3\\spring-security-config-6.1.3.jar;C:\\Users\\denis\\.m2\\repository\\org\\springframework\\security\\spring-security-web\\6.1.3\\spring-security-web-6.1.3.jar;C:\\Users\\denis\\.m2\\repository\\org\\springframework\\boot\\spring-boot-starter-test\\3.1.3\\spring-boot-starter-test-3.1.3.jar;C:\\Users\\denis\\.m2\\repository\\org\\springframework\\boot\\spring-boot-test\\3.1.3\\spring-boot-test-3.1.3.jar;C:\\Users\\denis\\.m2\\repository\\org\\springframework\\boot\\spring-boot-test-autoconfigure\\3.1.3\\spring-boot-test-autoconfigure-3.1.3.jar;C:\\Users\\denis\\.m2\\repository\\com\\jayway\\jsonpath\\json-path\\2.8.0\\json-path-2.8.0.jar;C:\\Users\\denis\\.m2\\repository\\jakarta\\xml\\bind\\jakarta.xml.bind-api\\4.0.0\\jakarta.xml.bind-api-4.0.0.jar;C:\\Users\\denis\\.m2\\repository\\jakarta\\activation\\jakarta.activation-api\\2.1.2\\jakarta.activation-api-2.1.2.jar;C:\\Users\\denis\\.m2\\repository\\net\\minidev\\json-smart\\2.4.11\\json-smart-2.4.11.jar;C:\\Users\\denis\\.m2\\repository\\net\\minidev\\accessors-smart\\2.4.11\\accessors-smart-2.4.11.jar;C:\\Users\\denis\\.m2\\repository\\org\\ow2\\asm\\asm\\9.3\\asm-9.3.jar;C:\\Users\\denis\\.m2\\repository\\org\\assertj\\assertj-core\\3.24.2\\assertj-core-3.24.2.jar;C:\\Users\\denis\\.m2\\repository\\org\\hamcrest\\hamcrest\\2.2\\hamcrest-2.2.jar;C:\\Users\\denis\\.m2\\repository\\org\\junit\\jupiter\\junit-jupiter\\5.9.3\\junit-jupiter-5.9.3.jar;C:\\Users\\denis\\.m2\\repository\\org\\junit\\jupiter\\junit-jupiter-api\\5.9.3\\junit-jupiter-api-5.9.3.jar;C:\\Users\\denis\\.m2\\repository\\org\\opentest4j\\opentest4j\\1.2.0\\opentest4j-1.2.0.jar;C:\\Users\\denis\\.m2\\repository\\org\\junit\\platform\\junit-platform-commons\\1.9.3\\junit-platform-commons-1.9.3.jar;C:\\Users\\denis\\.m2\\repository\\org\\apiguardian\\apiguardian-api\\1.1.2\\apiguardian-api-1.1.2.jar;C:\\Users\\denis\\.m2\\repository\\org\\junit\\jupiter\\junit-jupiter-params\\5.9.3\\junit-jupiter-params-5.9.3.jar;C:\\Users\\denis\\.m2\\repository\\org\\junit\\jupiter\\junit-jupiter-engine\\5.9.3\\junit-jupiter-engine-5.9.3.jar;C:\\Users\\denis\\.m2\\repository\\org\\junit\\platform\\junit-platform-engine\\1.9.3\\junit-platform-engine-1.9.3.jar;C:\\Users\\denis\\.m2\\repository\\org\\mockito\\mockito-core\\5.3.1\\mockito-core-5.3.1.jar;C:\\Users\\denis\\.m2\\repository\\net\\bytebuddy\\byte-buddy-agent\\1.14.6\\byte-buddy-agent-1.14.6.jar;C:\\Users\\denis\\.m2\\repository\\org\\objenesis\\objenesis\\3.3\\objenesis-3.3.jar;C:\\Users\\denis\\.m2\\repository\\org\\mockito\\mockito-junit-jupiter\\5.3.1\\mockito-junit-jupiter-5.3.1.jar;C:\\Users\\denis\\.m2\\repository\\org\\skyscreamer\\jsonassert\\1.5.1\\jsonassert-1.5.1.jar;C:\\Users\\denis\\.m2\\repository\\com\\vaadin\\external\\google\\android-json\\0.0.20131108.vaadin1\\android-json-0.0.20131108.vaadin1.jar;C:\\Users\\denis\\.m2\\repository\\org\\springframework\\spring-test\\6.0.11\\spring-test-6.0.11.jar;C:\\Users\\denis\\.m2\\repository\\org\\xmlunit\\xmlunit-core\\2.9.1\\xmlunit-core-2.9.1.jar;C:\\Users\\denis\\.m2\\repository\\com\\google\\guava\\guava\\33.0.0-jre\\guava-33.0.0-jre.jar;C:\\Users\\denis\\.m2\\repository\\com\\google\\guava\\failureaccess\\1.0.2\\failureaccess-1.0.2.jar;C:\\Users\\denis\\.m2\\repository\\com\\google\\guava\\listenablefuture\\9999.0-empty-to-avoid-conflict-with-guava\\listenablefuture-9999.0-empty-to-avoid-conflict-with-guava.jar;C:\\Users\\denis\\.m2\\repository\\com\\google\\code\\findbugs\\jsr305\\3.0.2\\jsr305-3.0.2.jar;C:\\Users\\denis\\.m2\\repository\\org\\checkerframework\\checker-qual\\3.41.0\\checker-qual-3.41.0.jar;C:\\Users\\denis\\.m2\\repository\\com\\google\\errorprone\\error_prone_annotations\\2.23.0\\error_prone_annotations-2.23.0.jar;C:\\Users\\denis\\.m2\\repository\\com\\google\\j2objc\\j2objc-annotations\\2.8\\j2objc-annotations-2.8.jar;C:\\Users\\denis\\.m2\\repository\\org\\springframework\\cloud\\spring-cloud-starter-openfeign\\4.0.4\\spring-cloud-starter-openfeign-4.0.4.jar;C:\\Users\\denis\\.m2\\repository\\org\\springframework\\cloud\\spring-cloud-starter\\4.0.4\\spring-cloud-starter-4.0.4.jar;C:\\Users\\denis\\.m2\\repository\\org\\springframework\\cloud\\spring-cloud-context\\4.0.4\\spring-cloud-context-4.0.4.jar;C:\\Users\\denis\\.m2\\repository\\org\\springframework\\security\\spring-security-rsa\\1.0.12.RELEASE\\spring-security-rsa-1.0.12.RELEASE.jar;C:\\Users\\denis\\.m2\\repository\\org\\bouncycastle\\bcpkix-jdk18on\\1.73\\bcpkix-jdk18on-1.73.jar;C:\\Users\\denis\\.m2\\repository\\org\\bouncycastle\\bcprov-jdk18on\\1.73\\bcprov-jdk18on-1.73.jar;C:\\Users\\denis\\.m2\\repository\\org\\bouncycastle\\bcutil-jdk18on\\1.73\\bcutil-jdk18on-1.73.jar;C:\\Users\\denis\\.m2\\repository\\org\\springframework\\cloud\\spring-cloud-openfeign-core\\4.0.4\\spring-cloud-openfeign-core-4.0.4.jar;C:\\Users\\denis\\.m2\\repository\\io\\github\\openfeign\\form\\feign-form-spring\\3.8.0\\feign-form-spring-3.8.0.jar;C:\\Users\\denis\\.m2\\repository\\io\\github\\openfeign\\form\\feign-form\\3.8.0\\feign-form-3.8.0.jar;C:\\Users\\denis\\.m2\\repository\\commons-fileupload\\commons-fileupload\\1.5\\commons-fileupload-1.5.jar;C:\\Users\\denis\\.m2\\repository\\commons-io\\commons-io\\2.11.0\\commons-io-2.11.0.jar;C:\\Users\\denis\\.m2\\repository\\org\\springframework\\cloud\\spring-cloud-commons\\4.0.4\\spring-cloud-commons-4.0.4.jar;C:\\Users\\denis\\.m2\\repository\\io\\github\\openfeign\\feign-core\\12.4\\feign-core-12.4.jar;C:\\Users\\denis\\.m2\\repository\\io\\github\\openfeign\\feign-slf4j\\12.4\\feign-slf4j-12.4.jar;, java.vm.vendor=Oracle Corporation, sun.arch.data.model=64, user.variant=, java.vendor.url=https://java.oracle.com/, user.timezone=Europe/Bucharest, jakarta.persistence.sharedCache.mode=UNSPECIFIED, org.jboss.logging.provider=slf4j, java.vm.specification.version=17, os.name=Windows 11, jakarta.persistence.nonJtaDataSource=HikariDataSource (HikariPool-1), sun.java.launcher=SUN_STANDARD, user.country=US, sun.boot.library.path=C:\\Program Files\\Java\\jdk-17\\bin, sun.java.command=C:\\Users\\denis\\AppData\\Local\\Temp\\surefire9005354450404331921\\surefirebooter-20241125003830749_3.jar C:\\Users\\denis\\AppData\\Local\\Temp\\surefire9005354450404331921 2024-11-25T00-38-30_652-jvmRun1 surefire-20241125003830749_1tmp surefire_0-20241125003830749_2tmp, javax.persistence.nonJtaDataSource=HikariDataSource (HikariPool-1), hibernate.transaction.jta.platform=org.hibernate.engine.transaction.jta.platform.internal.NoJtaPlatform@1477d4e6, jdk.debug=release, surefire.test.class.path=C:\\Users\\denis\\OneDrive\\Desktop\\tecnos-project\\tecnos-server\\target\\test-classes;C:\\Users\\denis\\OneDrive\\Desktop\\tecnos-project\\tecnos-server\\target\\classes;C:\\Users\\denis\\.m2\\repository\\org\\springdoc\\springdoc-openapi-starter-webmvc-ui\\2.1.0\\springdoc-openapi-starter-webmvc-ui-2.1.0.jar;C:\\Users\\denis\\.m2\\repository\\org\\springdoc\\springdoc-openapi-starter-webmvc-api\\2.1.0\\springdoc-openapi-starter-webmvc-api-2.1.0.jar;C:\\Users\\denis\\.m2\\repository\\org\\springdoc\\springdoc-openapi-starter-common\\2.1.0\\springdoc-openapi-starter-common-2.1.0.jar;C:\\Users\\denis\\.m2\\repository\\io\\swagger\\core\\v3\\swagger-core-jakarta\\2.2.9\\swagger-core-jakarta-2.2.9.jar;C:\\Users\\denis\\.m2\\repository\\org\\apache\\commons\\commons-lang3\\3.12.0\\commons-lang3-3.12.0.jar;C:\\Users\\denis\\.m2\\repository\\io\\swagger\\core\\v3\\swagger-annotations-jakarta\\2.2.9\\swagger-annotations-jakarta-2.2.9.jar;C:\\Users\\denis\\.m2\\repository\\io\\swagger\\core\\v3\\swagger-models-jakarta\\2.2.9\\swagger-models-jakarta-2.2.9.jar;C:\\Users\\denis\\.m2\\repository\\com\\fasterxml\\jackson\\dataformat\\jackson-dataformat-yaml\\2.15.2\\jackson-dataformat-yaml-2.15.2.jar;C:\\Users\\denis\\.m2\\repository\\org\\webjars\\swagger-ui\\4.18.2\\swagger-ui-4.18.2.jar;C:\\Users\\denis\\.m2\\repository\\org\\springframework\\boot\\spring-boot-starter-data-jpa\\3.1.3\\spring-boot-starter-data-jpa-3.1.3.jar;C:\\Users\\denis\\.m2\\repository\\org\\springframework\\boot\\spring-boot-starter-aop\\3.1.3\\spring-boot-starter-aop-3.1.3.jar;C:\\Users\\denis\\.m2\\repository\\org\\aspectj\\aspectjweaver\\1.9.20\\aspectjweaver-1.9.20.jar;C:\\Users\\denis\\.m2\\repository\\org\\springframework\\boot\\spring-boot-starter-jdbc\\3.1.3\\spring-boot-starter-jdbc-3.1.3.jar;C:\\Users\\denis\\.m2\\repository\\com\\zaxxer\\HikariCP\\5.0.1\\HikariCP-5.0.1.jar;C:\\Users\\denis\\.m2\\repository\\org\\springframework\\spring-jdbc\\6.0.11\\spring-jdbc-6.0.11.jar;C:\\Users\\denis\\.m2\\repository\\org\\hibernate\\orm\\hibernate-core\\6.2.7.Final\\hibernate-core-6.2.7.Final.jar;C:\\Users\\denis\\.m2\\repository\\jakarta\\persistence\\jakarta.persistence-api\\3.1.0\\jakarta.persistence-api-3.1.0.jar;C:\\Users\\denis\\.m2\\repository\\jakarta\\transaction\\jakarta.transaction-api\\2.0.1\\jakarta.transaction-api-2.0.1.jar;C:\\Users\\denis\\.m2\\repository\\org\\jboss\\logging\\jboss-logging\\3.5.3.Final\\jboss-logging-3.5.3.Final.jar;C:\\Users\\denis\\.m2\\repository\\org\\hibernate\\common\\hibernate-commons-annotations\\6.0.6.Final\\hibernate-commons-annotations-6.0.6.Final.jar;C:\\Users\\denis\\.m2\\repository\\io\\smallrye\\jandex\\3.0.5\\jandex-3.0.5.jar;C:\\Users\\denis\\.m2\\repository\\com\\fasterxml\\classmate\\1.5.1\\classmate-1.5.1.jar;C:\\Users\\denis\\.m2\\repository\\net\\bytebuddy\\byte-buddy\\1.14.6\\byte-buddy-1.14.6.jar;C:\\Users\\denis\\.m2\\repository\\org\\glassfish\\jaxb\\jaxb-runtime\\4.0.3\\jaxb-runtime-4.0.3.jar;C:\\Users\\denis\\.m2\\repository\\org\\glassfish\\jaxb\\jaxb-core\\4.0.3\\jaxb-core-4.0.3.jar;C:\\Users\\denis\\.m2\\repository\\org\\eclipse\\angus\\angus-activation\\2.0.1\\angus-activation-2.0.1.jar;C:\\Users\\denis\\.m2\\repository\\org\\glassfish\\jaxb\\txw2\\4.0.3\\txw2-4.0.3.jar;C:\\Users\\denis\\.m2\\repository\\com\\sun\\istack\\istack-commons-runtime\\4.1.2\\istack-commons-runtime-4.1.2.jar;C:\\Users\\denis\\.m2\\repository\\jakarta\\inject\\jakarta.inject-api\\2.0.1\\jakarta.inject-api-2.0.1.jar;C:\\Users\\denis\\.m2\\repository\\org\\antlr\\antlr4-runtime\\4.10.1\\antlr4-runtime-4.10.1.jar;C:\\Users\\denis\\.m2\\repository\\org\\springframework\\data\\spring-data-jpa\\3.1.3\\spring-data-jpa-3.1.3.jar;C:\\Users\\denis\\.m2\\repository\\org\\springframework\\data\\spring-data-commons\\3.1.3\\spring-data-commons-3.1.3.jar;C:\\Users\\denis\\.m2\\repository\\org\\springframework\\spring-orm\\6.0.11\\spring-orm-6.0.11.jar;C:\\Users\\denis\\.m2\\repository\\org\\springframework\\spring-tx\\6.0.11\\spring-tx-6.0.11.jar;C:\\Users\\denis\\.m2\\repository\\jakarta\\annotation\\jakarta.annotation-api\\2.1.1\\jakarta.annotation-api-2.1.1.jar;C:\\Users\\denis\\.m2\\repository\\org\\springframework\\spring-aspects\\6.0.11\\spring-aspects-6.0.11.jar;C:\\Users\\denis\\.m2\\repository\\org\\springframework\\boot\\spring-boot-starter-actuator\\3.1.3\\spring-boot-starter-actuator-3.1.3.jar;C:\\Users\\denis\\.m2\\repository\\org\\springframework\\boot\\spring-boot-starter\\3.1.3\\spring-boot-starter-3.1.3.jar;C:\\Users\\denis\\.m2\\repository\\org\\springframework\\boot\\spring-boot\\3.1.3\\spring-boot-3.1.3.jar;C:\\Users\\denis\\.m2\\repository\\org\\springframework\\boot\\spring-boot-autoconfigure\\3.1.3\\spring-boot-autoconfigure-3.1.3.jar;C:\\Users\\denis\\.m2\\repository\\org\\yaml\\snakeyaml\\1.33\\snakeyaml-1.33.jar;C:\\Users\\denis\\.m2\\repository\\org\\springframework\\boot\\spring-boot-actuator-autoconfigure\\3.1.3\\spring-boot-actuator-autoconfigure-3.1.3.jar;C:\\Users\\denis\\.m2\\repository\\org\\springframework\\boot\\spring-boot-actuator\\3.1.3\\spring-boot-actuator-3.1.3.jar;C:\\Users\\denis\\.m2\\repository\\com\\fasterxml\\jackson\\datatype\\jackson-datatype-jsr310\\2.15.2\\jackson-datatype-jsr310-2.15.2.jar;C:\\Users\\denis\\.m2\\repository\\io\\micrometer\\micrometer-observation\\1.11.3\\micrometer-observation-1.11.3.jar;C:\\Users\\denis\\.m2\\repository\\io\\micrometer\\micrometer-commons\\1.11.3\\micrometer-commons-1.11.3.jar;C:\\Users\\denis\\.m2\\repository\\io\\micrometer\\micrometer-core\\1.11.3\\micrometer-core-1.11.3.jar;C:\\Users\\denis\\.m2\\repository\\org\\hdrhistogram\\HdrHistogram\\2.1.12\\HdrHistogram-2.1.12.jar;C:\\Users\\denis\\.m2\\repository\\org\\latencyutils\\LatencyUtils\\2.0.3\\LatencyUtils-2.0.3.jar;C:\\Users\\denis\\.m2\\repository\\io\\zipkin\\reporter2\\zipkin-reporter-brave\\2.16.3\\zipkin-reporter-brave-2.16.3.jar;C:\\Users\\denis\\.m2\\repository\\io\\zipkin\\reporter2\\zipkin-reporter\\2.16.3\\zipkin-reporter-2.16.3.jar;C:\\Users\\denis\\.m2\\repository\\io\\zipkin\\zipkin2\\zipkin\\2.23.2\\zipkin-2.23.2.jar;C:\\Users\\denis\\.m2\\repository\\io\\micrometer\\micrometer-tracing-bridge-brave\\1.1.4\\micrometer-tracing-bridge-brave-1.1.4.jar;C:\\Users\\denis\\.m2\\repository\\io\\micrometer\\micrometer-tracing\\1.1.4\\micrometer-tracing-1.1.4.jar;C:\\Users\\denis\\.m2\\repository\\io\\micrometer\\context-propagation\\1.0.5\\context-propagation-1.0.5.jar;C:\\Users\\denis\\.m2\\repository\\aopalliance\\aopalliance\\1.0\\aopalliance-1.0.jar;C:\\Users\\denis\\.m2\\repository\\org\\slf4j\\slf4j-api\\2.0.7\\slf4j-api-2.0.7.jar;C:\\Users\\denis\\.m2\\repository\\io\\zipkin\\brave\\brave\\5.15.1\\brave-5.15.1.jar;C:\\Users\\denis\\.m2\\repository\\io\\zipkin\\brave\\brave-context-slf4j\\5.15.1\\brave-context-slf4j-5.15.1.jar;C:\\Users\\denis\\.m2\\repository\\io\\zipkin\\brave\\brave-instrumentation-http\\5.15.1\\brave-instrumentation-http-5.15.1.jar;C:\\Users\\denis\\.m2\\repository\\io\\zipkin\\aws\\brave-propagation-aws\\0.23.5\\brave-propagation-aws-0.23.5.jar;C:\\Users\\denis\\.m2\\repository\\org\\springframework\\boot\\spring-boot-starter-logging\\3.1.3\\spring-boot-starter-logging-3.1.3.jar;C:\\Users\\denis\\.m2\\repository\\ch\\qos\\logback\\logback-classic\\1.4.11\\logback-classic-1.4.11.jar;C:\\Users\\denis\\.m2\\repository\\ch\\qos\\logback\\logback-core\\1.4.11\\logback-core-1.4.11.jar;C:\\Users\\denis\\.m2\\repository\\org\\apache\\logging\\log4j\\log4j-to-slf4j\\2.20.0\\log4j-to-slf4j-2.20.0.jar;C:\\Users\\denis\\.m2\\repository\\org\\apache\\logging\\log4j\\log4j-api\\2.20.0\\log4j-api-2.20.0.jar;C:\\Users\\denis\\.m2\\repository\\org\\slf4j\\jul-to-slf4j\\2.0.7\\jul-to-slf4j-2.0.7.jar;C:\\Users\\denis\\.m2\\repository\\net\\logstash\\logback\\logstash-logback-encoder\\8.0\\logstash-logback-encoder-8.0.jar;C:\\Users\\denis\\.m2\\repository\\com\\fasterxml\\jackson\\core\\jackson-databind\\2.15.2\\jackson-databind-2.15.2.jar;C:\\Users\\denis\\.m2\\repository\\com\\fasterxml\\jackson\\core\\jackson-annotations\\2.15.2\\jackson-annotations-2.15.2.jar;C:\\Users\\denis\\.m2\\repository\\com\\fasterxml\\jackson\\core\\jackson-core\\2.15.2\\jackson-core-2.15.2.jar;C:\\Users\\denis\\.m2\\repository\\org\\springframework\\boot\\spring-boot-starter-web\\3.1.3\\spring-boot-starter-web-3.1.3.jar;C:\\Users\\denis\\.m2\\repository\\org\\springframework\\boot\\spring-boot-starter-json\\3.1.3\\spring-boot-starter-json-3.1.3.jar;C:\\Users\\denis\\.m2\\repository\\com\\fasterxml\\jackson\\datatype\\jackson-datatype-jdk8\\2.15.2\\jackson-datatype-jdk8-2.15.2.jar;C:\\Users\\denis\\.m2\\repository\\com\\fasterxml\\jackson\\module\\jackson-module-parameter-names\\2.15.2\\jackson-module-parameter-names-2.15.2.jar;C:\\Users\\denis\\.m2\\repository\\org\\springframework\\boot\\spring-boot-starter-tomcat\\3.1.3\\spring-boot-starter-tomcat-3.1.3.jar;C:\\Users\\denis\\.m2\\repository\\org\\apache\\tomcat\\embed\\tomcat-embed-core\\10.1.12\\tomcat-embed-core-10.1.12.jar;C:\\Users\\denis\\.m2\\repository\\org\\apache\\tomcat\\embed\\tomcat-embed-websocket\\10.1.12\\tomcat-embed-websocket-10.1.12.jar;C:\\Users\\denis\\.m2\\repository\\org\\springframework\\spring-web\\6.0.11\\spring-web-6.0.11.jar;C:\\Users\\denis\\.m2\\repository\\org\\springframework\\spring-webmvc\\6.0.11\\spring-webmvc-6.0.11.jar;C:\\Users\\denis\\.m2\\repository\\com\\mysql\\mysql-connector-j\\8.0.33\\mysql-connector-j-8.0.33.jar;C:\\Users\\denis\\.m2\\repository\\org\\projectlombok\\lombok\\1.18.28\\lombok-1.18.28.jar;C:\\Users\\denis\\.m2\\repository\\org\\springframework\\boot\\spring-boot-starter-validation\\3.1.3\\spring-boot-starter-validation-3.1.3.jar;C:\\Users\\denis\\.m2\\repository\\org\\apache\\tomcat\\embed\\tomcat-embed-el\\10.1.12\\tomcat-embed-el-10.1.12.jar;C:\\Users\\denis\\.m2\\repository\\org\\hibernate\\validator\\hibernate-validator\\8.0.1.Final\\hibernate-validator-8.0.1.Final.jar;C:\\Users\\denis\\.m2\\repository\\jakarta\\validation\\jakarta.validation-api\\3.0.2\\jakarta.validation-api-3.0.2.jar;C:\\Users\\denis\\.m2\\repository\\com\\auth0\\java-jwt\\3.10.0\\java-jwt-3.10.0.jar;C:\\Users\\denis\\.m2\\repository\\commons-codec\\commons-codec\\1.15\\commons-codec-1.15.jar;C:\\Users\\denis\\.m2\\repository\\org\\springframework\\security\\spring-security-core\\6.1.3\\spring-security-core-6.1.3.jar;C:\\Users\\denis\\.m2\\repository\\org\\springframework\\security\\spring-security-crypto\\6.1.3\\spring-security-crypto-6.1.3.jar;C:\\Users\\denis\\.m2\\repository\\org\\springframework\\spring-aop\\6.0.11\\spring-aop-6.0.11.jar;C:\\Users\\denis\\.m2\\repository\\org\\springframework\\spring-beans\\6.0.11\\spring-beans-6.0.11.jar;C:\\Users\\denis\\.m2\\repository\\org\\springframework\\spring-context\\6.0.11\\spring-context-6.0.11.jar;C:\\Users\\denis\\.m2\\repository\\org\\springframework\\spring-core\\6.0.11\\spring-core-6.0.11.jar;C:\\Users\\denis\\.m2\\repository\\org\\springframework\\spring-jcl\\6.0.11\\spring-jcl-6.0.11.jar;C:\\Users\\denis\\.m2\\repository\\org\\springframework\\spring-expression\\6.0.11\\spring-expression-6.0.11.jar;C:\\Users\\denis\\.m2\\repository\\org\\springframework\\boot\\spring-boot-starter-security\\3.1.3\\spring-boot-starter-security-3.1.3.jar;C:\\Users\\denis\\.m2\\repository\\org\\springframework\\security\\spring-security-config\\6.1.3\\spring-security-config-6.1.3.jar;C:\\Users\\denis\\.m2\\repository\\org\\springframework\\security\\spring-security-web\\6.1.3\\spring-security-web-6.1.3.jar;C:\\Users\\denis\\.m2\\repository\\org\\springframework\\boot\\spring-boot-starter-test\\3.1.3\\spring-boot-starter-test-3.1.3.jar;C:\\Users\\denis\\.m2\\repository\\org\\springframework\\boot\\spring-boot-test\\3.1.3\\spring-boot-test-3.1.3.jar;C:\\Users\\denis\\.m2\\repository\\org\\springframework\\boot\\spring-boot-test-autoconfigure\\3.1.3\\spring-boot-test-autoconfigure-3.1.3.jar;C:\\Users\\denis\\.m2\\repository\\com\\jayway\\jsonpath\\json-path\\2.8.0\\json-path-2.8.0.jar;C:\\Users\\denis\\.m2\\repository\\jakarta\\xml\\bind\\jakarta.xml.bind-api\\4.0.0\\jakarta.xml.bind-api-4.0.0.jar;C:\\Users\\denis\\.m2\\repository\\jakarta\\activation\\jakarta.activation-api\\2.1.2\\jakarta.activation-api-2.1.2.jar;C:\\Users\\denis\\.m2\\repository\\net\\minidev\\json-smart\\2.4.11\\json-smart-2.4.11.jar;C:\\Users\\denis\\.m2\\repository\\net\\minidev\\accessors-smart\\2.4.11\\accessors-smart-2.4.11.jar;C:\\Users\\denis\\.m2\\repository\\org\\ow2\\asm\\asm\\9.3\\asm-9.3.jar;C:\\Users\\denis\\.m2\\repository\\org\\assertj\\assertj-core\\3.24.2\\assertj-core-3.24.2.jar;C:\\Users\\denis\\.m2\\repository\\org\\hamcrest\\hamcrest\\2.2\\hamcrest-2.2.jar;C:\\Users\\denis\\.m2\\repository\\org\\junit\\jupiter\\junit-jupiter\\5.9.3\\junit-jupiter-5.9.3.jar;C:\\Users\\denis\\.m2\\repository\\org\\junit\\jupiter\\junit-jupiter-api\\5.9.3\\junit-jupiter-api-5.9.3.jar;C:\\Users\\denis\\.m2\\repository\\org\\opentest4j\\opentest4j\\1.2.0\\opentest4j-1.2.0.jar;C:\\Users\\denis\\.m2\\repository\\org\\junit\\platform\\junit-platform-commons\\1.9.3\\junit-platform-commons-1.9.3.jar;C:\\Users\\denis\\.m2\\repository\\org\\apiguardian\\apiguardian-api\\1.1.2\\apiguardian-api-1.1.2.jar;C:\\Users\\denis\\.m2\\repository\\org\\junit\\jupiter\\junit-jupiter-params\\5.9.3\\junit-jupiter-params-5.9.3.jar;C:\\Users\\denis\\.m2\\repository\\org\\junit\\jupiter\\junit-jupiter-engine\\5.9.3\\junit-jupiter-engine-5.9.3.jar;C:\\Users\\denis\\.m2\\repository\\org\\junit\\platform\\junit-platform-engine\\1.9.3\\junit-platform-engine-1.9.3.jar;C:\\Users\\denis\\.m2\\repository\\org\\mockito\\mockito-core\\5.3.1\\mockito-core-5.3.1.jar;C:\\Users\\denis\\.m2\\repository\\net\\bytebuddy\\byte-buddy-agent\\1.14.6\\byte-buddy-agent-1.14.6.jar;C:\\Users\\denis\\.m2\\repository\\org\\objenesis\\objenesis\\3.3\\objenesis-3.3.jar;C:\\Users\\denis\\.m2\\repository\\org\\mockito\\mockito-junit-jupiter\\5.3.1\\mockito-junit-jupiter-5.3.1.jar;C:\\Users\\denis\\.m2\\repository\\org\\skyscreamer\\jsonassert\\1.5.1\\jsonassert-1.5.1.jar;C:\\Users\\denis\\.m2\\repository\\com\\vaadin\\external\\google\\android-json\\0.0.20131108.vaadin1\\android-json-0.0.20131108.vaadin1.jar;C:\\Users\\denis\\.m2\\repository\\org\\springframework\\spring-test\\6.0.11\\spring-test-6.0.11.jar;C:\\Users\\denis\\.m2\\repository\\org\\xmlunit\\xmlunit-core\\2.9.1\\xmlunit-core-2.9.1.jar;C:\\Users\\denis\\.m2\\repository\\com\\google\\guava\\guava\\33.0.0-jre\\guava-33.0.0-jre.jar;C:\\Users\\denis\\.m2\\repository\\com\\google\\guava\\failureaccess\\1.0.2\\failureaccess-1.0.2.jar;C:\\Users\\denis\\.m2\\repository\\com\\google\\guava\\listenablefuture\\9999.0-empty-to-avoid-conflict-with-guava\\listenablefuture-9999.0-empty-to-avoid-conflict-with-guava.jar;C:\\Users\\denis\\.m2\\repository\\com\\google\\code\\findbugs\\jsr305\\3.0.2\\jsr305-3.0.2.jar;C:\\Users\\denis\\.m2\\repository\\org\\checkerframework\\checker-qual\\3.41.0\\checker-qual-3.41.0.jar;C:\\Users\\denis\\.m2\\repository\\com\\google\\errorprone\\error_prone_annotations\\2.23.0\\error_prone_annotations-2.23.0.jar;C:\\Users\\denis\\.m2\\repository\\com\\google\\j2objc\\j2objc-annotations\\2.8\\j2objc-annotations-2.8.jar;C:\\Users\\denis\\.m2\\repository\\org\\springframework\\cloud\\spring-cloud-starter-openfeign\\4.0.4\\spring-cloud-starter-openfeign-4.0.4.jar;C:\\Users\\denis\\.m2\\repository\\org\\springframework\\cloud\\spring-cloud-starter\\4.0.4\\spring-cloud-starter-4.0.4.jar;C:\\Users\\denis\\.m2\\repository\\org\\springframework\\cloud\\spring-cloud-context\\4.0.4\\spring-cloud-context-4.0.4.jar;C:\\Users\\denis\\.m2\\repository\\org\\springframework\\security\\spring-security-rsa\\1.0.12.RELEASE\\spring-security-rsa-1.0.12.RELEASE.jar;C:\\Users\\denis\\.m2\\repository\\org\\bouncycastle\\bcpkix-jdk18on\\1.73\\bcpkix-jdk18on-1.73.jar;C:\\Users\\denis\\.m2\\repository\\org\\bouncycastle\\bcprov-jdk18on\\1.73\\bcprov-jdk18on-1.73.jar;C:\\Users\\denis\\.m2\\repository\\org\\bouncycastle\\bcutil-jdk18on\\1.73\\bcutil-jdk18on-1.73.jar;C:\\Users\\denis\\.m2\\repository\\org\\springframework\\cloud\\spring-cloud-openfeign-core\\4.0.4\\spring-cloud-openfeign-core-4.0.4.jar;C:\\Users\\denis\\.m2\\repository\\io\\github\\openfeign\\form\\feign-form-spring\\3.8.0\\feign-form-spring-3.8.0.jar;C:\\Users\\denis\\.m2\\repository\\io\\github\\openfeign\\form\\feign-form\\3.8.0\\feign-form-3.8.0.jar;C:\\Users\\denis\\.m2\\repository\\commons-fileupload\\commons-fileupload\\1.5\\commons-fileupload-1.5.jar;C:\\Users\\denis\\.m2\\repository\\commons-io\\commons-io\\2.11.0\\commons-io-2.11.0.jar;C:\\Users\\denis\\.m2\\repository\\org\\springframework\\cloud\\spring-cloud-commons\\4.0.4\\spring-cloud-commons-4.0.4.jar;C:\\Users\\denis\\.m2\\repository\\io\\github\\openfeign\\feign-core\\12.4\\feign-core-12.4.jar;C:\\Users\\denis\\.m2\\repository\\io\\github\\openfeign\\feign-slf4j\\12.4\\feign-slf4j-12.4.jar;, sun.cpu.endian=little, hibernate.cdi.extensions=true, user.home=C:\\Users\\denis, user.language=en, java.specification.vendor=Oracle Corporation, java.version.date=2023-07-18, java.home=C:\\Program Files\\Java\\jdk-17, file.separator=\\, basedir=C:\\Users\\denis\\OneDrive\\Desktop\\tecnos-project\\tecnos-server, java.vm.compressedOopsMode=Zero based, line.separator=\r\n, hibernate.persistenceUnitName=default, java.vm.specification.vendor=Oracle Corporation, java.specification.name=Java Platform API Specification, FILE_LOG_CHARSET=windows-1252, hibernate.transaction.coordinator_class=class org.hibernate.resource.transaction.backend.jdbc.internal.JdbcResourceLocalTransactionCoordinatorBuilderImpl, java.awt.headless=true, surefire.real.class.path=C:\\Users\\denis\\AppData\\Local\\Temp\\surefire9005354450404331921\\surefirebooter-20241125003830749_3.jar, jakarta.persistence.validation.mode=AUTO, hibernate.hbm2ddl.auto=update, user.script=, sun.management.compiler=HotSpot 64-Bit Tiered Compilers, java.runtime.version=17.0.8+9-LTS-211, user.name=denis, path.separator=;, os.version=10.0, java.runtime.name=Java(TM) SE Runtime Environment, file.encoding=Cp1252, java.vm.name=Java HotSpot(TM) 64-Bit Server VM, hibernate.show_sql=true, localRepository=C:\\Users\\denis\\.m2\\repository, java.vendor.url.bug=https://bugreport.java.com/bugreport/, java.io.tmpdir=C:\\Users\\denis\\AppData\\Local\\Temp\\, java.version=17.0.8, hibernate.physical_naming_strategy=org.hibernate.boot.model.naming.CamelCaseToUnderscoresNamingStrategy, user.dir=C:\\Users\\denis\\OneDrive\\Desktop\\tecnos-project\\tecnos-server, os.arch=amd64, java.vm.specification.name=Java Virtual Machine Specification, PID=31748, sun.os.patch.level=, CONSOLE_LOG_CHARSET=windows-1252, hibernate.boot.CfgXmlAccessService.key=org.hibernate.boot.registry.StandardServiceRegistryBuilder$1@30b97fcf, native.encoding=Cp1252, java.library.path=C:\\Program Files\\Java\\jdk-17\\bin;C:\\Windows\\Sun\\Java\\bin;C:\\Windows\\system32;C:\\Windows;C:\\Python311\\Scripts\\;C:\\Python311\\;C:\\Program Files\\Common Files\\Oracle\\Java\\javapath;C:\\Windows\\system32;C:\\Windows;C:\\Windows\\System32\\Wbem;C:\\Windows\\System32\\WindowsPowerShell\\v1.0\\;C:\\Windows\\System32\\OpenSSH\\;C:\\Program Files (x86)\\GitExtensions\\;C:\\ProgramData\\chocolatey\\bin;C:\\Program Files\\nodejs\\;C:\\Program Files\\Git\\cmd;C:\\Program Files\\Microsoft SQL Server\\150\\Tools\\Binn\\;C:\\Program Files\\Microsoft SQL Server\\Client SDK\\ODBC\\170\\Tools\\Binn\\;C:\\Program Files\\dotnet\\;C:\\Program Files (x86)\\Windows Kits\\10\\Windows Performance Toolkit\\;C:\\Program Files (x86)\\NVIDIA Corporation\\PhysX\\Common;C:\\Program Files\\NVIDIA Corporation\\NVIDIA NvDLISR;C:\\Program Files\\PuTTY\\;C:\\Program Files\\Docker\\Docker\\resources\\bin;C:\\Program Files\\Java\\apache-maven-3.9.9\\bin;C:\\Users\\denis\\.console-ninja\\.bin;C:\\Users\\denis\\AppData\\Local\\Microsoft\\WindowsApps;C:\\Program Files\\JetBrains\\IntelliJ IDEA 2023.2.1\\bin;C:\\Program Files\\JetBrains\\WebStorm 2023.2\\bin;C:\\Program Files\\JetBrains\\DataGrip 2023.2.1\\bin;C:\\Users\\denis\\AppData\\Local\\Programs\\Microsoft VS Code\\bin;C:\\Users\\denis\\AppData\\Roaming\\npm;C:\\Program Files\\JetBrains\\PyCharm 2023.2.4\\bin;C:\\Users\\denis\\.dotnet\\tools;C:\\Users\\denis\\AppData\\Local\\JetBrains\\Toolbox\\scripts;C:\\Users\\denis\\AppData\\Local\\gitkraken\\bin;C:\\Program Files\\Java\\apache-maven-3.9.9\\bin;;., java.vendor=Oracle Corporation, java.vm.info=mixed mode, sharing, java.vm.version=17.0.8+9-LTS-211, hibernate.bytecode.use_reflection_optimizer=true, sun.io.unicode.encoding=UnicodeLittle, hibernate.archive.scanner=org.hibernate.boot.archive.scan.internal.DisabledScanner, hibernate.connection.datasource=HikariDataSource (HikariPool-1), java.class.version=61.0}","serviceName":"tecnos-service"}
{"timestamp":"2024-11-25 00:38:34","thread":"main","level":"DEBUG","logger":"org.hibernate.internal.SessionFactoryImpl","message":"Session factory constructed with filter configurations : {}","serviceName":"tecnos-service"}
{"timestamp":"2024-11-25 00:38:34","thread":"main","level":"DEBUG","logger":"org.hibernate.validator.internal.xml.config.ValidationXmlParser","message":"Trying to load META-INF/validation.xml for XML based Validator configuration.","serviceName":"tecnos-service"}
{"timestamp":"2024-11-25 00:38:34","thread":"main","level":"DEBUG","logger":"org.hibernate.validator.internal.xml.config.ResourceLoaderHelper","message":"Trying to load META-INF/validation.xml via TCCL","serviceName":"tecnos-service"}
{"timestamp":"2024-11-25 00:38:34","thread":"main","level":"DEBUG","logger":"org.hibernate.validator.internal.xml.config.ResourceLoaderHelper","message":"Trying to load META-INF/validation.xml via Hibernate Validator's class loader","serviceName":"tecnos-service"}
{"timestamp":"2024-11-25 00:38:34","thread":"main","level":"DEBUG","logger":"org.hibernate.validator.internal.xml.config.ValidationXmlParser","message":"No META-INF/validation.xml found. Using annotation based configuration only.","serviceName":"tecnos-service"}
{"timestamp":"2024-11-25 00:38:34","thread":"main","level":"DEBUG","logger":"org.hibernate.validator.internal.engine.resolver.TraversableResolvers","message":"Found jakarta.persistence.Persistence on classpath containing 'getPersistenceUtil'. Assuming JPA 2 environment. Trying to instantiate JPA aware TraversableResolver","serviceName":"tecnos-service"}
{"timestamp":"2024-11-25 00:38:34","thread":"main","level":"DEBUG","logger":"org.hibernate.validator.internal.engine.resolver.TraversableResolvers","message":"Instantiated JPA aware TraversableResolver of type org.hibernate.validator.internal.engine.resolver.JPATraversableResolver.","serviceName":"tecnos-service"}
{"timestamp":"2024-11-25 00:38:34","thread":"main","level":"DEBUG","logger":"org.hibernate.validator.messageinterpolation.ResourceBundleMessageInterpolator","message":"Loaded expression factory via original TCCL","serviceName":"tecnos-service"}
{"timestamp":"2024-11-25 00:38:34","thread":"main","level":"DEBUG","logger":"org.hibernate.validator.internal.engine.ValidatorFactoryConfigurationHelper","message":"HV000252: Using org.hibernate.validator.internal.engine.DefaultPropertyNodeNameProvider as property node name provider.","serviceName":"tecnos-service"}
{"timestamp":"2024-11-25 00:38:34","thread":"main","level":"DEBUG","logger":"org.hibernate.validator.internal.engine.ValidatorFactoryConfigurationHelper","message":"HV000234: Using org.hibernate.validator.messageinterpolation.ResourceBundleMessageInterpolator as ValidatorFactory-scoped message interpolator.","serviceName":"tecnos-service"}
{"timestamp":"2024-11-25 00:38:34","thread":"main","level":"DEBUG","logger":"org.hibernate.validator.internal.engine.ValidatorFactoryConfigurationHelper","message":"HV000234: Using org.hibernate.validator.internal.engine.resolver.JPATraversableResolver as ValidatorFactory-scoped traversable resolver.","serviceName":"tecnos-service"}
{"timestamp":"2024-11-25 00:38:34","thread":"main","level":"DEBUG","logger":"org.hibernate.validator.internal.engine.ValidatorFactoryConfigurationHelper","message":"HV000234: Using org.hibernate.validator.internal.util.ExecutableParameterNameProvider as ValidatorFactory-scoped parameter name provider.","serviceName":"tecnos-service"}
{"timestamp":"2024-11-25 00:38:34","thread":"main","level":"DEBUG","logger":"org.hibernate.validator.internal.engine.ValidatorFactoryConfigurationHelper","message":"HV000234: Using org.hibernate.validator.internal.engine.DefaultClockProvider as ValidatorFactory-scoped clock provider.","serviceName":"tecnos-service"}
{"timestamp":"2024-11-25 00:38:34","thread":"main","level":"DEBUG","logger":"org.hibernate.validator.internal.engine.ValidatorFactoryConfigurationHelper","message":"HV000234: Using org.hibernate.validator.internal.engine.scripting.DefaultScriptEvaluatorFactory as ValidatorFactory-scoped script evaluator factory.","serviceName":"tecnos-service"}
{"timestamp":"2024-11-25 00:38:34","thread":"main","level":"DEBUG","logger":"org.hibernate.boot.internal.ClassLoaderAccessImpl","message":"Not known whether passed class name [com.example.tecnosserver.user.model.User] is safe","serviceName":"tecnos-service"}
{"timestamp":"2024-11-25 00:38:34","thread":"main","level":"DEBUG","logger":"org.hibernate.boot.internal.ClassLoaderAccessImpl","message":"No temp ClassLoader provided; using live ClassLoader for loading potentially unsafe class : com.example.tecnosserver.user.model.User","serviceName":"tecnos-service"}
{"timestamp":"2024-11-25 00:38:34","thread":"main","level":"DEBUG","logger":"org.hibernate.boot.internal.ClassLoaderAccessImpl","message":"Not known whether passed class name [com.example.tecnosserver.itemcategory.model.ItemCategory] is safe","serviceName":"tecnos-service"}
{"timestamp":"2024-11-25 00:38:34","thread":"main","level":"DEBUG","logger":"org.hibernate.boot.internal.ClassLoaderAccessImpl","message":"No temp ClassLoader provided; using live ClassLoader for loading potentially unsafe class : com.example.tecnosserver.itemcategory.model.ItemCategory","serviceName":"tecnos-service"}
{"timestamp":"2024-11-25 00:38:34","thread":"main","level":"DEBUG","logger":"org.hibernate.boot.internal.ClassLoaderAccessImpl","message":"Not known whether passed class name [com.example.tecnosserver.subcategory.model.SubCategory] is safe","serviceName":"tecnos-service"}
{"timestamp":"2024-11-25 00:38:34","thread":"main","level":"DEBUG","logger":"org.hibernate.boot.internal.ClassLoaderAccessImpl","message":"No temp ClassLoader provided; using live ClassLoader for loading potentially unsafe class : com.example.tecnosserver.subcategory.model.SubCategory","serviceName":"tecnos-service"}
{"timestamp":"2024-11-25 00:38:34","thread":"main","level":"DEBUG","logger":"org.hibernate.boot.internal.ClassLoaderAccessImpl","message":"Not known whether passed class name [com.example.tecnosserver.image.model.Image] is safe","serviceName":"tecnos-service"}
{"timestamp":"2024-11-25 00:38:34","thread":"main","level":"DEBUG","logger":"org.hibernate.boot.internal.ClassLoaderAccessImpl","message":"No temp ClassLoader provided; using live ClassLoader for loading potentially unsafe class : com.example.tecnosserver.image.model.Image","serviceName":"tecnos-service"}
{"timestamp":"2024-11-25 00:38:34","thread":"main","level":"DEBUG","logger":"org.hibernate.boot.internal.ClassLoaderAccessImpl","message":"Not known whether passed class name [com.example.tecnosserver.products.model.Product] is safe","serviceName":"tecnos-service"}
{"timestamp":"2024-11-25 00:38:34","thread":"main","level":"DEBUG","logger":"org.hibernate.boot.internal.ClassLoaderAccessImpl","message":"No temp ClassLoader provided; using live ClassLoader for loading potentially unsafe class : com.example.tecnosserver.products.model.Product","serviceName":"tecnos-service"}
{"timestamp":"2024-11-25 00:38:34","thread":"main","level":"DEBUG","logger":"org.hibernate.boot.internal.ClassLoaderAccessImpl","message":"Not known whether passed class name [com.example.tecnosserver.category.model.Category] is safe","serviceName":"tecnos-service"}
{"timestamp":"2024-11-25 00:38:34","thread":"main","level":"DEBUG","logger":"org.hibernate.boot.internal.ClassLoaderAccessImpl","message":"No temp ClassLoader provided; using live ClassLoader for loading potentially unsafe class : com.example.tecnosserver.category.model.Category","serviceName":"tecnos-service"}
{"timestamp":"2024-11-25 00:38:34","thread":"main","level":"DEBUG","logger":"org.hibernate.service.internal.SessionFactoryServiceRegistryImpl","message":"EventListenerRegistry access via ServiceRegistry is deprecated.  Use `sessionFactory.getEventEngine().getListenerRegistry()` instead","serviceName":"tecnos-service"}
{"timestamp":"2024-11-25 00:38:34","thread":"main","level":"DEBUG","logger":"org.hibernate.query.sqm.function.SqmFunctionRegistry","message":"Registered SqmFunctionTemplate [NamedSqmFunctionTemplate(max)] under max; prior registration was null","serviceName":"tecnos-service"}
{"timestamp":"2024-11-25 00:38:34","thread":"main","level":"DEBUG","logger":"org.hibernate.query.sqm.function.SqmFunctionRegistry","message":"Registered SqmFunctionTemplate [NamedSqmFunctionTemplate(min)] under min; prior registration was null","serviceName":"tecnos-service"}
{"timestamp":"2024-11-25 00:38:34","thread":"main","level":"DEBUG","logger":"org.hibernate.query.sqm.function.SqmFunctionRegistry","message":"Registered SqmFunctionTemplate [NamedSqmFunctionTemplate(sum)] under sum; prior registration was null","serviceName":"tecnos-service"}
{"timestamp":"2024-11-25 00:38:34","thread":"main","level":"DEBUG","logger":"org.hibernate.query.sqm.function.SqmFunctionRegistry","message":"Registered SqmFunctionTemplate [NamedSqmFunctionTemplate(avg)] under avg; prior registration was null","serviceName":"tecnos-service"}
{"timestamp":"2024-11-25 00:38:34","thread":"main","level":"DEBUG","logger":"org.hibernate.query.sqm.function.SqmFunctionRegistry","message":"Registered SqmFunctionTemplate [org.hibernate.dialect.function.CountFunction@45f6181a] under count; prior registration was null","serviceName":"tecnos-service"}
{"timestamp":"2024-11-25 00:38:34","thread":"main","level":"DEBUG","logger":"org.hibernate.query.sqm.function.SqmFunctionRegistry","message":"Registered SqmFunctionTemplate [org.hibernate.dialect.function.EveryAnyEmulation@65a8c306] under every; prior registration was null","serviceName":"tecnos-service"}
{"timestamp":"2024-11-25 00:38:34","thread":"main","level":"DEBUG","logger":"org.hibernate.query.sqm.function.SqmFunctionRegistry","message":"Registered SqmFunctionTemplate [org.hibernate.dialect.function.EveryAnyEmulation@71ce19ee] under any; prior registration was null","serviceName":"tecnos-service"}
{"timestamp":"2024-11-25 00:38:34","thread":"main","level":"DEBUG","logger":"org.hibernate.query.sqm.function.SqmFunctionRegistry","message":"Registered SqmFunctionTemplate [NamedSqmFunctionTemplate(floor)] under floor; prior registration was null","serviceName":"tecnos-service"}
{"timestamp":"2024-11-25 00:38:34","thread":"main","level":"DEBUG","logger":"org.hibernate.query.sqm.function.SqmFunctionRegistry","message":"Registered SqmFunctionTemplate [NamedSqmFunctionTemplate(ceiling)] under ceiling; prior registration was null","serviceName":"tecnos-service"}
{"timestamp":"2024-11-25 00:38:34","thread":"main","level":"DEBUG","logger":"org.hibernate.query.sqm.function.SqmFunctionRegistry","message":"Registered SqmFunctionTemplate [NamedSqmFunctionTemplate(mod)] under mod; prior registration was null","serviceName":"tecnos-service"}
{"timestamp":"2024-11-25 00:38:34","thread":"main","level":"DEBUG","logger":"org.hibernate.query.sqm.function.SqmFunctionRegistry","message":"Registered SqmFunctionTemplate [NamedSqmFunctionTemplate(abs)] under abs; prior registration was null","serviceName":"tecnos-service"}
{"timestamp":"2024-11-25 00:38:34","thread":"main","level":"DEBUG","logger":"org.hibernate.query.sqm.function.SqmFunctionRegistry","message":"Registered SqmFunctionTemplate [NamedSqmFunctionTemplate(sign)] under sign; prior registration was null","serviceName":"tecnos-service"}
{"timestamp":"2024-11-25 00:38:34","thread":"main","level":"DEBUG","logger":"org.hibernate.query.sqm.function.SqmFunctionRegistry","message":"Registered SqmFunctionTemplate [NamedSqmFunctionTemplate(sqrt)] under sqrt; prior registration was null","serviceName":"tecnos-service"}
{"timestamp":"2024-11-25 00:38:34","thread":"main","level":"DEBUG","logger":"org.hibernate.query.sqm.function.SqmFunctionRegistry","message":"Registered SqmFunctionTemplate [NamedSqmFunctionTemplate(ln)] under ln; prior registration was null","serviceName":"tecnos-service"}
{"timestamp":"2024-11-25 00:38:34","thread":"main","level":"DEBUG","logger":"org.hibernate.query.sqm.function.SqmFunctionRegistry","message":"Registered SqmFunctionTemplate [NamedSqmFunctionTemplate(exp)] under exp; prior registration was null","serviceName":"tecnos-service"}
{"timestamp":"2024-11-25 00:38:34","thread":"main","level":"DEBUG","logger":"org.hibernate.query.sqm.function.SqmFunctionRegistry","message":"Registered SqmFunctionTemplate [NamedSqmFunctionTemplate(power)] under power; prior registration was null","serviceName":"tecnos-service"}
{"timestamp":"2024-11-25 00:38:34","thread":"main","level":"DEBUG","logger":"org.hibernate.query.sqm.function.SqmFunctionRegistry","message":"Registered SqmFunctionTemplate [NamedSqmFunctionTemplate(round)] under round; prior registration was null","serviceName":"tecnos-service"}
{"timestamp":"2024-11-25 00:38:34","thread":"main","level":"DEBUG","logger":"org.hibernate.query.sqm.function.SqmFunctionRegistry","message":"Registered SqmFunctionTemplate [NamedSqmFunctionTemplate(sin)] under sin; prior registration was null","serviceName":"tecnos-service"}
{"timestamp":"2024-11-25 00:38:34","thread":"main","level":"DEBUG","logger":"org.hibernate.query.sqm.function.SqmFunctionRegistry","message":"Registered SqmFunctionTemplate [NamedSqmFunctionTemplate(cos)] under cos; prior registration was null","serviceName":"tecnos-service"}
{"timestamp":"2024-11-25 00:38:34","thread":"main","level":"DEBUG","logger":"org.hibernate.query.sqm.function.SqmFunctionRegistry","message":"Registered SqmFunctionTemplate [NamedSqmFunctionTemplate(tan)] under tan; prior registration was null","serviceName":"tecnos-service"}
{"timestamp":"2024-11-25 00:38:34","thread":"main","level":"DEBUG","logger":"org.hibernate.query.sqm.function.SqmFunctionRegistry","message":"Registered SqmFunctionTemplate [NamedSqmFunctionTemplate(asin)] under asin; prior registration was null","serviceName":"tecnos-service"}
{"timestamp":"2024-11-25 00:38:34","thread":"main","level":"DEBUG","logger":"org.hibernate.query.sqm.function.SqmFunctionRegistry","message":"Registered SqmFunctionTemplate [NamedSqmFunctionTemplate(acos)] under acos; prior registration was null","serviceName":"tecnos-service"}
{"timestamp":"2024-11-25 00:38:34","thread":"main","level":"DEBUG","logger":"org.hibernate.query.sqm.function.SqmFunctionRegistry","message":"Registered SqmFunctionTemplate [NamedSqmFunctionTemplate(atan)] under atan; prior registration was null","serviceName":"tecnos-service"}
{"timestamp":"2024-11-25 00:38:34","thread":"main","level":"DEBUG","logger":"org.hibernate.query.sqm.function.SqmFunctionRegistry","message":"Registered SqmFunctionTemplate [NamedSqmFunctionTemplate(atan2)] under atan2; prior registration was null","serviceName":"tecnos-service"}
{"timestamp":"2024-11-25 00:38:34","thread":"main","level":"DEBUG","logger":"org.hibernate.query.sqm.function.SqmFunctionRegistry","message":"Registered SqmFunctionTemplate [org.hibernate.query.sqm.function.PatternBasedSqmFunctionDescriptor@68b3de47] under sinh; prior registration was null","serviceName":"tecnos-service"}
{"timestamp":"2024-11-25 00:38:34","thread":"main","level":"DEBUG","logger":"org.hibernate.query.sqm.function.SqmFunctionRegistry","message":"Registered SqmFunctionTemplate [org.hibernate.query.sqm.function.PatternBasedSqmFunctionDescriptor@5b827796] under cosh; prior registration was null","serviceName":"tecnos-service"}
{"timestamp":"2024-11-25 00:38:34","thread":"main","level":"DEBUG","logger":"org.hibernate.query.sqm.function.SqmFunctionRegistry","message":"Registered SqmFunctionTemplate [org.hibernate.query.sqm.function.PatternBasedSqmFunctionDescriptor@27c827ec] under tanh; prior registration was null","serviceName":"tecnos-service"}
{"timestamp":"2024-11-25 00:38:34","thread":"main","level":"DEBUG","logger":"org.hibernate.query.sqm.function.SqmFunctionRegistry","message":"Registered SqmFunctionTemplate [org.hibernate.query.sqm.function.PatternBasedSqmFunctionDescriptor@7d108063] under pi; prior registration was null","serviceName":"tecnos-service"}
{"timestamp":"2024-11-25 00:38:34","thread":"main","level":"DEBUG","logger":"org.hibernate.query.sqm.function.SqmFunctionRegistry","message":"Registered SqmFunctionTemplate [org.hibernate.query.sqm.function.PatternBasedSqmFunctionDescriptor@b272860] under log; prior registration was null","serviceName":"tecnos-service"}
{"timestamp":"2024-11-25 00:38:34","thread":"main","level":"DEBUG","logger":"org.hibernate.query.sqm.function.SqmFunctionRegistry","message":"Registered SqmFunctionTemplate [NamedSqmFunctionTemplate(coalesce)] under coalesce; prior registration was null","serviceName":"tecnos-service"}
{"timestamp":"2024-11-25 00:38:34","thread":"main","level":"DEBUG","logger":"org.hibernate.query.sqm.function.SqmFunctionRegistry","message":"Registered SqmFunctionTemplate [NamedSqmFunctionTemplate(nullif)] under nullif; prior registration was null","serviceName":"tecnos-service"}
{"timestamp":"2024-11-25 00:38:34","thread":"main","level":"DEBUG","logger":"org.hibernate.query.sqm.function.SqmFunctionRegistry","message":"Registered SqmFunctionTemplate [NamedSqmFunctionTemplate(left)] under left; prior registration was null","serviceName":"tecnos-service"}
{"timestamp":"2024-11-25 00:38:34","thread":"main","level":"DEBUG","logger":"org.hibernate.query.sqm.function.SqmFunctionRegistry","message":"Registered SqmFunctionTemplate [NamedSqmFunctionTemplate(right)] under right; prior registration was null","serviceName":"tecnos-service"}
{"timestamp":"2024-11-25 00:38:34","thread":"main","level":"DEBUG","logger":"org.hibernate.query.sqm.function.SqmFunctionRegistry","message":"Registered SqmFunctionTemplate [NamedSqmFunctionTemplate(replace)] under replace; prior registration was null","serviceName":"tecnos-service"}
{"timestamp":"2024-11-25 00:38:34","thread":"main","level":"DEBUG","logger":"org.hibernate.query.sqm.function.SqmFunctionRegistry","message":"Registered SqmFunctionTemplate [NamedSqmFunctionTemplate(concat)] under concat; prior registration was null","serviceName":"tecnos-service"}
{"timestamp":"2024-11-25 00:38:34","thread":"main","level":"DEBUG","logger":"org.hibernate.query.sqm.function.SqmFunctionRegistry","message":"Registered SqmFunctionTemplate [NamedSqmFunctionTemplate(lower)] under lower; prior registration was null","serviceName":"tecnos-service"}
{"timestamp":"2024-11-25 00:38:34","thread":"main","level":"DEBUG","logger":"org.hibernate.query.sqm.function.SqmFunctionRegistry","message":"Registered SqmFunctionTemplate [NamedSqmFunctionTemplate(upper)] under upper; prior registration was null","serviceName":"tecnos-service"}
{"timestamp":"2024-11-25 00:38:34","thread":"main","level":"DEBUG","logger":"org.hibernate.query.sqm.function.SqmFunctionRegistry","message":"Registered SqmFunctionTemplate [NamedSqmFunctionTemplate(substring)] under substring; prior registration was null","serviceName":"tecnos-service"}
{"timestamp":"2024-11-25 00:38:34","thread":"main","level":"DEBUG","logger":"org.hibernate.query.sqm.function.SqmFunctionRegistry","message":"Registered SqmFunctionTemplate [NamedSqmFunctionTemplate(locate)] under locate; prior registration was null","serviceName":"tecnos-service"}
{"timestamp":"2024-11-25 00:38:34","thread":"main","level":"DEBUG","logger":"org.hibernate.query.sqm.function.SqmFunctionRegistry","message":"Registered SqmFunctionTemplate [NamedSqmFunctionTemplate(character_length)] under character_length; prior registration was null","serviceName":"tecnos-service"}
{"timestamp":"2024-11-25 00:38:34","thread":"main","level":"DEBUG","logger":"org.hibernate.query.sqm.function.SqmFunctionRegistry","message":"Registering alternate key : length -> character_length","serviceName":"tecnos-service"}
{"timestamp":"2024-11-25 00:38:34","thread":"main","level":"DEBUG","logger":"org.hibernate.query.sqm.function.SqmFunctionRegistry","message":"Registered SqmFunctionTemplate [org.hibernate.dialect.function.LocatePositionEmulation@317fa5dd] under position; prior registration was null","serviceName":"tecnos-service"}
{"timestamp":"2024-11-25 00:38:34","thread":"main","level":"DEBUG","logger":"org.hibernate.query.sqm.function.SqmFunctionRegistry","message":"Registered SqmFunctionTemplate [org.hibernate.dialect.function.InsertSubstringOverlayEmulation@238a7e3d] under overlay; prior registration was null","serviceName":"tecnos-service"}
{"timestamp":"2024-11-25 00:38:34","thread":"main","level":"DEBUG","logger":"org.hibernate.query.sqm.function.SqmFunctionRegistry","message":"Registered SqmFunctionTemplate [org.hibernate.dialect.function.TrimFunction@374bf34b] under trim; prior registration was null","serviceName":"tecnos-service"}
{"timestamp":"2024-11-25 00:38:34","thread":"main","level":"DEBUG","logger":"org.hibernate.query.sqm.function.SqmFunctionRegistry","message":"Registered SqmFunctionTemplate [org.hibernate.dialect.function.CastFunction@f391e52] under cast; prior registration was null","serviceName":"tecnos-service"}
{"timestamp":"2024-11-25 00:38:34","thread":"main","level":"DEBUG","logger":"org.hibernate.query.sqm.function.SqmFunctionRegistry","message":"Registered SqmFunctionTemplate [org.hibernate.query.sqm.function.PatternBasedSqmFunctionDescriptor@5857d723] under collate; prior registration was null","serviceName":"tecnos-service"}
{"timestamp":"2024-11-25 00:38:34","thread":"main","level":"DEBUG","logger":"org.hibernate.query.sqm.function.SqmFunctionRegistry","message":"Registered SqmFunctionTemplate [org.hibernate.dialect.function.ExtractFunction@84e43fb] under extract; prior registration was null","serviceName":"tecnos-service"}
{"timestamp":"2024-11-25 00:38:34","thread":"main","level":"DEBUG","logger":"org.hibernate.query.sqm.function.SqmFunctionRegistry","message":"Registered SqmFunctionTemplate [NamedSqmFunctionTemplate(least)] under least; prior registration was null","serviceName":"tecnos-service"}
{"timestamp":"2024-11-25 00:38:34","thread":"main","level":"DEBUG","logger":"org.hibernate.query.sqm.function.SqmFunctionRegistry","message":"Registered SqmFunctionTemplate [NamedSqmFunctionTemplate(greatest)] under greatest; prior registration was null","serviceName":"tecnos-service"}
{"timestamp":"2024-11-25 00:38:34","thread":"main","level":"DEBUG","logger":"org.hibernate.query.sqm.function.SqmFunctionRegistry","message":"Registered SqmFunctionTemplate [org.hibernate.dialect.function.CoalesceIfnullEmulation@106f2425] under ifnull; prior registration was null","serviceName":"tecnos-service"}
{"timestamp":"2024-11-25 00:38:34","thread":"main","level":"DEBUG","logger":"org.hibernate.query.sqm.function.SqmFunctionRegistry","message":"Registered SqmFunctionTemplate [NamedSqmFunctionTemplate(lpad)] under lpad; prior registration was null","serviceName":"tecnos-service"}
{"timestamp":"2024-11-25 00:38:34","thread":"main","level":"DEBUG","logger":"org.hibernate.query.sqm.function.SqmFunctionRegistry","message":"Registered SqmFunctionTemplate [NamedSqmFunctionTemplate(rpad)] under rpad; prior registration was null","serviceName":"tecnos-service"}
{"timestamp":"2024-11-25 00:38:34","thread":"main","level":"DEBUG","logger":"org.hibernate.query.sqm.function.SqmFunctionRegistry","message":"Registered SqmFunctionTemplate [org.hibernate.dialect.function.LpadRpadPadEmulation@1299c874] under pad; prior registration was null","serviceName":"tecnos-service"}
{"timestamp":"2024-11-25 00:38:34","thread":"main","level":"DEBUG","logger":"org.hibernate.query.sqm.function.SqmFunctionRegistry","message":"Registered SqmFunctionTemplate [org.hibernate.dialect.function.CastStrEmulation@3182143c] under str; prior registration was null","serviceName":"tecnos-service"}
{"timestamp":"2024-11-25 00:38:34","thread":"main","level":"DEBUG","logger":"org.hibernate.query.sqm.function.SqmFunctionRegistry","message":"Registered SqmFunctionTemplate [org.hibernate.dialect.function.FormatFunction@14580edc] under format; prior registration was null","serviceName":"tecnos-service"}
{"timestamp":"2024-11-25 00:38:34","thread":"main","level":"DEBUG","logger":"org.hibernate.query.sqm.function.SqmFunctionRegistry","message":"Registered SqmFunctionTemplate [org.hibernate.dialect.function.TimestampaddFunction@a74c940] under timestampadd; prior registration was null","serviceName":"tecnos-service"}
{"timestamp":"2024-11-25 00:38:34","thread":"main","level":"DEBUG","logger":"org.hibernate.query.sqm.function.SqmFunctionRegistry","message":"Registered SqmFunctionTemplate [org.hibernate.dialect.function.TimestampdiffFunction@c247b02] under timestampdiff; prior registration was null","serviceName":"tecnos-service"}
{"timestamp":"2024-11-25 00:38:34","thread":"main","level":"DEBUG","logger":"org.hibernate.query.sqm.function.SqmFunctionRegistry","message":"Registering alternate key : dateadd -> timestampadd","serviceName":"tecnos-service"}
{"timestamp":"2024-11-25 00:38:34","thread":"main","level":"DEBUG","logger":"org.hibernate.query.sqm.function.SqmFunctionRegistry","message":"Registering alternate key : datediff -> timestampdiff","serviceName":"tecnos-service"}
{"timestamp":"2024-11-25 00:38:34","thread":"main","level":"DEBUG","logger":"org.hibernate.query.sqm.function.SqmFunctionRegistry","message":"Registered SqmFunctionTemplate [org.hibernate.dialect.function.CurrentFunction@4a7ac98b] under current_date; prior registration was null","serviceName":"tecnos-service"}
{"timestamp":"2024-11-25 00:38:34","thread":"main","level":"DEBUG","logger":"org.hibernate.query.sqm.function.SqmFunctionRegistry","message":"Registered SqmFunctionTemplate [org.hibernate.dialect.function.CurrentFunction@35e3f3b8] under current_time; prior registration was null","serviceName":"tecnos-service"}
{"timestamp":"2024-11-25 00:38:34","thread":"main","level":"DEBUG","logger":"org.hibernate.query.sqm.function.SqmFunctionRegistry","message":"Registered SqmFunctionTemplate [org.hibernate.dialect.function.CurrentFunction@13bf5fd] under current_timestamp; prior registration was null","serviceName":"tecnos-service"}
{"timestamp":"2024-11-25 00:38:34","thread":"main","level":"DEBUG","logger":"org.hibernate.query.sqm.function.SqmFunctionRegistry","message":"Registering alternate key : current date -> current_date","serviceName":"tecnos-service"}
{"timestamp":"2024-11-25 00:38:34","thread":"main","level":"DEBUG","logger":"org.hibernate.query.sqm.function.SqmFunctionRegistry","message":"Registering alternate key : current time -> current_time","serviceName":"tecnos-service"}
{"timestamp":"2024-11-25 00:38:34","thread":"main","level":"DEBUG","logger":"org.hibernate.query.sqm.function.SqmFunctionRegistry","message":"Registering alternate key : current timestamp -> current_timestamp","serviceName":"tecnos-service"}
{"timestamp":"2024-11-25 00:38:34","thread":"main","level":"DEBUG","logger":"org.hibernate.query.sqm.function.SqmFunctionRegistry","message":"Registered SqmFunctionTemplate [org.hibernate.dialect.function.CurrentFunction@2eafb4e7] under local_date; prior registration was null","serviceName":"tecnos-service"}
{"timestamp":"2024-11-25 00:38:34","thread":"main","level":"DEBUG","logger":"org.hibernate.query.sqm.function.SqmFunctionRegistry","message":"Registered SqmFunctionTemplate [org.hibernate.dialect.function.CurrentFunction@32050628] under local_time; prior registration was null","serviceName":"tecnos-service"}
{"timestamp":"2024-11-25 00:38:34","thread":"main","level":"DEBUG","logger":"org.hibernate.query.sqm.function.SqmFunctionRegistry","message":"Registered SqmFunctionTemplate [org.hibernate.dialect.function.CurrentFunction@18d14de3] under local_datetime; prior registration was null","serviceName":"tecnos-service"}
{"timestamp":"2024-11-25 00:38:34","thread":"main","level":"DEBUG","logger":"org.hibernate.query.sqm.function.SqmFunctionRegistry","message":"Registered SqmFunctionTemplate [org.hibernate.dialect.function.CurrentFunction@469bd719] under offset_datetime; prior registration was null","serviceName":"tecnos-service"}
{"timestamp":"2024-11-25 00:38:34","thread":"main","level":"DEBUG","logger":"org.hibernate.query.sqm.function.SqmFunctionRegistry","message":"Registering alternate key : local date -> local_date","serviceName":"tecnos-service"}
{"timestamp":"2024-11-25 00:38:34","thread":"main","level":"DEBUG","logger":"org.hibernate.query.sqm.function.SqmFunctionRegistry","message":"Registering alternate key : local time -> local_time","serviceName":"tecnos-service"}
{"timestamp":"2024-11-25 00:38:34","thread":"main","level":"DEBUG","logger":"org.hibernate.query.sqm.function.SqmFunctionRegistry","message":"Registering alternate key : local datetime -> local_datetime","serviceName":"tecnos-service"}
{"timestamp":"2024-11-25 00:38:34","thread":"main","level":"DEBUG","logger":"org.hibernate.query.sqm.function.SqmFunctionRegistry","message":"Registering alternate key : offset datetime -> offset_datetime","serviceName":"tecnos-service"}
{"timestamp":"2024-11-25 00:38:34","thread":"main","level":"DEBUG","logger":"org.hibernate.query.sqm.function.SqmFunctionRegistry","message":"Registered SqmFunctionTemplate [org.hibernate.dialect.function.CurrentFunction@15405ba1] under instant; prior registration was null","serviceName":"tecnos-service"}
{"timestamp":"2024-11-25 00:38:34","thread":"main","level":"DEBUG","logger":"org.hibernate.query.sqm.function.SqmFunctionRegistry","message":"Registering alternate key : current_instant -> instant","serviceName":"tecnos-service"}
{"timestamp":"2024-11-25 00:38:34","thread":"main","level":"DEBUG","logger":"org.hibernate.query.sqm.function.SqmFunctionRegistry","message":"Registered SqmFunctionTemplate [org.hibernate.dialect.function.SqlFunction@127320df] under sql; prior registration was null","serviceName":"tecnos-service"}
{"timestamp":"2024-11-25 00:38:34","thread":"main","level":"DEBUG","logger":"org.hibernate.query.sqm.function.SqmFunctionRegistry","message":"Registered SqmFunctionTemplate [NamedSqmFunctionTemplate(soundex)] under soundex; prior registration was null","serviceName":"tecnos-service"}
{"timestamp":"2024-11-25 00:38:34","thread":"main","level":"DEBUG","logger":"org.hibernate.query.sqm.function.SqmFunctionRegistry","message":"Registered SqmFunctionTemplate [NamedSqmFunctionTemplate(radians)] under radians; prior registration was null","serviceName":"tecnos-service"}
{"timestamp":"2024-11-25 00:38:34","thread":"main","level":"DEBUG","logger":"org.hibernate.query.sqm.function.SqmFunctionRegistry","message":"Registered SqmFunctionTemplate [NamedSqmFunctionTemplate(degrees)] under degrees; prior registration was null","serviceName":"tecnos-service"}
{"timestamp":"2024-11-25 00:38:34","thread":"main","level":"DEBUG","logger":"org.hibernate.query.sqm.function.SqmFunctionRegistry","message":"Registered SqmFunctionTemplate [NamedSqmFunctionTemplate(cot)] under cot; prior registration was null","serviceName":"tecnos-service"}
{"timestamp":"2024-11-25 00:38:34","thread":"main","level":"DEBUG","logger":"org.hibernate.query.sqm.function.SqmFunctionRegistry","message":"Registered SqmFunctionTemplate [NamedSqmFunctionTemplate(log)] under log; prior registration was org.hibernate.query.sqm.function.PatternBasedSqmFunctionDescriptor@b272860","serviceName":"tecnos-service"}
{"timestamp":"2024-11-25 00:38:34","thread":"main","level":"DEBUG","logger":"org.hibernate.query.sqm.function.SqmFunctionRegistry","message":"Registered SqmFunctionTemplate [NamedSqmFunctionTemplate(log2)] under log2; prior registration was null","serviceName":"tecnos-service"}
{"timestamp":"2024-11-25 00:38:34","thread":"main","level":"DEBUG","logger":"org.hibernate.query.sqm.function.SqmFunctionRegistry","message":"Registered SqmFunctionTemplate [NamedSqmFunctionTemplate(log10)] under log10; prior registration was null","serviceName":"tecnos-service"}
{"timestamp":"2024-11-25 00:38:34","thread":"main","level":"DEBUG","logger":"org.hibernate.query.sqm.function.SqmFunctionRegistry","message":"Registered SqmFunctionTemplate [NamedSqmFunctionTemplate(ltrim)] under ltrim; prior registration was null","serviceName":"tecnos-service"}
{"timestamp":"2024-11-25 00:38:34","thread":"main","level":"DEBUG","logger":"org.hibernate.query.sqm.function.SqmFunctionRegistry","message":"Registered SqmFunctionTemplate [NamedSqmFunctionTemplate(rtrim)] under rtrim; prior registration was null","serviceName":"tecnos-service"}
{"timestamp":"2024-11-25 00:38:34","thread":"main","level":"DEBUG","logger":"org.hibernate.query.sqm.function.SqmFunctionRegistry","message":"Registered SqmFunctionTemplate [NamedSqmFunctionTemplate(octet_length)] under octet_length; prior registration was null","serviceName":"tecnos-service"}
{"timestamp":"2024-11-25 00:38:34","thread":"main","level":"DEBUG","logger":"org.hibernate.query.sqm.function.SqmFunctionRegistry","message":"Registered SqmFunctionTemplate [NamedSqmFunctionTemplate(reverse)] under reverse; prior registration was null","serviceName":"tecnos-service"}
{"timestamp":"2024-11-25 00:38:34","thread":"main","level":"DEBUG","logger":"org.hibernate.query.sqm.function.SqmFunctionRegistry","message":"Registered SqmFunctionTemplate [NamedSqmFunctionTemplate(space)] under space; prior registration was null","serviceName":"tecnos-service"}
{"timestamp":"2024-11-25 00:38:34","thread":"main","level":"DEBUG","logger":"org.hibernate.query.sqm.function.SqmFunctionRegistry","message":"Registered SqmFunctionTemplate [NamedSqmFunctionTemplate(repeat)] under repeat; prior registration was null","serviceName":"tecnos-service"}
{"timestamp":"2024-11-25 00:38:34","thread":"main","level":"DEBUG","logger":"org.hibernate.query.sqm.function.SqmFunctionRegistry","message":"Registered SqmFunctionTemplate [org.hibernate.query.sqm.function.MultipatternSqmFunctionDescriptor@26c1244c] under lpad; prior registration was NamedSqmFunctionTemplate(lpad)","serviceName":"tecnos-service"}
{"timestamp":"2024-11-25 00:38:34","thread":"main","level":"DEBUG","logger":"org.hibernate.query.sqm.function.SqmFunctionRegistry","message":"Registered SqmFunctionTemplate [org.hibernate.query.sqm.function.MultipatternSqmFunctionDescriptor@e76134d] under rpad; prior registration was NamedSqmFunctionTemplate(rpad)","serviceName":"tecnos-service"}
{"timestamp":"2024-11-25 00:38:34","thread":"main","level":"DEBUG","logger":"org.hibernate.query.sqm.function.SqmFunctionRegistry","message":"Registered SqmFunctionTemplate [NamedSqmFunctionTemplate(md5)] under md5; prior registration was null","serviceName":"tecnos-service"}
{"timestamp":"2024-11-25 00:38:34","thread":"main","level":"DEBUG","logger":"org.hibernate.query.sqm.function.SqmFunctionRegistry","message":"Registered SqmFunctionTemplate [NamedSqmFunctionTemplate(day)] under day; prior registration was null","serviceName":"tecnos-service"}
{"timestamp":"2024-11-25 00:38:34","thread":"main","level":"DEBUG","logger":"org.hibernate.query.sqm.function.SqmFunctionRegistry","message":"Registered SqmFunctionTemplate [NamedSqmFunctionTemplate(month)] under month; prior registration was null","serviceName":"tecnos-service"}
{"timestamp":"2024-11-25 00:38:34","thread":"main","level":"DEBUG","logger":"org.hibernate.query.sqm.function.SqmFunctionRegistry","message":"Registered SqmFunctionTemplate [NamedSqmFunctionTemplate(year)] under year; prior registration was null","serviceName":"tecnos-service"}
{"timestamp":"2024-11-25 00:38:34","thread":"main","level":"DEBUG","logger":"org.hibernate.query.sqm.function.SqmFunctionRegistry","message":"Registered SqmFunctionTemplate [NamedSqmFunctionTemplate(hour)] under hour; prior registration was null","serviceName":"tecnos-service"}
{"timestamp":"2024-11-25 00:38:34","thread":"main","level":"DEBUG","logger":"org.hibernate.query.sqm.function.SqmFunctionRegistry","message":"Registered SqmFunctionTemplate [NamedSqmFunctionTemplate(minute)] under minute; prior registration was null","serviceName":"tecnos-service"}
{"timestamp":"2024-11-25 00:38:34","thread":"main","level":"DEBUG","logger":"org.hibernate.query.sqm.function.SqmFunctionRegistry","message":"Registered SqmFunctionTemplate [NamedSqmFunctionTemplate(second)] under second; prior registration was null","serviceName":"tecnos-service"}
{"timestamp":"2024-11-25 00:38:34","thread":"main","level":"DEBUG","logger":"org.hibernate.query.sqm.function.SqmFunctionRegistry","message":"Registered SqmFunctionTemplate [NamedSqmFunctionTemplate(microsecond)] under microsecond; prior registration was null","serviceName":"tecnos-service"}
{"timestamp":"2024-11-25 00:38:34","thread":"main","level":"DEBUG","logger":"org.hibernate.query.sqm.function.SqmFunctionRegistry","message":"Registered SqmFunctionTemplate [NamedSqmFunctionTemplate(dayofweek)] under dayofweek; prior registration was null","serviceName":"tecnos-service"}
{"timestamp":"2024-11-25 00:38:34","thread":"main","level":"DEBUG","logger":"org.hibernate.query.sqm.function.SqmFunctionRegistry","message":"Registered SqmFunctionTemplate [NamedSqmFunctionTemplate(dayofmonth)] under dayofmonth; prior registration was null","serviceName":"tecnos-service"}
{"timestamp":"2024-11-25 00:38:34","thread":"main","level":"DEBUG","logger":"org.hibernate.query.sqm.function.SqmFunctionRegistry","message":"Registering alternate key : day -> dayofmonth","serviceName":"tecnos-service"}
{"timestamp":"2024-11-25 00:38:34","thread":"main","level":"DEBUG","logger":"org.hibernate.query.sqm.function.SqmFunctionRegistry","message":"Registered SqmFunctionTemplate [NamedSqmFunctionTemplate(dayofyear)] under dayofyear; prior registration was null","serviceName":"tecnos-service"}
{"timestamp":"2024-11-25 00:38:34","thread":"main","level":"DEBUG","logger":"org.hibernate.query.sqm.function.SqmFunctionRegistry","message":"Registered SqmFunctionTemplate [NamedSqmFunctionTemplate(week)] under week; prior registration was null","serviceName":"tecnos-service"}
{"timestamp":"2024-11-25 00:38:34","thread":"main","level":"DEBUG","logger":"org.hibernate.query.sqm.function.SqmFunctionRegistry","message":"Registered SqmFunctionTemplate [NamedSqmFunctionTemplate(quarter)] under quarter; prior registration was null","serviceName":"tecnos-service"}
{"timestamp":"2024-11-25 00:38:34","thread":"main","level":"DEBUG","logger":"org.hibernate.query.sqm.function.SqmFunctionRegistry","message":"Registered SqmFunctionTemplate [NamedSqmFunctionTemplate(monthname)] under monthname; prior registration was null","serviceName":"tecnos-service"}
{"timestamp":"2024-11-25 00:38:34","thread":"main","level":"DEBUG","logger":"org.hibernate.query.sqm.function.SqmFunctionRegistry","message":"Registered SqmFunctionTemplate [NamedSqmFunctionTemplate(dayname)] under dayname; prior registration was null","serviceName":"tecnos-service"}
{"timestamp":"2024-11-25 00:38:34","thread":"main","level":"DEBUG","logger":"org.hibernate.query.sqm.function.SqmFunctionRegistry","message":"Registered SqmFunctionTemplate [NamedSqmFunctionTemplate(last_day)] under last_day; prior registration was null","serviceName":"tecnos-service"}
{"timestamp":"2024-11-25 00:38:34","thread":"main","level":"DEBUG","logger":"org.hibernate.query.sqm.function.SqmFunctionRegistry","message":"Registered SqmFunctionTemplate [NamedSqmFunctionTemplate(date)] under date; prior registration was null","serviceName":"tecnos-service"}
{"timestamp":"2024-11-25 00:38:34","thread":"main","level":"DEBUG","logger":"org.hibernate.query.sqm.function.SqmFunctionRegistry","message":"Registered SqmFunctionTemplate [NamedSqmFunctionTemplate(timestamp)] under timestamp; prior registration was null","serviceName":"tecnos-service"}
{"timestamp":"2024-11-25 00:38:34","thread":"main","level":"DEBUG","logger":"org.hibernate.query.sqm.function.SqmFunctionRegistry","message":"Registered SqmFunctionTemplate [NamedSqmFunctionTemplate(time)] under time; prior registration was null","serviceName":"tecnos-service"}
{"timestamp":"2024-11-25 00:38:34","thread":"main","level":"DEBUG","logger":"org.hibernate.query.sqm.function.SqmFunctionRegistry","message":"Registered SqmFunctionTemplate [NamedSqmFunctionTemplate(utc_date)] under utc_date; prior registration was null","serviceName":"tecnos-service"}
{"timestamp":"2024-11-25 00:38:34","thread":"main","level":"DEBUG","logger":"org.hibernate.query.sqm.function.SqmFunctionRegistry","message":"Registered SqmFunctionTemplate [NamedSqmFunctionTemplate(utc_time)] under utc_time; prior registration was null","serviceName":"tecnos-service"}
{"timestamp":"2024-11-25 00:38:34","thread":"main","level":"DEBUG","logger":"org.hibernate.query.sqm.function.SqmFunctionRegistry","message":"Registered SqmFunctionTemplate [NamedSqmFunctionTemplate(utc_timestamp)] under utc_timestamp; prior registration was null","serviceName":"tecnos-service"}
{"timestamp":"2024-11-25 00:38:34","thread":"main","level":"DEBUG","logger":"org.hibernate.query.sqm.function.SqmFunctionRegistry","message":"Registered SqmFunctionTemplate [NamedSqmFunctionTemplate(rand)] under rand; prior registration was null","serviceName":"tecnos-service"}
{"timestamp":"2024-11-25 00:38:34","thread":"main","level":"DEBUG","logger":"org.hibernate.query.sqm.function.SqmFunctionRegistry","message":"Registered SqmFunctionTemplate [NamedSqmFunctionTemplate(crc32)] under crc32; prior registration was null","serviceName":"tecnos-service"}
{"timestamp":"2024-11-25 00:38:34","thread":"main","level":"DEBUG","logger":"org.hibernate.query.sqm.function.SqmFunctionRegistry","message":"Registered SqmFunctionTemplate [NamedSqmFunctionTemplate(sha1)] under sha1; prior registration was null","serviceName":"tecnos-service"}
{"timestamp":"2024-11-25 00:38:34","thread":"main","level":"DEBUG","logger":"org.hibernate.query.sqm.function.SqmFunctionRegistry","message":"Registered SqmFunctionTemplate [NamedSqmFunctionTemplate(sha2)] under sha2; prior registration was null","serviceName":"tecnos-service"}
{"timestamp":"2024-11-25 00:38:34","thread":"main","level":"DEBUG","logger":"org.hibernate.query.sqm.function.SqmFunctionRegistry","message":"Registered SqmFunctionTemplate [NamedSqmFunctionTemplate(sha)] under sha; prior registration was null","serviceName":"tecnos-service"}
{"timestamp":"2024-11-25 00:38:34","thread":"main","level":"DEBUG","logger":"org.hibernate.query.sqm.function.SqmFunctionRegistry","message":"Registered SqmFunctionTemplate [NamedSqmFunctionTemplate(bit_length)] under bit_length; prior registration was null","serviceName":"tecnos-service"}
{"timestamp":"2024-11-25 00:38:34","thread":"main","level":"DEBUG","logger":"org.hibernate.query.sqm.function.SqmFunctionRegistry","message":"Registered SqmFunctionTemplate [NamedSqmFunctionTemplate(octet_length)] under octet_length; prior registration was NamedSqmFunctionTemplate(octet_length)","serviceName":"tecnos-service"}
{"timestamp":"2024-11-25 00:38:34","thread":"main","level":"DEBUG","logger":"org.hibernate.query.sqm.function.SqmFunctionRegistry","message":"Registered SqmFunctionTemplate [NamedSqmFunctionTemplate(ascii)] under ascii; prior registration was null","serviceName":"tecnos-service"}
{"timestamp":"2024-11-25 00:38:34","thread":"main","level":"DEBUG","logger":"org.hibernate.query.sqm.function.SqmFunctionRegistry","message":"Registered SqmFunctionTemplate [NamedSqmFunctionTemplate(instr)] under instr; prior registration was null","serviceName":"tecnos-service"}
{"timestamp":"2024-11-25 00:38:34","thread":"main","level":"DEBUG","logger":"org.hibernate.query.sqm.function.SqmFunctionRegistry","message":"Registered SqmFunctionTemplate [NamedSqmFunctionTemplate(substr)] under substr; prior registration was null","serviceName":"tecnos-service"}
{"timestamp":"2024-11-25 00:38:34","thread":"main","level":"DEBUG","logger":"org.hibernate.query.sqm.function.SqmFunctionRegistry","message":"Registered SqmFunctionTemplate [org.hibernate.query.sqm.function.PatternBasedSqmFunctionDescriptor@2a317af7] under position; prior registration was org.hibernate.dialect.function.LocatePositionEmulation@317fa5dd","serviceName":"tecnos-service"}
{"timestamp":"2024-11-25 00:38:34","thread":"main","level":"DEBUG","logger":"org.hibernate.query.sqm.function.SqmFunctionRegistry","message":"Registered SqmFunctionTemplate [NamedSqmFunctionTemplate(curtime)] under curtime; prior registration was null","serviceName":"tecnos-service"}
{"timestamp":"2024-11-25 00:38:34","thread":"main","level":"DEBUG","logger":"org.hibernate.query.sqm.function.SqmFunctionRegistry","message":"Registered SqmFunctionTemplate [NamedSqmFunctionTemplate(curdate)] under curdate; prior registration was null","serviceName":"tecnos-service"}
{"timestamp":"2024-11-25 00:38:34","thread":"main","level":"DEBUG","logger":"org.hibernate.query.sqm.function.SqmFunctionRegistry","message":"Registered SqmFunctionTemplate [NamedSqmFunctionTemplate(now)] under now; prior registration was null","serviceName":"tecnos-service"}
{"timestamp":"2024-11-25 00:38:34","thread":"main","level":"DEBUG","logger":"org.hibernate.query.sqm.function.SqmFunctionRegistry","message":"Registered SqmFunctionTemplate [org.hibernate.dialect.function.TruncFunction@20a46227] under trunc; prior registration was null","serviceName":"tecnos-service"}
{"timestamp":"2024-11-25 00:38:34","thread":"main","level":"DEBUG","logger":"org.hibernate.query.sqm.function.SqmFunctionRegistry","message":"Registering alternate key : truncate -> trunc","serviceName":"tecnos-service"}
{"timestamp":"2024-11-25 00:38:34","thread":"main","level":"DEBUG","logger":"org.hibernate.query.sqm.function.SqmFunctionRegistry","message":"Registered SqmFunctionTemplate [NamedSqmFunctionTemplate(insert)] under insert; prior registration was null","serviceName":"tecnos-service"}
{"timestamp":"2024-11-25 00:38:34","thread":"main","level":"DEBUG","logger":"org.hibernate.query.sqm.function.SqmFunctionRegistry","message":"Registered SqmFunctionTemplate [org.hibernate.query.sqm.function.PatternBasedSqmFunctionDescriptor@669469c9] under bitand; prior registration was null","serviceName":"tecnos-service"}
{"timestamp":"2024-11-25 00:38:34","thread":"main","level":"DEBUG","logger":"org.hibernate.query.sqm.function.SqmFunctionRegistry","message":"Registered SqmFunctionTemplate [org.hibernate.query.sqm.function.PatternBasedSqmFunctionDescriptor@7f39ad3f] under bitor; prior registration was null","serviceName":"tecnos-service"}
{"timestamp":"2024-11-25 00:38:34","thread":"main","level":"DEBUG","logger":"org.hibernate.query.sqm.function.SqmFunctionRegistry","message":"Registered SqmFunctionTemplate [org.hibernate.query.sqm.function.PatternBasedSqmFunctionDescriptor@7524125c] under bitxor; prior registration was null","serviceName":"tecnos-service"}
{"timestamp":"2024-11-25 00:38:34","thread":"main","level":"DEBUG","logger":"org.hibernate.query.sqm.function.SqmFunctionRegistry","message":"Registered SqmFunctionTemplate [org.hibernate.query.sqm.function.PatternBasedSqmFunctionDescriptor@7612f385] under bitnot; prior registration was null","serviceName":"tecnos-service"}
{"timestamp":"2024-11-25 00:38:34","thread":"main","level":"DEBUG","logger":"org.hibernate.query.sqm.function.SqmFunctionRegistry","message":"Registered SqmFunctionTemplate [NamedSqmFunctionTemplate(bit_and)] under bit_and; prior registration was null","serviceName":"tecnos-service"}
{"timestamp":"2024-11-25 00:38:34","thread":"main","level":"DEBUG","logger":"org.hibernate.query.sqm.function.SqmFunctionRegistry","message":"Registered SqmFunctionTemplate [NamedSqmFunctionTemplate(bit_or)] under bit_or; prior registration was null","serviceName":"tecnos-service"}
{"timestamp":"2024-11-25 00:38:34","thread":"main","level":"DEBUG","logger":"org.hibernate.query.sqm.function.SqmFunctionRegistry","message":"Registered SqmFunctionTemplate [NamedSqmFunctionTemplate(stddev)] under stddev; prior registration was null","serviceName":"tecnos-service"}
{"timestamp":"2024-11-25 00:38:34","thread":"main","level":"DEBUG","logger":"org.hibernate.query.sqm.function.SqmFunctionRegistry","message":"Registered SqmFunctionTemplate [NamedSqmFunctionTemplate(stddev_pop)] under stddev_pop; prior registration was null","serviceName":"tecnos-service"}
{"timestamp":"2024-11-25 00:38:34","thread":"main","level":"DEBUG","logger":"org.hibernate.query.sqm.function.SqmFunctionRegistry","message":"Registered SqmFunctionTemplate [NamedSqmFunctionTemplate(stddev_samp)] under stddev_samp; prior registration was null","serviceName":"tecnos-service"}
{"timestamp":"2024-11-25 00:38:34","thread":"main","level":"DEBUG","logger":"org.hibernate.query.sqm.function.SqmFunctionRegistry","message":"Registered SqmFunctionTemplate [NamedSqmFunctionTemplate(variance)] under variance; prior registration was null","serviceName":"tecnos-service"}
{"timestamp":"2024-11-25 00:38:34","thread":"main","level":"DEBUG","logger":"org.hibernate.query.sqm.function.SqmFunctionRegistry","message":"Registered SqmFunctionTemplate [NamedSqmFunctionTemplate(var_pop)] under var_pop; prior registration was null","serviceName":"tecnos-service"}
{"timestamp":"2024-11-25 00:38:34","thread":"main","level":"DEBUG","logger":"org.hibernate.query.sqm.function.SqmFunctionRegistry","message":"Registered SqmFunctionTemplate [NamedSqmFunctionTemplate(var_samp)] under var_samp; prior registration was null","serviceName":"tecnos-service"}
{"timestamp":"2024-11-25 00:38:34","thread":"main","level":"DEBUG","logger":"org.hibernate.query.sqm.function.SqmFunctionRegistry","message":"Registered SqmFunctionTemplate [NamedSqmFunctionTemplate(datediff)] under datediff; prior registration was null","serviceName":"tecnos-service"}
{"timestamp":"2024-11-25 00:38:34","thread":"main","level":"DEBUG","logger":"org.hibernate.query.sqm.function.SqmFunctionRegistry","message":"Registered SqmFunctionTemplate [NamedSqmFunctionTemplate(adddate)] under adddate; prior registration was null","serviceName":"tecnos-service"}
{"timestamp":"2024-11-25 00:38:34","thread":"main","level":"DEBUG","logger":"org.hibernate.query.sqm.function.SqmFunctionRegistry","message":"Registered SqmFunctionTemplate [NamedSqmFunctionTemplate(subdate)] under subdate; prior registration was null","serviceName":"tecnos-service"}
{"timestamp":"2024-11-25 00:38:34","thread":"main","level":"DEBUG","logger":"org.hibernate.query.sqm.function.SqmFunctionRegistry","message":"Registered SqmFunctionTemplate [NamedSqmFunctionTemplate(addtime)] under addtime; prior registration was null","serviceName":"tecnos-service"}
{"timestamp":"2024-11-25 00:38:34","thread":"main","level":"DEBUG","logger":"org.hibernate.query.sqm.function.SqmFunctionRegistry","message":"Registered SqmFunctionTemplate [NamedSqmFunctionTemplate(subtime)] under subtime; prior registration was null","serviceName":"tecnos-service"}
{"timestamp":"2024-11-25 00:38:34","thread":"main","level":"DEBUG","logger":"org.hibernate.query.sqm.function.SqmFunctionRegistry","message":"Registered SqmFunctionTemplate [org.hibernate.dialect.function.FormatFunction@330d16af] under format; prior registration was org.hibernate.dialect.function.FormatFunction@14580edc","serviceName":"tecnos-service"}
{"timestamp":"2024-11-25 00:38:34","thread":"main","level":"DEBUG","logger":"org.hibernate.query.sqm.function.SqmFunctionRegistry","message":"Registered SqmFunctionTemplate [NamedSqmFunctionTemplate(makedate)] under makedate; prior registration was null","serviceName":"tecnos-service"}
{"timestamp":"2024-11-25 00:38:34","thread":"main","level":"DEBUG","logger":"org.hibernate.query.sqm.function.SqmFunctionRegistry","message":"Registered SqmFunctionTemplate [NamedSqmFunctionTemplate(maketime)] under maketime; prior registration was null","serviceName":"tecnos-service"}
{"timestamp":"2024-11-25 00:38:34","thread":"main","level":"DEBUG","logger":"org.hibernate.query.sqm.function.SqmFunctionRegistry","message":"Registered SqmFunctionTemplate [NamedSqmFunctionTemplate(localtime)] under localtime; prior registration was null","serviceName":"tecnos-service"}
{"timestamp":"2024-11-25 00:38:34","thread":"main","level":"DEBUG","logger":"org.hibernate.query.sqm.function.SqmFunctionRegistry","message":"Registered SqmFunctionTemplate [NamedSqmFunctionTemplate(localtimestamp)] under localtimestamp; prior registration was null","serviceName":"tecnos-service"}
{"timestamp":"2024-11-25 00:38:34","thread":"main","level":"DEBUG","logger":"org.hibernate.query.sqm.function.SqmFunctionRegistry","message":"Registered SqmFunctionTemplate [NamedSqmFunctionTemplate(localtime)] under local_time; prior registration was org.hibernate.dialect.function.CurrentFunction@32050628","serviceName":"tecnos-service"}
{"timestamp":"2024-11-25 00:38:34","thread":"main","level":"DEBUG","logger":"org.hibernate.query.sqm.function.SqmFunctionRegistry","message":"Registered SqmFunctionTemplate [NamedSqmFunctionTemplate(localtimestamp)] under local_datetime; prior registration was org.hibernate.dialect.function.CurrentFunction@18d14de3","serviceName":"tecnos-service"}
{"timestamp":"2024-11-25 00:38:34","thread":"main","level":"DEBUG","logger":"org.hibernate.query.sqm.function.SqmFunctionRegistry","message":"Registered SqmFunctionTemplate [NamedSqmFunctionTemplate(localtime)] under localtime; prior registration was NamedSqmFunctionTemplate(localtime)","serviceName":"tecnos-service"}
{"timestamp":"2024-11-25 00:38:34","thread":"main","level":"DEBUG","logger":"org.hibernate.query.sqm.function.SqmFunctionRegistry","message":"Registered SqmFunctionTemplate [org.hibernate.query.sqm.function.PatternBasedSqmFunctionDescriptor@16f15a4] under pi; prior registration was org.hibernate.query.sqm.function.PatternBasedSqmFunctionDescriptor@7d108063","serviceName":"tecnos-service"}
{"timestamp":"2024-11-25 00:38:34","thread":"main","level":"DEBUG","logger":"org.hibernate.query.sqm.function.SqmFunctionRegistry","message":"Registered SqmFunctionTemplate [org.hibernate.query.sqm.function.PatternBasedSqmFunctionDescriptor@548c5127] under chr; prior registration was null","serviceName":"tecnos-service"}
{"timestamp":"2024-11-25 00:38:34","thread":"main","level":"DEBUG","logger":"org.hibernate.query.sqm.function.SqmFunctionRegistry","message":"Registering alternate key : char -> chr","serviceName":"tecnos-service"}
{"timestamp":"2024-11-25 00:38:34","thread":"main","level":"DEBUG","logger":"org.hibernate.query.sqm.function.SqmFunctionRegistry","message":"Registered SqmFunctionTemplate [org.hibernate.query.sqm.function.PatternBasedSqmFunctionDescriptor@35630ee8] under sysdate; prior registration was null","serviceName":"tecnos-service"}
{"timestamp":"2024-11-25 00:38:34","thread":"main","level":"DEBUG","logger":"org.hibernate.query.sqm.function.SqmFunctionRegistry","message":"Registered SqmFunctionTemplate [NamedSqmFunctionTemplate(row_number)] under row_number; prior registration was null","serviceName":"tecnos-service"}
{"timestamp":"2024-11-25 00:38:34","thread":"main","level":"DEBUG","logger":"org.hibernate.query.sqm.function.SqmFunctionRegistry","message":"Registered SqmFunctionTemplate [NamedSqmFunctionTemplate(lag)] under lag; prior registration was null","serviceName":"tecnos-service"}
{"timestamp":"2024-11-25 00:38:34","thread":"main","level":"DEBUG","logger":"org.hibernate.query.sqm.function.SqmFunctionRegistry","message":"Registered SqmFunctionTemplate [NamedSqmFunctionTemplate(lead)] under lead; prior registration was null","serviceName":"tecnos-service"}
{"timestamp":"2024-11-25 00:38:34","thread":"main","level":"DEBUG","logger":"org.hibernate.query.sqm.function.SqmFunctionRegistry","message":"Registered SqmFunctionTemplate [NamedSqmFunctionTemplate(first_value)] under first_value; prior registration was null","serviceName":"tecnos-service"}
{"timestamp":"2024-11-25 00:38:34","thread":"main","level":"DEBUG","logger":"org.hibernate.query.sqm.function.SqmFunctionRegistry","message":"Registered SqmFunctionTemplate [NamedSqmFunctionTemplate(last_value)] under last_value; prior registration was null","serviceName":"tecnos-service"}
{"timestamp":"2024-11-25 00:38:34","thread":"main","level":"DEBUG","logger":"org.hibernate.query.sqm.function.SqmFunctionRegistry","message":"Registered SqmFunctionTemplate [NamedSqmFunctionTemplate(nth_value)] under nth_value; prior registration was null","serviceName":"tecnos-service"}
{"timestamp":"2024-11-25 00:38:34","thread":"main","level":"DEBUG","logger":"org.hibernate.query.sqm.function.SqmFunctionRegistry","message":"Registered SqmFunctionTemplate [org.hibernate.dialect.function.HypotheticalSetWindowEmulation@9a74a93] under rank; prior registration was null","serviceName":"tecnos-service"}
{"timestamp":"2024-11-25 00:38:34","thread":"main","level":"DEBUG","logger":"org.hibernate.query.sqm.function.SqmFunctionRegistry","message":"Registered SqmFunctionTemplate [org.hibernate.dialect.function.HypotheticalSetWindowEmulation@255d4d7] under dense_rank; prior registration was null","serviceName":"tecnos-service"}
{"timestamp":"2024-11-25 00:38:34","thread":"main","level":"DEBUG","logger":"org.hibernate.query.sqm.function.SqmFunctionRegistry","message":"Registered SqmFunctionTemplate [org.hibernate.dialect.function.HypotheticalSetWindowEmulation@426bf2f2] under percent_rank; prior registration was null","serviceName":"tecnos-service"}
{"timestamp":"2024-11-25 00:38:34","thread":"main","level":"DEBUG","logger":"org.hibernate.query.sqm.function.SqmFunctionRegistry","message":"Registered SqmFunctionTemplate [org.hibernate.dialect.function.HypotheticalSetWindowEmulation@2cfd9b0a] under cume_dist; prior registration was null","serviceName":"tecnos-service"}
{"timestamp":"2024-11-25 00:38:34","thread":"main","level":"DEBUG","logger":"org.hibernate.query.sqm.function.SqmFunctionRegistry","message":"Registered SqmFunctionTemplate [org.hibernate.dialect.function.ListaggGroupConcatEmulation@6e664075] under listagg; prior registration was null","serviceName":"tecnos-service"}
{"timestamp":"2024-11-25 00:38:34","thread":"main","level":"DEBUG","logger":"org.hibernate.HQL_FUNCTIONS","message":"abs(NUMERIC arg)","serviceName":"tecnos-service"}
{"timestamp":"2024-11-25 00:38:34","thread":"main","level":"DEBUG","logger":"org.hibernate.HQL_FUNCTIONS","message":"Double acos(NUMERIC arg)","serviceName":"tecnos-service"}
{"timestamp":"2024-11-25 00:38:34","thread":"main","level":"DEBUG","logger":"org.hibernate.HQL_FUNCTIONS","message":"adddate(DATE datetime, INTEGER days)","serviceName":"tecnos-service"}
{"timestamp":"2024-11-25 00:38:34","thread":"main","level":"DEBUG","logger":"org.hibernate.HQL_FUNCTIONS","message":"addtime(TIME datetime, TIME time)","serviceName":"tecnos-service"}
{"timestamp":"2024-11-25 00:38:34","thread":"main","level":"DEBUG","logger":"org.hibernate.HQL_FUNCTIONS","message":"Boolean any(BOOLEAN arg)","serviceName":"tecnos-service"}
{"timestamp":"2024-11-25 00:38:34","thread":"main","level":"DEBUG","logger":"org.hibernate.HQL_FUNCTIONS","message":"Integer ascii(STRING arg)","serviceName":"tecnos-service"}
{"timestamp":"2024-11-25 00:38:34","thread":"main","level":"DEBUG","logger":"org.hibernate.HQL_FUNCTIONS","message":"Double asin(NUMERIC arg)","serviceName":"tecnos-service"}
{"timestamp":"2024-11-25 00:38:34","thread":"main","level":"DEBUG","logger":"org.hibernate.HQL_FUNCTIONS","message":"Double atan(NUMERIC arg)","serviceName":"tecnos-service"}
{"timestamp":"2024-11-25 00:38:34","thread":"main","level":"DEBUG","logger":"org.hibernate.HQL_FUNCTIONS","message":"Double atan2(NUMERIC arg0, NUMERIC arg1)","serviceName":"tecnos-service"}
{"timestamp":"2024-11-25 00:38:34","thread":"main","level":"DEBUG","logger":"org.hibernate.HQL_FUNCTIONS","message":"Double avg(NUMERIC arg)","serviceName":"tecnos-service"}
{"timestamp":"2024-11-25 00:38:34","thread":"main","level":"DEBUG","logger":"org.hibernate.HQL_FUNCTIONS","message":"bit_and(arg)","serviceName":"tecnos-service"}
{"timestamp":"2024-11-25 00:38:34","thread":"main","level":"DEBUG","logger":"org.hibernate.HQL_FUNCTIONS","message":"Integer bit_length(STRING_OR_CLOB arg)","serviceName":"tecnos-service"}
{"timestamp":"2024-11-25 00:38:34","thread":"main","level":"DEBUG","logger":"org.hibernate.HQL_FUNCTIONS","message":"bit_or(arg)","serviceName":"tecnos-service"}
{"timestamp":"2024-11-25 00:38:34","thread":"main","level":"DEBUG","logger":"org.hibernate.HQL_FUNCTIONS","message":"bitand(arg0, arg1)","serviceName":"tecnos-service"}
{"timestamp":"2024-11-25 00:38:34","thread":"main","level":"DEBUG","logger":"org.hibernate.HQL_FUNCTIONS","message":"bitnot(arg)","serviceName":"tecnos-service"}
{"timestamp":"2024-11-25 00:38:34","thread":"main","level":"DEBUG","logger":"org.hibernate.HQL_FUNCTIONS","message":"bitor(arg0, arg1)","serviceName":"tecnos-service"}
{"timestamp":"2024-11-25 00:38:34","thread":"main","level":"DEBUG","logger":"org.hibernate.HQL_FUNCTIONS","message":"bitxor(arg0, arg1)","serviceName":"tecnos-service"}
{"timestamp":"2024-11-25 00:38:34","thread":"main","level":"DEBUG","logger":"org.hibernate.HQL_FUNCTIONS","message":"cast(arg as Type)","serviceName":"tecnos-service"}
{"timestamp":"2024-11-25 00:38:34","thread":"main","level":"DEBUG","logger":"org.hibernate.HQL_FUNCTIONS","message":"ceiling(NUMERIC arg)","serviceName":"tecnos-service"}
{"timestamp":"2024-11-25 00:38:34","thread":"main","level":"DEBUG","logger":"org.hibernate.HQL_FUNCTIONS","message":"Character char(INTEGER arg)","serviceName":"tecnos-service"}
{"timestamp":"2024-11-25 00:38:34","thread":"main","level":"DEBUG","logger":"org.hibernate.HQL_FUNCTIONS","message":"Integer character_length(STRING_OR_CLOB arg)","serviceName":"tecnos-service"}
{"timestamp":"2024-11-25 00:38:34","thread":"main","level":"DEBUG","logger":"org.hibernate.HQL_FUNCTIONS","message":"Character chr(INTEGER arg)","serviceName":"tecnos-service"}
{"timestamp":"2024-11-25 00:38:34","thread":"main","level":"DEBUG","logger":"org.hibernate.HQL_FUNCTIONS","message":"coalesce(arg0[, arg1[, ...]])","serviceName":"tecnos-service"}
{"timestamp":"2024-11-25 00:38:34","thread":"main","level":"DEBUG","logger":"org.hibernate.HQL_FUNCTIONS","message":"String collate(STRING string as COLLATION collation)","serviceName":"tecnos-service"}
{"timestamp":"2024-11-25 00:38:34","thread":"main","level":"DEBUG","logger":"org.hibernate.HQL_FUNCTIONS","message":"String concat(STRING string0[, STRING string1[, ...]])","serviceName":"tecnos-service"}
{"timestamp":"2024-11-25 00:38:34","thread":"main","level":"DEBUG","logger":"org.hibernate.HQL_FUNCTIONS","message":"Double cos(NUMERIC arg)","serviceName":"tecnos-service"}
{"timestamp":"2024-11-25 00:38:34","thread":"main","level":"DEBUG","logger":"org.hibernate.HQL_FUNCTIONS","message":"Double cosh(NUMERIC arg)","serviceName":"tecnos-service"}
{"timestamp":"2024-11-25 00:38:34","thread":"main","level":"DEBUG","logger":"org.hibernate.HQL_FUNCTIONS","message":"Double cot(NUMERIC arg)","serviceName":"tecnos-service"}
{"timestamp":"2024-11-25 00:38:34","thread":"main","level":"DEBUG","logger":"org.hibernate.HQL_FUNCTIONS","message":"Long count([distinct ]{arg|*})","serviceName":"tecnos-service"}
{"timestamp":"2024-11-25 00:38:34","thread":"main","level":"DEBUG","logger":"org.hibernate.HQL_FUNCTIONS","message":"Integer crc32(arg)","serviceName":"tecnos-service"}
{"timestamp":"2024-11-25 00:38:34","thread":"main","level":"DEBUG","logger":"org.hibernate.HQL_FUNCTIONS","message":"Double cume_dist([arg0[, ...]])","serviceName":"tecnos-service"}
{"timestamp":"2024-11-25 00:38:34","thread":"main","level":"DEBUG","logger":"org.hibernate.HQL_FUNCTIONS","message":"Date curdate()","serviceName":"tecnos-service"}
{"timestamp":"2024-11-25 00:38:34","thread":"main","level":"DEBUG","logger":"org.hibernate.HQL_FUNCTIONS","message":"Date current date","serviceName":"tecnos-service"}
{"timestamp":"2024-11-25 00:38:34","thread":"main","level":"DEBUG","logger":"org.hibernate.HQL_FUNCTIONS","message":"Time current time","serviceName":"tecnos-service"}
{"timestamp":"2024-11-25 00:38:34","thread":"main","level":"DEBUG","logger":"org.hibernate.HQL_FUNCTIONS","message":"Timestamp current timestamp","serviceName":"tecnos-service"}
{"timestamp":"2024-11-25 00:38:34","thread":"main","level":"DEBUG","logger":"org.hibernate.HQL_FUNCTIONS","message":"Date current_date","serviceName":"tecnos-service"}
{"timestamp":"2024-11-25 00:38:34","thread":"main","level":"DEBUG","logger":"org.hibernate.HQL_FUNCTIONS","message":"Instant current_instant","serviceName":"tecnos-service"}
{"timestamp":"2024-11-25 00:38:34","thread":"main","level":"DEBUG","logger":"org.hibernate.HQL_FUNCTIONS","message":"Time current_time","serviceName":"tecnos-service"}
{"timestamp":"2024-11-25 00:38:34","thread":"main","level":"DEBUG","logger":"org.hibernate.HQL_FUNCTIONS","message":"Timestamp current_timestamp","serviceName":"tecnos-service"}
{"timestamp":"2024-11-25 00:38:34","thread":"main","level":"DEBUG","logger":"org.hibernate.HQL_FUNCTIONS","message":"Time curtime()","serviceName":"tecnos-service"}
{"timestamp":"2024-11-25 00:38:34","thread":"main","level":"DEBUG","logger":"org.hibernate.HQL_FUNCTIONS","message":"Date date(arg)","serviceName":"tecnos-service"}
{"timestamp":"2024-11-25 00:38:34","thread":"main","level":"DEBUG","logger":"org.hibernate.HQL_FUNCTIONS","message":"dateadd(TEMPORAL_UNIT field, INTEGER magnitude, TEMPORAL datetime)","serviceName":"tecnos-service"}
{"timestamp":"2024-11-25 00:38:34","thread":"main","level":"DEBUG","logger":"org.hibernate.HQL_FUNCTIONS","message":"Integer datediff(DATE end, DATE start)","serviceName":"tecnos-service"}
{"timestamp":"2024-11-25 00:38:34","thread":"main","level":"DEBUG","logger":"org.hibernate.HQL_FUNCTIONS","message":"Integer day(DATE arg)","serviceName":"tecnos-service"}
{"timestamp":"2024-11-25 00:38:34","thread":"main","level":"DEBUG","logger":"org.hibernate.HQL_FUNCTIONS","message":"String dayname(DATE arg)","serviceName":"tecnos-service"}
{"timestamp":"2024-11-25 00:38:34","thread":"main","level":"DEBUG","logger":"org.hibernate.HQL_FUNCTIONS","message":"Integer dayofmonth(DATE arg)","serviceName":"tecnos-service"}
{"timestamp":"2024-11-25 00:38:34","thread":"main","level":"DEBUG","logger":"org.hibernate.HQL_FUNCTIONS","message":"Integer dayofweek(DATE arg)","serviceName":"tecnos-service"}
{"timestamp":"2024-11-25 00:38:34","thread":"main","level":"DEBUG","logger":"org.hibernate.HQL_FUNCTIONS","message":"Integer dayofyear(DATE arg)","serviceName":"tecnos-service"}
{"timestamp":"2024-11-25 00:38:34","thread":"main","level":"DEBUG","logger":"org.hibernate.HQL_FUNCTIONS","message":"Double degrees(NUMERIC arg)","serviceName":"tecnos-service"}
{"timestamp":"2024-11-25 00:38:34","thread":"main","level":"DEBUG","logger":"org.hibernate.HQL_FUNCTIONS","message":"Long dense_rank([arg0[, ...]])","serviceName":"tecnos-service"}
{"timestamp":"2024-11-25 00:38:34","thread":"main","level":"DEBUG","logger":"org.hibernate.HQL_FUNCTIONS","message":"Boolean every(BOOLEAN arg)","serviceName":"tecnos-service"}
{"timestamp":"2024-11-25 00:38:34","thread":"main","level":"DEBUG","logger":"org.hibernate.HQL_FUNCTIONS","message":"Double exp(NUMERIC arg)","serviceName":"tecnos-service"}
{"timestamp":"2024-11-25 00:38:34","thread":"main","level":"DEBUG","logger":"org.hibernate.HQL_FUNCTIONS","message":"extract(TEMPORAL_UNIT field from TEMPORAL arg)","serviceName":"tecnos-service"}
{"timestamp":"2024-11-25 00:38:34","thread":"main","level":"DEBUG","logger":"org.hibernate.HQL_FUNCTIONS","message":"first_valueANY value","serviceName":"tecnos-service"}
{"timestamp":"2024-11-25 00:38:34","thread":"main","level":"DEBUG","logger":"org.hibernate.HQL_FUNCTIONS","message":"floor(NUMERIC arg)","serviceName":"tecnos-service"}
{"timestamp":"2024-11-25 00:38:34","thread":"main","level":"DEBUG","logger":"org.hibernate.HQL_FUNCTIONS","message":"String format(TEMPORAL datetime as STRING pattern)","serviceName":"tecnos-service"}
{"timestamp":"2024-11-25 00:38:34","thread":"main","level":"DEBUG","logger":"org.hibernate.HQL_FUNCTIONS","message":"greatest(COMPARABLE arg0, COMPARABLE arg1[, arg2[, ...]])","serviceName":"tecnos-service"}
{"timestamp":"2024-11-25 00:38:34","thread":"main","level":"DEBUG","logger":"org.hibernate.HQL_FUNCTIONS","message":"Integer hour(TIME arg)","serviceName":"tecnos-service"}
{"timestamp":"2024-11-25 00:38:34","thread":"main","level":"DEBUG","logger":"org.hibernate.HQL_FUNCTIONS","message":"ifnull(arg0, arg1)","serviceName":"tecnos-service"}
{"timestamp":"2024-11-25 00:38:34","thread":"main","level":"DEBUG","logger":"org.hibernate.HQL_FUNCTIONS","message":"String insert(STRING string, INTEGER start, INTEGER length, STRING replacement)","serviceName":"tecnos-service"}
{"timestamp":"2024-11-25 00:38:34","thread":"main","level":"DEBUG","logger":"org.hibernate.HQL_FUNCTIONS","message":"Instant instant","serviceName":"tecnos-service"}
{"timestamp":"2024-11-25 00:38:34","thread":"main","level":"DEBUG","logger":"org.hibernate.HQL_FUNCTIONS","message":"Integer instr(STRING string, STRING pattern[, INTEGER start[, INTEGER occurrence]])","serviceName":"tecnos-service"}
{"timestamp":"2024-11-25 00:38:34","thread":"main","level":"DEBUG","logger":"org.hibernate.HQL_FUNCTIONS","message":"lagANY value[, INTEGER offset[, ANY default]]","serviceName":"tecnos-service"}
{"timestamp":"2024-11-25 00:38:34","thread":"main","level":"DEBUG","logger":"org.hibernate.HQL_FUNCTIONS","message":"Date last_day(DATE arg)","serviceName":"tecnos-service"}
{"timestamp":"2024-11-25 00:38:34","thread":"main","level":"DEBUG","logger":"org.hibernate.HQL_FUNCTIONS","message":"last_valueANY value","serviceName":"tecnos-service"}
{"timestamp":"2024-11-25 00:38:34","thread":"main","level":"DEBUG","logger":"org.hibernate.HQL_FUNCTIONS","message":"leadANY value[, INTEGER offset[, ANY default]]","serviceName":"tecnos-service"}
{"timestamp":"2024-11-25 00:38:34","thread":"main","level":"DEBUG","logger":"org.hibernate.HQL_FUNCTIONS","message":"least(COMPARABLE arg0, COMPARABLE arg1[, arg2[, ...]])","serviceName":"tecnos-service"}
{"timestamp":"2024-11-25 00:38:34","thread":"main","level":"DEBUG","logger":"org.hibernate.HQL_FUNCTIONS","message":"String left(STRING string, INTEGER length)","serviceName":"tecnos-service"}
{"timestamp":"2024-11-25 00:38:34","thread":"main","level":"DEBUG","logger":"org.hibernate.HQL_FUNCTIONS","message":"Integer length(STRING_OR_CLOB arg)","serviceName":"tecnos-service"}
{"timestamp":"2024-11-25 00:38:34","thread":"main","level":"DEBUG","logger":"org.hibernate.HQL_FUNCTIONS","message":"String listagg(STRING arg0, STRING arg1)","serviceName":"tecnos-service"}
{"timestamp":"2024-11-25 00:38:34","thread":"main","level":"DEBUG","logger":"org.hibernate.HQL_FUNCTIONS","message":"Double ln(NUMERIC arg)","serviceName":"tecnos-service"}
{"timestamp":"2024-11-25 00:38:34","thread":"main","level":"DEBUG","logger":"org.hibernate.HQL_FUNCTIONS","message":"LocalDate local date","serviceName":"tecnos-service"}
{"timestamp":"2024-11-25 00:38:34","thread":"main","level":"DEBUG","logger":"org.hibernate.HQL_FUNCTIONS","message":"LocalDateTime local datetime","serviceName":"tecnos-service"}
{"timestamp":"2024-11-25 00:38:34","thread":"main","level":"DEBUG","logger":"org.hibernate.HQL_FUNCTIONS","message":"LocalTime local time","serviceName":"tecnos-service"}
{"timestamp":"2024-11-25 00:38:34","thread":"main","level":"DEBUG","logger":"org.hibernate.HQL_FUNCTIONS","message":"LocalDate local_date","serviceName":"tecnos-service"}
{"timestamp":"2024-11-25 00:38:34","thread":"main","level":"DEBUG","logger":"org.hibernate.HQL_FUNCTIONS","message":"LocalDateTime local_datetime","serviceName":"tecnos-service"}
{"timestamp":"2024-11-25 00:38:34","thread":"main","level":"DEBUG","logger":"org.hibernate.HQL_FUNCTIONS","message":"LocalTime local_time","serviceName":"tecnos-service"}
{"timestamp":"2024-11-25 00:38:34","thread":"main","level":"DEBUG","logger":"org.hibernate.HQL_FUNCTIONS","message":"Timestamp localtime","serviceName":"tecnos-service"}
{"timestamp":"2024-11-25 00:38:34","thread":"main","level":"DEBUG","logger":"org.hibernate.HQL_FUNCTIONS","message":"Timestamp localtimestamp","serviceName":"tecnos-service"}
{"timestamp":"2024-11-25 00:38:34","thread":"main","level":"DEBUG","logger":"org.hibernate.HQL_FUNCTIONS","message":"Integer locate(STRING pattern, STRING string[, INTEGER start])","serviceName":"tecnos-service"}
{"timestamp":"2024-11-25 00:38:34","thread":"main","level":"DEBUG","logger":"org.hibernate.HQL_FUNCTIONS","message":"Double log(NUMERIC arg0[, NUMERIC arg1])","serviceName":"tecnos-service"}
{"timestamp":"2024-11-25 00:38:34","thread":"main","level":"DEBUG","logger":"org.hibernate.HQL_FUNCTIONS","message":"Double log10(NUMERIC arg)","serviceName":"tecnos-service"}
{"timestamp":"2024-11-25 00:38:34","thread":"main","level":"DEBUG","logger":"org.hibernate.HQL_FUNCTIONS","message":"Double log2(NUMERIC arg)","serviceName":"tecnos-service"}
{"timestamp":"2024-11-25 00:38:34","thread":"main","level":"DEBUG","logger":"org.hibernate.HQL_FUNCTIONS","message":"String lower(STRING string)","serviceName":"tecnos-service"}
{"timestamp":"2024-11-25 00:38:34","thread":"main","level":"DEBUG","logger":"org.hibernate.HQL_FUNCTIONS","message":"String lpad(string, length[, padding])","serviceName":"tecnos-service"}
{"timestamp":"2024-11-25 00:38:34","thread":"main","level":"DEBUG","logger":"org.hibernate.HQL_FUNCTIONS","message":"String ltrim(STRING string[, STRING characters])","serviceName":"tecnos-service"}
{"timestamp":"2024-11-25 00:38:34","thread":"main","level":"DEBUG","logger":"org.hibernate.HQL_FUNCTIONS","message":"Date makedate(INTEGER year, INTEGER dayofyear)","serviceName":"tecnos-service"}
{"timestamp":"2024-11-25 00:38:34","thread":"main","level":"DEBUG","logger":"org.hibernate.HQL_FUNCTIONS","message":"Time maketime(INTEGER hour, INTEGER min, INTEGER sec)","serviceName":"tecnos-service"}
{"timestamp":"2024-11-25 00:38:34","thread":"main","level":"DEBUG","logger":"org.hibernate.HQL_FUNCTIONS","message":"max(COMPARABLE arg)","serviceName":"tecnos-service"}
{"timestamp":"2024-11-25 00:38:34","thread":"main","level":"DEBUG","logger":"org.hibernate.HQL_FUNCTIONS","message":"String md5(arg)","serviceName":"tecnos-service"}
{"timestamp":"2024-11-25 00:38:34","thread":"main","level":"DEBUG","logger":"org.hibernate.HQL_FUNCTIONS","message":"Integer microsecond(TIME arg)","serviceName":"tecnos-service"}
{"timestamp":"2024-11-25 00:38:34","thread":"main","level":"DEBUG","logger":"org.hibernate.HQL_FUNCTIONS","message":"min(COMPARABLE arg)","serviceName":"tecnos-service"}
{"timestamp":"2024-11-25 00:38:34","thread":"main","level":"DEBUG","logger":"org.hibernate.HQL_FUNCTIONS","message":"Integer minute(TIME arg)","serviceName":"tecnos-service"}
{"timestamp":"2024-11-25 00:38:34","thread":"main","level":"DEBUG","logger":"org.hibernate.HQL_FUNCTIONS","message":"Integer mod(INTEGER arg0, INTEGER arg1)","serviceName":"tecnos-service"}
{"timestamp":"2024-11-25 00:38:34","thread":"main","level":"DEBUG","logger":"org.hibernate.HQL_FUNCTIONS","message":"Integer month(DATE arg)","serviceName":"tecnos-service"}
{"timestamp":"2024-11-25 00:38:34","thread":"main","level":"DEBUG","logger":"org.hibernate.HQL_FUNCTIONS","message":"String monthname(DATE arg)","serviceName":"tecnos-service"}
{"timestamp":"2024-11-25 00:38:34","thread":"main","level":"DEBUG","logger":"org.hibernate.HQL_FUNCTIONS","message":"Timestamp now()","serviceName":"tecnos-service"}
{"timestamp":"2024-11-25 00:38:34","thread":"main","level":"DEBUG","logger":"org.hibernate.HQL_FUNCTIONS","message":"nth_valueANY value, INTEGER nth","serviceName":"tecnos-service"}
{"timestamp":"2024-11-25 00:38:34","thread":"main","level":"DEBUG","logger":"org.hibernate.HQL_FUNCTIONS","message":"nullif(arg0, arg1)","serviceName":"tecnos-service"}
{"timestamp":"2024-11-25 00:38:34","thread":"main","level":"DEBUG","logger":"org.hibernate.HQL_FUNCTIONS","message":"Integer octet_length(STRING_OR_CLOB arg)","serviceName":"tecnos-service"}
{"timestamp":"2024-11-25 00:38:34","thread":"main","level":"DEBUG","logger":"org.hibernate.HQL_FUNCTIONS","message":"OffsetDateTime offset datetime","serviceName":"tecnos-service"}
{"timestamp":"2024-11-25 00:38:34","thread":"main","level":"DEBUG","logger":"org.hibernate.HQL_FUNCTIONS","message":"OffsetDateTime offset_datetime","serviceName":"tecnos-service"}
{"timestamp":"2024-11-25 00:38:34","thread":"main","level":"DEBUG","logger":"org.hibernate.HQL_FUNCTIONS","message":"String overlay(STRING string placing STRING replacement from INTEGER start[ for INTEGER length])","serviceName":"tecnos-service"}
{"timestamp":"2024-11-25 00:38:34","thread":"main","level":"DEBUG","logger":"org.hibernate.HQL_FUNCTIONS","message":"String pad(STRING string with INTEGER length {leading|trailing}[ STRING character])","serviceName":"tecnos-service"}
{"timestamp":"2024-11-25 00:38:34","thread":"main","level":"DEBUG","logger":"org.hibernate.HQL_FUNCTIONS","message":"Double percent_rank([arg0[, ...]])","serviceName":"tecnos-service"}
{"timestamp":"2024-11-25 00:38:34","thread":"main","level":"DEBUG","logger":"org.hibernate.HQL_FUNCTIONS","message":"Double pi","serviceName":"tecnos-service"}
{"timestamp":"2024-11-25 00:38:34","thread":"main","level":"DEBUG","logger":"org.hibernate.HQL_FUNCTIONS","message":"Integer position(STRING pattern in STRING string)","serviceName":"tecnos-service"}
{"timestamp":"2024-11-25 00:38:34","thread":"main","level":"DEBUG","logger":"org.hibernate.HQL_FUNCTIONS","message":"Double power(NUMERIC arg0, NUMERIC arg1)","serviceName":"tecnos-service"}
{"timestamp":"2024-11-25 00:38:34","thread":"main","level":"DEBUG","logger":"org.hibernate.HQL_FUNCTIONS","message":"Integer quarter(DATE arg)","serviceName":"tecnos-service"}
{"timestamp":"2024-11-25 00:38:34","thread":"main","level":"DEBUG","logger":"org.hibernate.HQL_FUNCTIONS","message":"Double radians(NUMERIC arg)","serviceName":"tecnos-service"}
{"timestamp":"2024-11-25 00:38:34","thread":"main","level":"DEBUG","logger":"org.hibernate.HQL_FUNCTIONS","message":"Double rand([INTEGER seed])","serviceName":"tecnos-service"}
{"timestamp":"2024-11-25 00:38:34","thread":"main","level":"DEBUG","logger":"org.hibernate.HQL_FUNCTIONS","message":"Long rank([arg0[, ...]])","serviceName":"tecnos-service"}
{"timestamp":"2024-11-25 00:38:34","thread":"main","level":"DEBUG","logger":"org.hibernate.HQL_FUNCTIONS","message":"String repeat(STRING string, INTEGER times)","serviceName":"tecnos-service"}
{"timestamp":"2024-11-25 00:38:34","thread":"main","level":"DEBUG","logger":"org.hibernate.HQL_FUNCTIONS","message":"String replace(STRING string, STRING pattern, STRING replacement)","serviceName":"tecnos-service"}
{"timestamp":"2024-11-25 00:38:34","thread":"main","level":"DEBUG","logger":"org.hibernate.HQL_FUNCTIONS","message":"String reverse(STRING arg)","serviceName":"tecnos-service"}
{"timestamp":"2024-11-25 00:38:34","thread":"main","level":"DEBUG","logger":"org.hibernate.HQL_FUNCTIONS","message":"String right(STRING string, INTEGER length)","serviceName":"tecnos-service"}
{"timestamp":"2024-11-25 00:38:34","thread":"main","level":"DEBUG","logger":"org.hibernate.HQL_FUNCTIONS","message":"round(NUMERIC number[, INTEGER places])","serviceName":"tecnos-service"}
{"timestamp":"2024-11-25 00:38:34","thread":"main","level":"DEBUG","logger":"org.hibernate.HQL_FUNCTIONS","message":"Long row_number()","serviceName":"tecnos-service"}
{"timestamp":"2024-11-25 00:38:34","thread":"main","level":"DEBUG","logger":"org.hibernate.HQL_FUNCTIONS","message":"String rpad(string, length[, padding])","serviceName":"tecnos-service"}
{"timestamp":"2024-11-25 00:38:34","thread":"main","level":"DEBUG","logger":"org.hibernate.HQL_FUNCTIONS","message":"String rtrim(STRING string[, STRING characters])","serviceName":"tecnos-service"}
{"timestamp":"2024-11-25 00:38:34","thread":"main","level":"DEBUG","logger":"org.hibernate.HQL_FUNCTIONS","message":"Integer second(TIME arg)","serviceName":"tecnos-service"}
{"timestamp":"2024-11-25 00:38:34","thread":"main","level":"DEBUG","logger":"org.hibernate.HQL_FUNCTIONS","message":"String sha(arg)","serviceName":"tecnos-service"}
{"timestamp":"2024-11-25 00:38:34","thread":"main","level":"DEBUG","logger":"org.hibernate.HQL_FUNCTIONS","message":"String sha1(arg)","serviceName":"tecnos-service"}
{"timestamp":"2024-11-25 00:38:34","thread":"main","level":"DEBUG","logger":"org.hibernate.HQL_FUNCTIONS","message":"String sha2(arg0, arg1)","serviceName":"tecnos-service"}
{"timestamp":"2024-11-25 00:38:34","thread":"main","level":"DEBUG","logger":"org.hibernate.HQL_FUNCTIONS","message":"Integer sign(NUMERIC arg)","serviceName":"tecnos-service"}
{"timestamp":"2024-11-25 00:38:34","thread":"main","level":"DEBUG","logger":"org.hibernate.HQL_FUNCTIONS","message":"Double sin(NUMERIC arg)","serviceName":"tecnos-service"}
{"timestamp":"2024-11-25 00:38:34","thread":"main","level":"DEBUG","logger":"org.hibernate.HQL_FUNCTIONS","message":"Double sinh(NUMERIC arg)","serviceName":"tecnos-service"}
{"timestamp":"2024-11-25 00:38:34","thread":"main","level":"DEBUG","logger":"org.hibernate.HQL_FUNCTIONS","message":"String soundex(arg)","serviceName":"tecnos-service"}
{"timestamp":"2024-11-25 00:38:34","thread":"main","level":"DEBUG","logger":"org.hibernate.HQL_FUNCTIONS","message":"String space(INTEGER arg)","serviceName":"tecnos-service"}
{"timestamp":"2024-11-25 00:38:34","thread":"main","level":"DEBUG","logger":"org.hibernate.HQL_FUNCTIONS","message":"Object sql","serviceName":"tecnos-service"}
{"timestamp":"2024-11-25 00:38:34","thread":"main","level":"DEBUG","logger":"org.hibernate.HQL_FUNCTIONS","message":"Double sqrt(NUMERIC arg)","serviceName":"tecnos-service"}
{"timestamp":"2024-11-25 00:38:34","thread":"main","level":"DEBUG","logger":"org.hibernate.HQL_FUNCTIONS","message":"Double stddev(NUMERIC arg)","serviceName":"tecnos-service"}
{"timestamp":"2024-11-25 00:38:34","thread":"main","level":"DEBUG","logger":"org.hibernate.HQL_FUNCTIONS","message":"Double stddev_pop(NUMERIC arg)","serviceName":"tecnos-service"}
{"timestamp":"2024-11-25 00:38:34","thread":"main","level":"DEBUG","logger":"org.hibernate.HQL_FUNCTIONS","message":"Double stddev_samp(NUMERIC arg)","serviceName":"tecnos-service"}
{"timestamp":"2024-11-25 00:38:34","thread":"main","level":"DEBUG","logger":"org.hibernate.HQL_FUNCTIONS","message":"String str(arg)","serviceName":"tecnos-service"}
{"timestamp":"2024-11-25 00:38:34","thread":"main","level":"DEBUG","logger":"org.hibernate.HQL_FUNCTIONS","message":"subdate(DATE datetime, INTEGER days)","serviceName":"tecnos-service"}
{"timestamp":"2024-11-25 00:38:34","thread":"main","level":"DEBUG","logger":"org.hibernate.HQL_FUNCTIONS","message":"String substr(STRING string, INTEGER start[, INTEGER length])","serviceName":"tecnos-service"}
{"timestamp":"2024-11-25 00:38:34","thread":"main","level":"DEBUG","logger":"org.hibernate.HQL_FUNCTIONS","message":"String substring(STRING string{ from|,} INTEGER start[{ for|,} INTEGER length])","serviceName":"tecnos-service"}
{"timestamp":"2024-11-25 00:38:34","thread":"main","level":"DEBUG","logger":"org.hibernate.HQL_FUNCTIONS","message":"subtime(TIME datetime, TIME time)","serviceName":"tecnos-service"}
{"timestamp":"2024-11-25 00:38:34","thread":"main","level":"DEBUG","logger":"org.hibernate.HQL_FUNCTIONS","message":"sum(arg)","serviceName":"tecnos-service"}
{"timestamp":"2024-11-25 00:38:34","thread":"main","level":"DEBUG","logger":"org.hibernate.HQL_FUNCTIONS","message":"Timestamp sysdate()","serviceName":"tecnos-service"}
{"timestamp":"2024-11-25 00:38:34","thread":"main","level":"DEBUG","logger":"org.hibernate.HQL_FUNCTIONS","message":"Double tan(NUMERIC arg)","serviceName":"tecnos-service"}
{"timestamp":"2024-11-25 00:38:34","thread":"main","level":"DEBUG","logger":"org.hibernate.HQL_FUNCTIONS","message":"Double tanh(NUMERIC arg)","serviceName":"tecnos-service"}
{"timestamp":"2024-11-25 00:38:34","thread":"main","level":"DEBUG","logger":"org.hibernate.HQL_FUNCTIONS","message":"String time(arg)","serviceName":"tecnos-service"}
{"timestamp":"2024-11-25 00:38:34","thread":"main","level":"DEBUG","logger":"org.hibernate.HQL_FUNCTIONS","message":"Timestamp timestamp(arg0[, arg1])","serviceName":"tecnos-service"}
{"timestamp":"2024-11-25 00:38:34","thread":"main","level":"DEBUG","logger":"org.hibernate.HQL_FUNCTIONS","message":"timestampadd(TEMPORAL_UNIT field, INTEGER magnitude, TEMPORAL datetime)","serviceName":"tecnos-service"}
{"timestamp":"2024-11-25 00:38:34","thread":"main","level":"DEBUG","logger":"org.hibernate.HQL_FUNCTIONS","message":"basicType@4(java.lang.Long,-5)|basicType@17(java.lang.Double,8) timestampdiff(TEMPORAL_UNIT field, TEMPORAL start, TEMPORAL end)","serviceName":"tecnos-service"}
{"timestamp":"2024-11-25 00:38:34","thread":"main","level":"DEBUG","logger":"org.hibernate.HQL_FUNCTIONS","message":"String trim([[{leading|trailing|both} ][STRING arg0 ]from] STRING arg1)","serviceName":"tecnos-service"}
{"timestamp":"2024-11-25 00:38:34","thread":"main","level":"DEBUG","logger":"org.hibernate.HQL_FUNCTIONS","message":"trunc( ... )","serviceName":"tecnos-service"}
{"timestamp":"2024-11-25 00:38:34","thread":"main","level":"DEBUG","logger":"org.hibernate.HQL_FUNCTIONS","message":"truncate( ... )","serviceName":"tecnos-service"}
{"timestamp":"2024-11-25 00:38:34","thread":"main","level":"DEBUG","logger":"org.hibernate.HQL_FUNCTIONS","message":"String upper(STRING string)","serviceName":"tecnos-service"}
{"timestamp":"2024-11-25 00:38:34","thread":"main","level":"DEBUG","logger":"org.hibernate.HQL_FUNCTIONS","message":"Date utc_date","serviceName":"tecnos-service"}
{"timestamp":"2024-11-25 00:38:34","thread":"main","level":"DEBUG","logger":"org.hibernate.HQL_FUNCTIONS","message":"Time utc_time","serviceName":"tecnos-service"}
{"timestamp":"2024-11-25 00:38:34","thread":"main","level":"DEBUG","logger":"org.hibernate.HQL_FUNCTIONS","message":"Timestamp utc_timestamp","serviceName":"tecnos-service"}
{"timestamp":"2024-11-25 00:38:34","thread":"main","level":"DEBUG","logger":"org.hibernate.HQL_FUNCTIONS","message":"Double var_pop(NUMERIC arg)","serviceName":"tecnos-service"}
{"timestamp":"2024-11-25 00:38:34","thread":"main","level":"DEBUG","logger":"org.hibernate.HQL_FUNCTIONS","message":"Double var_samp(NUMERIC arg)","serviceName":"tecnos-service"}
{"timestamp":"2024-11-25 00:38:34","thread":"main","level":"DEBUG","logger":"org.hibernate.HQL_FUNCTIONS","message":"Double variance(NUMERIC arg)","serviceName":"tecnos-service"}
{"timestamp":"2024-11-25 00:38:34","thread":"main","level":"DEBUG","logger":"org.hibernate.HQL_FUNCTIONS","message":"Integer week(DATE arg)","serviceName":"tecnos-service"}
{"timestamp":"2024-11-25 00:38:34","thread":"main","level":"DEBUG","logger":"org.hibernate.HQL_FUNCTIONS","message":"Integer year(DATE arg)","serviceName":"tecnos-service"}
{"timestamp":"2024-11-25 00:38:34","thread":"main","level":"DEBUG","logger":"org.hibernate.orm.query.plan.cache","message":"Starting QueryPlanCache(2048)","serviceName":"tecnos-service"}
{"timestamp":"2024-11-25 00:38:35","thread":"main","level":"DEBUG","logger":"org.hibernate.boot.internal.ClassLoaderAccessImpl","message":"Not known whether passed class name [com.example.tecnosserver.user.model.User] is safe","serviceName":"tecnos-service"}
{"timestamp":"2024-11-25 00:38:35","thread":"main","level":"DEBUG","logger":"org.hibernate.boot.internal.ClassLoaderAccessImpl","message":"No temp ClassLoader provided; using live ClassLoader for loading potentially unsafe class : com.example.tecnosserver.user.model.User","serviceName":"tecnos-service"}
{"timestamp":"2024-11-25 00:38:35","thread":"main","level":"DEBUG","logger":"org.hibernate.bytecode.internal.bytebuddy.BytecodeProviderImpl","message":"HHH000513: Unable to create the ReflectionOptimizer for [com.example.tecnosserver.user.model.User]","serviceName":"tecnos-service"}
{"timestamp":"2024-11-25 00:38:35","thread":"main","level":"DEBUG","logger":"org.hibernate.ormbytecode.interceptor","message":"To-one property `com.example.tecnosserver.itemcategory.model.ItemCategory#category` was mapped with LAZY + NO_PROXY but the class was not enhanced","serviceName":"tecnos-service"}
{"timestamp":"2024-11-25 00:38:35","thread":"main","level":"DEBUG","logger":"org.hibernate.ormbytecode.interceptor","message":"To-one property `com.example.tecnosserver.itemcategory.model.ItemCategory#category` was mapped with LAZY + NO_PROXY but the class was not enhanced","serviceName":"tecnos-service"}
{"timestamp":"2024-11-25 00:38:35","thread":"main","level":"DEBUG","logger":"org.hibernate.ormbytecode.interceptor","message":"To-one property `com.example.tecnosserver.itemcategory.model.ItemCategory#subCategory` was mapped with LAZY + NO_PROXY but the class was not enhanced","serviceName":"tecnos-service"}
{"timestamp":"2024-11-25 00:38:35","thread":"main","level":"DEBUG","logger":"org.hibernate.ormbytecode.interceptor","message":"To-one property `com.example.tecnosserver.itemcategory.model.ItemCategory#subCategory` was mapped with LAZY + NO_PROXY but the class was not enhanced","serviceName":"tecnos-service"}
{"timestamp":"2024-11-25 00:38:35","thread":"main","level":"DEBUG","logger":"org.hibernate.boot.internal.ClassLoaderAccessImpl","message":"Not known whether passed class name [com.example.tecnosserver.itemcategory.model.ItemCategory] is safe","serviceName":"tecnos-service"}
{"timestamp":"2024-11-25 00:38:35","thread":"main","level":"DEBUG","logger":"org.hibernate.boot.internal.ClassLoaderAccessImpl","message":"No temp ClassLoader provided; using live ClassLoader for loading potentially unsafe class : com.example.tecnosserver.itemcategory.model.ItemCategory","serviceName":"tecnos-service"}
{"timestamp":"2024-11-25 00:38:35","thread":"main","level":"DEBUG","logger":"org.hibernate.bytecode.internal.bytebuddy.BytecodeProviderImpl","message":"HHH000513: Unable to create the ReflectionOptimizer for [com.example.tecnosserver.itemcategory.model.ItemCategory]","serviceName":"tecnos-service"}
{"timestamp":"2024-11-25 00:38:35","thread":"main","level":"DEBUG","logger":"org.hibernate.ormbytecode.interceptor","message":"To-one property `com.example.tecnosserver.itemcategory.model.ItemCategory#category` was mapped with LAZY + NO_PROXY but the class was not enhanced","serviceName":"tecnos-service"}
{"timestamp":"2024-11-25 00:38:35","thread":"main","level":"DEBUG","logger":"org.hibernate.ormbytecode.interceptor","message":"To-one property `com.example.tecnosserver.itemcategory.model.ItemCategory#subCategory` was mapped with LAZY + NO_PROXY but the class was not enhanced","serviceName":"tecnos-service"}
{"timestamp":"2024-11-25 00:38:35","thread":"main","level":"DEBUG","logger":"org.hibernate.ormbytecode.interceptor","message":"To-one property `com.example.tecnosserver.subcategory.model.SubCategory#category` was mapped with LAZY + NO_PROXY but the class was not enhanced","serviceName":"tecnos-service"}
{"timestamp":"2024-11-25 00:38:35","thread":"main","level":"DEBUG","logger":"org.hibernate.ormbytecode.interceptor","message":"To-one property `com.example.tecnosserver.subcategory.model.SubCategory#category` was mapped with LAZY + NO_PROXY but the class was not enhanced","serviceName":"tecnos-service"}
{"timestamp":"2024-11-25 00:38:35","thread":"main","level":"DEBUG","logger":"org.hibernate.boot.internal.ClassLoaderAccessImpl","message":"Not known whether passed class name [com.example.tecnosserver.subcategory.model.SubCategory] is safe","serviceName":"tecnos-service"}
{"timestamp":"2024-11-25 00:38:35","thread":"main","level":"DEBUG","logger":"org.hibernate.boot.internal.ClassLoaderAccessImpl","message":"No temp ClassLoader provided; using live ClassLoader for loading potentially unsafe class : com.example.tecnosserver.subcategory.model.SubCategory","serviceName":"tecnos-service"}
{"timestamp":"2024-11-25 00:38:35","thread":"main","level":"DEBUG","logger":"org.hibernate.bytecode.internal.bytebuddy.BytecodeProviderImpl","message":"HHH000513: Unable to create the ReflectionOptimizer for [com.example.tecnosserver.subcategory.model.SubCategory]","serviceName":"tecnos-service"}
{"timestamp":"2024-11-25 00:38:35","thread":"main","level":"DEBUG","logger":"org.hibernate.ormbytecode.interceptor","message":"To-one property `com.example.tecnosserver.subcategory.model.SubCategory#category` was mapped with LAZY + NO_PROXY but the class was not enhanced","serviceName":"tecnos-service"}
{"timestamp":"2024-11-25 00:38:35","thread":"main","level":"DEBUG","logger":"org.hibernate.boot.internal.ClassLoaderAccessImpl","message":"Not known whether passed class name [com.example.tecnosserver.image.model.Image] is safe","serviceName":"tecnos-service"}
{"timestamp":"2024-11-25 00:38:35","thread":"main","level":"DEBUG","logger":"org.hibernate.boot.internal.ClassLoaderAccessImpl","message":"No temp ClassLoader provided; using live ClassLoader for loading potentially unsafe class : com.example.tecnosserver.image.model.Image","serviceName":"tecnos-service"}
{"timestamp":"2024-11-25 00:38:35","thread":"main","level":"DEBUG","logger":"org.hibernate.bytecode.internal.bytebuddy.BytecodeProviderImpl","message":"HHH000513: Unable to create the ReflectionOptimizer for [com.example.tecnosserver.image.model.Image]","serviceName":"tecnos-service"}
{"timestamp":"2024-11-25 00:38:35","thread":"main","level":"DEBUG","logger":"org.hibernate.ormbytecode.interceptor","message":"To-one property `com.example.tecnosserver.products.model.Product#category` was mapped with LAZY + NO_PROXY but the class was not enhanced","serviceName":"tecnos-service"}
{"timestamp":"2024-11-25 00:38:35","thread":"main","level":"DEBUG","logger":"org.hibernate.ormbytecode.interceptor","message":"To-one property `com.example.tecnosserver.products.model.Product#category` was mapped with LAZY + NO_PROXY but the class was not enhanced","serviceName":"tecnos-service"}
{"timestamp":"2024-11-25 00:38:35","thread":"main","level":"DEBUG","logger":"org.hibernate.ormbytecode.interceptor","message":"To-one property `com.example.tecnosserver.products.model.Product#itemCategory` was mapped with LAZY + NO_PROXY but the class was not enhanced","serviceName":"tecnos-service"}
{"timestamp":"2024-11-25 00:38:35","thread":"main","level":"DEBUG","logger":"org.hibernate.ormbytecode.interceptor","message":"To-one property `com.example.tecnosserver.products.model.Product#itemCategory` was mapped with LAZY + NO_PROXY but the class was not enhanced","serviceName":"tecnos-service"}
{"timestamp":"2024-11-25 00:38:35","thread":"main","level":"DEBUG","logger":"org.hibernate.ormbytecode.interceptor","message":"To-one property `com.example.tecnosserver.products.model.Product#subCategory` was mapped with LAZY + NO_PROXY but the class was not enhanced","serviceName":"tecnos-service"}
{"timestamp":"2024-11-25 00:38:35","thread":"main","level":"DEBUG","logger":"org.hibernate.ormbytecode.interceptor","message":"To-one property `com.example.tecnosserver.products.model.Product#subCategory` was mapped with LAZY + NO_PROXY but the class was not enhanced","serviceName":"tecnos-service"}
{"timestamp":"2024-11-25 00:38:35","thread":"main","level":"DEBUG","logger":"org.hibernate.boot.internal.ClassLoaderAccessImpl","message":"Not known whether passed class name [com.example.tecnosserver.products.model.Product] is safe","serviceName":"tecnos-service"}
{"timestamp":"2024-11-25 00:38:35","thread":"main","level":"DEBUG","logger":"org.hibernate.boot.internal.ClassLoaderAccessImpl","message":"No temp ClassLoader provided; using live ClassLoader for loading potentially unsafe class : com.example.tecnosserver.products.model.Product","serviceName":"tecnos-service"}
{"timestamp":"2024-11-25 00:38:35","thread":"main","level":"DEBUG","logger":"org.hibernate.bytecode.internal.bytebuddy.BytecodeProviderImpl","message":"HHH000513: Unable to create the ReflectionOptimizer for [com.example.tecnosserver.products.model.Product]","serviceName":"tecnos-service"}
{"timestamp":"2024-11-25 00:38:35","thread":"main","level":"DEBUG","logger":"org.hibernate.ormbytecode.interceptor","message":"To-one property `com.example.tecnosserver.products.model.Product#category` was mapped with LAZY + NO_PROXY but the class was not enhanced","serviceName":"tecnos-service"}
{"timestamp":"2024-11-25 00:38:35","thread":"main","level":"DEBUG","logger":"org.hibernate.ormbytecode.interceptor","message":"To-one property `com.example.tecnosserver.products.model.Product#itemCategory` was mapped with LAZY + NO_PROXY but the class was not enhanced","serviceName":"tecnos-service"}
{"timestamp":"2024-11-25 00:38:35","thread":"main","level":"DEBUG","logger":"org.hibernate.ormbytecode.interceptor","message":"To-one property `com.example.tecnosserver.products.model.Product#subCategory` was mapped with LAZY + NO_PROXY but the class was not enhanced","serviceName":"tecnos-service"}
{"timestamp":"2024-11-25 00:38:35","thread":"main","level":"DEBUG","logger":"org.hibernate.boot.internal.ClassLoaderAccessImpl","message":"Not known whether passed class name [com.example.tecnosserver.category.model.Category] is safe","serviceName":"tecnos-service"}
{"timestamp":"2024-11-25 00:38:35","thread":"main","level":"DEBUG","logger":"org.hibernate.boot.internal.ClassLoaderAccessImpl","message":"No temp ClassLoader provided; using live ClassLoader for loading potentially unsafe class : com.example.tecnosserver.category.model.Category","serviceName":"tecnos-service"}
{"timestamp":"2024-11-25 00:38:35","thread":"main","level":"DEBUG","logger":"org.hibernate.bytecode.internal.bytebuddy.BytecodeProviderImpl","message":"HHH000513: Unable to create the ReflectionOptimizer for [com.example.tecnosserver.category.model.Category]","serviceName":"tecnos-service"}
{"timestamp":"2024-11-25 00:38:35","thread":"main","level":"DEBUG","logger":"org.hibernate.orm.jdbc.mutation","message":"Skipping collection (re)creation - com.example.tecnosserver.itemcategory.model.ItemCategory.products","serviceName":"tecnos-service"}
{"timestamp":"2024-11-25 00:38:35","thread":"main","level":"DEBUG","logger":"org.hibernate.orm.jdbc.mutation","message":"Skipping collection row deletions - com.example.tecnosserver.itemcategory.model.ItemCategory.products","serviceName":"tecnos-service"}
{"timestamp":"2024-11-25 00:38:35","thread":"main","level":"DEBUG","logger":"org.hibernate.orm.jdbc.mutation","message":"Skipping collection removals - com.example.tecnosserver.itemcategory.model.ItemCategory.products","serviceName":"tecnos-service"}
{"timestamp":"2024-11-25 00:38:35","thread":"main","level":"DEBUG","logger":"org.hibernate.orm.jdbc.mutation","message":"Skipping collection (re)creation - com.example.tecnosserver.category.model.Category.itemCategories","serviceName":"tecnos-service"}
{"timestamp":"2024-11-25 00:38:35","thread":"main","level":"DEBUG","logger":"org.hibernate.orm.jdbc.mutation","message":"Skipping collection row deletions - com.example.tecnosserver.category.model.Category.itemCategories","serviceName":"tecnos-service"}
{"timestamp":"2024-11-25 00:38:35","thread":"main","level":"DEBUG","logger":"org.hibernate.orm.jdbc.mutation","message":"Skipping collection removals - com.example.tecnosserver.category.model.Category.itemCategories","serviceName":"tecnos-service"}
{"timestamp":"2024-11-25 00:38:35","thread":"main","level":"DEBUG","logger":"org.hibernate.orm.jdbc.mutation","message":"Skipping collection (re)creation - com.example.tecnosserver.category.model.Category.products","serviceName":"tecnos-service"}
{"timestamp":"2024-11-25 00:38:35","thread":"main","level":"DEBUG","logger":"org.hibernate.orm.jdbc.mutation","message":"Skipping collection row deletions - com.example.tecnosserver.category.model.Category.products","serviceName":"tecnos-service"}
{"timestamp":"2024-11-25 00:38:35","thread":"main","level":"DEBUG","logger":"org.hibernate.orm.jdbc.mutation","message":"Skipping collection removals - com.example.tecnosserver.category.model.Category.products","serviceName":"tecnos-service"}
{"timestamp":"2024-11-25 00:38:35","thread":"main","level":"DEBUG","logger":"org.hibernate.orm.jdbc.mutation","message":"Skipping collection (re)creation - com.example.tecnosserver.subcategory.model.SubCategory.itemCategories","serviceName":"tecnos-service"}
{"timestamp":"2024-11-25 00:38:35","thread":"main","level":"DEBUG","logger":"org.hibernate.orm.jdbc.mutation","message":"Skipping collection row deletions - com.example.tecnosserver.subcategory.model.SubCategory.itemCategories","serviceName":"tecnos-service"}
{"timestamp":"2024-11-25 00:38:35","thread":"main","level":"DEBUG","logger":"org.hibernate.orm.jdbc.mutation","message":"Skipping collection removals - com.example.tecnosserver.subcategory.model.SubCategory.itemCategories","serviceName":"tecnos-service"}
{"timestamp":"2024-11-25 00:38:35","thread":"main","level":"DEBUG","logger":"org.hibernate.orm.jdbc.mutation","message":"Skipping collection (re)creation - com.example.tecnosserver.category.model.Category.subCategories","serviceName":"tecnos-service"}
{"timestamp":"2024-11-25 00:38:35","thread":"main","level":"DEBUG","logger":"org.hibernate.orm.jdbc.mutation","message":"Skipping collection row deletions - com.example.tecnosserver.category.model.Category.subCategories","serviceName":"tecnos-service"}
{"timestamp":"2024-11-25 00:38:35","thread":"main","level":"DEBUG","logger":"org.hibernate.orm.jdbc.mutation","message":"Skipping collection removals - com.example.tecnosserver.category.model.Category.subCategories","serviceName":"tecnos-service"}
{"timestamp":"2024-11-25 00:38:35","thread":"main","level":"DEBUG","logger":"org.hibernate.orm.jdbc.mutation","message":"Skipping collection (re)creation - com.example.tecnosserver.subcategory.model.SubCategory.products","serviceName":"tecnos-service"}
{"timestamp":"2024-11-25 00:38:35","thread":"main","level":"DEBUG","logger":"org.hibernate.orm.jdbc.mutation","message":"Skipping collection row deletions - com.example.tecnosserver.subcategory.model.SubCategory.products","serviceName":"tecnos-service"}
{"timestamp":"2024-11-25 00:38:35","thread":"main","level":"DEBUG","logger":"org.hibernate.orm.jdbc.mutation","message":"Skipping collection removals - com.example.tecnosserver.subcategory.model.SubCategory.products","serviceName":"tecnos-service"}
{"timestamp":"2024-11-25 00:38:35","thread":"main","level":"DEBUG","logger":"org.hibernate.orm.model.mapping.creation","message":"Starting post-init callbacks","serviceName":"tecnos-service"}
{"timestamp":"2024-11-25 00:38:35","thread":"main","level":"DEBUG","logger":"org.hibernate.orm.model.mapping.creation","message":"Starting PostInitCallbackEntry : Entity(com.example.tecnosserver.user.model.User) `staticFetchableList` generator","serviceName":"tecnos-service"}
{"timestamp":"2024-11-25 00:38:35","thread":"main","level":"DEBUG","logger":"org.hibernate.orm.model.mapping.creation","message":"Starting PostInitCallbackEntry : To-one key - NavigableRole[com.example.tecnosserver.itemcategory.model.ItemCategory.category]","serviceName":"tecnos-service"}
{"timestamp":"2024-11-25 00:38:35","thread":"main","level":"DEBUG","logger":"org.hibernate.orm.model.mapping.creation","message":"Starting PostInitCallbackEntry : PluralAttributeMapping( NavigableRole[com.example.tecnosserver.itemcategory.model.ItemCategory.products#{element}]) - element descriptor","serviceName":"tecnos-service"}
{"timestamp":"2024-11-25 00:38:35","thread":"main","level":"DEBUG","logger":"org.hibernate.orm.model.mapping.creation","message":"Starting PostInitCallbackEntry : PluralAttributeMapping(com.example.tecnosserver.itemcategory.model.ItemCategory.products)#finishInitialization","serviceName":"tecnos-service"}
{"timestamp":"2024-11-25 00:38:35","thread":"main","level":"DEBUG","logger":"org.hibernate.orm.model.mapping.creation","message":"Starting PostInitCallbackEntry : PluralAttributeMapping(com.example.tecnosserver.itemcategory.model.ItemCategory.products) - key descriptor","serviceName":"tecnos-service"}
{"timestamp":"2024-11-25 00:38:35","thread":"main","level":"DEBUG","logger":"org.hibernate.orm.model.mapping.creation","message":"Starting PostInitCallbackEntry : To-one key - NavigableRole[com.example.tecnosserver.itemcategory.model.ItemCategory.subCategory]","serviceName":"tecnos-service"}
{"timestamp":"2024-11-25 00:38:35","thread":"main","level":"DEBUG","logger":"org.hibernate.orm.model.mapping.creation","message":"Starting PostInitCallbackEntry : Entity(com.example.tecnosserver.itemcategory.model.ItemCategory) `staticFetchableList` generator","serviceName":"tecnos-service"}
{"timestamp":"2024-11-25 00:38:35","thread":"main","level":"DEBUG","logger":"org.hibernate.orm.model.mapping.creation","message":"Starting PostInitCallbackEntry : To-one key - NavigableRole[com.example.tecnosserver.subcategory.model.SubCategory.category]","serviceName":"tecnos-service"}
{"timestamp":"2024-11-25 00:38:35","thread":"main","level":"DEBUG","logger":"org.hibernate.orm.model.mapping.creation","message":"Starting PostInitCallbackEntry : PluralAttributeMapping( NavigableRole[com.example.tecnosserver.subcategory.model.SubCategory.itemCategories#{element}]) - element descriptor","serviceName":"tecnos-service"}
{"timestamp":"2024-11-25 00:38:35","thread":"main","level":"DEBUG","logger":"org.hibernate.orm.model.mapping.creation","message":"Starting PostInitCallbackEntry : PluralAttributeMapping(com.example.tecnosserver.subcategory.model.SubCategory.itemCategories)#finishInitialization","serviceName":"tecnos-service"}
{"timestamp":"2024-11-25 00:38:35","thread":"main","level":"DEBUG","logger":"org.hibernate.orm.model.mapping.creation","message":"Starting PostInitCallbackEntry : PluralAttributeMapping(com.example.tecnosserver.subcategory.model.SubCategory.itemCategories) - key descriptor","serviceName":"tecnos-service"}
{"timestamp":"2024-11-25 00:38:35","thread":"main","level":"DEBUG","logger":"org.hibernate.orm.model.mapping.creation","message":"Starting PostInitCallbackEntry : PluralAttributeMapping( NavigableRole[com.example.tecnosserver.subcategory.model.SubCategory.products#{element}]) - element descriptor","serviceName":"tecnos-service"}
{"timestamp":"2024-11-25 00:38:35","thread":"main","level":"DEBUG","logger":"org.hibernate.orm.model.mapping.creation","message":"Starting PostInitCallbackEntry : PluralAttributeMapping(com.example.tecnosserver.subcategory.model.SubCategory.products)#finishInitialization","serviceName":"tecnos-service"}
{"timestamp":"2024-11-25 00:38:35","thread":"main","level":"DEBUG","logger":"org.hibernate.orm.model.mapping.creation","message":"Starting PostInitCallbackEntry : PluralAttributeMapping(com.example.tecnosserver.subcategory.model.SubCategory.products) - key descriptor","serviceName":"tecnos-service"}
{"timestamp":"2024-11-25 00:38:35","thread":"main","level":"DEBUG","logger":"org.hibernate.orm.model.mapping.creation","message":"Starting PostInitCallbackEntry : Entity(com.example.tecnosserver.subcategory.model.SubCategory) `staticFetchableList` generator","serviceName":"tecnos-service"}
{"timestamp":"2024-11-25 00:38:35","thread":"main","level":"DEBUG","logger":"org.hibernate.orm.model.mapping.creation","message":"Starting PostInitCallbackEntry : Entity(com.example.tecnosserver.image.model.Image) `staticFetchableList` generator","serviceName":"tecnos-service"}
{"timestamp":"2024-11-25 00:38:35","thread":"main","level":"DEBUG","logger":"org.hibernate.orm.model.mapping.creation","message":"Starting PostInitCallbackEntry : To-one key - NavigableRole[com.example.tecnosserver.products.model.Product.category]","serviceName":"tecnos-service"}
{"timestamp":"2024-11-25 00:38:35","thread":"main","level":"DEBUG","logger":"org.hibernate.orm.model.mapping.creation","message":"Starting PostInitCallbackEntry : PluralAttributeMapping( NavigableRole[com.example.tecnosserver.products.model.Product.images#{element}]) - element descriptor","serviceName":"tecnos-service"}
{"timestamp":"2024-11-25 00:38:35","thread":"main","level":"DEBUG","logger":"org.hibernate.orm.model.mapping.creation","message":"Starting PostInitCallbackEntry : PluralAttributeMapping(com.example.tecnosserver.products.model.Product.images)#finishInitialization","serviceName":"tecnos-service"}
{"timestamp":"2024-11-25 00:38:35","thread":"main","level":"DEBUG","logger":"org.hibernate.orm.model.mapping.creation","message":"Starting PostInitCallbackEntry : PluralAttributeMapping(com.example.tecnosserver.products.model.Product.images) - key descriptor","serviceName":"tecnos-service"}
{"timestamp":"2024-11-25 00:38:35","thread":"main","level":"DEBUG","logger":"org.hibernate.orm.model.mapping.creation","message":"Starting PostInitCallbackEntry : To-one key - NavigableRole[com.example.tecnosserver.products.model.Product.itemCategory]","serviceName":"tecnos-service"}
{"timestamp":"2024-11-25 00:38:35","thread":"main","level":"DEBUG","logger":"org.hibernate.orm.model.mapping.creation","message":"Starting PostInitCallbackEntry : To-one key - NavigableRole[com.example.tecnosserver.products.model.Product.subCategory]","serviceName":"tecnos-service"}
{"timestamp":"2024-11-25 00:38:35","thread":"main","level":"DEBUG","logger":"org.hibernate.orm.model.mapping.creation","message":"Starting PostInitCallbackEntry : Entity(com.example.tecnosserver.products.model.Product) `staticFetchableList` generator","serviceName":"tecnos-service"}
{"timestamp":"2024-11-25 00:38:35","thread":"main","level":"DEBUG","logger":"org.hibernate.orm.model.mapping.creation","message":"Starting PostInitCallbackEntry : PluralAttributeMapping( NavigableRole[com.example.tecnosserver.category.model.Category.itemCategories#{element}]) - element descriptor","serviceName":"tecnos-service"}
{"timestamp":"2024-11-25 00:38:35","thread":"main","level":"DEBUG","logger":"org.hibernate.orm.model.mapping.creation","message":"Starting PostInitCallbackEntry : PluralAttributeMapping(com.example.tecnosserver.category.model.Category.itemCategories)#finishInitialization","serviceName":"tecnos-service"}
{"timestamp":"2024-11-25 00:38:35","thread":"main","level":"DEBUG","logger":"org.hibernate.orm.model.mapping.creation","message":"Starting PostInitCallbackEntry : PluralAttributeMapping(com.example.tecnosserver.category.model.Category.itemCategories) - key descriptor","serviceName":"tecnos-service"}
{"timestamp":"2024-11-25 00:38:35","thread":"main","level":"DEBUG","logger":"org.hibernate.orm.model.mapping.creation","message":"Starting PostInitCallbackEntry : PluralAttributeMapping( NavigableRole[com.example.tecnosserver.category.model.Category.products#{element}]) - element descriptor","serviceName":"tecnos-service"}
{"timestamp":"2024-11-25 00:38:35","thread":"main","level":"DEBUG","logger":"org.hibernate.orm.model.mapping.creation","message":"Starting PostInitCallbackEntry : PluralAttributeMapping(com.example.tecnosserver.category.model.Category.products)#finishInitialization","serviceName":"tecnos-service"}
{"timestamp":"2024-11-25 00:38:35","thread":"main","level":"DEBUG","logger":"org.hibernate.orm.model.mapping.creation","message":"Starting PostInitCallbackEntry : PluralAttributeMapping(com.example.tecnosserver.category.model.Category.products) - key descriptor","serviceName":"tecnos-service"}
{"timestamp":"2024-11-25 00:38:35","thread":"main","level":"DEBUG","logger":"org.hibernate.orm.model.mapping.creation","message":"Starting PostInitCallbackEntry : PluralAttributeMapping( NavigableRole[com.example.tecnosserver.category.model.Category.subCategories#{element}]) - element descriptor","serviceName":"tecnos-service"}
{"timestamp":"2024-11-25 00:38:35","thread":"main","level":"DEBUG","logger":"org.hibernate.orm.model.mapping.creation","message":"Starting PostInitCallbackEntry : PluralAttributeMapping(com.example.tecnosserver.category.model.Category.subCategories)#finishInitialization","serviceName":"tecnos-service"}
{"timestamp":"2024-11-25 00:38:35","thread":"main","level":"DEBUG","logger":"org.hibernate.orm.model.mapping.creation","message":"Starting PostInitCallbackEntry : PluralAttributeMapping(com.example.tecnosserver.category.model.Category.subCategories) - key descriptor","serviceName":"tecnos-service"}
{"timestamp":"2024-11-25 00:38:35","thread":"main","level":"DEBUG","logger":"org.hibernate.orm.model.mapping.creation","message":"Starting PostInitCallbackEntry : Entity(com.example.tecnosserver.category.model.Category) `staticFetchableList` generator","serviceName":"tecnos-service"}
{"timestamp":"2024-11-25 00:38:35","thread":"main","level":"DEBUG","logger":"org.hibernate.orm.model.mapping.creation","message":"Starting PostInitCallbackEntry : PluralAttributeMapping( NavigableRole[com.example.tecnosserver.itemcategory.model.ItemCategory.products#{element}]) - element descriptor","serviceName":"tecnos-service"}
{"timestamp":"2024-11-25 00:38:35","thread":"main","level":"DEBUG","logger":"org.hibernate.orm.model.mapping.creation","message":"Starting PostInitCallbackEntry : PluralAttributeMapping( NavigableRole[com.example.tecnosserver.subcategory.model.SubCategory.itemCategories#{element}]) - element descriptor","serviceName":"tecnos-service"}
{"timestamp":"2024-11-25 00:38:35","thread":"main","level":"DEBUG","logger":"org.hibernate.orm.model.mapping.creation","message":"Starting PostInitCallbackEntry : PluralAttributeMapping( NavigableRole[com.example.tecnosserver.subcategory.model.SubCategory.products#{element}]) - element descriptor","serviceName":"tecnos-service"}
{"timestamp":"2024-11-25 00:38:35","thread":"main","level":"DEBUG","logger":"org.hibernate.orm.model.mapping.creation","message":"Starting PostInitCallbackEntry : PluralAttributeMapping( NavigableRole[com.example.tecnosserver.products.model.Product.images#{element}]) - element descriptor","serviceName":"tecnos-service"}
{"timestamp":"2024-11-25 00:38:35","thread":"main","level":"DEBUG","logger":"org.hibernate.orm.model.mapping.creation","message":"Starting PostInitCallbackEntry : PluralAttributeMapping( NavigableRole[com.example.tecnosserver.category.model.Category.itemCategories#{element}]) - element descriptor","serviceName":"tecnos-service"}
{"timestamp":"2024-11-25 00:38:35","thread":"main","level":"DEBUG","logger":"org.hibernate.orm.model.mapping.creation","message":"Starting PostInitCallbackEntry : PluralAttributeMapping( NavigableRole[com.example.tecnosserver.category.model.Category.products#{element}]) - element descriptor","serviceName":"tecnos-service"}
{"timestamp":"2024-11-25 00:38:35","thread":"main","level":"DEBUG","logger":"org.hibernate.orm.model.mapping.creation","message":"Starting PostInitCallbackEntry : PluralAttributeMapping( NavigableRole[com.example.tecnosserver.category.model.Category.subCategories#{element}]) - element descriptor","serviceName":"tecnos-service"}
{"timestamp":"2024-11-25 00:38:35","thread":"main","level":"DEBUG","logger":"org.hibernate.persister.entity.AbstractEntityPersister","message":"Static SQL for entity: com.example.tecnosserver.user.model.User","serviceName":"tecnos-service"}
{"timestamp":"2024-11-25 00:38:35","thread":"main","level":"DEBUG","logger":"org.hibernate.persister.entity.AbstractEntityPersister","message":" Version select: select id from users where id=?","serviceName":"tecnos-service"}
{"timestamp":"2024-11-25 00:38:35","thread":"main","level":"DEBUG","logger":"org.hibernate.persister.entity.AbstractEntityPersister","message":" Insert (0): insert into users (created_at,email,first_name,last_name,password,phone_number,profile_url,registered_at,role,id) values (?,?,?,?,?,?,?,?,?,?)","serviceName":"tecnos-service"}
{"timestamp":"2024-11-25 00:38:35","thread":"main","level":"DEBUG","logger":"org.hibernate.persister.entity.AbstractEntityPersister","message":" Update (0): update users set created_at=?,email=?,first_name=?,last_name=?,password=?,phone_number=?,profile_url=?,registered_at=?,role=? where id=?","serviceName":"tecnos-service"}
{"timestamp":"2024-11-25 00:38:35","thread":"main","level":"DEBUG","logger":"org.hibernate.persister.entity.AbstractEntityPersister","message":" Delete (0): delete from users where id=?","serviceName":"tecnos-service"}
{"timestamp":"2024-11-25 00:38:35","thread":"main","level":"DEBUG","logger":"org.hibernate.orm.sql.ast.create","message":"Created new SQL alias : u1_0","serviceName":"tecnos-service"}
{"timestamp":"2024-11-25 00:38:35","thread":"main","level":"DEBUG","logger":"org.hibernate.orm.sql.ast.create","message":"Registration of TableGroup [StandardTableGroup(com.example.tecnosserver.user.model.User)] with identifierForTableGroup [com.example.tecnosserver.user.model.User] for NavigablePath [com.example.tecnosserver.user.model.User] ","serviceName":"tecnos-service"}
{"timestamp":"2024-11-25 00:38:35","thread":"main","level":"DEBUG","logger":"org.hibernate.orm.results.graph.AST","message":"DomainResult Graph:\r\n \\-EntityResultImpl [com.example.tecnosserver.user.model.User]\n |  +-BasicFetch [com.example.tecnosserver.user.model.User.createdAt]\n |  +-BasicFetch [com.example.tecnosserver.user.model.User.email]\n |  +-BasicFetch [com.example.tecnosserver.user.model.User.firstName]\n |  +-BasicFetch [com.example.tecnosserver.user.model.User.lastName]\n |  +-BasicFetch [com.example.tecnosserver.user.model.User.password]\n |  +-BasicFetch [com.example.tecnosserver.user.model.User.phoneNumber]\n |  +-BasicFetch [com.example.tecnosserver.user.model.User.profileUrl]\n |  +-BasicFetch [com.example.tecnosserver.user.model.User.registeredAt]\n |  \\-BasicFetch [com.example.tecnosserver.user.model.User.userRole]\n","serviceName":"tecnos-service"}
{"timestamp":"2024-11-25 00:38:35","thread":"main","level":"DEBUG","logger":"org.hibernate.orm.sql.ast.tree","message":"SQL AST Tree:\r\n    SelectStatement {\r\n      FromClause {\r\n        StandardTableGroup (u1 : com.example.tecnosserver.user.model.User) {\r\n          primaryTableReference : users as u1_0\r\n        }\r\n      }\r\n    }\r\n","serviceName":"tecnos-service"}
{"timestamp":"2024-11-25 00:38:35","thread":"main","level":"DEBUG","logger":"org.hibernate.persister.entity.AbstractEntityPersister","message":"Static SQL for entity: com.example.tecnosserver.itemcategory.model.ItemCategory","serviceName":"tecnos-service"}
{"timestamp":"2024-11-25 00:38:35","thread":"main","level":"DEBUG","logger":"org.hibernate.persister.entity.AbstractEntityPersister","message":" Version select: select id from item_categories where id=?","serviceName":"tecnos-service"}
{"timestamp":"2024-11-25 00:38:35","thread":"main","level":"DEBUG","logger":"org.hibernate.persister.entity.AbstractEntityPersister","message":" Insert (0): insert into item_categories (category_id,created_at,name,subcategory_id,updated_at,id) values (?,?,?,?,?,?)","serviceName":"tecnos-service"}
{"timestamp":"2024-11-25 00:38:35","thread":"main","level":"DEBUG","logger":"org.hibernate.persister.entity.AbstractEntityPersister","message":" Update (0): update item_categories set category_id=?,name=?,subcategory_id=?,updated_at=? where id=?","serviceName":"tecnos-service"}
{"timestamp":"2024-11-25 00:38:35","thread":"main","level":"DEBUG","logger":"org.hibernate.persister.entity.AbstractEntityPersister","message":" Delete (0): delete from item_categories where id=?","serviceName":"tecnos-service"}
{"timestamp":"2024-11-25 00:38:35","thread":"main","level":"DEBUG","logger":"org.hibernate.orm.sql.ast.create","message":"Created new SQL alias : i1_0","serviceName":"tecnos-service"}
{"timestamp":"2024-11-25 00:38:35","thread":"main","level":"DEBUG","logger":"org.hibernate.orm.sql.ast.create","message":"Registration of TableGroup [StandardTableGroup(com.example.tecnosserver.itemcategory.model.ItemCategory)] with identifierForTableGroup [com.example.tecnosserver.itemcategory.model.ItemCategory] for NavigablePath [com.example.tecnosserver.itemcategory.model.ItemCategory] ","serviceName":"tecnos-service"}
{"timestamp":"2024-11-25 00:38:35","thread":"main","level":"DEBUG","logger":"org.hibernate.orm.sql.ast.create","message":"Registration of TableGroup [org.hibernate.sql.ast.tree.from.LazyTableGroup@67c1fc9b] with identifierForTableGroup [com.example.tecnosserver.itemcategory.model.ItemCategory.category] for NavigablePath [com.example.tecnosserver.itemcategory.model.ItemCategory.category] ","serviceName":"tecnos-service"}
{"timestamp":"2024-11-25 00:38:35","thread":"main","level":"DEBUG","logger":"org.hibernate.orm.sql.ast.create","message":"Created new SQL alias : c1_0","serviceName":"tecnos-service"}
{"timestamp":"2024-11-25 00:38:35","thread":"main","level":"DEBUG","logger":"org.hibernate.orm.sql.ast.create","message":"Registration of TableGroup [org.hibernate.sql.ast.tree.from.LazyTableGroup@240c626d] with identifierForTableGroup [com.example.tecnosserver.itemcategory.model.ItemCategory.subCategory] for NavigablePath [com.example.tecnosserver.itemcategory.model.ItemCategory.subCategory] ","serviceName":"tecnos-service"}
{"timestamp":"2024-11-25 00:38:35","thread":"main","level":"DEBUG","logger":"org.hibernate.orm.sql.ast.create","message":"Created new SQL alias : s1_0","serviceName":"tecnos-service"}
{"timestamp":"2024-11-25 00:38:35","thread":"main","level":"DEBUG","logger":"org.hibernate.orm.sql.ast.create","message":"Registration of TableGroup [org.hibernate.sql.ast.tree.from.LazyTableGroup@53a645a2] with identifierForTableGroup [com.example.tecnosserver.itemcategory.model.ItemCategory.subCategory.category] for NavigablePath [com.example.tecnosserver.itemcategory.model.ItemCategory.subCategory.category] ","serviceName":"tecnos-service"}
{"timestamp":"2024-11-25 00:38:35","thread":"main","level":"DEBUG","logger":"org.hibernate.orm.sql.ast.create","message":"Created new SQL alias : c2_0","serviceName":"tecnos-service"}
{"timestamp":"2024-11-25 00:38:35","thread":"main","level":"DEBUG","logger":"org.hibernate.orm.results.graph.AST","message":"DomainResult Graph:\r\n \\-EntityResultImpl [com.example.tecnosserver.itemcategory.model.ItemCategory]\n |  +-EntityFetchJoinedImpl [com.example.tecnosserver.itemcategory.model.ItemCategory.category]\n |  +-BasicFetch [com.example.tecnosserver.itemcategory.model.ItemCategory.createdAt]\n |  +-BasicFetch [com.example.tecnosserver.itemcategory.model.ItemCategory.name]\n |  +-DelayedCollectionFetch [com.example.tecnosserver.itemcategory.model.ItemCategory.products]\n |  +-EntityFetchJoinedImpl [com.example.tecnosserver.itemcategory.model.ItemCategory.subCategory]\n |  \\-BasicFetch [com.example.tecnosserver.itemcategory.model.ItemCategory.updatedAt]\n","serviceName":"tecnos-service"}
{"timestamp":"2024-11-25 00:38:35","thread":"main","level":"DEBUG","logger":"org.hibernate.orm.sql.ast.tree","message":"SQL AST Tree:\r\n    SelectStatement {\r\n      FromClause {\r\n        StandardTableGroup (i1 : com.example.tecnosserver.itemcategory.model.ItemCategory) {\r\n          primaryTableReference : item_categories as i1_0\r\n          TableGroupJoins {\r\n             join LazyTableGroup (c1 : com.example.tecnosserver.itemcategory.model.ItemCategory.category) {\r\n              primaryTableReference : categories as c1_0\r\n            }\r\n             join LazyTableGroup (s1 : com.example.tecnosserver.itemcategory.model.ItemCategory.subCategory) {\r\n              primaryTableReference : subcategories as s1_0\r\n              TableGroupJoins {\r\n                left  join LazyTableGroup (c2 : com.example.tecnosserver.itemcategory.model.ItemCategory.subCategory.category) {\r\n                  primaryTableReference : categories as c2_0\r\n                }\r\n              }\r\n            }\r\n          }\r\n        }\r\n      }\r\n    }\r\n","serviceName":"tecnos-service"}
{"timestamp":"2024-11-25 00:38:35","thread":"main","level":"DEBUG","logger":"org.hibernate.persister.entity.AbstractEntityPersister","message":"Static SQL for entity: com.example.tecnosserver.subcategory.model.SubCategory","serviceName":"tecnos-service"}
{"timestamp":"2024-11-25 00:38:35","thread":"main","level":"DEBUG","logger":"org.hibernate.persister.entity.AbstractEntityPersister","message":" Version select: select id from subcategories where id=?","serviceName":"tecnos-service"}
{"timestamp":"2024-11-25 00:38:35","thread":"main","level":"DEBUG","logger":"org.hibernate.persister.entity.AbstractEntityPersister","message":" Insert (0): insert into subcategories (category_id,created_at,name,updated_at,id) values (?,?,?,?,?)","serviceName":"tecnos-service"}
{"timestamp":"2024-11-25 00:38:35","thread":"main","level":"DEBUG","logger":"org.hibernate.persister.entity.AbstractEntityPersister","message":" Update (0): update subcategories set category_id=?,name=?,updated_at=? where id=?","serviceName":"tecnos-service"}
{"timestamp":"2024-11-25 00:38:35","thread":"main","level":"DEBUG","logger":"org.hibernate.persister.entity.AbstractEntityPersister","message":" Delete (0): delete from subcategories where id=?","serviceName":"tecnos-service"}
{"timestamp":"2024-11-25 00:38:35","thread":"main","level":"DEBUG","logger":"org.hibernate.orm.sql.ast.create","message":"Created new SQL alias : s1_0","serviceName":"tecnos-service"}
{"timestamp":"2024-11-25 00:38:35","thread":"main","level":"DEBUG","logger":"org.hibernate.orm.sql.ast.create","message":"Registration of TableGroup [StandardTableGroup(com.example.tecnosserver.subcategory.model.SubCategory)] with identifierForTableGroup [com.example.tecnosserver.subcategory.model.SubCategory] for NavigablePath [com.example.tecnosserver.subcategory.model.SubCategory] ","serviceName":"tecnos-service"}
{"timestamp":"2024-11-25 00:38:35","thread":"main","level":"DEBUG","logger":"org.hibernate.orm.sql.ast.create","message":"Registration of TableGroup [org.hibernate.sql.ast.tree.from.LazyTableGroup@2c3d1214] with identifierForTableGroup [com.example.tecnosserver.subcategory.model.SubCategory.category] for NavigablePath [com.example.tecnosserver.subcategory.model.SubCategory.category] ","serviceName":"tecnos-service"}
{"timestamp":"2024-11-25 00:38:35","thread":"main","level":"DEBUG","logger":"org.hibernate.orm.sql.ast.create","message":"Created new SQL alias : c1_0","serviceName":"tecnos-service"}
{"timestamp":"2024-11-25 00:38:35","thread":"main","level":"DEBUG","logger":"org.hibernate.orm.results.graph.AST","message":"DomainResult Graph:\r\n \\-EntityResultImpl [com.example.tecnosserver.subcategory.model.SubCategory]\n |  +-EntityFetchJoinedImpl [com.example.tecnosserver.subcategory.model.SubCategory.category]\n |  +-BasicFetch [com.example.tecnosserver.subcategory.model.SubCategory.createdAt]\n |  +-DelayedCollectionFetch [com.example.tecnosserver.subcategory.model.SubCategory.itemCategories]\n |  +-BasicFetch [com.example.tecnosserver.subcategory.model.SubCategory.name]\n |  +-DelayedCollectionFetch [com.example.tecnosserver.subcategory.model.SubCategory.products]\n |  \\-BasicFetch [com.example.tecnosserver.subcategory.model.SubCategory.updatedAt]\n","serviceName":"tecnos-service"}
{"timestamp":"2024-11-25 00:38:35","thread":"main","level":"DEBUG","logger":"org.hibernate.orm.sql.ast.tree","message":"SQL AST Tree:\r\n    SelectStatement {\r\n      FromClause {\r\n        StandardTableGroup (s1 : com.example.tecnosserver.subcategory.model.SubCategory) {\r\n          primaryTableReference : subcategories as s1_0\r\n          TableGroupJoins {\r\n             join LazyTableGroup (c1 : com.example.tecnosserver.subcategory.model.SubCategory.category) {\r\n              primaryTableReference : categories as c1_0\r\n            }\r\n          }\r\n        }\r\n      }\r\n    }\r\n","serviceName":"tecnos-service"}
{"timestamp":"2024-11-25 00:38:35","thread":"main","level":"DEBUG","logger":"org.hibernate.persister.entity.AbstractEntityPersister","message":"Static SQL for entity: com.example.tecnosserver.image.model.Image","serviceName":"tecnos-service"}
{"timestamp":"2024-11-25 00:38:35","thread":"main","level":"DEBUG","logger":"org.hibernate.persister.entity.AbstractEntityPersister","message":" Version select: select id from images where id=?","serviceName":"tecnos-service"}
{"timestamp":"2024-11-25 00:38:35","thread":"main","level":"DEBUG","logger":"org.hibernate.persister.entity.AbstractEntityPersister","message":" Insert (0): insert into images (type,url,id) values (?,?,?)","serviceName":"tecnos-service"}
{"timestamp":"2024-11-25 00:38:35","thread":"main","level":"DEBUG","logger":"org.hibernate.persister.entity.AbstractEntityPersister","message":" Update (0): update images set type=?,url=? where id=?","serviceName":"tecnos-service"}
{"timestamp":"2024-11-25 00:38:35","thread":"main","level":"DEBUG","logger":"org.hibernate.persister.entity.AbstractEntityPersister","message":" Delete (0): delete from images where id=?","serviceName":"tecnos-service"}
{"timestamp":"2024-11-25 00:38:35","thread":"main","level":"DEBUG","logger":"org.hibernate.orm.sql.ast.create","message":"Created new SQL alias : i1_0","serviceName":"tecnos-service"}
{"timestamp":"2024-11-25 00:38:35","thread":"main","level":"DEBUG","logger":"org.hibernate.orm.sql.ast.create","message":"Registration of TableGroup [StandardTableGroup(com.example.tecnosserver.image.model.Image)] with identifierForTableGroup [com.example.tecnosserver.image.model.Image] for NavigablePath [com.example.tecnosserver.image.model.Image] ","serviceName":"tecnos-service"}
{"timestamp":"2024-11-25 00:38:35","thread":"main","level":"DEBUG","logger":"org.hibernate.orm.results.graph.AST","message":"DomainResult Graph:\r\n \\-EntityResultImpl [com.example.tecnosserver.image.model.Image]\n |  +-BasicFetch [com.example.tecnosserver.image.model.Image.type]\n |  \\-BasicFetch [com.example.tecnosserver.image.model.Image.url]\n","serviceName":"tecnos-service"}
{"timestamp":"2024-11-25 00:38:35","thread":"main","level":"DEBUG","logger":"org.hibernate.orm.sql.ast.tree","message":"SQL AST Tree:\r\n    SelectStatement {\r\n      FromClause {\r\n        StandardTableGroup (i1 : com.example.tecnosserver.image.model.Image) {\r\n          primaryTableReference : images as i1_0\r\n        }\r\n      }\r\n    }\r\n","serviceName":"tecnos-service"}
{"timestamp":"2024-11-25 00:38:35","thread":"main","level":"DEBUG","logger":"org.hibernate.persister.entity.AbstractEntityPersister","message":"Static SQL for entity: com.example.tecnosserver.products.model.Product","serviceName":"tecnos-service"}
{"timestamp":"2024-11-25 00:38:35","thread":"main","level":"DEBUG","logger":"org.hibernate.persister.entity.AbstractEntityPersister","message":" Version select: select id from products where id=?","serviceName":"tecnos-service"}
{"timestamp":"2024-11-25 00:38:35","thread":"main","level":"DEBUG","logger":"org.hibernate.persister.entity.AbstractEntityPersister","message":" Insert (0): insert into products (broschure,catalog,category_id,created_at,description,item_category_id,link_video,name,sku,subcategory_id,tehnic,updated_at,id) values (?,?,?,?,?,?,?,?,?,?,?,?,?)","serviceName":"tecnos-service"}
{"timestamp":"2024-11-25 00:38:35","thread":"main","level":"DEBUG","logger":"org.hibernate.persister.entity.AbstractEntityPersister","message":" Update (0): update products set broschure=?,catalog=?,category_id=?,description=?,item_category_id=?,link_video=?,name=?,sku=?,subcategory_id=?,tehnic=?,updated_at=? where id=?","serviceName":"tecnos-service"}
{"timestamp":"2024-11-25 00:38:35","thread":"main","level":"DEBUG","logger":"org.hibernate.persister.entity.AbstractEntityPersister","message":" Delete (0): delete from products where id=?","serviceName":"tecnos-service"}
{"timestamp":"2024-11-25 00:38:35","thread":"main","level":"DEBUG","logger":"org.hibernate.orm.sql.ast.create","message":"Created new SQL alias : p1_0","serviceName":"tecnos-service"}
{"timestamp":"2024-11-25 00:38:35","thread":"main","level":"DEBUG","logger":"org.hibernate.orm.sql.ast.create","message":"Registration of TableGroup [StandardTableGroup(com.example.tecnosserver.products.model.Product)] with identifierForTableGroup [com.example.tecnosserver.products.model.Product] for NavigablePath [com.example.tecnosserver.products.model.Product] ","serviceName":"tecnos-service"}
{"timestamp":"2024-11-25 00:38:35","thread":"main","level":"DEBUG","logger":"org.hibernate.orm.sql.ast.create","message":"Registration of TableGroup [org.hibernate.sql.ast.tree.from.LazyTableGroup@6fe55fcf] with identifierForTableGroup [com.example.tecnosserver.products.model.Product.category] for NavigablePath [com.example.tecnosserver.products.model.Product.category] ","serviceName":"tecnos-service"}
{"timestamp":"2024-11-25 00:38:35","thread":"main","level":"DEBUG","logger":"org.hibernate.orm.sql.ast.create","message":"Created new SQL alias : c1_0","serviceName":"tecnos-service"}
{"timestamp":"2024-11-25 00:38:35","thread":"main","level":"DEBUG","logger":"org.hibernate.orm.sql.ast.create","message":"Registration of TableGroup [org.hibernate.sql.ast.tree.from.LazyTableGroup@3431cb1f] with identifierForTableGroup [com.example.tecnosserver.products.model.Product.itemCategory] for NavigablePath [com.example.tecnosserver.products.model.Product.itemCategory] ","serviceName":"tecnos-service"}
{"timestamp":"2024-11-25 00:38:35","thread":"main","level":"DEBUG","logger":"org.hibernate.orm.sql.ast.create","message":"Created new SQL alias : i1_0","serviceName":"tecnos-service"}
{"timestamp":"2024-11-25 00:38:35","thread":"main","level":"DEBUG","logger":"org.hibernate.orm.sql.ast.create","message":"Registration of TableGroup [org.hibernate.sql.ast.tree.from.LazyTableGroup@42c9f2cd] with identifierForTableGroup [com.example.tecnosserver.products.model.Product.itemCategory.category] for NavigablePath [com.example.tecnosserver.products.model.Product.itemCategory.category] ","serviceName":"tecnos-service"}
{"timestamp":"2024-11-25 00:38:35","thread":"main","level":"DEBUG","logger":"org.hibernate.orm.sql.ast.create","message":"Created new SQL alias : c2_0","serviceName":"tecnos-service"}
{"timestamp":"2024-11-25 00:38:35","thread":"main","level":"DEBUG","logger":"org.hibernate.orm.sql.ast.create","message":"Registration of TableGroup [org.hibernate.sql.ast.tree.from.LazyTableGroup@797c67c] with identifierForTableGroup [com.example.tecnosserver.products.model.Product.itemCategory.subCategory] for NavigablePath [com.example.tecnosserver.products.model.Product.itemCategory.subCategory] ","serviceName":"tecnos-service"}
{"timestamp":"2024-11-25 00:38:35","thread":"main","level":"DEBUG","logger":"org.hibernate.orm.sql.ast.create","message":"Created new SQL alias : s1_0","serviceName":"tecnos-service"}
{"timestamp":"2024-11-25 00:38:35","thread":"main","level":"DEBUG","logger":"org.hibernate.orm.sql.ast.create","message":"Registration of TableGroup [org.hibernate.sql.ast.tree.from.LazyTableGroup@64faf3d] with identifierForTableGroup [com.example.tecnosserver.products.model.Product.itemCategory.subCategory.category] for NavigablePath [com.example.tecnosserver.products.model.Product.itemCategory.subCategory.category] ","serviceName":"tecnos-service"}
{"timestamp":"2024-11-25 00:38:35","thread":"main","level":"DEBUG","logger":"org.hibernate.orm.sql.ast.create","message":"Registration of TableGroup [org.hibernate.sql.ast.tree.from.LazyTableGroup@4a9d6eb9] with identifierForTableGroup [com.example.tecnosserver.products.model.Product.subCategory] for NavigablePath [com.example.tecnosserver.products.model.Product.subCategory] ","serviceName":"tecnos-service"}
{"timestamp":"2024-11-25 00:38:35","thread":"main","level":"DEBUG","logger":"org.hibernate.orm.sql.ast.create","message":"Created new SQL alias : s2_0","serviceName":"tecnos-service"}
{"timestamp":"2024-11-25 00:38:35","thread":"main","level":"DEBUG","logger":"org.hibernate.orm.sql.ast.create","message":"Registration of TableGroup [org.hibernate.sql.ast.tree.from.LazyTableGroup@157a2c86] with identifierForTableGroup [com.example.tecnosserver.products.model.Product.subCategory.category] for NavigablePath [com.example.tecnosserver.products.model.Product.subCategory.category] ","serviceName":"tecnos-service"}
{"timestamp":"2024-11-25 00:38:35","thread":"main","level":"DEBUG","logger":"org.hibernate.orm.sql.ast.create","message":"Created new SQL alias : c4_0","serviceName":"tecnos-service"}
{"timestamp":"2024-11-25 00:38:35","thread":"main","level":"DEBUG","logger":"org.hibernate.orm.results.graph.AST","message":"DomainResult Graph:\r\n \\-EntityResultImpl [com.example.tecnosserver.products.model.Product]\n |  +-BasicFetch [com.example.tecnosserver.products.model.Product.broschure]\n |  +-BasicFetch [com.example.tecnosserver.products.model.Product.catalog]\n |  +-EntityFetchJoinedImpl [com.example.tecnosserver.products.model.Product.category]\n |  +-BasicFetch [com.example.tecnosserver.products.model.Product.createdAt]\n |  +-BasicFetch [com.example.tecnosserver.products.model.Product.description]\n |  +-DelayedCollectionFetch [com.example.tecnosserver.products.model.Product.images]\n |  +-EntityFetchJoinedImpl [com.example.tecnosserver.products.model.Product.itemCategory]\n |  +-BasicFetch [com.example.tecnosserver.products.model.Product.linkVideo]\n |  +-BasicFetch [com.example.tecnosserver.products.model.Product.name]\n |  +-BasicFetch [com.example.tecnosserver.products.model.Product.sku]\n |  +-EntityFetchJoinedImpl [com.example.tecnosserver.products.model.Product.subCategory]\n |  +-BasicFetch [com.example.tecnosserver.products.model.Product.tehnic]\n |  \\-BasicFetch [com.example.tecnosserver.products.model.Product.updatedAt]\n","serviceName":"tecnos-service"}
{"timestamp":"2024-11-25 00:38:35","thread":"main","level":"DEBUG","logger":"org.hibernate.orm.sql.ast.tree","message":"SQL AST Tree:\r\n    SelectStatement {\r\n      FromClause {\r\n        StandardTableGroup (p1 : com.example.tecnosserver.products.model.Product) {\r\n          primaryTableReference : products as p1_0\r\n          TableGroupJoins {\r\n            left  join LazyTableGroup (c1 : com.example.tecnosserver.products.model.Product.category) {\r\n              primaryTableReference : categories as c1_0\r\n            }\r\n            left  join LazyTableGroup (i1 : com.example.tecnosserver.products.model.Product.itemCategory) {\r\n              primaryTableReference : item_categories as i1_0\r\n              TableGroupJoins {\r\n                left  join LazyTableGroup (c2 : com.example.tecnosserver.products.model.Product.itemCategory.category) {\r\n                  primaryTableReference : categories as c2_0\r\n                }\r\n                left  join LazyTableGroup (s1 : com.example.tecnosserver.products.model.Product.itemCategory.subCategory) {\r\n                  primaryTableReference : subcategories as s1_0\r\n                  TableGroupJoins {\r\n                    left  join LazyTableGroup (c3 : com.example.tecnosserver.products.model.Product.itemCategory.subCategory.category) {\r\n                    }\r\n                  }\r\n                }\r\n              }\r\n            }\r\n            left  join LazyTableGroup (s2 : com.example.tecnosserver.products.model.Product.subCategory) {\r\n              primaryTableReference : subcategories as s2_0\r\n              TableGroupJoins {\r\n                left  join LazyTableGroup (c4 : com.example.tecnosserver.products.model.Product.subCategory.category) {\r\n                  primaryTableReference : categories as c4_0\r\n                }\r\n              }\r\n            }\r\n          }\r\n        }\r\n      }\r\n    }\r\n","serviceName":"tecnos-service"}
{"timestamp":"2024-11-25 00:38:35","thread":"main","level":"DEBUG","logger":"org.hibernate.persister.entity.AbstractEntityPersister","message":"Static SQL for entity: com.example.tecnosserver.category.model.Category","serviceName":"tecnos-service"}
{"timestamp":"2024-11-25 00:38:35","thread":"main","level":"DEBUG","logger":"org.hibernate.persister.entity.AbstractEntityPersister","message":" Version select: select id from categories where id=?","serviceName":"tecnos-service"}
{"timestamp":"2024-11-25 00:38:35","thread":"main","level":"DEBUG","logger":"org.hibernate.persister.entity.AbstractEntityPersister","message":" Insert (0): insert into categories (created_at,main_section,name,updated_at,id) values (?,?,?,?,?)","serviceName":"tecnos-service"}
{"timestamp":"2024-11-25 00:38:35","thread":"main","level":"DEBUG","logger":"org.hibernate.persister.entity.AbstractEntityPersister","message":" Update (0): update categories set main_section=?,name=?,updated_at=? where id=?","serviceName":"tecnos-service"}
{"timestamp":"2024-11-25 00:38:35","thread":"main","level":"DEBUG","logger":"org.hibernate.persister.entity.AbstractEntityPersister","message":" Delete (0): delete from categories where id=?","serviceName":"tecnos-service"}
{"timestamp":"2024-11-25 00:38:35","thread":"main","level":"DEBUG","logger":"org.hibernate.orm.sql.ast.create","message":"Created new SQL alias : c1_0","serviceName":"tecnos-service"}
{"timestamp":"2024-11-25 00:38:35","thread":"main","level":"DEBUG","logger":"org.hibernate.orm.sql.ast.create","message":"Registration of TableGroup [StandardTableGroup(com.example.tecnosserver.category.model.Category)] with identifierForTableGroup [com.example.tecnosserver.category.model.Category] for NavigablePath [com.example.tecnosserver.category.model.Category] ","serviceName":"tecnos-service"}
{"timestamp":"2024-11-25 00:38:35","thread":"main","level":"DEBUG","logger":"org.hibernate.orm.results.graph.AST","message":"DomainResult Graph:\r\n \\-EntityResultImpl [com.example.tecnosserver.category.model.Category]\n |  +-BasicFetch [com.example.tecnosserver.category.model.Category.createdAt]\n |  +-DelayedCollectionFetch [com.example.tecnosserver.category.model.Category.itemCategories]\n |  +-BasicFetch [com.example.tecnosserver.category.model.Category.mainSection]\n |  +-BasicFetch [com.example.tecnosserver.category.model.Category.name]\n |  +-DelayedCollectionFetch [com.example.tecnosserver.category.model.Category.products]\n |  +-DelayedCollectionFetch [com.example.tecnosserver.category.model.Category.subCategories]\n |  \\-BasicFetch [com.example.tecnosserver.category.model.Category.updatedAt]\n","serviceName":"tecnos-service"}
{"timestamp":"2024-11-25 00:38:35","thread":"main","level":"DEBUG","logger":"org.hibernate.orm.sql.ast.tree","message":"SQL AST Tree:\r\n    SelectStatement {\r\n      FromClause {\r\n        StandardTableGroup (c1 : com.example.tecnosserver.category.model.Category) {\r\n          primaryTableReference : categories as c1_0\r\n        }\r\n      }\r\n    }\r\n","serviceName":"tecnos-service"}
{"timestamp":"2024-11-25 00:38:35","thread":"main","level":"DEBUG","logger":"org.hibernate.orm.sql.ast.create","message":"Created new SQL alias : p1_0","serviceName":"tecnos-service"}
{"timestamp":"2024-11-25 00:38:35","thread":"main","level":"DEBUG","logger":"org.hibernate.orm.sql.ast.create","message":"Registration of TableGroup [org.hibernate.sql.ast.tree.from.OneToManyTableGroup@73b71935] with identifierForTableGroup [com.example.tecnosserver.itemcategory.model.ItemCategory.products] for NavigablePath [com.example.tecnosserver.itemcategory.model.ItemCategory.products] ","serviceName":"tecnos-service"}
{"timestamp":"2024-11-25 00:38:35","thread":"main","level":"DEBUG","logger":"org.hibernate.orm.sql.ast.create","message":"Registration of TableGroup [StandardTableGroup(com.example.tecnosserver.itemcategory.model.ItemCategory.products.{element})] with identifierForTableGroup [com.example.tecnosserver.itemcategory.model.ItemCategory.products.{element}] for NavigablePath [com.example.tecnosserver.itemcategory.model.ItemCategory.products.{element}] ","serviceName":"tecnos-service"}
{"timestamp":"2024-11-25 00:38:35","thread":"main","level":"DEBUG","logger":"org.hibernate.orm.sql.ast.create","message":"Registration of TableGroup [org.hibernate.sql.ast.tree.from.LazyTableGroup@6bab373c] with identifierForTableGroup [com.example.tecnosserver.itemcategory.model.ItemCategory.products.{element}.category] for NavigablePath [com.example.tecnosserver.itemcategory.model.ItemCategory.products.{element}.category] ","serviceName":"tecnos-service"}
{"timestamp":"2024-11-25 00:38:35","thread":"main","level":"DEBUG","logger":"org.hibernate.orm.sql.ast.create","message":"Created new SQL alias : c1_0","serviceName":"tecnos-service"}
{"timestamp":"2024-11-25 00:38:35","thread":"main","level":"DEBUG","logger":"org.hibernate.orm.sql.ast.create","message":"Registration of TableGroup [org.hibernate.sql.ast.tree.from.LazyTableGroup@529fda9f] with identifierForTableGroup [com.example.tecnosserver.itemcategory.model.ItemCategory.products.{element}.itemCategory] for NavigablePath [com.example.tecnosserver.itemcategory.model.ItemCategory.products.{element}.itemCategory] ","serviceName":"tecnos-service"}
{"timestamp":"2024-11-25 00:38:35","thread":"main","level":"DEBUG","logger":"org.hibernate.orm.sql.ast.create","message":"Registration of TableGroup [org.hibernate.sql.ast.tree.from.LazyTableGroup@7ecd6861] with identifierForTableGroup [com.example.tecnosserver.itemcategory.model.ItemCategory.products.{element}.subCategory] for NavigablePath [com.example.tecnosserver.itemcategory.model.ItemCategory.products.{element}.subCategory] ","serviceName":"tecnos-service"}
{"timestamp":"2024-11-25 00:38:35","thread":"main","level":"DEBUG","logger":"org.hibernate.orm.sql.ast.create","message":"Created new SQL alias : s1_0","serviceName":"tecnos-service"}
{"timestamp":"2024-11-25 00:38:35","thread":"main","level":"DEBUG","logger":"org.hibernate.orm.sql.ast.create","message":"Registration of TableGroup [org.hibernate.sql.ast.tree.from.LazyTableGroup@6557dcea] with identifierForTableGroup [com.example.tecnosserver.itemcategory.model.ItemCategory.products.{element}.subCategory.category] for NavigablePath [com.example.tecnosserver.itemcategory.model.ItemCategory.products.{element}.subCategory.category] ","serviceName":"tecnos-service"}
{"timestamp":"2024-11-25 00:38:35","thread":"main","level":"DEBUG","logger":"org.hibernate.orm.sql.ast.create","message":"Created new SQL alias : c2_0","serviceName":"tecnos-service"}
{"timestamp":"2024-11-25 00:38:35","thread":"main","level":"DEBUG","logger":"org.hibernate.orm.jdbc.mutation","message":"Static SQL for collection: com.example.tecnosserver.itemcategory.model.ItemCategory.products","serviceName":"tecnos-service"}
{"timestamp":"2024-11-25 00:38:35","thread":"main","level":"DEBUG","logger":"org.hibernate.orm.sql.ast.create","message":"Created new SQL alias : i1_0","serviceName":"tecnos-service"}
{"timestamp":"2024-11-25 00:38:35","thread":"main","level":"DEBUG","logger":"org.hibernate.orm.sql.ast.create","message":"Registration of TableGroup [org.hibernate.sql.ast.tree.from.OneToManyTableGroup@20e8286a] with identifierForTableGroup [com.example.tecnosserver.category.model.Category.itemCategories] for NavigablePath [com.example.tecnosserver.category.model.Category.itemCategories] ","serviceName":"tecnos-service"}
{"timestamp":"2024-11-25 00:38:35","thread":"main","level":"DEBUG","logger":"org.hibernate.orm.sql.ast.create","message":"Registration of TableGroup [StandardTableGroup(com.example.tecnosserver.category.model.Category.itemCategories.{element})] with identifierForTableGroup [com.example.tecnosserver.category.model.Category.itemCategories.{element}] for NavigablePath [com.example.tecnosserver.category.model.Category.itemCategories.{element}] ","serviceName":"tecnos-service"}
{"timestamp":"2024-11-25 00:38:35","thread":"main","level":"DEBUG","logger":"org.hibernate.orm.sql.ast.create","message":"Registration of TableGroup [org.hibernate.sql.ast.tree.from.LazyTableGroup@4d408746] with identifierForTableGroup [com.example.tecnosserver.category.model.Category.itemCategories.{element}.category] for NavigablePath [com.example.tecnosserver.category.model.Category.itemCategories.{element}.category] ","serviceName":"tecnos-service"}
{"timestamp":"2024-11-25 00:38:35","thread":"main","level":"DEBUG","logger":"org.hibernate.orm.sql.ast.create","message":"Registration of TableGroup [org.hibernate.sql.ast.tree.from.LazyTableGroup@6ae55678] with identifierForTableGroup [com.example.tecnosserver.category.model.Category.itemCategories.{element}.subCategory] for NavigablePath [com.example.tecnosserver.category.model.Category.itemCategories.{element}.subCategory] ","serviceName":"tecnos-service"}
{"timestamp":"2024-11-25 00:38:35","thread":"main","level":"DEBUG","logger":"org.hibernate.orm.sql.ast.create","message":"Created new SQL alias : s1_0","serviceName":"tecnos-service"}
{"timestamp":"2024-11-25 00:38:35","thread":"main","level":"DEBUG","logger":"org.hibernate.orm.sql.ast.create","message":"Registration of TableGroup [org.hibernate.sql.ast.tree.from.LazyTableGroup@4bc75792] with identifierForTableGroup [com.example.tecnosserver.category.model.Category.itemCategories.{element}.subCategory.category] for NavigablePath [com.example.tecnosserver.category.model.Category.itemCategories.{element}.subCategory.category] ","serviceName":"tecnos-service"}
{"timestamp":"2024-11-25 00:38:35","thread":"main","level":"DEBUG","logger":"org.hibernate.orm.sql.ast.create","message":"Created new SQL alias : c2_0","serviceName":"tecnos-service"}
{"timestamp":"2024-11-25 00:38:35","thread":"main","level":"DEBUG","logger":"org.hibernate.orm.jdbc.mutation","message":"Static SQL for collection: com.example.tecnosserver.category.model.Category.itemCategories","serviceName":"tecnos-service"}
{"timestamp":"2024-11-25 00:38:35","thread":"main","level":"DEBUG","logger":"org.hibernate.orm.sql.ast.create","message":"Created new SQL alias : p1_0","serviceName":"tecnos-service"}
{"timestamp":"2024-11-25 00:38:35","thread":"main","level":"DEBUG","logger":"org.hibernate.orm.sql.ast.create","message":"Registration of TableGroup [org.hibernate.sql.ast.tree.from.OneToManyTableGroup@2a0d8df8] with identifierForTableGroup [com.example.tecnosserver.category.model.Category.products] for NavigablePath [com.example.tecnosserver.category.model.Category.products] ","serviceName":"tecnos-service"}
{"timestamp":"2024-11-25 00:38:35","thread":"main","level":"DEBUG","logger":"org.hibernate.orm.sql.ast.create","message":"Registration of TableGroup [StandardTableGroup(com.example.tecnosserver.category.model.Category.products.{element})] with identifierForTableGroup [com.example.tecnosserver.category.model.Category.products.{element}] for NavigablePath [com.example.tecnosserver.category.model.Category.products.{element}] ","serviceName":"tecnos-service"}
{"timestamp":"2024-11-25 00:38:35","thread":"main","level":"DEBUG","logger":"org.hibernate.orm.sql.ast.create","message":"Registration of TableGroup [org.hibernate.sql.ast.tree.from.LazyTableGroup@63be4548] with identifierForTableGroup [com.example.tecnosserver.category.model.Category.products.{element}.category] for NavigablePath [com.example.tecnosserver.category.model.Category.products.{element}.category] ","serviceName":"tecnos-service"}
{"timestamp":"2024-11-25 00:38:35","thread":"main","level":"DEBUG","logger":"org.hibernate.orm.sql.ast.create","message":"Registration of TableGroup [org.hibernate.sql.ast.tree.from.LazyTableGroup@232899d1] with identifierForTableGroup [com.example.tecnosserver.category.model.Category.products.{element}.itemCategory] for NavigablePath [com.example.tecnosserver.category.model.Category.products.{element}.itemCategory] ","serviceName":"tecnos-service"}
{"timestamp":"2024-11-25 00:38:35","thread":"main","level":"DEBUG","logger":"org.hibernate.orm.sql.ast.create","message":"Created new SQL alias : i1_0","serviceName":"tecnos-service"}
{"timestamp":"2024-11-25 00:38:35","thread":"main","level":"DEBUG","logger":"org.hibernate.orm.sql.ast.create","message":"Registration of TableGroup [org.hibernate.sql.ast.tree.from.LazyTableGroup@522221e1] with identifierForTableGroup [com.example.tecnosserver.category.model.Category.products.{element}.itemCategory.category] for NavigablePath [com.example.tecnosserver.category.model.Category.products.{element}.itemCategory.category] ","serviceName":"tecnos-service"}
{"timestamp":"2024-11-25 00:38:35","thread":"main","level":"DEBUG","logger":"org.hibernate.orm.sql.ast.create","message":"Created new SQL alias : c2_0","serviceName":"tecnos-service"}
{"timestamp":"2024-11-25 00:38:35","thread":"main","level":"DEBUG","logger":"org.hibernate.orm.sql.ast.create","message":"Registration of TableGroup [org.hibernate.sql.ast.tree.from.LazyTableGroup@14060410] with identifierForTableGroup [com.example.tecnosserver.category.model.Category.products.{element}.itemCategory.subCategory] for NavigablePath [com.example.tecnosserver.category.model.Category.products.{element}.itemCategory.subCategory] ","serviceName":"tecnos-service"}
{"timestamp":"2024-11-25 00:38:35","thread":"main","level":"DEBUG","logger":"org.hibernate.orm.sql.ast.create","message":"Created new SQL alias : s1_0","serviceName":"tecnos-service"}
{"timestamp":"2024-11-25 00:38:35","thread":"main","level":"DEBUG","logger":"org.hibernate.orm.sql.ast.create","message":"Registration of TableGroup [org.hibernate.sql.ast.tree.from.LazyTableGroup@58397dd] with identifierForTableGroup [com.example.tecnosserver.category.model.Category.products.{element}.itemCategory.subCategory.category] for NavigablePath [com.example.tecnosserver.category.model.Category.products.{element}.itemCategory.subCategory.category] ","serviceName":"tecnos-service"}
{"timestamp":"2024-11-25 00:38:35","thread":"main","level":"DEBUG","logger":"org.hibernate.orm.sql.ast.create","message":"Registration of TableGroup [org.hibernate.sql.ast.tree.from.LazyTableGroup@620260ad] with identifierForTableGroup [com.example.tecnosserver.category.model.Category.products.{element}.subCategory] for NavigablePath [com.example.tecnosserver.category.model.Category.products.{element}.subCategory] ","serviceName":"tecnos-service"}
{"timestamp":"2024-11-25 00:38:35","thread":"main","level":"DEBUG","logger":"org.hibernate.orm.sql.ast.create","message":"Created new SQL alias : s2_0","serviceName":"tecnos-service"}
{"timestamp":"2024-11-25 00:38:35","thread":"main","level":"DEBUG","logger":"org.hibernate.orm.sql.ast.create","message":"Registration of TableGroup [org.hibernate.sql.ast.tree.from.LazyTableGroup@216c6825] with identifierForTableGroup [com.example.tecnosserver.category.model.Category.products.{element}.subCategory.category] for NavigablePath [com.example.tecnosserver.category.model.Category.products.{element}.subCategory.category] ","serviceName":"tecnos-service"}
{"timestamp":"2024-11-25 00:38:35","thread":"main","level":"DEBUG","logger":"org.hibernate.orm.sql.ast.create","message":"Created new SQL alias : c4_0","serviceName":"tecnos-service"}
{"timestamp":"2024-11-25 00:38:35","thread":"main","level":"DEBUG","logger":"org.hibernate.orm.jdbc.mutation","message":"Static SQL for collection: com.example.tecnosserver.category.model.Category.products","serviceName":"tecnos-service"}
{"timestamp":"2024-11-25 00:38:35","thread":"main","level":"DEBUG","logger":"org.hibernate.orm.sql.ast.create","message":"Created new SQL alias : i1_0","serviceName":"tecnos-service"}
{"timestamp":"2024-11-25 00:38:35","thread":"main","level":"DEBUG","logger":"org.hibernate.orm.sql.ast.create","message":"Registration of TableGroup [org.hibernate.sql.ast.tree.from.OneToManyTableGroup@56ece9c] with identifierForTableGroup [com.example.tecnosserver.subcategory.model.SubCategory.itemCategories] for NavigablePath [com.example.tecnosserver.subcategory.model.SubCategory.itemCategories] ","serviceName":"tecnos-service"}
{"timestamp":"2024-11-25 00:38:35","thread":"main","level":"DEBUG","logger":"org.hibernate.orm.sql.ast.create","message":"Registration of TableGroup [StandardTableGroup(com.example.tecnosserver.subcategory.model.SubCategory.itemCategories.{element})] with identifierForTableGroup [com.example.tecnosserver.subcategory.model.SubCategory.itemCategories.{element}] for NavigablePath [com.example.tecnosserver.subcategory.model.SubCategory.itemCategories.{element}] ","serviceName":"tecnos-service"}
{"timestamp":"2024-11-25 00:38:35","thread":"main","level":"DEBUG","logger":"org.hibernate.orm.sql.ast.create","message":"Registration of TableGroup [org.hibernate.sql.ast.tree.from.LazyTableGroup@1c4a8c93] with identifierForTableGroup [com.example.tecnosserver.subcategory.model.SubCategory.itemCategories.{element}.category] for NavigablePath [com.example.tecnosserver.subcategory.model.SubCategory.itemCategories.{element}.category] ","serviceName":"tecnos-service"}
{"timestamp":"2024-11-25 00:38:35","thread":"main","level":"DEBUG","logger":"org.hibernate.orm.sql.ast.create","message":"Created new SQL alias : c1_0","serviceName":"tecnos-service"}
{"timestamp":"2024-11-25 00:38:35","thread":"main","level":"DEBUG","logger":"org.hibernate.orm.sql.ast.create","message":"Registration of TableGroup [org.hibernate.sql.ast.tree.from.LazyTableGroup@6d3c80bf] with identifierForTableGroup [com.example.tecnosserver.subcategory.model.SubCategory.itemCategories.{element}.subCategory] for NavigablePath [com.example.tecnosserver.subcategory.model.SubCategory.itemCategories.{element}.subCategory] ","serviceName":"tecnos-service"}
{"timestamp":"2024-11-25 00:38:35","thread":"main","level":"DEBUG","logger":"org.hibernate.orm.jdbc.mutation","message":"Static SQL for collection: com.example.tecnosserver.subcategory.model.SubCategory.itemCategories","serviceName":"tecnos-service"}
{"timestamp":"2024-11-25 00:38:35","thread":"main","level":"DEBUG","logger":"org.hibernate.orm.sql.ast.create","message":"Created new SQL alias : i1_0","serviceName":"tecnos-service"}
{"timestamp":"2024-11-25 00:38:35","thread":"main","level":"DEBUG","logger":"org.hibernate.orm.sql.ast.create","message":"Registration of TableGroup [org.hibernate.sql.ast.tree.from.OneToManyTableGroup@2f53e07d] with identifierForTableGroup [com.example.tecnosserver.products.model.Product.images] for NavigablePath [com.example.tecnosserver.products.model.Product.images] ","serviceName":"tecnos-service"}
{"timestamp":"2024-11-25 00:38:35","thread":"main","level":"DEBUG","logger":"org.hibernate.orm.sql.ast.create","message":"Registration of TableGroup [StandardTableGroup(com.example.tecnosserver.products.model.Product.images.{element})] with identifierForTableGroup [com.example.tecnosserver.products.model.Product.images.{element}] for NavigablePath [com.example.tecnosserver.products.model.Product.images.{element}] ","serviceName":"tecnos-service"}
{"timestamp":"2024-11-25 00:38:35","thread":"main","level":"DEBUG","logger":"org.hibernate.orm.jdbc.mutation","message":"Static SQL for collection: com.example.tecnosserver.products.model.Product.images","serviceName":"tecnos-service"}
{"timestamp":"2024-11-25 00:38:35","thread":"main","level":"DEBUG","logger":"org.hibernate.orm.jdbc.mutation","message":" Row insert: update images set product_id=? where id=?","serviceName":"tecnos-service"}
{"timestamp":"2024-11-25 00:38:35","thread":"main","level":"DEBUG","logger":"org.hibernate.orm.jdbc.mutation","message":" Row delete: update images set product_id=null where product_id=? and id=?","serviceName":"tecnos-service"}
{"timestamp":"2024-11-25 00:38:35","thread":"main","level":"DEBUG","logger":"org.hibernate.orm.jdbc.mutation","message":" One-shot delete: update images set product_id=null where product_id=?","serviceName":"tecnos-service"}
{"timestamp":"2024-11-25 00:38:35","thread":"main","level":"DEBUG","logger":"org.hibernate.orm.sql.ast.create","message":"Created new SQL alias : s1_0","serviceName":"tecnos-service"}
{"timestamp":"2024-11-25 00:38:35","thread":"main","level":"DEBUG","logger":"org.hibernate.orm.sql.ast.create","message":"Registration of TableGroup [org.hibernate.sql.ast.tree.from.OneToManyTableGroup@549b26d7] with identifierForTableGroup [com.example.tecnosserver.category.model.Category.subCategories] for NavigablePath [com.example.tecnosserver.category.model.Category.subCategories] ","serviceName":"tecnos-service"}
{"timestamp":"2024-11-25 00:38:35","thread":"main","level":"DEBUG","logger":"org.hibernate.orm.sql.ast.create","message":"Registration of TableGroup [StandardTableGroup(com.example.tecnosserver.category.model.Category.subCategories.{element})] with identifierForTableGroup [com.example.tecnosserver.category.model.Category.subCategories.{element}] for NavigablePath [com.example.tecnosserver.category.model.Category.subCategories.{element}] ","serviceName":"tecnos-service"}
{"timestamp":"2024-11-25 00:38:35","thread":"main","level":"DEBUG","logger":"org.hibernate.orm.sql.ast.create","message":"Registration of TableGroup [org.hibernate.sql.ast.tree.from.LazyTableGroup@2c9430c6] with identifierForTableGroup [com.example.tecnosserver.category.model.Category.subCategories.{element}.category] for NavigablePath [com.example.tecnosserver.category.model.Category.subCategories.{element}.category] ","serviceName":"tecnos-service"}
{"timestamp":"2024-11-25 00:38:35","thread":"main","level":"DEBUG","logger":"org.hibernate.orm.jdbc.mutation","message":"Static SQL for collection: com.example.tecnosserver.category.model.Category.subCategories","serviceName":"tecnos-service"}
{"timestamp":"2024-11-25 00:38:35","thread":"main","level":"DEBUG","logger":"org.hibernate.orm.sql.ast.create","message":"Created new SQL alias : p1_0","serviceName":"tecnos-service"}
{"timestamp":"2024-11-25 00:38:35","thread":"main","level":"DEBUG","logger":"org.hibernate.orm.sql.ast.create","message":"Registration of TableGroup [org.hibernate.sql.ast.tree.from.OneToManyTableGroup@66978c15] with identifierForTableGroup [com.example.tecnosserver.subcategory.model.SubCategory.products] for NavigablePath [com.example.tecnosserver.subcategory.model.SubCategory.products] ","serviceName":"tecnos-service"}
{"timestamp":"2024-11-25 00:38:35","thread":"main","level":"DEBUG","logger":"org.hibernate.orm.sql.ast.create","message":"Registration of TableGroup [StandardTableGroup(com.example.tecnosserver.subcategory.model.SubCategory.products.{element})] with identifierForTableGroup [com.example.tecnosserver.subcategory.model.SubCategory.products.{element}] for NavigablePath [com.example.tecnosserver.subcategory.model.SubCategory.products.{element}] ","serviceName":"tecnos-service"}
{"timestamp":"2024-11-25 00:38:35","thread":"main","level":"DEBUG","logger":"org.hibernate.orm.sql.ast.create","message":"Registration of TableGroup [org.hibernate.sql.ast.tree.from.LazyTableGroup@6c96dc5c] with identifierForTableGroup [com.example.tecnosserver.subcategory.model.SubCategory.products.{element}.category] for NavigablePath [com.example.tecnosserver.subcategory.model.SubCategory.products.{element}.category] ","serviceName":"tecnos-service"}
{"timestamp":"2024-11-25 00:38:35","thread":"main","level":"DEBUG","logger":"org.hibernate.orm.sql.ast.create","message":"Created new SQL alias : c1_0","serviceName":"tecnos-service"}
{"timestamp":"2024-11-25 00:38:35","thread":"main","level":"DEBUG","logger":"org.hibernate.orm.sql.ast.create","message":"Registration of TableGroup [org.hibernate.sql.ast.tree.from.LazyTableGroup@61b6f287] with identifierForTableGroup [com.example.tecnosserver.subcategory.model.SubCategory.products.{element}.itemCategory] for NavigablePath [com.example.tecnosserver.subcategory.model.SubCategory.products.{element}.itemCategory] ","serviceName":"tecnos-service"}
{"timestamp":"2024-11-25 00:38:35","thread":"main","level":"DEBUG","logger":"org.hibernate.orm.sql.ast.create","message":"Created new SQL alias : i1_0","serviceName":"tecnos-service"}
{"timestamp":"2024-11-25 00:38:35","thread":"main","level":"DEBUG","logger":"org.hibernate.orm.sql.ast.create","message":"Registration of TableGroup [org.hibernate.sql.ast.tree.from.LazyTableGroup@6ca9ec77] with identifierForTableGroup [com.example.tecnosserver.subcategory.model.SubCategory.products.{element}.itemCategory.category] for NavigablePath [com.example.tecnosserver.subcategory.model.SubCategory.products.{element}.itemCategory.category] ","serviceName":"tecnos-service"}
{"timestamp":"2024-11-25 00:38:35","thread":"main","level":"DEBUG","logger":"org.hibernate.orm.sql.ast.create","message":"Created new SQL alias : c2_0","serviceName":"tecnos-service"}
{"timestamp":"2024-11-25 00:38:35","thread":"main","level":"DEBUG","logger":"org.hibernate.orm.sql.ast.create","message":"Registration of TableGroup [org.hibernate.sql.ast.tree.from.LazyTableGroup@360432d3] with identifierForTableGroup [com.example.tecnosserver.subcategory.model.SubCategory.products.{element}.itemCategory.subCategory] for NavigablePath [com.example.tecnosserver.subcategory.model.SubCategory.products.{element}.itemCategory.subCategory] ","serviceName":"tecnos-service"}
{"timestamp":"2024-11-25 00:38:35","thread":"main","level":"DEBUG","logger":"org.hibernate.orm.sql.ast.create","message":"Created new SQL alias : s1_0","serviceName":"tecnos-service"}
{"timestamp":"2024-11-25 00:38:35","thread":"main","level":"DEBUG","logger":"org.hibernate.orm.sql.ast.create","message":"Registration of TableGroup [org.hibernate.sql.ast.tree.from.LazyTableGroup@6c2a7c73] with identifierForTableGroup [com.example.tecnosserver.subcategory.model.SubCategory.products.{element}.itemCategory.subCategory.category] for NavigablePath [com.example.tecnosserver.subcategory.model.SubCategory.products.{element}.itemCategory.subCategory.category] ","serviceName":"tecnos-service"}
{"timestamp":"2024-11-25 00:38:35","thread":"main","level":"DEBUG","logger":"org.hibernate.orm.sql.ast.create","message":"Registration of TableGroup [org.hibernate.sql.ast.tree.from.LazyTableGroup@3ade99bb] with identifierForTableGroup [com.example.tecnosserver.subcategory.model.SubCategory.products.{element}.subCategory] for NavigablePath [com.example.tecnosserver.subcategory.model.SubCategory.products.{element}.subCategory] ","serviceName":"tecnos-service"}
{"timestamp":"2024-11-25 00:38:35","thread":"main","level":"DEBUG","logger":"org.hibernate.orm.jdbc.mutation","message":"Static SQL for collection: com.example.tecnosserver.subcategory.model.SubCategory.products","serviceName":"tecnos-service"}
{"timestamp":"2024-11-25 00:38:35","thread":"main","level":"DEBUG","logger":"org.hibernate.service.internal.SessionFactoryServiceRegistryImpl","message":"EventListenerRegistry access via ServiceRegistry is deprecated.  Use `sessionFactory.getEventEngine().getListenerRegistry()` instead","serviceName":"tecnos-service"}
{"timestamp":"2024-11-25 00:38:35","thread":"main","level":"DEBUG","logger":"org.hibernate.event.internal.EntityCopyObserverFactoryInitiator","message":"Configured EntityCopyObserver strategy: disallow","serviceName":"tecnos-service"}
{"timestamp":"2024-11-25 00:38:35","thread":"main","level":"INFO","logger":"org.hibernate.engine.transaction.jta.platform.internal.JtaPlatformInitiator","message":"HHH000490: Using JtaPlatform implementation: [org.hibernate.engine.transaction.jta.platform.internal.NoJtaPlatform]","serviceName":"tecnos-service"}
{"timestamp":"2024-11-25 00:38:35","thread":"main","level":"DEBUG","logger":"org.hibernate.type.spi.TypeConfiguration$Scope","message":"Scoping TypeConfiguration [org.hibernate.type.spi.TypeConfiguration@1e36baca] to SessionFactoryImplementor [org.hibernate.internal.SessionFactoryImpl@7bca98d5]","serviceName":"tecnos-service"}
{"timestamp":"2024-11-25 00:38:35","thread":"main","level":"DEBUG","logger":"org.hibernate.query.named.NamedObjectRepository","message":"Checking 0 named HQL queries","serviceName":"tecnos-service"}
{"timestamp":"2024-11-25 00:38:35","thread":"main","level":"DEBUG","logger":"org.hibernate.query.named.NamedObjectRepository","message":"Checking 0 named SQL queries","serviceName":"tecnos-service"}
{"timestamp":"2024-11-25 00:38:35","thread":"main","level":"DEBUG","logger":"org.hibernate.SQL","message":"\r\n    alter table categories \r\n       modify column created_at  datetime(6) not null","serviceName":"tecnos-service"}
Hibernate: 
    alter table categories 
       modify column created_at  datetime(6) not null
{"timestamp":"2024-11-25 00:38:35","thread":"main","level":"DEBUG","logger":"org.hibernate.SQL","message":"\r\n    alter table categories \r\n       modify column main_section  enum ('ACASA','APLICATII_TEHNOLOGIE','PARTENERI','PRODUSE') not null","serviceName":"tecnos-service"}
Hibernate: 
    alter table categories 
       modify column main_section  enum ('ACASA','APLICATII_TEHNOLOGIE','PARTENERI','PRODUSE') not null
{"timestamp":"2024-11-25 00:38:35","thread":"main","level":"DEBUG","logger":"org.hibernate.SQL","message":"\r\n    alter table categories \r\n       modify column updated_at  datetime(6)","serviceName":"tecnos-service"}
Hibernate: 
    alter table categories 
       modify column updated_at  datetime(6)
{"timestamp":"2024-11-25 00:38:35","thread":"main","level":"DEBUG","logger":"org.hibernate.mapping.Table","message":"No alter strings for table : category_sequence","serviceName":"tecnos-service"}
{"timestamp":"2024-11-25 00:38:35","thread":"main","level":"DEBUG","logger":"org.hibernate.mapping.Table","message":"No alter strings for table : image_sequence","serviceName":"tecnos-service"}
{"timestamp":"2024-11-25 00:38:35","thread":"main","level":"DEBUG","logger":"org.hibernate.mapping.Table","message":"No alter strings for table : images","serviceName":"tecnos-service"}
{"timestamp":"2024-11-25 00:38:35","thread":"main","level":"DEBUG","logger":"org.hibernate.SQL","message":"\r\n    alter table item_categories \r\n       modify column created_at  datetime(6) not null","serviceName":"tecnos-service"}
Hibernate: 
    alter table item_categories 
       modify column created_at  datetime(6) not null
{"timestamp":"2024-11-25 00:38:35","thread":"main","level":"DEBUG","logger":"org.hibernate.SQL","message":"\r\n    alter table item_categories \r\n       modify column updated_at  datetime(6)","serviceName":"tecnos-service"}
Hibernate: 
    alter table item_categories 
       modify column updated_at  datetime(6)
{"timestamp":"2024-11-25 00:38:35","thread":"main","level":"DEBUG","logger":"org.hibernate.mapping.Table","message":"No alter strings for table : itemcategory_sequence","serviceName":"tecnos-service"}
{"timestamp":"2024-11-25 00:38:35","thread":"main","level":"DEBUG","logger":"org.hibernate.mapping.Table","message":"No alter strings for table : product_sequence","serviceName":"tecnos-service"}
{"timestamp":"2024-11-25 00:38:35","thread":"main","level":"DEBUG","logger":"org.hibernate.SQL","message":"\r\n    alter table products \r\n       modify column created_at  datetime(6) not null","serviceName":"tecnos-service"}
Hibernate: 
    alter table products 
       modify column created_at  datetime(6) not null
{"timestamp":"2024-11-25 00:38:35","thread":"main","level":"DEBUG","logger":"org.hibernate.SQL","message":"\r\n    alter table products \r\n       modify column description  TEXT not null","serviceName":"tecnos-service"}
Hibernate: 
    alter table products 
       modify column description  TEXT not null
{"timestamp":"2024-11-25 00:38:35","thread":"main","level":"DEBUG","logger":"org.hibernate.SQL","message":"\r\n    alter table products \r\n       modify column updated_at  datetime(6)","serviceName":"tecnos-service"}
Hibernate: 
    alter table products 
       modify column updated_at  datetime(6)
{"timestamp":"2024-11-25 00:38:35","thread":"main","level":"DEBUG","logger":"org.hibernate.SQL","message":"\r\n    alter table subcategories \r\n       modify column created_at  datetime(6) not null","serviceName":"tecnos-service"}
Hibernate: 
    alter table subcategories 
       modify column created_at  datetime(6) not null
{"timestamp":"2024-11-25 00:38:35","thread":"main","level":"DEBUG","logger":"org.hibernate.SQL","message":"\r\n    alter table subcategories \r\n       modify column updated_at  datetime(6)","serviceName":"tecnos-service"}
Hibernate: 
    alter table subcategories 
       modify column updated_at  datetime(6)
{"timestamp":"2024-11-25 00:38:35","thread":"main","level":"DEBUG","logger":"org.hibernate.mapping.Table","message":"No alter strings for table : subcategory_sequence","serviceName":"tecnos-service"}
{"timestamp":"2024-11-25 00:38:35","thread":"main","level":"DEBUG","logger":"org.hibernate.mapping.Table","message":"No alter strings for table : user_sequence","serviceName":"tecnos-service"}
{"timestamp":"2024-11-25 00:38:35","thread":"main","level":"DEBUG","logger":"org.hibernate.SQL","message":"\r\n    alter table users \r\n       modify column created_at  datetime(6) not null","serviceName":"tecnos-service"}
Hibernate: 
    alter table users 
       modify column created_at  datetime(6) not null
{"timestamp":"2024-11-25 00:38:35","thread":"main","level":"DEBUG","logger":"org.hibernate.SQL","message":"\r\n    alter table users \r\n       modify column registered_at  datetime(6) not null","serviceName":"tecnos-service"}
Hibernate: 
    alter table users 
       modify column registered_at  datetime(6) not null
{"timestamp":"2024-11-25 00:38:35","thread":"main","level":"DEBUG","logger":"org.hibernate.SQL","message":"\r\n    alter table users \r\n       modify column role  enum ('ADMIN','CLIENT') not null","serviceName":"tecnos-service"}
Hibernate: 
    alter table users 
       modify column role  enum ('ADMIN','CLIENT') not null
{"timestamp":"2024-11-25 00:38:35","thread":"main","level":"DEBUG","logger":"org.hibernate.internal.SessionFactoryRegistry","message":"Initializing SessionFactoryRegistry : org.hibernate.internal.SessionFactoryRegistry@5a88ecb9","serviceName":"tecnos-service"}
{"timestamp":"2024-11-25 00:38:35","thread":"main","level":"DEBUG","logger":"org.hibernate.internal.SessionFactoryRegistry","message":"Registering SessionFactory: f7861f24-8f5b-4692-8df7-ddf0a13bab58 (<unnamed>)","serviceName":"tecnos-service"}
{"timestamp":"2024-11-25 00:38:35","thread":"main","level":"DEBUG","logger":"org.hibernate.internal.SessionFactoryRegistry","message":"Not binding SessionFactory to JNDI, no JNDI name configured","serviceName":"tecnos-service"}
{"timestamp":"2024-11-25 00:38:35","thread":"main","level":"DEBUG","logger":"org.hibernate.internal.SessionFactoryImpl","message":"Instantiated SessionFactory","serviceName":"tecnos-service"}
{"timestamp":"2024-11-25 00:38:35","thread":"main","level":"INFO","logger":"org.springframework.orm.jpa.LocalContainerEntityManagerFactoryBean","message":"Initialized JPA EntityManagerFactory for persistence unit 'default'","serviceName":"tecnos-service"}
{"timestamp":"2024-11-25 00:38:35","thread":"main","level":"DEBUG","logger":"org.springframework.beans.factory.support.DefaultListableBeanFactory","message":"Creating shared instance of singleton bean 'tecnosServerApplication'","serviceName":"tecnos-service"}
{"timestamp":"2024-11-25 00:38:35","thread":"main","level":"DEBUG","logger":"org.springframework.beans.factory.support.DefaultListableBeanFactory","message":"Creating shared instance of singleton bean 'categoryCommandServiceImpl'","serviceName":"tecnos-service"}
{"timestamp":"2024-11-25 00:38:35","thread":"main","level":"DEBUG","logger":"org.springframework.beans.factory.support.DefaultListableBeanFactory","message":"Creating shared instance of singleton bean 'categoryRepo'","serviceName":"tecnos-service"}
{"timestamp":"2024-11-25 00:38:35","thread":"main","level":"DEBUG","logger":"org.springframework.beans.factory.support.DefaultListableBeanFactory","message":"Creating shared instance of singleton bean 'jpa.named-queries#2'","serviceName":"tecnos-service"}
{"timestamp":"2024-11-25 00:38:35","thread":"main","level":"DEBUG","logger":"org.springframework.beans.factory.support.DefaultListableBeanFactory","message":"Creating shared instance of singleton bean 'jpa.CategoryRepo.fragments#0'","serviceName":"tecnos-service"}
{"timestamp":"2024-11-25 00:38:35","thread":"main","level":"DEBUG","logger":"org.springframework.beans.factory.support.DefaultListableBeanFactory","message":"Creating shared instance of singleton bean 'jpaSharedEM_entityManagerFactory'","serviceName":"tecnos-service"}
{"timestamp":"2024-11-25 00:38:35","thread":"main","level":"DEBUG","logger":"org.springframework.beans.factory.support.DefaultListableBeanFactory","message":"Creating shared instance of singleton bean 'jpaMappingContext'","serviceName":"tecnos-service"}
{"timestamp":"2024-11-25 00:38:35","thread":"main","level":"DEBUG","logger":"org.springframework.data.jpa.repository.config.JpaMetamodelMappingContextFactoryBean","message":"Initializing JpaMetamodelMappingContextâ€¦","serviceName":"tecnos-service"}
{"timestamp":"2024-11-25 00:38:35","thread":"main","level":"DEBUG","logger":"org.springframework.data.jpa.repository.config.JpaMetamodelMappingContextFactoryBean","message":"Finished initializing JpaMetamodelMappingContext","serviceName":"tecnos-service"}
{"timestamp":"2024-11-25 00:38:35","thread":"main","level":"DEBUG","logger":"org.springframework.orm.jpa.SharedEntityManagerCreator$SharedEntityManagerInvocationHandler","message":"Creating new EntityManager for shared EntityManager invocation","serviceName":"tecnos-service"}
{"timestamp":"2024-11-25 00:38:35","thread":"main","level":"DEBUG","logger":"org.hibernate.stat.internal.StatisticsInitiator","message":"Statistics initialized [enabled=false]","serviceName":"tecnos-service"}
{"timestamp":"2024-11-25 00:38:35","thread":"main","level":"DEBUG","logger":"org.springframework.orm.jpa.SharedEntityManagerCreator$SharedEntityManagerInvocationHandler","message":"Creating new EntityManager for shared EntityManager invocation","serviceName":"tecnos-service"}
{"timestamp":"2024-11-25 00:38:35","thread":"main","level":"DEBUG","logger":"org.springframework.beans.factory.support.DefaultListableBeanFactory","message":"Creating shared instance of singleton bean 'metricsRepositoryMethodInvocationListener'","serviceName":"tecnos-service"}
{"timestamp":"2024-11-25 00:38:35","thread":"main","level":"DEBUG","logger":"org.springframework.beans.factory.support.DefaultListableBeanFactory","message":"Creating shared instance of singleton bean 'org.springframework.boot.actuate.autoconfigure.metrics.data.RepositoryMetricsAutoConfiguration'","serviceName":"tecnos-service"}
{"timestamp":"2024-11-25 00:38:35","thread":"main","level":"DEBUG","logger":"org.springframework.beans.factory.support.DefaultListableBeanFactory","message":"Creating shared instance of singleton bean 'management.metrics-org.springframework.boot.actuate.autoconfigure.metrics.MetricsProperties'","serviceName":"tecnos-service"}
{"timestamp":"2024-11-25 00:38:35","thread":"main","level":"DEBUG","logger":"org.springframework.beans.factory.support.DefaultListableBeanFactory","message":"Autowiring by type from bean name 'org.springframework.boot.actuate.autoconfigure.metrics.data.RepositoryMetricsAutoConfiguration' via constructor to bean named 'management.metrics-org.springframework.boot.actuate.autoconfigure.metrics.MetricsProperties'","serviceName":"tecnos-service"}
{"timestamp":"2024-11-25 00:38:35","thread":"main","level":"DEBUG","logger":"org.springframework.beans.factory.support.DefaultListableBeanFactory","message":"Creating shared instance of singleton bean 'repositoryTagsProvider'","serviceName":"tecnos-service"}
{"timestamp":"2024-11-25 00:38:35","thread":"main","level":"DEBUG","logger":"org.springframework.beans.factory.support.DefaultListableBeanFactory","message":"Autowiring by type from bean name 'metricsRepositoryMethodInvocationListener' via factory method to bean named 'repositoryTagsProvider'","serviceName":"tecnos-service"}
{"timestamp":"2024-11-25 00:38:35","thread":"main","level":"DEBUG","logger":"org.springframework.data.repository.core.support.RepositoryFactorySupport","message":"Initializing repository instance for com.example.tecnosserver.category.repo.CategoryRepoâ€¦","serviceName":"tecnos-service"}
{"timestamp":"2024-11-25 00:38:35","thread":"main","level":"DEBUG","logger":"org.springframework.orm.jpa.SharedEntityManagerCreator$SharedEntityManagerInvocationHandler","message":"Creating new EntityManager for shared EntityManager invocation","serviceName":"tecnos-service"}
{"timestamp":"2024-11-25 00:38:36","thread":"main","level":"DEBUG","logger":"org.springframework.data.jpa.repository.query.NamedQuery","message":"Looking up named query Category.findCategoryByName","serviceName":"tecnos-service"}
{"timestamp":"2024-11-25 00:38:36","thread":"main","level":"DEBUG","logger":"org.hibernate.resource.transaction.backend.jdbc.internal.JdbcResourceLocalTransactionCoordinatorImpl","message":"JDBC transaction marked for rollback-only (exception provided for stack trace)","serviceName":"tecnos-service"}
{"timestamp":"2024-11-25 00:38:36","thread":"main","level":"DEBUG","logger":"org.springframework.data.jpa.repository.query.NamedQuery","message":"Did not find named query Category.findCategoryByName","serviceName":"tecnos-service"}
{"timestamp":"2024-11-25 00:38:36","thread":"main","level":"DEBUG","logger":"org.springframework.orm.jpa.SharedEntityManagerCreator$SharedEntityManagerInvocationHandler","message":"Creating new EntityManager for shared EntityManager invocation","serviceName":"tecnos-service"}
{"timestamp":"2024-11-25 00:38:36","thread":"main","level":"DEBUG","logger":"org.springframework.data.repository.core.support.RepositoryFactorySupport","message":"Finished creation of repository instance for com.example.tecnosserver.category.repo.CategoryRepo.","serviceName":"tecnos-service"}
{"timestamp":"2024-11-25 00:38:36","thread":"main","level":"DEBUG","logger":"org.springframework.beans.factory.support.DefaultListableBeanFactory","message":"Autowiring by type from bean name 'categoryCommandServiceImpl' via constructor to bean named 'categoryRepo'","serviceName":"tecnos-service"}
{"timestamp":"2024-11-25 00:38:36","thread":"main","level":"DEBUG","logger":"org.springframework.beans.factory.support.DefaultListableBeanFactory","message":"Creating shared instance of singleton bean 'categoryQueryServiceImpl'","serviceName":"tecnos-service"}
{"timestamp":"2024-11-25 00:38:36","thread":"main","level":"DEBUG","logger":"org.springframework.beans.factory.support.DefaultListableBeanFactory","message":"Autowiring by type from bean name 'categoryQueryServiceImpl' via constructor to bean named 'categoryRepo'","serviceName":"tecnos-service"}
{"timestamp":"2024-11-25 00:38:36","thread":"main","level":"DEBUG","logger":"org.springframework.beans.factory.support.DefaultListableBeanFactory","message":"Creating shared instance of singleton bean 'categoryControllerApi'","serviceName":"tecnos-service"}
{"timestamp":"2024-11-25 00:38:36","thread":"main","level":"DEBUG","logger":"org.springframework.beans.factory.support.DefaultListableBeanFactory","message":"Autowiring by type from bean name 'categoryControllerApi' via constructor to bean named 'categoryCommandServiceImpl'","serviceName":"tecnos-service"}
{"timestamp":"2024-11-25 00:38:36","thread":"main","level":"DEBUG","logger":"org.springframework.beans.factory.support.DefaultListableBeanFactory","message":"Autowiring by type from bean name 'categoryControllerApi' via constructor to bean named 'categoryQueryServiceImpl'","serviceName":"tecnos-service"}
{"timestamp":"2024-11-25 00:38:36","thread":"main","level":"DEBUG","logger":"org.springframework.beans.factory.support.DefaultListableBeanFactory","message":"Creating shared instance of singleton bean 'globalExceptionHandler'","serviceName":"tecnos-service"}
{"timestamp":"2024-11-25 00:38:36","thread":"main","level":"DEBUG","logger":"org.springframework.beans.factory.support.DefaultListableBeanFactory","message":"Creating shared instance of singleton bean 'cloudAdapter'","serviceName":"tecnos-service"}
{"timestamp":"2024-11-25 00:38:36","thread":"main","level":"DEBUG","logger":"org.springframework.beans.factory.support.DefaultListableBeanFactory","message":"Creating shared instance of singleton bean 'feignContext'","serviceName":"tecnos-service"}
{"timestamp":"2024-11-25 00:38:36","thread":"main","level":"DEBUG","logger":"org.springframework.beans.factory.support.DefaultListableBeanFactory","message":"Creating shared instance of singleton bean 'org.springframework.cloud.openfeign.FeignAutoConfiguration'","serviceName":"tecnos-service"}
{"timestamp":"2024-11-25 00:38:36","thread":"main","level":"DEBUG","logger":"org.springframework.beans.factory.support.DefaultListableBeanFactory","message":"Creating shared instance of singleton bean 'default.com.example.tecnosserver.TecnosServerApplication.FeignClientSpecification'","serviceName":"tecnos-service"}
{"timestamp":"2024-11-25 00:38:36","thread":"main","level":"DEBUG","logger":"org.springframework.beans.factory.support.DefaultListableBeanFactory","message":"Creating shared instance of singleton bean 'tecnos-cloud.FeignClientSpecification'","serviceName":"tecnos-service"}
{"timestamp":"2024-11-25 00:38:36","thread":"main","level":"DEBUG","logger":"org.springframework.context.annotation.AnnotationConfigApplicationContext","message":"Refreshing FeignClientFactory-tecnos-cloud","serviceName":"tecnos-service"}
{"timestamp":"2024-11-25 00:38:36","thread":"main","level":"DEBUG","logger":"org.springframework.beans.factory.support.DefaultListableBeanFactory","message":"Creating shared instance of singleton bean 'org.springframework.context.annotation.internalConfigurationAnnotationProcessor'","serviceName":"tecnos-service"}
{"timestamp":"2024-11-25 00:38:36","thread":"main","level":"DEBUG","logger":"org.springframework.beans.factory.support.DefaultListableBeanFactory","message":"Creating shared instance of singleton bean 'propertySourcesPlaceholderConfigurer'","serviceName":"tecnos-service"}
{"timestamp":"2024-11-25 00:38:36","thread":"main","level":"DEBUG","logger":"org.springframework.beans.factory.support.DefaultListableBeanFactory","message":"Creating shared instance of singleton bean 'org.springframework.context.event.internalEventListenerProcessor'","serviceName":"tecnos-service"}
{"timestamp":"2024-11-25 00:38:36","thread":"main","level":"DEBUG","logger":"org.springframework.beans.factory.support.DefaultListableBeanFactory","message":"Creating shared instance of singleton bean 'org.springframework.context.event.internalEventListenerFactory'","serviceName":"tecnos-service"}
{"timestamp":"2024-11-25 00:38:36","thread":"main","level":"DEBUG","logger":"org.springframework.beans.factory.support.DefaultListableBeanFactory","message":"Creating shared instance of singleton bean 'org.springframework.context.annotation.internalAutowiredAnnotationProcessor'","serviceName":"tecnos-service"}
{"timestamp":"2024-11-25 00:38:36","thread":"main","level":"DEBUG","logger":"org.springframework.beans.factory.support.DefaultListableBeanFactory","message":"Creating shared instance of singleton bean 'org.springframework.context.annotation.internalCommonAnnotationProcessor'","serviceName":"tecnos-service"}
{"timestamp":"2024-11-25 00:38:36","thread":"main","level":"DEBUG","logger":"org.springframework.beans.factory.support.DefaultListableBeanFactory","message":"Creating shared instance of singleton bean 'org.springframework.context.annotation.internalPersistenceAnnotationProcessor'","serviceName":"tecnos-service"}
{"timestamp":"2024-11-25 00:38:36","thread":"main","level":"DEBUG","logger":"org.springframework.beans.factory.support.DefaultListableBeanFactory","message":"Creating shared instance of singleton bean 'propertyPlaceholderAutoConfiguration'","serviceName":"tecnos-service"}
{"timestamp":"2024-11-25 00:38:36","thread":"main","level":"DEBUG","logger":"org.springframework.beans.factory.support.DefaultListableBeanFactory","message":"Creating shared instance of singleton bean 'feignClientsConfiguration'","serviceName":"tecnos-service"}
{"timestamp":"2024-11-25 00:38:36","thread":"main","level":"DEBUG","logger":"org.springframework.beans.factory.support.DefaultListableBeanFactory","message":"Creating shared instance of singleton bean 'spring.data.web-org.springframework.boot.autoconfigure.data.web.SpringDataWebProperties'","serviceName":"tecnos-service"}
{"timestamp":"2024-11-25 00:38:36","thread":"main","level":"DEBUG","logger":"org.springframework.beans.factory.support.DefaultListableBeanFactory","message":"Creating shared instance of singleton bean 'spring.cloud.openfeign.client-org.springframework.cloud.openfeign.FeignClientProperties'","serviceName":"tecnos-service"}
{"timestamp":"2024-11-25 00:38:36","thread":"main","level":"DEBUG","logger":"org.springframework.beans.factory.support.DefaultListableBeanFactory","message":"Creating shared instance of singleton bean 'spring.cloud.openfeign.encoder-org.springframework.cloud.openfeign.support.FeignEncoderProperties'","serviceName":"tecnos-service"}
{"timestamp":"2024-11-25 00:38:36","thread":"main","level":"DEBUG","logger":"org.springframework.beans.factory.support.DefaultListableBeanFactory","message":"Creating shared instance of singleton bean 'org.springframework.cloud.openfeign.FeignClientsConfiguration$DefaultFeignBuilderConfiguration'","serviceName":"tecnos-service"}
{"timestamp":"2024-11-25 00:38:36","thread":"main","level":"DEBUG","logger":"org.springframework.beans.factory.support.DefaultListableBeanFactory","message":"Creating shared instance of singleton bean 'feignDecoder'","serviceName":"tecnos-service"}
{"timestamp":"2024-11-25 00:38:36","thread":"main","level":"DEBUG","logger":"org.springframework.beans.factory.support.DefaultListableBeanFactory","message":"Creating shared instance of singleton bean 'feignEncoderPageable'","serviceName":"tecnos-service"}
{"timestamp":"2024-11-25 00:38:36","thread":"main","level":"DEBUG","logger":"org.springframework.beans.factory.support.DefaultListableBeanFactory","message":"Creating shared instance of singleton bean 'feignQueryMapEncoderPageable'","serviceName":"tecnos-service"}
{"timestamp":"2024-11-25 00:38:36","thread":"main","level":"DEBUG","logger":"org.springframework.beans.factory.support.DefaultListableBeanFactory","message":"Creating shared instance of singleton bean 'feignContract'","serviceName":"tecnos-service"}
{"timestamp":"2024-11-25 00:38:36","thread":"main","level":"DEBUG","logger":"org.springframework.beans.factory.support.DefaultListableBeanFactory","message":"Creating shared instance of singleton bean 'feignConversionService'","serviceName":"tecnos-service"}
{"timestamp":"2024-11-25 00:38:36","thread":"main","level":"DEBUG","logger":"org.springframework.beans.factory.support.DefaultListableBeanFactory","message":"Autowiring by type from bean name 'feignContract' via factory method to bean named 'feignConversionService'","serviceName":"tecnos-service"}
{"timestamp":"2024-11-25 00:38:36","thread":"main","level":"DEBUG","logger":"org.springframework.beans.factory.support.DefaultListableBeanFactory","message":"Creating shared instance of singleton bean 'feignRetryer'","serviceName":"tecnos-service"}
{"timestamp":"2024-11-25 00:38:36","thread":"main","level":"DEBUG","logger":"org.springframework.beans.factory.support.DefaultListableBeanFactory","message":"Creating shared instance of singleton bean 'feignLoggerFactory'","serviceName":"tecnos-service"}
{"timestamp":"2024-11-25 00:38:36","thread":"main","level":"DEBUG","logger":"org.springframework.beans.factory.support.DefaultListableBeanFactory","message":"Creating shared instance of singleton bean 'feignClientConfigurer'","serviceName":"tecnos-service"}
{"timestamp":"2024-11-25 00:38:36","thread":"main","level":"DEBUG","logger":"org.springframework.beans.factory.support.DefaultListableBeanFactory","message":"Creating shared instance of singleton bean 'delegatingApplicationListener'","serviceName":"tecnos-service"}
{"timestamp":"2024-11-25 00:38:36","thread":"main","level":"DEBUG","logger":"org.springframework.beans.factory.support.DefaultListableBeanFactory","message":"Creating shared instance of singleton bean 'mvcResourceUrlProvider'","serviceName":"tecnos-service"}
{"timestamp":"2024-11-25 00:38:36","thread":"main","level":"DEBUG","logger":"org.springframework.beans.factory.support.DefaultListableBeanFactory","message":"Creating shared instance of singleton bean 'org.springframework.boot.autoconfigure.web.servlet.WebMvcAutoConfiguration$EnableWebMvcConfiguration'","serviceName":"tecnos-service"}
{"timestamp":"2024-11-25 00:38:36","thread":"main","level":"DEBUG","logger":"org.springframework.beans.factory.support.DefaultListableBeanFactory","message":"Creating shared instance of singleton bean 'spring.mvc-org.springframework.boot.autoconfigure.web.servlet.WebMvcProperties'","serviceName":"tecnos-service"}
{"timestamp":"2024-11-25 00:38:36","thread":"main","level":"DEBUG","logger":"org.springframework.beans.factory.support.DefaultListableBeanFactory","message":"Creating shared instance of singleton bean 'spring.web-org.springframework.boot.autoconfigure.web.WebProperties'","serviceName":"tecnos-service"}
{"timestamp":"2024-11-25 00:38:36","thread":"main","level":"DEBUG","logger":"org.springframework.beans.factory.support.DefaultListableBeanFactory","message":"Autowiring by type from bean name 'org.springframework.boot.autoconfigure.web.servlet.WebMvcAutoConfiguration$EnableWebMvcConfiguration' via constructor to bean named 'spring.mvc-org.springframework.boot.autoconfigure.web.servlet.WebMvcProperties'","serviceName":"tecnos-service"}
{"timestamp":"2024-11-25 00:38:36","thread":"main","level":"DEBUG","logger":"org.springframework.beans.factory.support.DefaultListableBeanFactory","message":"Autowiring by type from bean name 'org.springframework.boot.autoconfigure.web.servlet.WebMvcAutoConfiguration$EnableWebMvcConfiguration' via constructor to bean named 'spring.web-org.springframework.boot.autoconfigure.web.WebProperties'","serviceName":"tecnos-service"}
{"timestamp":"2024-11-25 00:38:36","thread":"main","level":"DEBUG","logger":"org.springframework.beans.factory.support.DefaultListableBeanFactory","message":"Autowiring by type from bean name 'org.springframework.boot.autoconfigure.web.servlet.WebMvcAutoConfiguration$EnableWebMvcConfiguration' via constructor to bean named 'org.springframework.beans.factory.support.DefaultListableBeanFactory@3ed7821'","serviceName":"tecnos-service"}
{"timestamp":"2024-11-25 00:38:36","thread":"main","level":"DEBUG","logger":"org.springframework.beans.factory.support.DefaultListableBeanFactory","message":"Creating shared instance of singleton bean 'org.springframework.security.config.annotation.web.configuration.WebMvcSecurityConfiguration'","serviceName":"tecnos-service"}
{"timestamp":"2024-11-25 00:38:36","thread":"main","level":"DEBUG","logger":"org.springframework.beans.factory.support.DefaultListableBeanFactory","message":"Creating shared instance of singleton bean 'org.springframework.boot.autoconfigure.web.servlet.WebMvcAutoConfiguration$WebMvcAutoConfigurationAdapter'","serviceName":"tecnos-service"}
{"timestamp":"2024-11-25 00:38:36","thread":"main","level":"DEBUG","logger":"org.springframework.beans.factory.support.DefaultListableBeanFactory","message":"Autowiring by type from bean name 'org.springframework.boot.autoconfigure.web.servlet.WebMvcAutoConfiguration$WebMvcAutoConfigurationAdapter' via constructor to bean named 'spring.web-org.springframework.boot.autoconfigure.web.WebProperties'","serviceName":"tecnos-service"}
{"timestamp":"2024-11-25 00:38:36","thread":"main","level":"DEBUG","logger":"org.springframework.beans.factory.support.DefaultListableBeanFactory","message":"Autowiring by type from bean name 'org.springframework.boot.autoconfigure.web.servlet.WebMvcAutoConfiguration$WebMvcAutoConfigurationAdapter' via constructor to bean named 'spring.mvc-org.springframework.boot.autoconfigure.web.servlet.WebMvcProperties'","serviceName":"tecnos-service"}
{"timestamp":"2024-11-25 00:38:36","thread":"main","level":"DEBUG","logger":"org.springframework.beans.factory.support.DefaultListableBeanFactory","message":"Autowiring by type from bean name 'org.springframework.boot.autoconfigure.web.servlet.WebMvcAutoConfiguration$WebMvcAutoConfigurationAdapter' via constructor to bean named 'org.springframework.beans.factory.support.DefaultListableBeanFactory@3ed7821'","serviceName":"tecnos-service"}
{"timestamp":"2024-11-25 00:38:36","thread":"main","level":"DEBUG","logger":"org.springframework.beans.factory.support.DefaultListableBeanFactory","message":"Creating shared instance of singleton bean 'swaggerWebMvcConfigurer'","serviceName":"tecnos-service"}
{"timestamp":"2024-11-25 00:38:36","thread":"main","level":"DEBUG","logger":"org.springframework.beans.factory.support.DefaultListableBeanFactory","message":"Creating shared instance of singleton bean 'org.springdoc.webmvc.ui.SwaggerConfig'","serviceName":"tecnos-service"}
{"timestamp":"2024-11-25 00:38:36","thread":"main","level":"DEBUG","logger":"org.springframework.beans.factory.support.DefaultListableBeanFactory","message":"Creating shared instance of singleton bean 'org.springdoc.core.properties.SwaggerUiConfigParameters'","serviceName":"tecnos-service"}
{"timestamp":"2024-11-25 00:38:36","thread":"main","level":"DEBUG","logger":"org.springframework.beans.factory.support.DefaultListableBeanFactory","message":"Creating shared instance of singleton bean 'org.springdoc.core.properties.SwaggerUiConfigProperties'","serviceName":"tecnos-service"}
{"timestamp":"2024-11-25 00:38:36","thread":"main","level":"DEBUG","logger":"org.springframework.beans.factory.support.DefaultListableBeanFactory","message":"Autowiring by type from bean name 'org.springdoc.core.properties.SwaggerUiConfigParameters' via constructor to bean named 'org.springdoc.core.properties.SwaggerUiConfigProperties'","serviceName":"tecnos-service"}
{"timestamp":"2024-11-25 00:38:36","thread":"main","level":"DEBUG","logger":"org.springframework.beans.factory.support.DefaultListableBeanFactory","message":"Creating shared instance of singleton bean 'indexPageTransformer'","serviceName":"tecnos-service"}
{"timestamp":"2024-11-25 00:38:36","thread":"main","level":"DEBUG","logger":"org.springframework.beans.factory.support.DefaultListableBeanFactory","message":"Creating shared instance of singleton bean 'org.springdoc.core.properties.SwaggerUiOAuthProperties'","serviceName":"tecnos-service"}
{"timestamp":"2024-11-25 00:38:36","thread":"main","level":"DEBUG","logger":"org.springframework.beans.factory.support.DefaultListableBeanFactory","message":"Creating shared instance of singleton bean 'swaggerWelcome'","serviceName":"tecnos-service"}
{"timestamp":"2024-11-25 00:38:36","thread":"main","level":"DEBUG","logger":"org.springframework.beans.factory.support.DefaultListableBeanFactory","message":"Creating shared instance of singleton bean 'org.springdoc.core.properties.SpringDocConfigProperties'","serviceName":"tecnos-service"}
{"timestamp":"2024-11-25 00:38:36","thread":"main","level":"DEBUG","logger":"org.springframework.beans.factory.support.DefaultListableBeanFactory","message":"Creating shared instance of singleton bean 'springWebProvider'","serviceName":"tecnos-service"}
{"timestamp":"2024-11-25 00:38:36","thread":"main","level":"DEBUG","logger":"org.springframework.beans.factory.support.DefaultListableBeanFactory","message":"Creating shared instance of singleton bean 'org.springdoc.webmvc.core.configuration.SpringDocWebMvcConfiguration'","serviceName":"tecnos-service"}
{"timestamp":"2024-11-25 00:38:36","thread":"main","level":"DEBUG","logger":"org.springframework.beans.factory.support.DefaultListableBeanFactory","message":"Autowiring by type from bean name 'swaggerWelcome' via factory method to bean named 'org.springdoc.core.properties.SwaggerUiConfigProperties'","serviceName":"tecnos-service"}
{"timestamp":"2024-11-25 00:38:36","thread":"main","level":"DEBUG","logger":"org.springframework.beans.factory.support.DefaultListableBeanFactory","message":"Autowiring by type from bean name 'swaggerWelcome' via factory method to bean named 'org.springdoc.core.properties.SpringDocConfigProperties'","serviceName":"tecnos-service"}
{"timestamp":"2024-11-25 00:38:36","thread":"main","level":"DEBUG","logger":"org.springframework.beans.factory.support.DefaultListableBeanFactory","message":"Autowiring by type from bean name 'swaggerWelcome' via factory method to bean named 'org.springdoc.core.properties.SwaggerUiConfigParameters'","serviceName":"tecnos-service"}
{"timestamp":"2024-11-25 00:38:36","thread":"main","level":"DEBUG","logger":"org.springframework.beans.factory.support.DefaultListableBeanFactory","message":"Autowiring by type from bean name 'swaggerWelcome' via factory method to bean named 'springWebProvider'","serviceName":"tecnos-service"}
{"timestamp":"2024-11-25 00:38:36","thread":"main","level":"DEBUG","logger":"org.springframework.beans.factory.support.DefaultListableBeanFactory","message":"Creating shared instance of singleton bean 'objectMapperProvider'","serviceName":"tecnos-service"}
{"timestamp":"2024-11-25 00:38:36","thread":"main","level":"DEBUG","logger":"org.springframework.beans.factory.support.DefaultListableBeanFactory","message":"Creating shared instance of singleton bean 'org.springdoc.core.configuration.SpringDocConfiguration'","serviceName":"tecnos-service"}
{"timestamp":"2024-11-25 00:38:36","thread":"main","level":"DEBUG","logger":"org.springframework.beans.factory.support.DefaultListableBeanFactory","message":"Autowiring by type from bean name 'objectMapperProvider' via factory method to bean named 'org.springdoc.core.properties.SpringDocConfigProperties'","serviceName":"tecnos-service"}
{"timestamp":"2024-11-25 00:38:36","thread":"main","level":"DEBUG","logger":"org.springframework.beans.factory.support.DefaultListableBeanFactory","message":"Autowiring by type from bean name 'indexPageTransformer' via factory method to bean named 'org.springdoc.core.properties.SwaggerUiConfigProperties'","serviceName":"tecnos-service"}
{"timestamp":"2024-11-25 00:38:36","thread":"main","level":"DEBUG","logger":"org.springframework.beans.factory.support.DefaultListableBeanFactory","message":"Autowiring by type from bean name 'indexPageTransformer' via factory method to bean named 'org.springdoc.core.properties.SwaggerUiOAuthProperties'","serviceName":"tecnos-service"}
{"timestamp":"2024-11-25 00:38:36","thread":"main","level":"DEBUG","logger":"org.springframework.beans.factory.support.DefaultListableBeanFactory","message":"Autowiring by type from bean name 'indexPageTransformer' via factory method to bean named 'org.springdoc.core.properties.SwaggerUiConfigParameters'","serviceName":"tecnos-service"}
{"timestamp":"2024-11-25 00:38:36","thread":"main","level":"DEBUG","logger":"org.springframework.beans.factory.support.DefaultListableBeanFactory","message":"Autowiring by type from bean name 'indexPageTransformer' via factory method to bean named 'swaggerWelcome'","serviceName":"tecnos-service"}
{"timestamp":"2024-11-25 00:38:36","thread":"main","level":"DEBUG","logger":"org.springframework.beans.factory.support.DefaultListableBeanFactory","message":"Autowiring by type from bean name 'indexPageTransformer' via factory method to bean named 'objectMapperProvider'","serviceName":"tecnos-service"}
{"timestamp":"2024-11-25 00:38:36","thread":"main","level":"DEBUG","logger":"org.springframework.beans.factory.support.DefaultListableBeanFactory","message":"Creating shared instance of singleton bean 'swaggerResourceResolver'","serviceName":"tecnos-service"}
{"timestamp":"2024-11-25 00:38:36","thread":"main","level":"DEBUG","logger":"org.springframework.beans.factory.support.DefaultListableBeanFactory","message":"Autowiring by type from bean name 'swaggerResourceResolver' via factory method to bean named 'org.springdoc.core.properties.SwaggerUiConfigProperties'","serviceName":"tecnos-service"}
{"timestamp":"2024-11-25 00:38:36","thread":"main","level":"DEBUG","logger":"org.springframework.beans.factory.support.DefaultListableBeanFactory","message":"Autowiring by type from bean name 'swaggerWebMvcConfigurer' via factory method to bean named 'org.springdoc.core.properties.SwaggerUiConfigParameters'","serviceName":"tecnos-service"}
{"timestamp":"2024-11-25 00:38:36","thread":"main","level":"DEBUG","logger":"org.springframework.beans.factory.support.DefaultListableBeanFactory","message":"Autowiring by type from bean name 'swaggerWebMvcConfigurer' via factory method to bean named 'indexPageTransformer'","serviceName":"tecnos-service"}
{"timestamp":"2024-11-25 00:38:36","thread":"main","level":"DEBUG","logger":"org.springframework.beans.factory.support.DefaultListableBeanFactory","message":"Autowiring by type from bean name 'swaggerWebMvcConfigurer' via factory method to bean named 'swaggerResourceResolver'","serviceName":"tecnos-service"}
{"timestamp":"2024-11-25 00:38:36","thread":"main","level":"DEBUG","logger":"org.springframework.beans.factory.support.DefaultListableBeanFactory","message":"Creating shared instance of singleton bean 'openEntityManagerInViewInterceptorConfigurer'","serviceName":"tecnos-service"}
{"timestamp":"2024-11-25 00:38:36","thread":"main","level":"DEBUG","logger":"org.springframework.beans.factory.support.DefaultListableBeanFactory","message":"Creating shared instance of singleton bean 'org.springframework.boot.autoconfigure.orm.jpa.JpaBaseConfiguration$JpaWebConfiguration'","serviceName":"tecnos-service"}
{"timestamp":"2024-11-25 00:38:36","thread":"main","level":"DEBUG","logger":"org.springframework.beans.factory.support.DefaultListableBeanFactory","message":"Autowiring by type from bean name 'org.springframework.boot.autoconfigure.orm.jpa.JpaBaseConfiguration$JpaWebConfiguration' via constructor to bean named 'spring.jpa-org.springframework.boot.autoconfigure.orm.jpa.JpaProperties'","serviceName":"tecnos-service"}
{"timestamp":"2024-11-25 00:38:36","thread":"main","level":"DEBUG","logger":"org.springframework.beans.factory.support.DefaultListableBeanFactory","message":"Creating shared instance of singleton bean 'openEntityManagerInViewInterceptor'","serviceName":"tecnos-service"}
{"timestamp":"2024-11-25 00:38:36","thread":"main","level":"WARN","logger":"org.springframework.boot.autoconfigure.orm.jpa.JpaBaseConfiguration$JpaWebConfiguration","message":"spring.jpa.open-in-view is enabled by default. Therefore, database queries may be performed during view rendering. Explicitly configure spring.jpa.open-in-view to disable this warning","serviceName":"tecnos-service"}
{"timestamp":"2024-11-25 00:38:36","thread":"main","level":"DEBUG","logger":"org.springframework.beans.factory.support.DefaultListableBeanFactory","message":"Autowiring by type from bean name 'openEntityManagerInViewInterceptorConfigurer' via factory method to bean named 'openEntityManagerInViewInterceptor'","serviceName":"tecnos-service"}
{"timestamp":"2024-11-25 00:38:36","thread":"main","level":"DEBUG","logger":"org.springframework.beans.factory.support.DefaultListableBeanFactory","message":"Creating shared instance of singleton bean 'org.springframework.data.web.config.SpringDataWebConfiguration'","serviceName":"tecnos-service"}
{"timestamp":"2024-11-25 00:38:36","thread":"main","level":"DEBUG","logger":"org.springframework.beans.factory.support.DefaultListableBeanFactory","message":"Autowiring by type from bean name 'org.springframework.data.web.config.SpringDataWebConfiguration' via constructor to bean named 'org.springframework.web.context.support.GenericWebApplicationContext@75fa1be3'","serviceName":"tecnos-service"}
{"timestamp":"2024-11-25 00:38:36","thread":"main","level":"DEBUG","logger":"org.springframework.beans.factory.support.DefaultListableBeanFactory","message":"Creating shared instance of singleton bean 'org.springframework.cloud.commons.security.ResourceServerTokenRelayAutoConfiguration$ResourceServerTokenRelayRegistrationAutoConfiguration'","serviceName":"tecnos-service"}
{"timestamp":"2024-11-25 00:38:36","thread":"main","level":"DEBUG","logger":"org.springframework.beans.factory.support.DefaultListableBeanFactory","message":"Creating shared instance of singleton bean 'endpointObjectMapperWebMvcConfigurer'","serviceName":"tecnos-service"}
{"timestamp":"2024-11-25 00:38:36","thread":"main","level":"DEBUG","logger":"org.springframework.beans.factory.support.DefaultListableBeanFactory","message":"Creating shared instance of singleton bean 'endpointObjectMapper'","serviceName":"tecnos-service"}
{"timestamp":"2024-11-25 00:38:36","thread":"main","level":"DEBUG","logger":"org.springframework.beans.factory.support.DefaultListableBeanFactory","message":"Creating shared instance of singleton bean 'org.springframework.boot.actuate.autoconfigure.endpoint.jackson.JacksonEndpointAutoConfiguration'","serviceName":"tecnos-service"}
{"timestamp":"2024-11-25 00:38:36","thread":"main","level":"DEBUG","logger":"org.springframework.beans.factory.support.DefaultListableBeanFactory","message":"Autowiring by type from bean name 'endpointObjectMapperWebMvcConfigurer' via factory method to bean named 'endpointObjectMapper'","serviceName":"tecnos-service"}
{"timestamp":"2024-11-25 00:38:36","thread":"main","level":"DEBUG","logger":"org.springframework.beans.factory.support.DefaultListableBeanFactory","message":"Creating shared instance of singleton bean 'refreshEventListener'","serviceName":"tecnos-service"}
{"timestamp":"2024-11-25 00:38:36","thread":"main","level":"DEBUG","logger":"org.springframework.beans.factory.support.DefaultListableBeanFactory","message":"Creating shared instance of singleton bean 'org.springframework.cloud.autoconfigure.RefreshAutoConfiguration'","serviceName":"tecnos-service"}
{"timestamp":"2024-11-25 00:38:36","thread":"main","level":"DEBUG","logger":"org.springframework.beans.factory.support.DefaultListableBeanFactory","message":"Creating shared instance of singleton bean 'configDataContextRefresher'","serviceName":"tecnos-service"}
{"timestamp":"2024-11-25 00:38:36","thread":"main","level":"DEBUG","logger":"org.springframework.beans.factory.support.DefaultListableBeanFactory","message":"Creating shared instance of singleton bean 'spring.cloud.refresh-org.springframework.cloud.autoconfigure.RefreshAutoConfiguration$RefreshProperties'","serviceName":"tecnos-service"}
{"timestamp":"2024-11-25 00:38:36","thread":"main","level":"DEBUG","logger":"org.springframework.beans.factory.support.DefaultListableBeanFactory","message":"Autowiring by type from bean name 'configDataContextRefresher' via factory method to bean named 'org.springframework.web.context.support.GenericWebApplicationContext@75fa1be3'","serviceName":"tecnos-service"}
{"timestamp":"2024-11-25 00:38:36","thread":"main","level":"DEBUG","logger":"org.springframework.beans.factory.support.DefaultListableBeanFactory","message":"Autowiring by type from bean name 'configDataContextRefresher' via factory method to bean named 'refreshScope'","serviceName":"tecnos-service"}
{"timestamp":"2024-11-25 00:38:36","thread":"main","level":"DEBUG","logger":"org.springframework.beans.factory.support.DefaultListableBeanFactory","message":"Autowiring by type from bean name 'configDataContextRefresher' via factory method to bean named 'spring.cloud.refresh-org.springframework.cloud.autoconfigure.RefreshAutoConfiguration$RefreshProperties'","serviceName":"tecnos-service"}
{"timestamp":"2024-11-25 00:38:36","thread":"main","level":"DEBUG","logger":"org.springframework.beans.factory.support.DefaultListableBeanFactory","message":"Autowiring by type from bean name 'refreshEventListener' via factory method to bean named 'configDataContextRefresher'","serviceName":"tecnos-service"}
{"timestamp":"2024-11-25 00:38:36","thread":"main","level":"DEBUG","logger":"org.springframework.beans.factory.support.DefaultListableBeanFactory","message":"Creating shared instance of singleton bean 'startupTimeMetrics'","serviceName":"tecnos-service"}
{"timestamp":"2024-11-25 00:38:36","thread":"main","level":"DEBUG","logger":"org.springframework.beans.factory.support.DefaultListableBeanFactory","message":"Creating shared instance of singleton bean 'org.springframework.boot.actuate.autoconfigure.metrics.startup.StartupTimeMetricsListenerAutoConfiguration'","serviceName":"tecnos-service"}
{"timestamp":"2024-11-25 00:38:36","thread":"main","level":"DEBUG","logger":"org.springframework.beans.factory.support.DefaultListableBeanFactory","message":"Creating shared instance of singleton bean 'simpleMeterRegistry'","serviceName":"tecnos-service"}
{"timestamp":"2024-11-25 00:38:36","thread":"main","level":"DEBUG","logger":"org.springframework.beans.factory.support.DefaultListableBeanFactory","message":"Creating shared instance of singleton bean 'org.springframework.boot.actuate.autoconfigure.metrics.export.simple.SimpleMetricsExportAutoConfiguration'","serviceName":"tecnos-service"}
{"timestamp":"2024-11-25 00:38:36","thread":"main","level":"DEBUG","logger":"org.springframework.beans.factory.support.DefaultListableBeanFactory","message":"Creating shared instance of singleton bean 'simpleConfig'","serviceName":"tecnos-service"}
{"timestamp":"2024-11-25 00:38:36","thread":"main","level":"DEBUG","logger":"org.springframework.beans.factory.support.DefaultListableBeanFactory","message":"Creating shared instance of singleton bean 'management.simple.metrics.export-org.springframework.boot.actuate.autoconfigure.metrics.export.simple.SimpleProperties'","serviceName":"tecnos-service"}
{"timestamp":"2024-11-25 00:38:36","thread":"main","level":"DEBUG","logger":"org.springframework.beans.factory.support.DefaultListableBeanFactory","message":"Autowiring by type from bean name 'simpleConfig' via factory method to bean named 'management.simple.metrics.export-org.springframework.boot.actuate.autoconfigure.metrics.export.simple.SimpleProperties'","serviceName":"tecnos-service"}
{"timestamp":"2024-11-25 00:38:36","thread":"main","level":"DEBUG","logger":"org.springframework.beans.factory.support.DefaultListableBeanFactory","message":"Creating shared instance of singleton bean 'micrometerClock'","serviceName":"tecnos-service"}
{"timestamp":"2024-11-25 00:38:36","thread":"main","level":"DEBUG","logger":"org.springframework.beans.factory.support.DefaultListableBeanFactory","message":"Creating shared instance of singleton bean 'org.springframework.boot.actuate.autoconfigure.metrics.MetricsAutoConfiguration'","serviceName":"tecnos-service"}
{"timestamp":"2024-11-25 00:38:36","thread":"main","level":"DEBUG","logger":"org.springframework.beans.factory.support.DefaultListableBeanFactory","message":"Autowiring by type from bean name 'simpleMeterRegistry' via factory method to bean named 'simpleConfig'","serviceName":"tecnos-service"}
{"timestamp":"2024-11-25 00:38:36","thread":"main","level":"DEBUG","logger":"org.springframework.beans.factory.support.DefaultListableBeanFactory","message":"Autowiring by type from bean name 'simpleMeterRegistry' via factory method to bean named 'micrometerClock'","serviceName":"tecnos-service"}
{"timestamp":"2024-11-25 00:38:36","thread":"main","level":"DEBUG","logger":"org.springframework.beans.factory.support.DefaultListableBeanFactory","message":"Creating shared instance of singleton bean 'propertiesMeterFilter'","serviceName":"tecnos-service"}
{"timestamp":"2024-11-25 00:38:36","thread":"main","level":"DEBUG","logger":"org.springframework.beans.factory.support.DefaultListableBeanFactory","message":"Autowiring by type from bean name 'propertiesMeterFilter' via factory method to bean named 'management.metrics-org.springframework.boot.actuate.autoconfigure.metrics.MetricsProperties'","serviceName":"tecnos-service"}
{"timestamp":"2024-11-25 00:38:36","thread":"main","level":"DEBUG","logger":"org.springframework.beans.factory.support.DefaultListableBeanFactory","message":"Creating shared instance of singleton bean 'metricsHttpClientUriTagFilter'","serviceName":"tecnos-service"}
{"timestamp":"2024-11-25 00:38:36","thread":"main","level":"DEBUG","logger":"org.springframework.beans.factory.support.DefaultListableBeanFactory","message":"Creating shared instance of singleton bean 'org.springframework.boot.actuate.autoconfigure.observation.web.client.HttpClientObservationsAutoConfiguration$MeterFilterConfiguration'","serviceName":"tecnos-service"}
{"timestamp":"2024-11-25 00:38:36","thread":"main","level":"DEBUG","logger":"org.springframework.beans.factory.support.DefaultListableBeanFactory","message":"Creating shared instance of singleton bean 'management.observations-org.springframework.boot.actuate.autoconfigure.observation.ObservationProperties'","serviceName":"tecnos-service"}
{"timestamp":"2024-11-25 00:38:36","thread":"main","level":"DEBUG","logger":"org.springframework.beans.factory.support.DefaultListableBeanFactory","message":"Autowiring by type from bean name 'metricsHttpClientUriTagFilter' via factory method to bean named 'management.observations-org.springframework.boot.actuate.autoconfigure.observation.ObservationProperties'","serviceName":"tecnos-service"}
{"timestamp":"2024-11-25 00:38:36","thread":"main","level":"DEBUG","logger":"org.springframework.beans.factory.support.DefaultListableBeanFactory","message":"Autowiring by type from bean name 'metricsHttpClientUriTagFilter' via factory method to bean named 'management.metrics-org.springframework.boot.actuate.autoconfigure.metrics.MetricsProperties'","serviceName":"tecnos-service"}
{"timestamp":"2024-11-25 00:38:36","thread":"main","level":"DEBUG","logger":"org.springframework.beans.factory.support.DefaultListableBeanFactory","message":"Creating shared instance of singleton bean 'metricsHttpServerUriTagFilter'","serviceName":"tecnos-service"}
{"timestamp":"2024-11-25 00:38:36","thread":"main","level":"DEBUG","logger":"org.springframework.beans.factory.support.DefaultListableBeanFactory","message":"Creating shared instance of singleton bean 'org.springframework.boot.actuate.autoconfigure.observation.web.servlet.WebMvcObservationAutoConfiguration$MeterFilterConfiguration'","serviceName":"tecnos-service"}
{"timestamp":"2024-11-25 00:38:36","thread":"main","level":"DEBUG","logger":"org.springframework.beans.factory.support.DefaultListableBeanFactory","message":"Autowiring by type from bean name 'metricsHttpServerUriTagFilter' via factory method to bean named 'management.metrics-org.springframework.boot.actuate.autoconfigure.metrics.MetricsProperties'","serviceName":"tecnos-service"}
{"timestamp":"2024-11-25 00:38:36","thread":"main","level":"DEBUG","logger":"org.springframework.beans.factory.support.DefaultListableBeanFactory","message":"Autowiring by type from bean name 'metricsHttpServerUriTagFilter' via factory method to bean named 'management.observations-org.springframework.boot.actuate.autoconfigure.observation.ObservationProperties'","serviceName":"tecnos-service"}
{"timestamp":"2024-11-25 00:38:36","thread":"main","level":"DEBUG","logger":"org.springframework.beans.factory.support.DefaultListableBeanFactory","message":"Autowiring by type from bean name 'startupTimeMetrics' via factory method to bean named 'simpleMeterRegistry'","serviceName":"tecnos-service"}
{"timestamp":"2024-11-25 00:38:36","thread":"main","level":"DEBUG","logger":"org.springframework.beans.factory.support.DefaultListableBeanFactory","message":"Autowiring by type from bean name 'feignBuilder' via factory method to bean named 'feignRetryer'","serviceName":"tecnos-service"}
{"timestamp":"2024-11-25 00:38:36","thread":"main","level":"DEBUG","logger":"org.springframework.beans.factory.support.DefaultListableBeanFactory","message":"Creating shared instance of singleton bean 'feignTargeter'","serviceName":"tecnos-service"}
{"timestamp":"2024-11-25 00:38:36","thread":"main","level":"DEBUG","logger":"org.springframework.beans.factory.support.DefaultListableBeanFactory","message":"Creating shared instance of singleton bean 'org.springframework.cloud.openfeign.FeignAutoConfiguration$DefaultFeignTargeterConfiguration'","serviceName":"tecnos-service"}
{"timestamp":"2024-11-25 00:38:36","thread":"main","level":"DEBUG","logger":"org.springframework.beans.factory.support.DefaultListableBeanFactory","message":"Autowiring by type from bean name 'cloudAdapter' via constructor to bean named 'com.example.tecnosserver.intercom.CloudService'","serviceName":"tecnos-service"}
{"timestamp":"2024-11-25 00:38:36","thread":"main","level":"DEBUG","logger":"org.springframework.beans.factory.support.DefaultListableBeanFactory","message":"Creating shared instance of singleton bean 'itemCategoryCommandServiceImpl'","serviceName":"tecnos-service"}
{"timestamp":"2024-11-25 00:38:36","thread":"main","level":"DEBUG","logger":"org.springframework.beans.factory.support.DefaultListableBeanFactory","message":"Creating shared instance of singleton bean 'itemCategoryRepo'","serviceName":"tecnos-service"}
{"timestamp":"2024-11-25 00:38:36","thread":"main","level":"DEBUG","logger":"org.springframework.beans.factory.support.DefaultListableBeanFactory","message":"Creating shared instance of singleton bean 'jpa.named-queries#3'","serviceName":"tecnos-service"}
{"timestamp":"2024-11-25 00:38:36","thread":"main","level":"DEBUG","logger":"org.springframework.beans.factory.support.DefaultListableBeanFactory","message":"Creating shared instance of singleton bean 'jpa.ItemCategoryRepo.fragments#0'","serviceName":"tecnos-service"}
{"timestamp":"2024-11-25 00:38:36","thread":"main","level":"DEBUG","logger":"org.springframework.orm.jpa.SharedEntityManagerCreator$SharedEntityManagerInvocationHandler","message":"Creating new EntityManager for shared EntityManager invocation","serviceName":"tecnos-service"}
{"timestamp":"2024-11-25 00:38:36","thread":"main","level":"DEBUG","logger":"org.springframework.data.repository.core.support.RepositoryFactorySupport","message":"Initializing repository instance for com.example.tecnosserver.itemcategory.repo.ItemCategoryRepoâ€¦","serviceName":"tecnos-service"}
{"timestamp":"2024-11-25 00:38:36","thread":"main","level":"DEBUG","logger":"org.springframework.orm.jpa.SharedEntityManagerCreator$SharedEntityManagerInvocationHandler","message":"Creating new EntityManager for shared EntityManager invocation","serviceName":"tecnos-service"}
{"timestamp":"2024-11-25 00:38:36","thread":"main","level":"DEBUG","logger":"org.springframework.data.jpa.repository.query.NamedQuery","message":"Looking up named query ItemCategory.findByNameAndSubCategoryAndCategory","serviceName":"tecnos-service"}
{"timestamp":"2024-11-25 00:38:36","thread":"main","level":"DEBUG","logger":"org.hibernate.resource.transaction.backend.jdbc.internal.JdbcResourceLocalTransactionCoordinatorImpl","message":"JDBC transaction marked for rollback-only (exception provided for stack trace)","serviceName":"tecnos-service"}
{"timestamp":"2024-11-25 00:38:36","thread":"main","level":"DEBUG","logger":"org.springframework.data.jpa.repository.query.NamedQuery","message":"Did not find named query ItemCategory.findByNameAndSubCategoryAndCategory","serviceName":"tecnos-service"}
{"timestamp":"2024-11-25 00:38:36","thread":"main","level":"DEBUG","logger":"org.springframework.orm.jpa.SharedEntityManagerCreator$SharedEntityManagerInvocationHandler","message":"Creating new EntityManager for shared EntityManager invocation","serviceName":"tecnos-service"}
{"timestamp":"2024-11-25 00:38:36","thread":"main","level":"DEBUG","logger":"org.springframework.data.jpa.repository.query.NamedQuery","message":"Looking up named query ItemCategory.existsByNameAndSubCategoryAndCategory","serviceName":"tecnos-service"}
{"timestamp":"2024-11-25 00:38:36","thread":"main","level":"DEBUG","logger":"org.hibernate.resource.transaction.backend.jdbc.internal.JdbcResourceLocalTransactionCoordinatorImpl","message":"JDBC transaction marked for rollback-only (exception provided for stack trace)","serviceName":"tecnos-service"}
{"timestamp":"2024-11-25 00:38:36","thread":"main","level":"DEBUG","logger":"org.springframework.data.jpa.repository.query.NamedQuery","message":"Did not find named query ItemCategory.existsByNameAndSubCategoryAndCategory","serviceName":"tecnos-service"}
{"timestamp":"2024-11-25 00:38:36","thread":"main","level":"DEBUG","logger":"org.springframework.orm.jpa.SharedEntityManagerCreator$SharedEntityManagerInvocationHandler","message":"Creating new EntityManager for shared EntityManager invocation","serviceName":"tecnos-service"}
{"timestamp":"2024-11-25 00:38:37","thread":"main","level":"DEBUG","logger":"org.springframework.data.jpa.repository.query.NamedQuery","message":"Looking up named query ItemCategory.findAllBySubCategoryAndCategory","serviceName":"tecnos-service"}
{"timestamp":"2024-11-25 00:38:37","thread":"main","level":"DEBUG","logger":"org.hibernate.resource.transaction.backend.jdbc.internal.JdbcResourceLocalTransactionCoordinatorImpl","message":"JDBC transaction marked for rollback-only (exception provided for stack trace)","serviceName":"tecnos-service"}
{"timestamp":"2024-11-25 00:38:37","thread":"main","level":"DEBUG","logger":"org.springframework.data.jpa.repository.query.NamedQuery","message":"Did not find named query ItemCategory.findAllBySubCategoryAndCategory","serviceName":"tecnos-service"}
{"timestamp":"2024-11-25 00:38:37","thread":"main","level":"DEBUG","logger":"org.springframework.orm.jpa.SharedEntityManagerCreator$SharedEntityManagerInvocationHandler","message":"Creating new EntityManager for shared EntityManager invocation","serviceName":"tecnos-service"}
{"timestamp":"2024-11-25 00:38:37","thread":"main","level":"DEBUG","logger":"org.springframework.data.repository.core.support.RepositoryFactorySupport","message":"Finished creation of repository instance for com.example.tecnosserver.itemcategory.repo.ItemCategoryRepo.","serviceName":"tecnos-service"}
{"timestamp":"2024-11-25 00:38:37","thread":"main","level":"DEBUG","logger":"org.springframework.beans.factory.support.DefaultListableBeanFactory","message":"Creating shared instance of singleton bean 'subCategoryRepo'","serviceName":"tecnos-service"}
{"timestamp":"2024-11-25 00:38:37","thread":"main","level":"DEBUG","logger":"org.springframework.beans.factory.support.DefaultListableBeanFactory","message":"Creating shared instance of singleton bean 'jpa.named-queries#4'","serviceName":"tecnos-service"}
{"timestamp":"2024-11-25 00:38:37","thread":"main","level":"DEBUG","logger":"org.springframework.beans.factory.support.DefaultListableBeanFactory","message":"Creating shared instance of singleton bean 'jpa.SubCategoryRepo.fragments#0'","serviceName":"tecnos-service"}
{"timestamp":"2024-11-25 00:38:37","thread":"main","level":"DEBUG","logger":"org.springframework.orm.jpa.SharedEntityManagerCreator$SharedEntityManagerInvocationHandler","message":"Creating new EntityManager for shared EntityManager invocation","serviceName":"tecnos-service"}
{"timestamp":"2024-11-25 00:38:37","thread":"main","level":"DEBUG","logger":"org.springframework.data.repository.core.support.RepositoryFactorySupport","message":"Initializing repository instance for com.example.tecnosserver.subcategory.repo.SubCategoryRepoâ€¦","serviceName":"tecnos-service"}
{"timestamp":"2024-11-25 00:38:37","thread":"main","level":"DEBUG","logger":"org.springframework.orm.jpa.SharedEntityManagerCreator$SharedEntityManagerInvocationHandler","message":"Creating new EntityManager for shared EntityManager invocation","serviceName":"tecnos-service"}
{"timestamp":"2024-11-25 00:38:37","thread":"main","level":"DEBUG","logger":"org.springframework.data.jpa.repository.query.NamedQuery","message":"Looking up named query SubCategory.existsByNameAndCategory","serviceName":"tecnos-service"}
{"timestamp":"2024-11-25 00:38:37","thread":"main","level":"DEBUG","logger":"org.hibernate.resource.transaction.backend.jdbc.internal.JdbcResourceLocalTransactionCoordinatorImpl","message":"JDBC transaction marked for rollback-only (exception provided for stack trace)","serviceName":"tecnos-service"}
{"timestamp":"2024-11-25 00:38:37","thread":"main","level":"DEBUG","logger":"org.springframework.data.jpa.repository.query.NamedQuery","message":"Did not find named query SubCategory.existsByNameAndCategory","serviceName":"tecnos-service"}
{"timestamp":"2024-11-25 00:38:37","thread":"main","level":"DEBUG","logger":"org.springframework.orm.jpa.SharedEntityManagerCreator$SharedEntityManagerInvocationHandler","message":"Creating new EntityManager for shared EntityManager invocation","serviceName":"tecnos-service"}
{"timestamp":"2024-11-25 00:38:37","thread":"main","level":"DEBUG","logger":"org.springframework.data.jpa.repository.query.NamedQuery","message":"Looking up named query SubCategory.findByNameAndCategory","serviceName":"tecnos-service"}
{"timestamp":"2024-11-25 00:38:37","thread":"main","level":"DEBUG","logger":"org.hibernate.resource.transaction.backend.jdbc.internal.JdbcResourceLocalTransactionCoordinatorImpl","message":"JDBC transaction marked for rollback-only (exception provided for stack trace)","serviceName":"tecnos-service"}
{"timestamp":"2024-11-25 00:38:37","thread":"main","level":"DEBUG","logger":"org.springframework.data.jpa.repository.query.NamedQuery","message":"Did not find named query SubCategory.findByNameAndCategory","serviceName":"tecnos-service"}
{"timestamp":"2024-11-25 00:38:37","thread":"main","level":"DEBUG","logger":"org.springframework.orm.jpa.SharedEntityManagerCreator$SharedEntityManagerInvocationHandler","message":"Creating new EntityManager for shared EntityManager invocation","serviceName":"tecnos-service"}
{"timestamp":"2024-11-25 00:38:37","thread":"main","level":"DEBUG","logger":"org.springframework.data.jpa.repository.query.NamedQuery","message":"Looking up named query SubCategory.findSubCategoryByName","serviceName":"tecnos-service"}
{"timestamp":"2024-11-25 00:38:37","thread":"main","level":"DEBUG","logger":"org.hibernate.resource.transaction.backend.jdbc.internal.JdbcResourceLocalTransactionCoordinatorImpl","message":"JDBC transaction marked for rollback-only (exception provided for stack trace)","serviceName":"tecnos-service"}
{"timestamp":"2024-11-25 00:38:37","thread":"main","level":"DEBUG","logger":"org.springframework.data.jpa.repository.query.NamedQuery","message":"Did not find named query SubCategory.findSubCategoryByName","serviceName":"tecnos-service"}
{"timestamp":"2024-11-25 00:38:37","thread":"main","level":"DEBUG","logger":"org.springframework.orm.jpa.SharedEntityManagerCreator$SharedEntityManagerInvocationHandler","message":"Creating new EntityManager for shared EntityManager invocation","serviceName":"tecnos-service"}
{"timestamp":"2024-11-25 00:38:37","thread":"main","level":"DEBUG","logger":"org.springframework.data.repository.core.support.RepositoryFactorySupport","message":"Finished creation of repository instance for com.example.tecnosserver.subcategory.repo.SubCategoryRepo.","serviceName":"tecnos-service"}
{"timestamp":"2024-11-25 00:38:37","thread":"main","level":"DEBUG","logger":"org.springframework.beans.factory.support.DefaultListableBeanFactory","message":"Autowiring by type from bean name 'itemCategoryCommandServiceImpl' via constructor to bean named 'itemCategoryRepo'","serviceName":"tecnos-service"}
{"timestamp":"2024-11-25 00:38:37","thread":"main","level":"DEBUG","logger":"org.springframework.beans.factory.support.DefaultListableBeanFactory","message":"Autowiring by type from bean name 'itemCategoryCommandServiceImpl' via constructor to bean named 'subCategoryRepo'","serviceName":"tecnos-service"}
{"timestamp":"2024-11-25 00:38:37","thread":"main","level":"DEBUG","logger":"org.springframework.beans.factory.support.DefaultListableBeanFactory","message":"Autowiring by type from bean name 'itemCategoryCommandServiceImpl' via constructor to bean named 'categoryRepo'","serviceName":"tecnos-service"}
{"timestamp":"2024-11-25 00:38:37","thread":"main","level":"DEBUG","logger":"org.springframework.beans.factory.support.DefaultListableBeanFactory","message":"Creating shared instance of singleton bean 'itemCategoryQueryServiceImpl'","serviceName":"tecnos-service"}
{"timestamp":"2024-11-25 00:38:37","thread":"main","level":"DEBUG","logger":"org.springframework.beans.factory.support.DefaultListableBeanFactory","message":"Autowiring by type from bean name 'itemCategoryQueryServiceImpl' via constructor to bean named 'itemCategoryRepo'","serviceName":"tecnos-service"}
{"timestamp":"2024-11-25 00:38:37","thread":"main","level":"DEBUG","logger":"org.springframework.beans.factory.support.DefaultListableBeanFactory","message":"Autowiring by type from bean name 'itemCategoryQueryServiceImpl' via constructor to bean named 'subCategoryRepo'","serviceName":"tecnos-service"}
{"timestamp":"2024-11-25 00:38:37","thread":"main","level":"DEBUG","logger":"org.springframework.beans.factory.support.DefaultListableBeanFactory","message":"Autowiring by type from bean name 'itemCategoryQueryServiceImpl' via constructor to bean named 'categoryRepo'","serviceName":"tecnos-service"}
{"timestamp":"2024-11-25 00:38:37","thread":"main","level":"DEBUG","logger":"org.springframework.beans.factory.support.DefaultListableBeanFactory","message":"Creating shared instance of singleton bean 'itemCategoryControllerApi'","serviceName":"tecnos-service"}
{"timestamp":"2024-11-25 00:38:37","thread":"main","level":"DEBUG","logger":"org.springframework.beans.factory.support.DefaultListableBeanFactory","message":"Autowiring by type from bean name 'itemCategoryControllerApi' via constructor to bean named 'itemCategoryCommandServiceImpl'","serviceName":"tecnos-service"}
{"timestamp":"2024-11-25 00:38:37","thread":"main","level":"DEBUG","logger":"org.springframework.beans.factory.support.DefaultListableBeanFactory","message":"Autowiring by type from bean name 'itemCategoryControllerApi' via constructor to bean named 'itemCategoryQueryServiceImpl'","serviceName":"tecnos-service"}
{"timestamp":"2024-11-25 00:38:37","thread":"main","level":"DEBUG","logger":"org.springframework.beans.factory.support.DefaultListableBeanFactory","message":"Creating shared instance of singleton bean 'productMapper'","serviceName":"tecnos-service"}
{"timestamp":"2024-11-25 00:38:37","thread":"main","level":"DEBUG","logger":"org.springframework.beans.factory.support.DefaultListableBeanFactory","message":"Creating shared instance of singleton bean 'productCommandServiceImpl'","serviceName":"tecnos-service"}
{"timestamp":"2024-11-25 00:38:37","thread":"main","level":"DEBUG","logger":"org.springframework.beans.factory.support.DefaultListableBeanFactory","message":"Creating shared instance of singleton bean 'productRepo'","serviceName":"tecnos-service"}
{"timestamp":"2024-11-25 00:38:37","thread":"main","level":"DEBUG","logger":"org.springframework.beans.factory.support.DefaultListableBeanFactory","message":"Creating shared instance of singleton bean 'jpa.named-queries#0'","serviceName":"tecnos-service"}
{"timestamp":"2024-11-25 00:38:37","thread":"main","level":"DEBUG","logger":"org.springframework.beans.factory.support.DefaultListableBeanFactory","message":"Creating shared instance of singleton bean 'jpa.ProductRepo.fragments#0'","serviceName":"tecnos-service"}
{"timestamp":"2024-11-25 00:38:37","thread":"main","level":"DEBUG","logger":"org.springframework.orm.jpa.SharedEntityManagerCreator$SharedEntityManagerInvocationHandler","message":"Creating new EntityManager for shared EntityManager invocation","serviceName":"tecnos-service"}
{"timestamp":"2024-11-25 00:38:37","thread":"main","level":"DEBUG","logger":"org.springframework.data.repository.core.support.RepositoryFactorySupport","message":"Initializing repository instance for com.example.tecnosserver.products.repo.ProductRepoâ€¦","serviceName":"tecnos-service"}
{"timestamp":"2024-11-25 00:38:37","thread":"main","level":"DEBUG","logger":"org.springframework.orm.jpa.SharedEntityManagerCreator$SharedEntityManagerInvocationHandler","message":"Creating new EntityManager for shared EntityManager invocation","serviceName":"tecnos-service"}
{"timestamp":"2024-11-25 00:38:37","thread":"main","level":"INFO","logger":"org.springframework.data.jpa.repository.query.QueryEnhancerFactory","message":"Hibernate is in classpath; If applicable, HQL parser will be used.","serviceName":"tecnos-service"}
{"timestamp":"2024-11-25 00:38:37","thread":"main","level":"DEBUG","logger":"org.hibernate.resource.transaction.backend.jdbc.internal.JdbcResourceLocalTransactionCoordinatorImpl","message":"JDBC transaction marked for rollback-only (exception provided for stack trace)","serviceName":"tecnos-service"}
{"timestamp":"2024-11-25 00:38:37","thread":"main","level":"DEBUG","logger":"org.springframework.data.jpa.repository.query.NamedQuery","message":"Did not find named query Product.findAllByCategoryAndSubCategory.count","serviceName":"tecnos-service"}
{"timestamp":"2024-11-25 00:38:37","thread":"main","level":"DEBUG","logger":"org.springframework.orm.jpa.SharedEntityManagerCreator$SharedEntityManagerInvocationHandler","message":"Creating new EntityManager for shared EntityManager invocation","serviceName":"tecnos-service"}
{"timestamp":"2024-11-25 00:38:37","thread":"main","level":"DEBUG","logger":"org.hibernate.orm.query.hql","message":"HQL : SELECT p FROM Product p WHERE p.category.name = ?1 AND p.subCategory.name = ?2","serviceName":"tecnos-service"}
{"timestamp":"2024-11-25 00:38:37","thread":"main","level":"DEBUG","logger":"org.hibernate.query.hql.internal.SemanticQueryBuilder","message":"Handling root path - Product","serviceName":"tecnos-service"}
{"timestamp":"2024-11-25 00:38:37","thread":"main","level":"DEBUG","logger":"org.hibernate.orm.query.sqm.creation","message":"Applying inferable type to SqmExpression [SqmPositionalParameter(1)] : null -> BasicSqmPathSource(name : String)","serviceName":"tecnos-service"}
{"timestamp":"2024-11-25 00:38:37","thread":"main","level":"DEBUG","logger":"org.hibernate.orm.query.sqm.creation","message":"Applying inferable type to SqmExpression [SqmPositionalParameter(2)] : null -> BasicSqmPathSource(name : String)","serviceName":"tecnos-service"}
{"timestamp":"2024-11-25 00:38:37","thread":"main","level":"DEBUG","logger":"org.hibernate.orm.query.sqm.ast","message":"SqmStatement Tree :\r\n    -> [select]\r\n      -> [query-spec]\r\n        -> [select]\r\n          -> [selection]\r\n            -> [root] - `com.example.tecnosserver.products.model.Product(p)`\r\n            <- [root] - `com.example.tecnosserver.products.model.Product(p)`\r\n          <- [selection]\r\n        <- [select]\r\n        -> [from]\r\n          -> [root] - `com.example.tecnosserver.products.model.Product(p)`\r\n          <- [root] - `com.example.tecnosserver.products.model.Product(p)`\r\n        <- [from]\r\n        -> [where]\r\n          -> [and]\r\n            -> [EQUAL]\r\n                -> [basic-path] - `com.example.tecnosserver.products.model.Product(p).category.name`\r\n                ?1\r\n            <- [EQUAL]\r\n            -> [EQUAL]\r\n                -> [basic-path] - `com.example.tecnosserver.products.model.Product(p).subCategory.name`\r\n                ?2\r\n            <- [EQUAL]\r\n          <- [and]\r\n        <- [where]\r\n      <- [query-spec]\r\n    <- [select]\r\n","serviceName":"tecnos-service"}
{"timestamp":"2024-11-25 00:38:37","thread":"main","level":"DEBUG","logger":"org.springframework.data.jpa.repository.query.NamedQuery","message":"Looking up named query Product.findProductBySku","serviceName":"tecnos-service"}
{"timestamp":"2024-11-25 00:38:37","thread":"main","level":"DEBUG","logger":"org.hibernate.resource.transaction.backend.jdbc.internal.JdbcResourceLocalTransactionCoordinatorImpl","message":"JDBC transaction marked for rollback-only (exception provided for stack trace)","serviceName":"tecnos-service"}
{"timestamp":"2024-11-25 00:38:37","thread":"main","level":"DEBUG","logger":"org.springframework.data.jpa.repository.query.NamedQuery","message":"Did not find named query Product.findProductBySku","serviceName":"tecnos-service"}
{"timestamp":"2024-11-25 00:38:37","thread":"main","level":"DEBUG","logger":"org.springframework.orm.jpa.SharedEntityManagerCreator$SharedEntityManagerInvocationHandler","message":"Creating new EntityManager for shared EntityManager invocation","serviceName":"tecnos-service"}
{"timestamp":"2024-11-25 00:38:37","thread":"main","level":"DEBUG","logger":"org.hibernate.resource.transaction.backend.jdbc.internal.JdbcResourceLocalTransactionCoordinatorImpl","message":"JDBC transaction marked for rollback-only (exception provided for stack trace)","serviceName":"tecnos-service"}
{"timestamp":"2024-11-25 00:38:37","thread":"main","level":"DEBUG","logger":"org.springframework.data.jpa.repository.query.NamedQuery","message":"Did not find named query Product.findAllByCategoryAndSubCategoryAndItemCategory.count","serviceName":"tecnos-service"}
{"timestamp":"2024-11-25 00:38:37","thread":"main","level":"DEBUG","logger":"org.springframework.orm.jpa.SharedEntityManagerCreator$SharedEntityManagerInvocationHandler","message":"Creating new EntityManager for shared EntityManager invocation","serviceName":"tecnos-service"}
{"timestamp":"2024-11-25 00:38:37","thread":"main","level":"DEBUG","logger":"org.hibernate.orm.query.hql","message":"HQL : SELECT p FROM Product p WHERE p.category.name = ?1 AND p.subCategory.name = ?2 AND p.itemCategory.name = ?3","serviceName":"tecnos-service"}
{"timestamp":"2024-11-25 00:38:37","thread":"main","level":"DEBUG","logger":"org.hibernate.query.hql.internal.SemanticQueryBuilder","message":"Handling root path - Product","serviceName":"tecnos-service"}
{"timestamp":"2024-11-25 00:38:37","thread":"main","level":"DEBUG","logger":"org.hibernate.orm.query.sqm.creation","message":"Applying inferable type to SqmExpression [SqmPositionalParameter(1)] : null -> BasicSqmPathSource(name : String)","serviceName":"tecnos-service"}
{"timestamp":"2024-11-25 00:38:37","thread":"main","level":"DEBUG","logger":"org.hibernate.orm.query.sqm.creation","message":"Applying inferable type to SqmExpression [SqmPositionalParameter(2)] : null -> BasicSqmPathSource(name : String)","serviceName":"tecnos-service"}
{"timestamp":"2024-11-25 00:38:37","thread":"main","level":"DEBUG","logger":"org.hibernate.orm.query.sqm.creation","message":"Applying inferable type to SqmExpression [SqmPositionalParameter(3)] : null -> BasicSqmPathSource(name : String)","serviceName":"tecnos-service"}
{"timestamp":"2024-11-25 00:38:37","thread":"main","level":"DEBUG","logger":"org.hibernate.orm.query.sqm.ast","message":"SqmStatement Tree :\r\n    -> [select]\r\n      -> [query-spec]\r\n        -> [select]\r\n          -> [selection]\r\n            -> [root] - `com.example.tecnosserver.products.model.Product(p)`\r\n            <- [root] - `com.example.tecnosserver.products.model.Product(p)`\r\n          <- [selection]\r\n        <- [select]\r\n        -> [from]\r\n          -> [root] - `com.example.tecnosserver.products.model.Product(p)`\r\n          <- [root] - `com.example.tecnosserver.products.model.Product(p)`\r\n        <- [from]\r\n        -> [where]\r\n          -> [and]\r\n            -> [EQUAL]\r\n                -> [basic-path] - `com.example.tecnosserver.products.model.Product(p).category.name`\r\n                ?1\r\n            <- [EQUAL]\r\n            -> [EQUAL]\r\n                -> [basic-path] - `com.example.tecnosserver.products.model.Product(p).subCategory.name`\r\n                ?2\r\n            <- [EQUAL]\r\n            -> [EQUAL]\r\n                -> [basic-path] - `com.example.tecnosserver.products.model.Product(p).itemCategory.name`\r\n                ?3\r\n            <- [EQUAL]\r\n          <- [and]\r\n        <- [where]\r\n      <- [query-spec]\r\n    <- [select]\r\n","serviceName":"tecnos-service"}
{"timestamp":"2024-11-25 00:38:37","thread":"main","level":"DEBUG","logger":"org.springframework.data.repository.core.support.RepositoryFactorySupport","message":"Finished creation of repository instance for com.example.tecnosserver.products.repo.ProductRepo.","serviceName":"tecnos-service"}
{"timestamp":"2024-11-25 00:38:37","thread":"main","level":"DEBUG","logger":"org.springframework.beans.factory.support.DefaultListableBeanFactory","message":"Autowiring by type from bean name 'productCommandServiceImpl' via constructor to bean named 'productRepo'","serviceName":"tecnos-service"}
{"timestamp":"2024-11-25 00:38:37","thread":"main","level":"DEBUG","logger":"org.springframework.beans.factory.support.DefaultListableBeanFactory","message":"Autowiring by type from bean name 'productCommandServiceImpl' via constructor to bean named 'itemCategoryRepo'","serviceName":"tecnos-service"}
{"timestamp":"2024-11-25 00:38:37","thread":"main","level":"DEBUG","logger":"org.springframework.beans.factory.support.DefaultListableBeanFactory","message":"Autowiring by type from bean name 'productCommandServiceImpl' via constructor to bean named 'categoryRepo'","serviceName":"tecnos-service"}
{"timestamp":"2024-11-25 00:38:37","thread":"main","level":"DEBUG","logger":"org.springframework.beans.factory.support.DefaultListableBeanFactory","message":"Autowiring by type from bean name 'productCommandServiceImpl' via constructor to bean named 'subCategoryRepo'","serviceName":"tecnos-service"}
{"timestamp":"2024-11-25 00:38:37","thread":"main","level":"DEBUG","logger":"org.springframework.beans.factory.support.DefaultListableBeanFactory","message":"Autowiring by type from bean name 'productCommandServiceImpl' via constructor to bean named 'cloudAdapter'","serviceName":"tecnos-service"}
{"timestamp":"2024-11-25 00:38:37","thread":"main","level":"DEBUG","logger":"org.springframework.beans.factory.support.DefaultListableBeanFactory","message":"Creating shared instance of singleton bean 'productQueryServiceImpl'","serviceName":"tecnos-service"}
{"timestamp":"2024-11-25 00:38:37","thread":"main","level":"DEBUG","logger":"org.springframework.beans.factory.support.DefaultListableBeanFactory","message":"Autowiring by type from bean name 'productQueryServiceImpl' via constructor to bean named 'productRepo'","serviceName":"tecnos-service"}
{"timestamp":"2024-11-25 00:38:37","thread":"main","level":"DEBUG","logger":"org.springframework.beans.factory.support.DefaultListableBeanFactory","message":"Autowiring by type from bean name 'productQueryServiceImpl' via constructor to bean named 'productMapper'","serviceName":"tecnos-service"}
{"timestamp":"2024-11-25 00:38:37","thread":"main","level":"DEBUG","logger":"org.springframework.beans.factory.support.DefaultListableBeanFactory","message":"Creating shared instance of singleton bean 'productControllerApi'","serviceName":"tecnos-service"}
{"timestamp":"2024-11-25 00:38:37","thread":"main","level":"DEBUG","logger":"org.springframework.beans.factory.support.DefaultListableBeanFactory","message":"Autowiring by type from bean name 'productControllerApi' via constructor to bean named 'productCommandServiceImpl'","serviceName":"tecnos-service"}
{"timestamp":"2024-11-25 00:38:37","thread":"main","level":"DEBUG","logger":"org.springframework.beans.factory.support.DefaultListableBeanFactory","message":"Autowiring by type from bean name 'productControllerApi' via constructor to bean named 'productQueryServiceImpl'","serviceName":"tecnos-service"}
{"timestamp":"2024-11-25 00:38:37","thread":"main","level":"DEBUG","logger":"org.springframework.beans.factory.support.DefaultListableBeanFactory","message":"Creating shared instance of singleton bean 'subCategoryCommandServiceImpl'","serviceName":"tecnos-service"}
{"timestamp":"2024-11-25 00:38:37","thread":"main","level":"DEBUG","logger":"org.springframework.beans.factory.support.DefaultListableBeanFactory","message":"Autowiring by type from bean name 'subCategoryCommandServiceImpl' via constructor to bean named 'subCategoryRepo'","serviceName":"tecnos-service"}
{"timestamp":"2024-11-25 00:38:37","thread":"main","level":"DEBUG","logger":"org.springframework.beans.factory.support.DefaultListableBeanFactory","message":"Autowiring by type from bean name 'subCategoryCommandServiceImpl' via constructor to bean named 'categoryRepo'","serviceName":"tecnos-service"}
{"timestamp":"2024-11-25 00:38:37","thread":"main","level":"DEBUG","logger":"org.springframework.beans.factory.support.DefaultListableBeanFactory","message":"Creating shared instance of singleton bean 'subCategoryQueryServiceImpl'","serviceName":"tecnos-service"}
{"timestamp":"2024-11-25 00:38:37","thread":"main","level":"DEBUG","logger":"org.springframework.beans.factory.support.DefaultListableBeanFactory","message":"Autowiring by type from bean name 'subCategoryQueryServiceImpl' via constructor to bean named 'subCategoryRepo'","serviceName":"tecnos-service"}
{"timestamp":"2024-11-25 00:38:37","thread":"main","level":"DEBUG","logger":"org.springframework.beans.factory.support.DefaultListableBeanFactory","message":"Creating shared instance of singleton bean 'subCategoryControllerApi'","serviceName":"tecnos-service"}
{"timestamp":"2024-11-25 00:38:37","thread":"main","level":"DEBUG","logger":"org.springframework.beans.factory.support.DefaultListableBeanFactory","message":"Autowiring by type from bean name 'subCategoryControllerApi' via constructor to bean named 'subCategoryCommandServiceImpl'","serviceName":"tecnos-service"}
{"timestamp":"2024-11-25 00:38:37","thread":"main","level":"DEBUG","logger":"org.springframework.beans.factory.support.DefaultListableBeanFactory","message":"Autowiring by type from bean name 'subCategoryControllerApi' via constructor to bean named 'subCategoryQueryServiceImpl'","serviceName":"tecnos-service"}
{"timestamp":"2024-11-25 00:38:37","thread":"main","level":"DEBUG","logger":"org.springframework.beans.factory.support.DefaultListableBeanFactory","message":"Creating shared instance of singleton bean 'authenticationFailureListener'","serviceName":"tecnos-service"}
{"timestamp":"2024-11-25 00:38:37","thread":"main","level":"DEBUG","logger":"org.springframework.beans.factory.support.DefaultListableBeanFactory","message":"Creating shared instance of singleton bean 'loginAttemptService'","serviceName":"tecnos-service"}
{"timestamp":"2024-11-25 00:38:37","thread":"main","level":"DEBUG","logger":"org.springframework.beans.factory.support.DefaultListableBeanFactory","message":"Autowiring by type from bean name 'authenticationFailureListener' via constructor to bean named 'loginAttemptService'","serviceName":"tecnos-service"}
{"timestamp":"2024-11-25 00:38:37","thread":"main","level":"DEBUG","logger":"org.springframework.beans.factory.support.DefaultListableBeanFactory","message":"Creating shared instance of singleton bean 'authenticationSuccessListener'","serviceName":"tecnos-service"}
{"timestamp":"2024-11-25 00:38:37","thread":"main","level":"DEBUG","logger":"org.springframework.beans.factory.support.DefaultListableBeanFactory","message":"Autowiring by type from bean name 'authenticationSuccessListener' via constructor to bean named 'loginAttemptService'","serviceName":"tecnos-service"}
{"timestamp":"2024-11-25 00:38:37","thread":"main","level":"DEBUG","logger":"org.springframework.beans.factory.support.DefaultListableBeanFactory","message":"Creating shared instance of singleton bean 'JWTAccessDeniedHandler'","serviceName":"tecnos-service"}
{"timestamp":"2024-11-25 00:38:37","thread":"main","level":"DEBUG","logger":"org.springframework.beans.factory.support.DefaultListableBeanFactory","message":"Creating shared instance of singleton bean 'JWTAuthenticationEntryPoint'","serviceName":"tecnos-service"}
{"timestamp":"2024-11-25 00:38:37","thread":"main","level":"DEBUG","logger":"org.springframework.beans.factory.support.DefaultListableBeanFactory","message":"Creating shared instance of singleton bean 'JWTAuthorizationFilter'","serviceName":"tecnos-service"}
{"timestamp":"2024-11-25 00:38:37","thread":"main","level":"DEBUG","logger":"org.springframework.beans.factory.support.DefaultListableBeanFactory","message":"Creating shared instance of singleton bean 'JWTTokenProvider'","serviceName":"tecnos-service"}
{"timestamp":"2024-11-25 00:38:37","thread":"main","level":"DEBUG","logger":"org.springframework.beans.factory.support.DefaultListableBeanFactory","message":"Autowiring by type from bean name 'JWTAuthorizationFilter' via constructor to bean named 'JWTTokenProvider'","serviceName":"tecnos-service"}
{"timestamp":"2024-11-25 00:38:37","thread":"main","level":"DEBUG","logger":"org.springframework.beans.factory.support.DefaultListableBeanFactory","message":"Creating shared instance of singleton bean 'securityConfiguration'","serviceName":"tecnos-service"}
{"timestamp":"2024-11-25 00:38:37","thread":"main","level":"DEBUG","logger":"org.springframework.beans.factory.support.DefaultListableBeanFactory","message":"Creating shared instance of singleton bean 'userDetailsImpl'","serviceName":"tecnos-service"}
{"timestamp":"2024-11-25 00:38:37","thread":"main","level":"DEBUG","logger":"org.springframework.beans.factory.support.DefaultListableBeanFactory","message":"Creating shared instance of singleton bean 'userRepo'","serviceName":"tecnos-service"}
{"timestamp":"2024-11-25 00:38:37","thread":"main","level":"DEBUG","logger":"org.springframework.beans.factory.support.DefaultListableBeanFactory","message":"Creating shared instance of singleton bean 'jpa.named-queries#1'","serviceName":"tecnos-service"}
{"timestamp":"2024-11-25 00:38:37","thread":"main","level":"DEBUG","logger":"org.springframework.beans.factory.support.DefaultListableBeanFactory","message":"Creating shared instance of singleton bean 'jpa.UserRepo.fragments#0'","serviceName":"tecnos-service"}
{"timestamp":"2024-11-25 00:38:37","thread":"main","level":"DEBUG","logger":"org.springframework.orm.jpa.SharedEntityManagerCreator$SharedEntityManagerInvocationHandler","message":"Creating new EntityManager for shared EntityManager invocation","serviceName":"tecnos-service"}
{"timestamp":"2024-11-25 00:38:37","thread":"main","level":"DEBUG","logger":"org.springframework.data.repository.core.support.RepositoryFactorySupport","message":"Initializing repository instance for com.example.tecnosserver.user.repo.UserRepoâ€¦","serviceName":"tecnos-service"}
{"timestamp":"2024-11-25 00:38:37","thread":"main","level":"DEBUG","logger":"org.springframework.orm.jpa.SharedEntityManagerCreator$SharedEntityManagerInvocationHandler","message":"Creating new EntityManager for shared EntityManager invocation","serviceName":"tecnos-service"}
{"timestamp":"2024-11-25 00:38:37","thread":"main","level":"DEBUG","logger":"org.springframework.data.jpa.repository.query.NamedQuery","message":"Looking up named query User.findByEmail","serviceName":"tecnos-service"}
{"timestamp":"2024-11-25 00:38:37","thread":"main","level":"DEBUG","logger":"org.hibernate.resource.transaction.backend.jdbc.internal.JdbcResourceLocalTransactionCoordinatorImpl","message":"JDBC transaction marked for rollback-only (exception provided for stack trace)","serviceName":"tecnos-service"}
{"timestamp":"2024-11-25 00:38:37","thread":"main","level":"DEBUG","logger":"org.springframework.data.jpa.repository.query.NamedQuery","message":"Did not find named query User.findByEmail","serviceName":"tecnos-service"}
{"timestamp":"2024-11-25 00:38:37","thread":"main","level":"DEBUG","logger":"org.springframework.orm.jpa.SharedEntityManagerCreator$SharedEntityManagerInvocationHandler","message":"Creating new EntityManager for shared EntityManager invocation","serviceName":"tecnos-service"}
{"timestamp":"2024-11-25 00:38:37","thread":"main","level":"DEBUG","logger":"org.springframework.data.repository.core.support.RepositoryFactorySupport","message":"Finished creation of repository instance for com.example.tecnosserver.user.repo.UserRepo.","serviceName":"tecnos-service"}
{"timestamp":"2024-11-25 00:38:37","thread":"main","level":"DEBUG","logger":"org.springframework.beans.factory.support.DefaultListableBeanFactory","message":"Autowiring by type from bean name 'userDetailsImpl' via constructor to bean named 'userRepo'","serviceName":"tecnos-service"}
{"timestamp":"2024-11-25 00:38:37","thread":"main","level":"DEBUG","logger":"org.springframework.beans.factory.support.DefaultListableBeanFactory","message":"Autowiring by type from bean name 'securityConfiguration' via constructor to bean named 'JWTAuthorizationFilter'","serviceName":"tecnos-service"}
{"timestamp":"2024-11-25 00:38:37","thread":"main","level":"DEBUG","logger":"org.springframework.beans.factory.support.DefaultListableBeanFactory","message":"Autowiring by type from bean name 'securityConfiguration' via constructor to bean named 'JWTAccessDeniedHandler'","serviceName":"tecnos-service"}
{"timestamp":"2024-11-25 00:38:37","thread":"main","level":"DEBUG","logger":"org.springframework.beans.factory.support.DefaultListableBeanFactory","message":"Autowiring by type from bean name 'securityConfiguration' via constructor to bean named 'JWTAuthenticationEntryPoint'","serviceName":"tecnos-service"}
{"timestamp":"2024-11-25 00:38:37","thread":"main","level":"DEBUG","logger":"org.springframework.beans.factory.support.DefaultListableBeanFactory","message":"Autowiring by type from bean name 'securityConfiguration' via constructor to bean named 'userDetailsImpl'","serviceName":"tecnos-service"}
{"timestamp":"2024-11-25 00:38:37","thread":"main","level":"DEBUG","logger":"org.springframework.beans.factory.support.DefaultListableBeanFactory","message":"Creating shared instance of singleton bean 'userCommandServiceImpl'","serviceName":"tecnos-service"}
{"timestamp":"2024-11-25 00:38:37","thread":"main","level":"DEBUG","logger":"org.springframework.beans.factory.support.DefaultListableBeanFactory","message":"Creating shared instance of singleton bean 'bCryptPasswordEncoder'","serviceName":"tecnos-service"}
{"timestamp":"2024-11-25 00:38:37","thread":"main","level":"DEBUG","logger":"org.springframework.beans.factory.support.DefaultListableBeanFactory","message":"Autowiring by type from bean name 'userCommandServiceImpl' via constructor to bean named 'userRepo'","serviceName":"tecnos-service"}
{"timestamp":"2024-11-25 00:38:37","thread":"main","level":"DEBUG","logger":"org.springframework.beans.factory.support.DefaultListableBeanFactory","message":"Autowiring by type from bean name 'userCommandServiceImpl' via constructor to bean named 'bCryptPasswordEncoder'","serviceName":"tecnos-service"}
{"timestamp":"2024-11-25 00:38:37","thread":"main","level":"DEBUG","logger":"org.springframework.beans.factory.support.DefaultListableBeanFactory","message":"Creating shared instance of singleton bean 'userQueryServiceImpl'","serviceName":"tecnos-service"}
{"timestamp":"2024-11-25 00:38:37","thread":"main","level":"DEBUG","logger":"org.springframework.beans.factory.support.DefaultListableBeanFactory","message":"Autowiring by type from bean name 'userQueryServiceImpl' via constructor to bean named 'userRepo'","serviceName":"tecnos-service"}
{"timestamp":"2024-11-25 00:38:37","thread":"main","level":"DEBUG","logger":"org.springframework.beans.factory.support.DefaultListableBeanFactory","message":"Creating shared instance of singleton bean 'userControllerServer'","serviceName":"tecnos-service"}
{"timestamp":"2024-11-25 00:38:37","thread":"main","level":"DEBUG","logger":"org.springframework.beans.factory.support.DefaultListableBeanFactory","message":"Creating shared instance of singleton bean 'authenticationManager'","serviceName":"tecnos-service"}
{"timestamp":"2024-11-25 00:38:37","thread":"main","level":"DEBUG","logger":"org.springframework.beans.factory.support.DefaultListableBeanFactory","message":"Creating shared instance of singleton bean 'org.springframework.security.config.annotation.authentication.configuration.AuthenticationConfiguration'","serviceName":"tecnos-service"}
{"timestamp":"2024-11-25 00:38:37","thread":"main","level":"DEBUG","logger":"org.springframework.beans.factory.support.DefaultListableBeanFactory","message":"Creating shared instance of singleton bean 'objectPostProcessor'","serviceName":"tecnos-service"}
{"timestamp":"2024-11-25 00:38:37","thread":"main","level":"DEBUG","logger":"org.springframework.beans.factory.support.DefaultListableBeanFactory","message":"Creating shared instance of singleton bean 'org.springframework.security.config.annotation.configuration.ObjectPostProcessorConfiguration'","serviceName":"tecnos-service"}
{"timestamp":"2024-11-25 00:38:37","thread":"main","level":"DEBUG","logger":"org.springframework.beans.factory.support.DefaultListableBeanFactory","message":"Autowiring by type from bean name 'objectPostProcessor' via factory method to bean named 'org.springframework.beans.factory.support.DefaultListableBeanFactory@3ed7821'","serviceName":"tecnos-service"}
{"timestamp":"2024-11-25 00:38:37","thread":"main","level":"DEBUG","logger":"org.springframework.beans.factory.support.DefaultListableBeanFactory","message":"Creating shared instance of singleton bean 'enableGlobalAuthenticationAutowiredConfigurer'","serviceName":"tecnos-service"}
{"timestamp":"2024-11-25 00:38:37","thread":"main","level":"DEBUG","logger":"org.springframework.beans.factory.support.DefaultListableBeanFactory","message":"Autowiring by type from bean name 'enableGlobalAuthenticationAutowiredConfigurer' via factory method to bean named 'org.springframework.web.context.support.GenericWebApplicationContext@75fa1be3'","serviceName":"tecnos-service"}
{"timestamp":"2024-11-25 00:38:37","thread":"main","level":"DEBUG","logger":"org.springframework.beans.factory.support.DefaultListableBeanFactory","message":"Creating shared instance of singleton bean 'initializeUserDetailsBeanManagerConfigurer'","serviceName":"tecnos-service"}
{"timestamp":"2024-11-25 00:38:37","thread":"main","level":"DEBUG","logger":"org.springframework.beans.factory.support.DefaultListableBeanFactory","message":"Autowiring by type from bean name 'initializeUserDetailsBeanManagerConfigurer' via factory method to bean named 'org.springframework.web.context.support.GenericWebApplicationContext@75fa1be3'","serviceName":"tecnos-service"}
{"timestamp":"2024-11-25 00:38:37","thread":"main","level":"DEBUG","logger":"org.springframework.beans.factory.support.DefaultListableBeanFactory","message":"Creating shared instance of singleton bean 'initializeAuthenticationProviderBeanManagerConfigurer'","serviceName":"tecnos-service"}
{"timestamp":"2024-11-25 00:38:37","thread":"main","level":"DEBUG","logger":"org.springframework.beans.factory.support.DefaultListableBeanFactory","message":"Autowiring by type from bean name 'initializeAuthenticationProviderBeanManagerConfigurer' via factory method to bean named 'org.springframework.web.context.support.GenericWebApplicationContext@75fa1be3'","serviceName":"tecnos-service"}
{"timestamp":"2024-11-25 00:38:37","thread":"main","level":"DEBUG","logger":"org.springframework.beans.factory.support.DefaultListableBeanFactory","message":"Autowiring by type from bean name 'authenticationManager' via factory method to bean named 'org.springframework.security.config.annotation.authentication.configuration.AuthenticationConfiguration'","serviceName":"tecnos-service"}
{"timestamp":"2024-11-25 00:38:37","thread":"main","level":"DEBUG","logger":"org.springframework.beans.factory.support.DefaultListableBeanFactory","message":"Creating shared instance of singleton bean 'authenticationManagerBuilder'","serviceName":"tecnos-service"}
{"timestamp":"2024-11-25 00:38:37","thread":"main","level":"DEBUG","logger":"org.springframework.beans.factory.support.DefaultListableBeanFactory","message":"Autowiring by type from bean name 'authenticationManagerBuilder' via factory method to bean named 'objectPostProcessor'","serviceName":"tecnos-service"}
{"timestamp":"2024-11-25 00:38:37","thread":"main","level":"DEBUG","logger":"org.springframework.beans.factory.support.DefaultListableBeanFactory","message":"Autowiring by type from bean name 'authenticationManagerBuilder' via factory method to bean named 'org.springframework.web.context.support.GenericWebApplicationContext@75fa1be3'","serviceName":"tecnos-service"}
{"timestamp":"2024-11-25 00:38:37","thread":"main","level":"DEBUG","logger":"org.springframework.beans.factory.support.DefaultListableBeanFactory","message":"Creating shared instance of singleton bean 'authenticationEventPublisher'","serviceName":"tecnos-service"}
{"timestamp":"2024-11-25 00:38:37","thread":"main","level":"DEBUG","logger":"org.springframework.beans.factory.support.DefaultListableBeanFactory","message":"Creating shared instance of singleton bean 'org.springframework.boot.autoconfigure.security.servlet.SecurityAutoConfiguration'","serviceName":"tecnos-service"}
{"timestamp":"2024-11-25 00:38:37","thread":"main","level":"DEBUG","logger":"org.springframework.beans.factory.support.DefaultListableBeanFactory","message":"Autowiring by type from bean name 'authenticationEventPublisher' via factory method to bean named 'org.springframework.web.context.support.GenericWebApplicationContext@75fa1be3'","serviceName":"tecnos-service"}
{"timestamp":"2024-11-25 00:38:37","thread":"main","level":"DEBUG","logger":"org.springframework.beans.factory.support.DefaultListableBeanFactory","message":"Autowiring by type from bean name 'userControllerServer' via constructor to bean named 'userCommandServiceImpl'","serviceName":"tecnos-service"}
{"timestamp":"2024-11-25 00:38:37","thread":"main","level":"DEBUG","logger":"org.springframework.beans.factory.support.DefaultListableBeanFactory","message":"Autowiring by type from bean name 'userControllerServer' via constructor to bean named 'userQueryServiceImpl'","serviceName":"tecnos-service"}
{"timestamp":"2024-11-25 00:38:37","thread":"main","level":"DEBUG","logger":"org.springframework.beans.factory.support.DefaultListableBeanFactory","message":"Autowiring by type from bean name 'userControllerServer' via constructor to bean named 'authenticationManager'","serviceName":"tecnos-service"}
{"timestamp":"2024-11-25 00:38:37","thread":"main","level":"DEBUG","logger":"org.springframework.beans.factory.support.DefaultListableBeanFactory","message":"Autowiring by type from bean name 'userControllerServer' via constructor to bean named 'JWTTokenProvider'","serviceName":"tecnos-service"}
{"timestamp":"2024-11-25 00:38:37","thread":"main","level":"DEBUG","logger":"org.springframework.beans.factory.support.DefaultListableBeanFactory","message":"Creating shared instance of singleton bean 'org.springframework.security.config.annotation.web.configuration.WebSecurityConfiguration'","serviceName":"tecnos-service"}
{"timestamp":"2024-11-25 00:38:37","thread":"main","level":"DEBUG","logger":"org.springframework.beans.factory.support.DefaultListableBeanFactory","message":"Creating shared instance of singleton bean 'org.springframework.security.config.annotation.web.configuration.HttpSecurityConfiguration'","serviceName":"tecnos-service"}
{"timestamp":"2024-11-25 00:38:37","thread":"main","level":"DEBUG","logger":"org.springframework.beans.factory.support.DefaultListableBeanFactory","message":"Creating shared instance of singleton bean 'mvcContentNegotiationManager'","serviceName":"tecnos-service"}
{"timestamp":"2024-11-25 00:38:38","thread":"main","level":"DEBUG","logger":"org.springframework.beans.factory.support.DefaultListableBeanFactory","message":"Creating shared instance of singleton bean 'observationRegistry'","serviceName":"tecnos-service"}
{"timestamp":"2024-11-25 00:38:38","thread":"main","level":"DEBUG","logger":"org.springframework.beans.factory.support.DefaultListableBeanFactory","message":"Creating shared instance of singleton bean 'org.springframework.boot.actuate.autoconfigure.observation.ObservationAutoConfiguration'","serviceName":"tecnos-service"}
{"timestamp":"2024-11-25 00:38:38","thread":"main","level":"DEBUG","logger":"org.springframework.beans.factory.support.DefaultListableBeanFactory","message":"Creating shared instance of singleton bean 'metricsAndTracingObservationHandlerGrouping'","serviceName":"tecnos-service"}
{"timestamp":"2024-11-25 00:38:38","thread":"main","level":"DEBUG","logger":"org.springframework.beans.factory.support.DefaultListableBeanFactory","message":"Creating shared instance of singleton bean 'org.springframework.boot.actuate.autoconfigure.observation.ObservationAutoConfiguration$MetricsWithTracingConfiguration'","serviceName":"tecnos-service"}
{"timestamp":"2024-11-25 00:38:38","thread":"main","level":"DEBUG","logger":"org.springframework.beans.factory.support.DefaultListableBeanFactory","message":"Creating shared instance of singleton bean 'defaultMeterObservationHandler'","serviceName":"tecnos-service"}
{"timestamp":"2024-11-25 00:38:38","thread":"main","level":"DEBUG","logger":"org.springframework.beans.factory.support.DefaultListableBeanFactory","message":"Creating shared instance of singleton bean 'org.springframework.boot.actuate.autoconfigure.observation.ObservationAutoConfiguration$MeterObservationHandlerConfiguration$OnlyMetricsMeterObservationHandlerConfiguration'","serviceName":"tecnos-service"}
{"timestamp":"2024-11-25 00:38:38","thread":"main","level":"DEBUG","logger":"org.springframework.beans.factory.support.DefaultListableBeanFactory","message":"Autowiring by type from bean name 'defaultMeterObservationHandler' via factory method to bean named 'simpleMeterRegistry'","serviceName":"tecnos-service"}
{"timestamp":"2024-11-25 00:38:38","thread":"main","level":"DEBUG","logger":"org.springframework.beans.factory.support.DefaultListableBeanFactory","message":"Creating shared instance of singleton bean 'filterChain'","serviceName":"tecnos-service"}
{"timestamp":"2024-11-25 00:38:38","thread":"main","level":"DEBUG","logger":"org.springframework.beans.factory.support.DefaultListableBeanFactory","message":"Autowiring by type from bean name 'filterChain' via factory method to bean named 'org.springframework.security.config.annotation.web.configuration.HttpSecurityConfiguration.httpSecurity'","serviceName":"tecnos-service"}
{"timestamp":"2024-11-25 00:38:38","thread":"main","level":"DEBUG","logger":"org.springframework.beans.factory.support.DefaultListableBeanFactory","message":"Creating shared instance of singleton bean 'corsFilter'","serviceName":"tecnos-service"}
{"timestamp":"2024-11-25 00:38:38","thread":"main","level":"INFO","logger":"org.springframework.security.web.DefaultSecurityFilterChain","message":"Will secure any request with [org.springframework.security.web.session.DisableEncodeUrlFilter@3963d003, org.springframework.security.web.context.request.async.WebAsyncManagerIntegrationFilter@41e35358, org.springframework.security.web.context.SecurityContextHolderFilter@171b3f38, org.springframework.security.web.header.HeaderWriterFilter@490f4b14, org.springframework.web.filter.CorsFilter@70fdecff, org.springframework.security.web.authentication.logout.LogoutFilter@7ec02149, com.example.tecnosserver.system.jwt.JWTAuthorizationFilter@65263248, org.springframework.security.web.savedrequest.RequestCacheAwareFilter@5cbdc23b, org.springframework.security.web.servletapi.SecurityContextHolderAwareRequestFilter@c35b83c, org.springframework.security.web.authentication.AnonymousAuthenticationFilter@42927b0a, org.springframework.security.web.session.SessionManagementFilter@abce494, org.springframework.security.web.access.ExceptionTranslationFilter@7e6bfd2, org.springframework.security.web.access.intercept.AuthorizationFilter@39d8240b]","serviceName":"tecnos-service"}
{"timestamp":"2024-11-25 00:38:38","thread":"main","level":"DEBUG","logger":"org.springframework.beans.factory.support.DefaultListableBeanFactory","message":"Creating shared instance of singleton bean 'springSecurityFilterChain'","serviceName":"tecnos-service"}
{"timestamp":"2024-11-25 00:38:38","thread":"main","level":"DEBUG","logger":"org.springframework.beans.factory.support.DefaultListableBeanFactory","message":"Creating shared instance of singleton bean 'webSecurityExpressionHandler'","serviceName":"tecnos-service"}
{"timestamp":"2024-11-25 00:38:38","thread":"main","level":"DEBUG","logger":"org.springframework.beans.factory.support.DefaultListableBeanFactory","message":"Creating shared instance of singleton bean 'privilegeEvaluator'","serviceName":"tecnos-service"}
{"timestamp":"2024-11-25 00:38:38","thread":"main","level":"DEBUG","logger":"org.springframework.beans.factory.support.DefaultListableBeanFactory","message":"Creating shared instance of singleton bean 'requestDataValueProcessor'","serviceName":"tecnos-service"}
{"timestamp":"2024-11-25 00:38:38","thread":"main","level":"DEBUG","logger":"org.springframework.beans.factory.support.DefaultListableBeanFactory","message":"Creating shared instance of singleton bean 'org.springframework.security.config.annotation.method.configuration.PrePostMethodSecurityConfiguration'","serviceName":"tecnos-service"}
{"timestamp":"2024-11-25 00:38:38","thread":"main","level":"DEBUG","logger":"org.springframework.beans.factory.support.DefaultListableBeanFactory","message":"Creating shared instance of singleton bean 'preFilterAuthorizationMethodInterceptor'","serviceName":"tecnos-service"}
{"timestamp":"2024-11-25 00:38:38","thread":"main","level":"DEBUG","logger":"org.springframework.beans.factory.support.DefaultListableBeanFactory","message":"Autowiring by type from bean name 'preFilterAuthorizationMethodInterceptor' via factory method to bean named 'org.springframework.web.context.support.GenericWebApplicationContext@75fa1be3'","serviceName":"tecnos-service"}
{"timestamp":"2024-11-25 00:38:38","thread":"main","level":"DEBUG","logger":"org.springframework.beans.factory.support.DefaultListableBeanFactory","message":"Creating shared instance of singleton bean 'preAuthorizeAuthorizationMethodInterceptor'","serviceName":"tecnos-service"}
{"timestamp":"2024-11-25 00:38:38","thread":"main","level":"DEBUG","logger":"org.springframework.beans.factory.support.DefaultListableBeanFactory","message":"Autowiring by type from bean name 'preAuthorizeAuthorizationMethodInterceptor' via factory method to bean named 'org.springframework.web.context.support.GenericWebApplicationContext@75fa1be3'","serviceName":"tecnos-service"}
{"timestamp":"2024-11-25 00:38:38","thread":"main","level":"DEBUG","logger":"org.springframework.beans.factory.support.DefaultListableBeanFactory","message":"Creating shared instance of singleton bean 'postAuthorizeAuthorizationMethodInterceptor'","serviceName":"tecnos-service"}
{"timestamp":"2024-11-25 00:38:38","thread":"main","level":"DEBUG","logger":"org.springframework.beans.factory.support.DefaultListableBeanFactory","message":"Autowiring by type from bean name 'postAuthorizeAuthorizationMethodInterceptor' via factory method to bean named 'org.springframework.web.context.support.GenericWebApplicationContext@75fa1be3'","serviceName":"tecnos-service"}
{"timestamp":"2024-11-25 00:38:38","thread":"main","level":"DEBUG","logger":"org.springframework.beans.factory.support.DefaultListableBeanFactory","message":"Creating shared instance of singleton bean 'postFilterAuthorizationMethodInterceptor'","serviceName":"tecnos-service"}
{"timestamp":"2024-11-25 00:38:38","thread":"main","level":"DEBUG","logger":"org.springframework.beans.factory.support.DefaultListableBeanFactory","message":"Autowiring by type from bean name 'postFilterAuthorizationMethodInterceptor' via factory method to bean named 'org.springframework.web.context.support.GenericWebApplicationContext@75fa1be3'","serviceName":"tecnos-service"}
{"timestamp":"2024-11-25 00:38:38","thread":"main","level":"DEBUG","logger":"org.springframework.beans.factory.support.DefaultListableBeanFactory","message":"Creating shared instance of singleton bean 'org.springframework.boot.autoconfigure.context.PropertyPlaceholderAutoConfiguration'","serviceName":"tecnos-service"}
{"timestamp":"2024-11-25 00:38:38","thread":"main","level":"DEBUG","logger":"org.springframework.beans.factory.support.DefaultListableBeanFactory","message":"Creating shared instance of singleton bean 'org.springframework.boot.autoconfigure.ssl.SslAutoConfiguration'","serviceName":"tecnos-service"}
{"timestamp":"2024-11-25 00:38:38","thread":"main","level":"DEBUG","logger":"org.springframework.beans.factory.support.DefaultListableBeanFactory","message":"Creating shared instance of singleton bean 'sslPropertiesSslBundleRegistrar'","serviceName":"tecnos-service"}
{"timestamp":"2024-11-25 00:38:38","thread":"main","level":"DEBUG","logger":"org.springframework.beans.factory.support.DefaultListableBeanFactory","message":"Creating shared instance of singleton bean 'spring.ssl-org.springframework.boot.autoconfigure.ssl.SslProperties'","serviceName":"tecnos-service"}
{"timestamp":"2024-11-25 00:38:38","thread":"main","level":"DEBUG","logger":"org.springframework.beans.factory.support.DefaultListableBeanFactory","message":"Autowiring by type from bean name 'sslPropertiesSslBundleRegistrar' via factory method to bean named 'spring.ssl-org.springframework.boot.autoconfigure.ssl.SslProperties'","serviceName":"tecnos-service"}
{"timestamp":"2024-11-25 00:38:38","thread":"main","level":"DEBUG","logger":"org.springframework.beans.factory.support.DefaultListableBeanFactory","message":"Creating shared instance of singleton bean 'sslBundleRegistry'","serviceName":"tecnos-service"}
{"timestamp":"2024-11-25 00:38:38","thread":"main","level":"DEBUG","logger":"org.springframework.beans.factory.support.DefaultListableBeanFactory","message":"Autowiring by type from bean name 'sslBundleRegistry' via factory method to bean named 'sslPropertiesSslBundleRegistrar'","serviceName":"tecnos-service"}
{"timestamp":"2024-11-25 00:38:38","thread":"main","level":"DEBUG","logger":"org.springframework.beans.factory.support.DefaultListableBeanFactory","message":"Creating shared instance of singleton bean 'org.springframework.boot.autoconfigure.websocket.servlet.WebSocketServletAutoConfiguration$TomcatWebSocketConfiguration'","serviceName":"tecnos-service"}
{"timestamp":"2024-11-25 00:38:38","thread":"main","level":"DEBUG","logger":"org.springframework.beans.factory.support.DefaultListableBeanFactory","message":"Creating shared instance of singleton bean 'websocketServletWebServerCustomizer'","serviceName":"tecnos-service"}
{"timestamp":"2024-11-25 00:38:38","thread":"main","level":"DEBUG","logger":"org.springframework.beans.factory.support.DefaultListableBeanFactory","message":"Creating shared instance of singleton bean 'org.springframework.boot.autoconfigure.websocket.servlet.WebSocketServletAutoConfiguration'","serviceName":"tecnos-service"}
{"timestamp":"2024-11-25 00:38:38","thread":"main","level":"DEBUG","logger":"org.springframework.beans.factory.support.DefaultListableBeanFactory","message":"Creating shared instance of singleton bean 'org.springframework.boot.autoconfigure.web.servlet.ServletWebServerFactoryConfiguration$EmbeddedTomcat'","serviceName":"tecnos-service"}
{"timestamp":"2024-11-25 00:38:38","thread":"main","level":"DEBUG","logger":"org.springframework.beans.factory.support.DefaultListableBeanFactory","message":"Creating shared instance of singleton bean 'tomcatServletWebServerFactory'","serviceName":"tecnos-service"}
{"timestamp":"2024-11-25 00:38:38","thread":"main","level":"DEBUG","logger":"org.springframework.beans.factory.support.DefaultListableBeanFactory","message":"Creating shared instance of singleton bean 'servletWebServerFactoryCustomizer'","serviceName":"tecnos-service"}
{"timestamp":"2024-11-25 00:38:38","thread":"main","level":"DEBUG","logger":"org.springframework.beans.factory.support.DefaultListableBeanFactory","message":"Creating shared instance of singleton bean 'org.springframework.boot.autoconfigure.web.servlet.ServletWebServerFactoryAutoConfiguration'","serviceName":"tecnos-service"}
{"timestamp":"2024-11-25 00:38:38","thread":"main","level":"DEBUG","logger":"org.springframework.beans.factory.support.DefaultListableBeanFactory","message":"Creating shared instance of singleton bean 'server-org.springframework.boot.autoconfigure.web.ServerProperties'","serviceName":"tecnos-service"}
{"timestamp":"2024-11-25 00:38:38","thread":"main","level":"DEBUG","logger":"org.springframework.beans.factory.support.DefaultListableBeanFactory","message":"Autowiring by type from bean name 'servletWebServerFactoryCustomizer' via factory method to bean named 'server-org.springframework.boot.autoconfigure.web.ServerProperties'","serviceName":"tecnos-service"}
{"timestamp":"2024-11-25 00:38:38","thread":"main","level":"DEBUG","logger":"org.springframework.beans.factory.support.DefaultListableBeanFactory","message":"Creating shared instance of singleton bean 'tomcatServletWebServerFactoryCustomizer'","serviceName":"tecnos-service"}
{"timestamp":"2024-11-25 00:38:38","thread":"main","level":"DEBUG","logger":"org.springframework.beans.factory.support.DefaultListableBeanFactory","message":"Autowiring by type from bean name 'tomcatServletWebServerFactoryCustomizer' via factory method to bean named 'server-org.springframework.boot.autoconfigure.web.ServerProperties'","serviceName":"tecnos-service"}
{"timestamp":"2024-11-25 00:38:38","thread":"main","level":"DEBUG","logger":"org.springframework.beans.factory.support.DefaultListableBeanFactory","message":"Creating shared instance of singleton bean 'localeCharsetMappingsCustomizer'","serviceName":"tecnos-service"}
{"timestamp":"2024-11-25 00:38:38","thread":"main","level":"DEBUG","logger":"org.springframework.beans.factory.support.DefaultListableBeanFactory","message":"Creating shared instance of singleton bean 'org.springframework.boot.autoconfigure.web.servlet.HttpEncodingAutoConfiguration'","serviceName":"tecnos-service"}
{"timestamp":"2024-11-25 00:38:38","thread":"main","level":"DEBUG","logger":"org.springframework.beans.factory.support.DefaultListableBeanFactory","message":"Autowiring by type from bean name 'org.springframework.boot.autoconfigure.web.servlet.HttpEncodingAutoConfiguration' via constructor to bean named 'server-org.springframework.boot.autoconfigure.web.ServerProperties'","serviceName":"tecnos-service"}
{"timestamp":"2024-11-25 00:38:38","thread":"main","level":"DEBUG","logger":"org.springframework.beans.factory.support.DefaultListableBeanFactory","message":"Creating shared instance of singleton bean 'errorPageCustomizer'","serviceName":"tecnos-service"}
{"timestamp":"2024-11-25 00:38:38","thread":"main","level":"DEBUG","logger":"org.springframework.beans.factory.support.DefaultListableBeanFactory","message":"Creating shared instance of singleton bean 'org.springframework.boot.autoconfigure.web.servlet.error.ErrorMvcAutoConfiguration'","serviceName":"tecnos-service"}
{"timestamp":"2024-11-25 00:38:38","thread":"main","level":"DEBUG","logger":"org.springframework.beans.factory.support.DefaultListableBeanFactory","message":"Autowiring by type from bean name 'org.springframework.boot.autoconfigure.web.servlet.error.ErrorMvcAutoConfiguration' via constructor to bean named 'server-org.springframework.boot.autoconfigure.web.ServerProperties'","serviceName":"tecnos-service"}
{"timestamp":"2024-11-25 00:38:38","thread":"main","level":"DEBUG","logger":"org.springframework.beans.factory.support.DefaultListableBeanFactory","message":"Creating shared instance of singleton bean 'dispatcherServletRegistration'","serviceName":"tecnos-service"}
{"timestamp":"2024-11-25 00:38:38","thread":"main","level":"DEBUG","logger":"org.springframework.beans.factory.support.DefaultListableBeanFactory","message":"Creating shared instance of singleton bean 'org.springframework.boot.autoconfigure.web.servlet.DispatcherServletAutoConfiguration$DispatcherServletRegistrationConfiguration'","serviceName":"tecnos-service"}
{"timestamp":"2024-11-25 00:38:38","thread":"main","level":"DEBUG","logger":"org.springframework.beans.factory.support.DefaultListableBeanFactory","message":"Creating shared instance of singleton bean 'dispatcherServlet'","serviceName":"tecnos-service"}
{"timestamp":"2024-11-25 00:38:38","thread":"main","level":"DEBUG","logger":"org.springframework.beans.factory.support.DefaultListableBeanFactory","message":"Creating shared instance of singleton bean 'org.springframework.boot.autoconfigure.web.servlet.DispatcherServletAutoConfiguration$DispatcherServletConfiguration'","serviceName":"tecnos-service"}
{"timestamp":"2024-11-25 00:38:38","thread":"main","level":"DEBUG","logger":"org.springframework.beans.factory.support.DefaultListableBeanFactory","message":"Autowiring by type from bean name 'dispatcherServlet' via factory method to bean named 'spring.mvc-org.springframework.boot.autoconfigure.web.servlet.WebMvcProperties'","serviceName":"tecnos-service"}
{"timestamp":"2024-11-25 00:38:38","thread":"main","level":"DEBUG","logger":"org.springframework.beans.factory.support.DefaultListableBeanFactory","message":"Autowiring by type from bean name 'dispatcherServletRegistration' via factory method to bean named 'dispatcherServlet'","serviceName":"tecnos-service"}
{"timestamp":"2024-11-25 00:38:38","thread":"main","level":"DEBUG","logger":"org.springframework.beans.factory.support.DefaultListableBeanFactory","message":"Autowiring by type from bean name 'dispatcherServletRegistration' via factory method to bean named 'spring.mvc-org.springframework.boot.autoconfigure.web.servlet.WebMvcProperties'","serviceName":"tecnos-service"}
{"timestamp":"2024-11-25 00:38:38","thread":"main","level":"DEBUG","logger":"org.springframework.beans.factory.support.DefaultListableBeanFactory","message":"Creating shared instance of singleton bean 'multipartConfigElement'","serviceName":"tecnos-service"}
{"timestamp":"2024-11-25 00:38:38","thread":"main","level":"DEBUG","logger":"org.springframework.beans.factory.support.DefaultListableBeanFactory","message":"Creating shared instance of singleton bean 'org.springframework.boot.autoconfigure.web.servlet.MultipartAutoConfiguration'","serviceName":"tecnos-service"}
{"timestamp":"2024-11-25 00:38:38","thread":"main","level":"DEBUG","logger":"org.springframework.beans.factory.support.DefaultListableBeanFactory","message":"Creating shared instance of singleton bean 'spring.servlet.multipart-org.springframework.boot.autoconfigure.web.servlet.MultipartProperties'","serviceName":"tecnos-service"}
{"timestamp":"2024-11-25 00:38:38","thread":"main","level":"DEBUG","logger":"org.springframework.beans.factory.support.DefaultListableBeanFactory","message":"Autowiring by type from bean name 'org.springframework.boot.autoconfigure.web.servlet.MultipartAutoConfiguration' via constructor to bean named 'spring.servlet.multipart-org.springframework.boot.autoconfigure.web.servlet.MultipartProperties'","serviceName":"tecnos-service"}
{"timestamp":"2024-11-25 00:38:38","thread":"main","level":"DEBUG","logger":"org.springframework.beans.factory.support.DefaultListableBeanFactory","message":"Autowiring by type from bean name 'errorPageCustomizer' via factory method to bean named 'dispatcherServletRegistration'","serviceName":"tecnos-service"}
{"timestamp":"2024-11-25 00:38:38","thread":"main","level":"DEBUG","logger":"org.springframework.beans.factory.support.DefaultListableBeanFactory","message":"Creating shared instance of singleton bean 'org.springframework.boot.autoconfigure.web.servlet.DispatcherServletAutoConfiguration'","serviceName":"tecnos-service"}
{"timestamp":"2024-11-25 00:38:38","thread":"main","level":"DEBUG","logger":"org.springframework.beans.factory.support.DefaultListableBeanFactory","message":"Creating shared instance of singleton bean 'org.springframework.boot.autoconfigure.task.TaskExecutionAutoConfiguration'","serviceName":"tecnos-service"}
{"timestamp":"2024-11-25 00:38:38","thread":"main","level":"DEBUG","logger":"org.springframework.beans.factory.support.DefaultListableBeanFactory","message":"Creating shared instance of singleton bean 'taskExecutorBuilder'","serviceName":"tecnos-service"}
{"timestamp":"2024-11-25 00:38:38","thread":"main","level":"DEBUG","logger":"org.springframework.beans.factory.support.DefaultListableBeanFactory","message":"Creating shared instance of singleton bean 'spring.task.execution-org.springframework.boot.autoconfigure.task.TaskExecutionProperties'","serviceName":"tecnos-service"}
{"timestamp":"2024-11-25 00:38:38","thread":"main","level":"DEBUG","logger":"org.springframework.beans.factory.support.DefaultListableBeanFactory","message":"Autowiring by type from bean name 'taskExecutorBuilder' via factory method to bean named 'spring.task.execution-org.springframework.boot.autoconfigure.task.TaskExecutionProperties'","serviceName":"tecnos-service"}
{"timestamp":"2024-11-25 00:38:38","thread":"main","level":"DEBUG","logger":"org.springframework.beans.factory.support.DefaultListableBeanFactory","message":"Creating shared instance of singleton bean 'org.springframework.boot.autoconfigure.validation.ValidationAutoConfiguration'","serviceName":"tecnos-service"}
{"timestamp":"2024-11-25 00:38:38","thread":"main","level":"DEBUG","logger":"org.springframework.beans.factory.support.DefaultListableBeanFactory","message":"Creating shared instance of singleton bean 'defaultValidator'","serviceName":"tecnos-service"}
{"timestamp":"2024-11-25 00:38:38","thread":"main","level":"DEBUG","logger":"org.springframework.beans.factory.support.DefaultListableBeanFactory","message":"Autowiring by type from bean name 'defaultValidator' via factory method to bean named 'org.springframework.web.context.support.GenericWebApplicationContext@75fa1be3'","serviceName":"tecnos-service"}
{"timestamp":"2024-11-25 00:38:38","thread":"main","level":"DEBUG","logger":"org.hibernate.validator.messageinterpolation.ResourceBundleMessageInterpolator","message":"Loaded expression factory via original TCCL","serviceName":"tecnos-service"}
{"timestamp":"2024-11-25 00:38:38","thread":"main","level":"DEBUG","logger":"org.hibernate.validator.internal.engine.AbstractConfigurationImpl","message":"Setting custom MessageInterpolator of type org.springframework.validation.beanvalidation.LocaleContextMessageInterpolator","serviceName":"tecnos-service"}
{"timestamp":"2024-11-25 00:38:38","thread":"main","level":"DEBUG","logger":"org.hibernate.validator.internal.engine.AbstractConfigurationImpl","message":"Setting custom ConstraintValidatorFactory of type org.springframework.validation.beanvalidation.SpringConstraintValidatorFactory","serviceName":"tecnos-service"}
{"timestamp":"2024-11-25 00:38:38","thread":"main","level":"DEBUG","logger":"org.hibernate.validator.internal.xml.config.ValidationXmlParser","message":"Trying to load META-INF/validation.xml for XML based Validator configuration.","serviceName":"tecnos-service"}
{"timestamp":"2024-11-25 00:38:38","thread":"main","level":"DEBUG","logger":"org.hibernate.validator.internal.xml.config.ResourceLoaderHelper","message":"Trying to load META-INF/validation.xml via user class loader","serviceName":"tecnos-service"}
{"timestamp":"2024-11-25 00:38:38","thread":"main","level":"DEBUG","logger":"org.hibernate.validator.internal.xml.config.ResourceLoaderHelper","message":"Trying to load META-INF/validation.xml via TCCL","serviceName":"tecnos-service"}
{"timestamp":"2024-11-25 00:38:38","thread":"main","level":"DEBUG","logger":"org.hibernate.validator.internal.xml.config.ResourceLoaderHelper","message":"Trying to load META-INF/validation.xml via Hibernate Validator's class loader","serviceName":"tecnos-service"}
{"timestamp":"2024-11-25 00:38:38","thread":"main","level":"DEBUG","logger":"org.hibernate.validator.internal.xml.config.ValidationXmlParser","message":"No META-INF/validation.xml found. Using annotation based configuration only.","serviceName":"tecnos-service"}
{"timestamp":"2024-11-25 00:38:38","thread":"main","level":"DEBUG","logger":"org.hibernate.validator.internal.engine.resolver.TraversableResolvers","message":"Found jakarta.persistence.Persistence on classpath containing 'getPersistenceUtil'. Assuming JPA 2 environment. Trying to instantiate JPA aware TraversableResolver","serviceName":"tecnos-service"}
{"timestamp":"2024-11-25 00:38:38","thread":"main","level":"DEBUG","logger":"org.hibernate.validator.internal.engine.resolver.TraversableResolvers","message":"Instantiated JPA aware TraversableResolver of type org.hibernate.validator.internal.engine.resolver.JPATraversableResolver.","serviceName":"tecnos-service"}
{"timestamp":"2024-11-25 00:38:38","thread":"main","level":"DEBUG","logger":"org.hibernate.validator.internal.engine.ValidatorFactoryConfigurationHelper","message":"HV000252: Using org.hibernate.validator.internal.engine.DefaultPropertyNodeNameProvider as property node name provider.","serviceName":"tecnos-service"}
{"timestamp":"2024-11-25 00:38:38","thread":"main","level":"DEBUG","logger":"org.hibernate.validator.internal.engine.ValidatorFactoryConfigurationHelper","message":"HV000234: Using org.springframework.validation.beanvalidation.LocaleContextMessageInterpolator as ValidatorFactory-scoped message interpolator.","serviceName":"tecnos-service"}
{"timestamp":"2024-11-25 00:38:38","thread":"main","level":"DEBUG","logger":"org.hibernate.validator.internal.engine.ValidatorFactoryConfigurationHelper","message":"HV000234: Using org.hibernate.validator.internal.engine.resolver.JPATraversableResolver as ValidatorFactory-scoped traversable resolver.","serviceName":"tecnos-service"}
{"timestamp":"2024-11-25 00:38:38","thread":"main","level":"DEBUG","logger":"org.hibernate.validator.internal.engine.ValidatorFactoryConfigurationHelper","message":"HV000234: Using org.hibernate.validator.internal.util.ExecutableParameterNameProvider as ValidatorFactory-scoped parameter name provider.","serviceName":"tecnos-service"}
{"timestamp":"2024-11-25 00:38:38","thread":"main","level":"DEBUG","logger":"org.hibernate.validator.internal.engine.ValidatorFactoryConfigurationHelper","message":"HV000234: Using org.hibernate.validator.internal.engine.DefaultClockProvider as ValidatorFactory-scoped clock provider.","serviceName":"tecnos-service"}
{"timestamp":"2024-11-25 00:38:38","thread":"main","level":"DEBUG","logger":"org.hibernate.validator.internal.engine.ValidatorFactoryConfigurationHelper","message":"HV000234: Using org.hibernate.validator.internal.engine.scripting.DefaultScriptEvaluatorFactory as ValidatorFactory-scoped script evaluator factory.","serviceName":"tecnos-service"}
{"timestamp":"2024-11-25 00:38:38","thread":"main","level":"DEBUG","logger":"org.springframework.beans.factory.support.DefaultListableBeanFactory","message":"Creating shared instance of singleton bean 'org.springframework.boot.autoconfigure.web.servlet.error.ErrorMvcAutoConfiguration$WhitelabelErrorViewConfiguration'","serviceName":"tecnos-service"}
{"timestamp":"2024-11-25 00:38:38","thread":"main","level":"DEBUG","logger":"org.springframework.beans.factory.support.DefaultListableBeanFactory","message":"Creating shared instance of singleton bean 'error'","serviceName":"tecnos-service"}
{"timestamp":"2024-11-25 00:38:38","thread":"main","level":"DEBUG","logger":"org.springframework.beans.factory.support.DefaultListableBeanFactory","message":"Creating shared instance of singleton bean 'beanNameViewResolver'","serviceName":"tecnos-service"}
{"timestamp":"2024-11-25 00:38:38","thread":"main","level":"DEBUG","logger":"org.springframework.beans.factory.support.DefaultListableBeanFactory","message":"Creating shared instance of singleton bean 'org.springframework.boot.autoconfigure.web.servlet.error.ErrorMvcAutoConfiguration$DefaultErrorViewResolverConfiguration'","serviceName":"tecnos-service"}
{"timestamp":"2024-11-25 00:38:38","thread":"main","level":"DEBUG","logger":"org.springframework.beans.factory.support.DefaultListableBeanFactory","message":"Autowiring by type from bean name 'org.springframework.boot.autoconfigure.web.servlet.error.ErrorMvcAutoConfiguration$DefaultErrorViewResolverConfiguration' via constructor to bean named 'org.springframework.web.context.support.GenericWebApplicationContext@75fa1be3'","serviceName":"tecnos-service"}
{"timestamp":"2024-11-25 00:38:38","thread":"main","level":"DEBUG","logger":"org.springframework.beans.factory.support.DefaultListableBeanFactory","message":"Autowiring by type from bean name 'org.springframework.boot.autoconfigure.web.servlet.error.ErrorMvcAutoConfiguration$DefaultErrorViewResolverConfiguration' via constructor to bean named 'spring.web-org.springframework.boot.autoconfigure.web.WebProperties'","serviceName":"tecnos-service"}
{"timestamp":"2024-11-25 00:38:38","thread":"main","level":"DEBUG","logger":"org.springframework.beans.factory.support.DefaultListableBeanFactory","message":"Creating shared instance of singleton bean 'conventionErrorViewResolver'","serviceName":"tecnos-service"}
{"timestamp":"2024-11-25 00:38:38","thread":"main","level":"DEBUG","logger":"org.springframework.beans.factory.support.DefaultListableBeanFactory","message":"Creating shared instance of singleton bean 'errorAttributes'","serviceName":"tecnos-service"}
{"timestamp":"2024-11-25 00:38:38","thread":"main","level":"DEBUG","logger":"org.springframework.beans.factory.support.DefaultListableBeanFactory","message":"Creating shared instance of singleton bean 'basicErrorController'","serviceName":"tecnos-service"}
{"timestamp":"2024-11-25 00:38:38","thread":"main","level":"DEBUG","logger":"org.springframework.beans.factory.support.DefaultListableBeanFactory","message":"Autowiring by type from bean name 'basicErrorController' via factory method to bean named 'errorAttributes'","serviceName":"tecnos-service"}
{"timestamp":"2024-11-25 00:38:38","thread":"main","level":"DEBUG","logger":"org.springframework.beans.factory.support.DefaultListableBeanFactory","message":"Creating shared instance of singleton bean 'requestMappingHandlerAdapter'","serviceName":"tecnos-service"}
{"timestamp":"2024-11-25 00:38:38","thread":"main","level":"DEBUG","logger":"org.springframework.beans.factory.support.DefaultListableBeanFactory","message":"Creating shared instance of singleton bean 'mvcConversionService'","serviceName":"tecnos-service"}
{"timestamp":"2024-11-25 00:38:38","thread":"main","level":"DEBUG","logger":"org.springframework.beans.factory.support.DefaultListableBeanFactory","message":"Creating shared instance of singleton bean 'mvcValidator'","serviceName":"tecnos-service"}
{"timestamp":"2024-11-25 00:38:38","thread":"main","level":"DEBUG","logger":"org.springframework.beans.factory.support.DefaultListableBeanFactory","message":"Autowiring by type from bean name 'requestMappingHandlerAdapter' via factory method to bean named 'mvcContentNegotiationManager'","serviceName":"tecnos-service"}
{"timestamp":"2024-11-25 00:38:38","thread":"main","level":"DEBUG","logger":"org.springframework.beans.factory.support.DefaultListableBeanFactory","message":"Autowiring by type from bean name 'requestMappingHandlerAdapter' via factory method to bean named 'mvcConversionService'","serviceName":"tecnos-service"}
{"timestamp":"2024-11-25 00:38:38","thread":"main","level":"DEBUG","logger":"org.springframework.beans.factory.support.DefaultListableBeanFactory","message":"Autowiring by type from bean name 'requestMappingHandlerAdapter' via factory method to bean named 'mvcValidator'","serviceName":"tecnos-service"}
{"timestamp":"2024-11-25 00:38:38","thread":"main","level":"DEBUG","logger":"org.springframework.beans.factory.support.DefaultListableBeanFactory","message":"Creating shared instance of singleton bean 'messageConverters'","serviceName":"tecnos-service"}
{"timestamp":"2024-11-25 00:38:38","thread":"main","level":"DEBUG","logger":"org.springframework.beans.factory.support.DefaultListableBeanFactory","message":"Creating shared instance of singleton bean 'org.springframework.boot.autoconfigure.http.HttpMessageConvertersAutoConfiguration'","serviceName":"tecnos-service"}
{"timestamp":"2024-11-25 00:38:38","thread":"main","level":"DEBUG","logger":"org.springframework.beans.factory.support.DefaultListableBeanFactory","message":"Creating shared instance of singleton bean 'stringHttpMessageConverter'","serviceName":"tecnos-service"}
{"timestamp":"2024-11-25 00:38:38","thread":"main","level":"DEBUG","logger":"org.springframework.beans.factory.support.DefaultListableBeanFactory","message":"Creating shared instance of singleton bean 'org.springframework.boot.autoconfigure.http.HttpMessageConvertersAutoConfiguration$StringHttpMessageConverterConfiguration'","serviceName":"tecnos-service"}
{"timestamp":"2024-11-25 00:38:38","thread":"main","level":"DEBUG","logger":"org.springframework.beans.factory.support.DefaultListableBeanFactory","message":"Autowiring by type from bean name 'stringHttpMessageConverter' via factory method to bean named 'environment'","serviceName":"tecnos-service"}
{"timestamp":"2024-11-25 00:38:38","thread":"main","level":"DEBUG","logger":"org.springframework.beans.factory.support.DefaultListableBeanFactory","message":"Creating shared instance of singleton bean 'mappingJackson2HttpMessageConverter'","serviceName":"tecnos-service"}
{"timestamp":"2024-11-25 00:38:38","thread":"main","level":"DEBUG","logger":"org.springframework.beans.factory.support.DefaultListableBeanFactory","message":"Creating shared instance of singleton bean 'org.springframework.boot.autoconfigure.http.JacksonHttpMessageConvertersConfiguration$MappingJackson2HttpMessageConverterConfiguration'","serviceName":"tecnos-service"}
{"timestamp":"2024-11-25 00:38:38","thread":"main","level":"DEBUG","logger":"org.springframework.beans.factory.support.DefaultListableBeanFactory","message":"Creating shared instance of singleton bean 'jacksonObjectMapper'","serviceName":"tecnos-service"}
{"timestamp":"2024-11-25 00:38:38","thread":"main","level":"DEBUG","logger":"org.springframework.beans.factory.support.DefaultListableBeanFactory","message":"Creating shared instance of singleton bean 'org.springframework.boot.autoconfigure.jackson.JacksonAutoConfiguration$JacksonObjectMapperConfiguration'","serviceName":"tecnos-service"}
{"timestamp":"2024-11-25 00:38:38","thread":"main","level":"DEBUG","logger":"org.springframework.beans.factory.support.DefaultListableBeanFactory","message":"Creating shared instance of singleton bean 'org.springframework.boot.autoconfigure.jackson.JacksonAutoConfiguration$JacksonObjectMapperBuilderConfiguration'","serviceName":"tecnos-service"}
{"timestamp":"2024-11-25 00:38:38","thread":"main","level":"DEBUG","logger":"org.springframework.beans.factory.support.DefaultListableBeanFactory","message":"Creating shared instance of singleton bean 'standardJacksonObjectMapperBuilderCustomizer'","serviceName":"tecnos-service"}
{"timestamp":"2024-11-25 00:38:38","thread":"main","level":"DEBUG","logger":"org.springframework.beans.factory.support.DefaultListableBeanFactory","message":"Creating shared instance of singleton bean 'org.springframework.boot.autoconfigure.jackson.JacksonAutoConfiguration$Jackson2ObjectMapperBuilderCustomizerConfiguration'","serviceName":"tecnos-service"}
{"timestamp":"2024-11-25 00:38:38","thread":"main","level":"DEBUG","logger":"org.springframework.beans.factory.support.DefaultListableBeanFactory","message":"Creating shared instance of singleton bean 'spring.jackson-org.springframework.boot.autoconfigure.jackson.JacksonProperties'","serviceName":"tecnos-service"}
{"timestamp":"2024-11-25 00:38:38","thread":"main","level":"DEBUG","logger":"org.springframework.beans.factory.support.DefaultListableBeanFactory","message":"Autowiring by type from bean name 'standardJacksonObjectMapperBuilderCustomizer' via factory method to bean named 'spring.jackson-org.springframework.boot.autoconfigure.jackson.JacksonProperties'","serviceName":"tecnos-service"}
{"timestamp":"2024-11-25 00:38:38","thread":"main","level":"DEBUG","logger":"org.springframework.beans.factory.support.DefaultListableBeanFactory","message":"Creating shared instance of singleton bean 'parameterNamesModule'","serviceName":"tecnos-service"}
{"timestamp":"2024-11-25 00:38:38","thread":"main","level":"DEBUG","logger":"org.springframework.beans.factory.support.DefaultListableBeanFactory","message":"Creating shared instance of singleton bean 'org.springframework.boot.autoconfigure.jackson.JacksonAutoConfiguration$ParameterNamesModuleConfiguration'","serviceName":"tecnos-service"}
{"timestamp":"2024-11-25 00:38:38","thread":"main","level":"DEBUG","logger":"org.springframework.beans.factory.support.DefaultListableBeanFactory","message":"Creating shared instance of singleton bean 'jsonMixinModule'","serviceName":"tecnos-service"}
{"timestamp":"2024-11-25 00:38:38","thread":"main","level":"DEBUG","logger":"org.springframework.beans.factory.support.DefaultListableBeanFactory","message":"Creating shared instance of singleton bean 'org.springframework.boot.autoconfigure.jackson.JacksonAutoConfiguration$JacksonMixinConfiguration'","serviceName":"tecnos-service"}
{"timestamp":"2024-11-25 00:38:38","thread":"main","level":"DEBUG","logger":"org.springframework.beans.factory.support.DefaultListableBeanFactory","message":"Creating shared instance of singleton bean 'jsonMixinModuleEntries'","serviceName":"tecnos-service"}
{"timestamp":"2024-11-25 00:38:38","thread":"main","level":"DEBUG","logger":"org.springframework.beans.factory.support.DefaultListableBeanFactory","message":"Autowiring by type from bean name 'jsonMixinModuleEntries' via factory method to bean named 'org.springframework.web.context.support.GenericWebApplicationContext@75fa1be3'","serviceName":"tecnos-service"}
{"timestamp":"2024-11-25 00:38:38","thread":"main","level":"DEBUG","logger":"org.springframework.beans.factory.support.DefaultListableBeanFactory","message":"Autowiring by type from bean name 'jsonMixinModule' via factory method to bean named 'org.springframework.web.context.support.GenericWebApplicationContext@75fa1be3'","serviceName":"tecnos-service"}
{"timestamp":"2024-11-25 00:38:38","thread":"main","level":"DEBUG","logger":"org.springframework.beans.factory.support.DefaultListableBeanFactory","message":"Autowiring by type from bean name 'jsonMixinModule' via factory method to bean named 'jsonMixinModuleEntries'","serviceName":"tecnos-service"}
{"timestamp":"2024-11-25 00:38:38","thread":"main","level":"DEBUG","logger":"org.springframework.beans.factory.support.DefaultListableBeanFactory","message":"Creating shared instance of singleton bean 'jsonComponentModule'","serviceName":"tecnos-service"}
{"timestamp":"2024-11-25 00:38:38","thread":"main","level":"DEBUG","logger":"org.springframework.beans.factory.support.DefaultListableBeanFactory","message":"Creating shared instance of singleton bean 'org.springframework.boot.autoconfigure.jackson.JacksonAutoConfiguration'","serviceName":"tecnos-service"}
{"timestamp":"2024-11-25 00:38:38","thread":"main","level":"DEBUG","logger":"org.springframework.beans.factory.support.DefaultListableBeanFactory","message":"Creating shared instance of singleton bean 'jacksonGeoModule'","serviceName":"tecnos-service"}
{"timestamp":"2024-11-25 00:38:38","thread":"main","level":"DEBUG","logger":"org.springframework.beans.factory.support.DefaultListableBeanFactory","message":"Creating shared instance of singleton bean 'org.springframework.data.web.config.SpringDataJacksonConfiguration'","serviceName":"tecnos-service"}
{"timestamp":"2024-11-25 00:38:38","thread":"main","level":"DEBUG","logger":"org.springframework.beans.factory.support.DefaultListableBeanFactory","message":"Creating shared instance of singleton bean 'pageJacksonModule'","serviceName":"tecnos-service"}
{"timestamp":"2024-11-25 00:38:38","thread":"main","level":"DEBUG","logger":"org.springframework.beans.factory.support.DefaultListableBeanFactory","message":"Creating shared instance of singleton bean 'org.springframework.cloud.openfeign.FeignAutoConfiguration$FeignJacksonConfiguration'","serviceName":"tecnos-service"}
{"timestamp":"2024-11-25 00:38:38","thread":"main","level":"DEBUG","logger":"org.springframework.beans.factory.support.DefaultListableBeanFactory","message":"Creating shared instance of singleton bean 'sortModule'","serviceName":"tecnos-service"}
{"timestamp":"2024-11-25 00:38:38","thread":"main","level":"DEBUG","logger":"org.springframework.beans.factory.support.DefaultListableBeanFactory","message":"Autowiring by type from bean name 'jacksonObjectMapperBuilder' via factory method to bean named 'org.springframework.web.context.support.GenericWebApplicationContext@75fa1be3'","serviceName":"tecnos-service"}
{"timestamp":"2024-11-25 00:38:38","thread":"main","level":"DEBUG","logger":"org.springframework.beans.factory.support.DefaultListableBeanFactory","message":"Autowiring by type from bean name 'jacksonObjectMapperBuilder' via factory method to bean named 'standardJacksonObjectMapperBuilderCustomizer'","serviceName":"tecnos-service"}
{"timestamp":"2024-11-25 00:38:38","thread":"main","level":"DEBUG","logger":"org.springframework.beans.factory.support.DefaultListableBeanFactory","message":"Autowiring by type from bean name 'jacksonObjectMapper' via factory method to bean named 'jacksonObjectMapperBuilder'","serviceName":"tecnos-service"}
{"timestamp":"2024-11-25 00:38:38","thread":"main","level":"DEBUG","logger":"org.springframework.beans.factory.support.DefaultListableBeanFactory","message":"Autowiring by type from bean name 'mappingJackson2HttpMessageConverter' via factory method to bean named 'jacksonObjectMapper'","serviceName":"tecnos-service"}
{"timestamp":"2024-11-25 00:38:38","thread":"main","level":"DEBUG","logger":"org.springframework.beans.factory.support.DefaultListableBeanFactory","message":"Creating shared instance of singleton bean 'sortResolver'","serviceName":"tecnos-service"}
{"timestamp":"2024-11-25 00:38:38","thread":"main","level":"DEBUG","logger":"org.springframework.beans.factory.support.DefaultListableBeanFactory","message":"Creating shared instance of singleton bean 'sortCustomizer'","serviceName":"tecnos-service"}
{"timestamp":"2024-11-25 00:38:38","thread":"main","level":"DEBUG","logger":"org.springframework.beans.factory.support.DefaultListableBeanFactory","message":"Creating shared instance of singleton bean 'org.springframework.boot.autoconfigure.data.web.SpringDataWebAutoConfiguration'","serviceName":"tecnos-service"}
{"timestamp":"2024-11-25 00:38:38","thread":"main","level":"DEBUG","logger":"org.springframework.beans.factory.support.DefaultListableBeanFactory","message":"Autowiring by type from bean name 'org.springframework.boot.autoconfigure.data.web.SpringDataWebAutoConfiguration' via constructor to bean named 'spring.data.web-org.springframework.boot.autoconfigure.data.web.SpringDataWebProperties'","serviceName":"tecnos-service"}
{"timestamp":"2024-11-25 00:38:38","thread":"main","level":"DEBUG","logger":"org.springframework.beans.factory.support.DefaultListableBeanFactory","message":"Creating shared instance of singleton bean 'pageableResolver'","serviceName":"tecnos-service"}
{"timestamp":"2024-11-25 00:38:38","thread":"main","level":"DEBUG","logger":"org.springframework.beans.factory.support.DefaultListableBeanFactory","message":"Creating shared instance of singleton bean 'pageableCustomizer'","serviceName":"tecnos-service"}
{"timestamp":"2024-11-25 00:38:38","thread":"main","level":"DEBUG","logger":"org.springframework.beans.factory.support.DefaultListableBeanFactory","message":"Creating shared instance of singleton bean 'applicationTaskExecutor'","serviceName":"tecnos-service"}
{"timestamp":"2024-11-25 00:38:38","thread":"main","level":"DEBUG","logger":"org.springframework.beans.factory.support.DefaultListableBeanFactory","message":"Autowiring by type from bean name 'applicationTaskExecutor' via factory method to bean named 'taskExecutorBuilder'","serviceName":"tecnos-service"}
{"timestamp":"2024-11-25 00:38:38","thread":"main","level":"DEBUG","logger":"org.springframework.scheduling.concurrent.ThreadPoolTaskExecutor","message":"Initializing ExecutorService 'applicationTaskExecutor'","serviceName":"tecnos-service"}
{"timestamp":"2024-11-25 00:38:38","thread":"main","level":"DEBUG","logger":"org.springframework.beans.factory.support.DefaultListableBeanFactory","message":"Creating shared instance of singleton bean 'org.springdoc.core.configuration.SpringDocConfiguration$OpenApiResourceAdvice'","serviceName":"tecnos-service"}
{"timestamp":"2024-11-25 00:38:38","thread":"main","level":"DEBUG","logger":"org.springframework.beans.factory.support.DefaultListableBeanFactory","message":"Autowiring by type from bean name 'org.springdoc.core.configuration.SpringDocConfiguration$OpenApiResourceAdvice' via constructor to bean named 'org.springdoc.core.configuration.SpringDocConfiguration'","serviceName":"tecnos-service"}
{"timestamp":"2024-11-25 00:38:38","thread":"main","level":"DEBUG","logger":"org.springframework.web.servlet.mvc.method.annotation.RequestMappingHandlerAdapter","message":"ControllerAdvice beans: 0 @ModelAttribute, 0 @InitBinder, 1 RequestBodyAdvice, 1 ResponseBodyAdvice","serviceName":"tecnos-service"}
{"timestamp":"2024-11-25 00:38:38","thread":"main","level":"DEBUG","logger":"org.springframework.beans.factory.support.DefaultListableBeanFactory","message":"Creating shared instance of singleton bean 'welcomePageHandlerMapping'","serviceName":"tecnos-service"}
{"timestamp":"2024-11-25 00:38:38","thread":"main","level":"DEBUG","logger":"org.springframework.beans.factory.support.DefaultListableBeanFactory","message":"Autowiring by type from bean name 'welcomePageHandlerMapping' via factory method to bean named 'org.springframework.web.context.support.GenericWebApplicationContext@75fa1be3'","serviceName":"tecnos-service"}
{"timestamp":"2024-11-25 00:38:38","thread":"main","level":"DEBUG","logger":"org.springframework.beans.factory.support.DefaultListableBeanFactory","message":"Autowiring by type from bean name 'welcomePageHandlerMapping' via factory method to bean named 'mvcConversionService'","serviceName":"tecnos-service"}
{"timestamp":"2024-11-25 00:38:38","thread":"main","level":"DEBUG","logger":"org.springframework.beans.factory.support.DefaultListableBeanFactory","message":"Autowiring by type from bean name 'welcomePageHandlerMapping' via factory method to bean named 'mvcResourceUrlProvider'","serviceName":"tecnos-service"}
{"timestamp":"2024-11-25 00:38:38","thread":"main","level":"DEBUG","logger":"org.springframework.beans.factory.support.DefaultListableBeanFactory","message":"Creating shared instance of singleton bean 'welcomePageNotAcceptableHandlerMapping'","serviceName":"tecnos-service"}
{"timestamp":"2024-11-25 00:38:38","thread":"main","level":"DEBUG","logger":"org.springframework.beans.factory.support.DefaultListableBeanFactory","message":"Autowiring by type from bean name 'welcomePageNotAcceptableHandlerMapping' via factory method to bean named 'org.springframework.web.context.support.GenericWebApplicationContext@75fa1be3'","serviceName":"tecnos-service"}
{"timestamp":"2024-11-25 00:38:38","thread":"main","level":"DEBUG","logger":"org.springframework.beans.factory.support.DefaultListableBeanFactory","message":"Autowiring by type from bean name 'welcomePageNotAcceptableHandlerMapping' via factory method to bean named 'mvcConversionService'","serviceName":"tecnos-service"}
{"timestamp":"2024-11-25 00:38:38","thread":"main","level":"DEBUG","logger":"org.springframework.beans.factory.support.DefaultListableBeanFactory","message":"Autowiring by type from bean name 'welcomePageNotAcceptableHandlerMapping' via factory method to bean named 'mvcResourceUrlProvider'","serviceName":"tecnos-service"}
{"timestamp":"2024-11-25 00:38:38","thread":"main","level":"DEBUG","logger":"org.springframework.beans.factory.support.DefaultListableBeanFactory","message":"Creating shared instance of singleton bean 'localeResolver'","serviceName":"tecnos-service"}
{"timestamp":"2024-11-25 00:38:38","thread":"main","level":"DEBUG","logger":"org.springframework.beans.factory.support.DefaultListableBeanFactory","message":"Creating shared instance of singleton bean 'themeResolver'","serviceName":"tecnos-service"}
{"timestamp":"2024-11-25 00:38:38","thread":"main","level":"DEBUG","logger":"org.springframework.beans.factory.support.DefaultListableBeanFactory","message":"Creating shared instance of singleton bean 'flashMapManager'","serviceName":"tecnos-service"}
{"timestamp":"2024-11-25 00:38:38","thread":"main","level":"DEBUG","logger":"org.springframework.beans.factory.support.DefaultListableBeanFactory","message":"Creating shared instance of singleton bean 'requestMappingHandlerMapping'","serviceName":"tecnos-service"}
{"timestamp":"2024-11-25 00:38:38","thread":"main","level":"DEBUG","logger":"org.springframework.beans.factory.support.DefaultListableBeanFactory","message":"Autowiring by type from bean name 'requestMappingHandlerMapping' via factory method to bean named 'mvcContentNegotiationManager'","serviceName":"tecnos-service"}
{"timestamp":"2024-11-25 00:38:38","thread":"main","level":"DEBUG","logger":"org.springframework.beans.factory.support.DefaultListableBeanFactory","message":"Autowiring by type from bean name 'requestMappingHandlerMapping' via factory method to bean named 'mvcConversionService'","serviceName":"tecnos-service"}
{"timestamp":"2024-11-25 00:38:38","thread":"main","level":"DEBUG","logger":"org.springframework.beans.factory.support.DefaultListableBeanFactory","message":"Autowiring by type from bean name 'requestMappingHandlerMapping' via factory method to bean named 'mvcResourceUrlProvider'","serviceName":"tecnos-service"}
{"timestamp":"2024-11-25 00:38:38","thread":"main","level":"DEBUG","logger":"_org.springframework.web.servlet.HandlerMapping.Mappings","message":"\n\tc.e.t.c.w.CategoryControllerApi:\n\t{GET [/server/api/v1/category/find]}: findCategoryByName(String)\n\t{POST [/server/api/v1/category/create]}: createCategory(String,String)\n\t{PUT [/server/api/v1/category/update]}: updateCategory(String,String,String)\n\t{DELETE [/server/api/v1/category/delete]}: deleteCategory(String)\n\t{GET [/server/api/v1/category/findAll]}: findAllCategories()","serviceName":"tecnos-service"}
{"timestamp":"2024-11-25 00:38:38","thread":"main","level":"DEBUG","logger":"_org.springframework.web.servlet.HandlerMapping.Mappings","message":"\n\tc.e.t.i.w.ItemCategoryControllerApi:\n\t{PUT [/server/api/v1/itemcategory/update]}: updateItemCategory(String,String,String,String,String,String)\n\t{POST [/server/api/v1/itemcategory/create]}: createItemCategory(String,String,String)\n\t{DELETE [/server/api/v1/itemcategory/delete]}: deleteItemCategory(String,String,String)\n\t{GET [/server/api/v1/itemcategory/all]}: findAllItemCategories(String,String)","serviceName":"tecnos-service"}
{"timestamp":"2024-11-25 00:38:38","thread":"main","level":"DEBUG","logger":"_org.springframework.web.servlet.HandlerMapping.Mappings","message":"\n\tc.e.t.p.w.ProductControllerApi:\n\t{GET [/server/api/v1/product/category/{category}/subcategory/{subCategory}/item-category/{itemCategory}]}: findAllByCategoryAndSubCategoryAndItemCategory(String,String,String)\n\t{GET [/server/api/v1/product/{sku}]}: findProductBySku(String)\n\t{DELETE [/server/api/v1/product/{sku}]}: deleteProduct(String)\n\t{PUT [/server/api/v1/product/{sku}]}: updateProduct(String,ProductDTO)\n\t{POST [/server/api/v1/product/]}: createProduct(ProductDTO)\n\t{GET [/server/api/v1/product/all]}: findAllProducts()\n\t{GET [/server/api/v1/product/category/{category}/subcategory/{subCategory}]}: findAllByCategoryAndSubCategory(String,String)","serviceName":"tecnos-service"}
{"timestamp":"2024-11-25 00:38:38","thread":"main","level":"DEBUG","logger":"_org.springframework.web.servlet.HandlerMapping.Mappings","message":"\n\tc.e.t.s.w.SubCategoryControllerApi:\n\t{POST [/server/api/v1/subcategory/create]}: createSubCategory(String,String)\n\t{DELETE [/server/api/v1/subcategory/delete]}: deleteSubCategory(String,String)\n\t{PUT [/server/api/v1/subcategory/update]}: updateSubCategory(String,String,String)\n\t{GET [/server/api/v1/subcategory/all]}: findAllSubCategories()","serviceName":"tecnos-service"}
{"timestamp":"2024-11-25 00:38:38","thread":"main","level":"DEBUG","logger":"_org.springframework.web.servlet.HandlerMapping.Mappings","message":"\n\tc.e.t.u.w.UserControllerServer:\n\t{POST [/server/api/v1/register]}: register(UserDTO)\n\t{POST [/server/api/v1/login]}: login(LoginRequest)","serviceName":"tecnos-service"}
{"timestamp":"2024-11-25 00:38:38","thread":"main","level":"DEBUG","logger":"_org.springframework.web.servlet.HandlerMapping.Mappings","message":"\n\to.s.b.a.w.s.e.BasicErrorController:\n\t{ [/error]}: error(HttpServletRequest)\n\t{ [/error], produces [text/html]}: errorHtml(HttpServletRequest,HttpServletResponse)","serviceName":"tecnos-service"}
{"timestamp":"2024-11-25 00:38:38","thread":"main","level":"DEBUG","logger":"_org.springframework.web.servlet.HandlerMapping.Mappings","message":"\n\to.s.w.a.OpenApiWebMvcResource:\n\t{GET [/v3/api-docs.yaml], produces [application/vnd.oai.openapi]}: openapiYaml(HttpServletRequest,String,Locale)\n\t{GET [/v3/api-docs], produces [application/json]}: openapiJson(HttpServletRequest,String,Locale)","serviceName":"tecnos-service"}
{"timestamp":"2024-11-25 00:38:38","thread":"main","level":"DEBUG","logger":"_org.springframework.web.servlet.HandlerMapping.Mappings","message":"\n\to.s.w.u.SwaggerWelcomeWebMvc:\n\t{GET [/swagger-ui.html]}: redirectToUi(HttpServletRequest)","serviceName":"tecnos-service"}
{"timestamp":"2024-11-25 00:38:38","thread":"main","level":"DEBUG","logger":"_org.springframework.web.servlet.HandlerMapping.Mappings","message":"\n\to.s.w.u.SwaggerConfigResource:\n\t{GET [/v3/api-docs/swagger-config], produces [application/json]}: openapiJson(HttpServletRequest)","serviceName":"tecnos-service"}
{"timestamp":"2024-11-25 00:38:38","thread":"main","level":"DEBUG","logger":"org.springframework.web.servlet.mvc.method.annotation.RequestMappingHandlerMapping","message":"28 mappings in 'requestMappingHandlerMapping'","serviceName":"tecnos-service"}
{"timestamp":"2024-11-25 00:38:38","thread":"main","level":"DEBUG","logger":"org.springframework.beans.factory.support.DefaultListableBeanFactory","message":"Creating shared instance of singleton bean 'mvcPatternParser'","serviceName":"tecnos-service"}
{"timestamp":"2024-11-25 00:38:38","thread":"main","level":"DEBUG","logger":"org.springframework.beans.factory.support.DefaultListableBeanFactory","message":"Creating shared instance of singleton bean 'mvcUrlPathHelper'","serviceName":"tecnos-service"}
{"timestamp":"2024-11-25 00:38:38","thread":"main","level":"DEBUG","logger":"org.springframework.beans.factory.support.DefaultListableBeanFactory","message":"Creating shared instance of singleton bean 'mvcPathMatcher'","serviceName":"tecnos-service"}
{"timestamp":"2024-11-25 00:38:38","thread":"main","level":"DEBUG","logger":"org.springframework.beans.factory.support.DefaultListableBeanFactory","message":"Creating shared instance of singleton bean 'viewControllerHandlerMapping'","serviceName":"tecnos-service"}
{"timestamp":"2024-11-25 00:38:38","thread":"main","level":"DEBUG","logger":"org.springframework.beans.factory.support.DefaultListableBeanFactory","message":"Autowiring by type from bean name 'viewControllerHandlerMapping' via factory method to bean named 'mvcConversionService'","serviceName":"tecnos-service"}
{"timestamp":"2024-11-25 00:38:38","thread":"main","level":"DEBUG","logger":"org.springframework.beans.factory.support.DefaultListableBeanFactory","message":"Autowiring by type from bean name 'viewControllerHandlerMapping' via factory method to bean named 'mvcResourceUrlProvider'","serviceName":"tecnos-service"}
{"timestamp":"2024-11-25 00:38:38","thread":"main","level":"DEBUG","logger":"org.springframework.beans.factory.support.DefaultListableBeanFactory","message":"Creating shared instance of singleton bean 'beanNameHandlerMapping'","serviceName":"tecnos-service"}
{"timestamp":"2024-11-25 00:38:38","thread":"main","level":"DEBUG","logger":"org.springframework.beans.factory.support.DefaultListableBeanFactory","message":"Autowiring by type from bean name 'beanNameHandlerMapping' via factory method to bean named 'mvcConversionService'","serviceName":"tecnos-service"}
{"timestamp":"2024-11-25 00:38:38","thread":"main","level":"DEBUG","logger":"org.springframework.beans.factory.support.DefaultListableBeanFactory","message":"Autowiring by type from bean name 'beanNameHandlerMapping' via factory method to bean named 'mvcResourceUrlProvider'","serviceName":"tecnos-service"}
{"timestamp":"2024-11-25 00:38:38","thread":"main","level":"DEBUG","logger":"_org.springframework.web.servlet.HandlerMapping.Mappings","message":"'beanNameHandlerMapping' {}","serviceName":"tecnos-service"}
{"timestamp":"2024-11-25 00:38:38","thread":"main","level":"DEBUG","logger":"org.springframework.beans.factory.support.DefaultListableBeanFactory","message":"Creating shared instance of singleton bean 'routerFunctionMapping'","serviceName":"tecnos-service"}
{"timestamp":"2024-11-25 00:38:38","thread":"main","level":"DEBUG","logger":"org.springframework.beans.factory.support.DefaultListableBeanFactory","message":"Autowiring by type from bean name 'routerFunctionMapping' via factory method to bean named 'mvcConversionService'","serviceName":"tecnos-service"}
{"timestamp":"2024-11-25 00:38:38","thread":"main","level":"DEBUG","logger":"org.springframework.beans.factory.support.DefaultListableBeanFactory","message":"Autowiring by type from bean name 'routerFunctionMapping' via factory method to bean named 'mvcResourceUrlProvider'","serviceName":"tecnos-service"}
{"timestamp":"2024-11-25 00:38:38","thread":"main","level":"DEBUG","logger":"org.springframework.beans.factory.support.DefaultListableBeanFactory","message":"Creating shared instance of singleton bean 'resourceHandlerMapping'","serviceName":"tecnos-service"}
{"timestamp":"2024-11-25 00:38:38","thread":"main","level":"DEBUG","logger":"org.springframework.beans.factory.support.DefaultListableBeanFactory","message":"Autowiring by type from bean name 'resourceHandlerMapping' via factory method to bean named 'mvcContentNegotiationManager'","serviceName":"tecnos-service"}
{"timestamp":"2024-11-25 00:38:38","thread":"main","level":"DEBUG","logger":"org.springframework.beans.factory.support.DefaultListableBeanFactory","message":"Autowiring by type from bean name 'resourceHandlerMapping' via factory method to bean named 'mvcConversionService'","serviceName":"tecnos-service"}
{"timestamp":"2024-11-25 00:38:38","thread":"main","level":"DEBUG","logger":"org.springframework.beans.factory.support.DefaultListableBeanFactory","message":"Autowiring by type from bean name 'resourceHandlerMapping' via factory method to bean named 'mvcResourceUrlProvider'","serviceName":"tecnos-service"}
{"timestamp":"2024-11-25 00:38:38","thread":"main","level":"DEBUG","logger":"_org.springframework.web.servlet.HandlerMapping.Mappings","message":"'resourceHandlerMapping' {/webjars/**=ResourceHttpRequestHandler [classpath [META-INF/resources/webjars/]], /**=ResourceHttpRequestHandler [classpath [META-INF/resources/], classpath [resources/], classpath [static/], classpath [public/], ServletContext [/]], /swagger-ui*/*swagger-initializer.js=ResourceHttpRequestHandler [classpath [META-INF/resources/webjars/]], /swagger-ui*/**=ResourceHttpRequestHandler [classpath [META-INF/resources/webjars/]]}","serviceName":"tecnos-service"}
{"timestamp":"2024-11-25 00:38:38","thread":"main","level":"DEBUG","logger":"org.springframework.beans.factory.support.DefaultListableBeanFactory","message":"Creating shared instance of singleton bean 'defaultServletHandlerMapping'","serviceName":"tecnos-service"}
{"timestamp":"2024-11-25 00:38:38","thread":"main","level":"DEBUG","logger":"org.springframework.beans.factory.support.DefaultListableBeanFactory","message":"Creating shared instance of singleton bean 'handlerFunctionAdapter'","serviceName":"tecnos-service"}
{"timestamp":"2024-11-25 00:38:38","thread":"main","level":"DEBUG","logger":"org.springframework.beans.factory.support.DefaultListableBeanFactory","message":"Creating shared instance of singleton bean 'mvcUriComponentsContributor'","serviceName":"tecnos-service"}
{"timestamp":"2024-11-25 00:38:38","thread":"main","level":"DEBUG","logger":"org.springframework.beans.factory.support.DefaultListableBeanFactory","message":"Autowiring by type from bean name 'mvcUriComponentsContributor' via factory method to bean named 'mvcConversionService'","serviceName":"tecnos-service"}
{"timestamp":"2024-11-25 00:38:38","thread":"main","level":"DEBUG","logger":"org.springframework.beans.factory.support.DefaultListableBeanFactory","message":"Autowiring by type from bean name 'mvcUriComponentsContributor' via factory method to bean named 'requestMappingHandlerAdapter'","serviceName":"tecnos-service"}
{"timestamp":"2024-11-25 00:38:38","thread":"main","level":"DEBUG","logger":"org.springframework.beans.factory.support.DefaultListableBeanFactory","message":"Creating shared instance of singleton bean 'httpRequestHandlerAdapter'","serviceName":"tecnos-service"}
{"timestamp":"2024-11-25 00:38:38","thread":"main","level":"DEBUG","logger":"org.springframework.beans.factory.support.DefaultListableBeanFactory","message":"Creating shared instance of singleton bean 'simpleControllerHandlerAdapter'","serviceName":"tecnos-service"}
{"timestamp":"2024-11-25 00:38:38","thread":"main","level":"DEBUG","logger":"org.springframework.beans.factory.support.DefaultListableBeanFactory","message":"Creating shared instance of singleton bean 'handlerExceptionResolver'","serviceName":"tecnos-service"}
{"timestamp":"2024-11-25 00:38:38","thread":"main","level":"DEBUG","logger":"org.springframework.beans.factory.support.DefaultListableBeanFactory","message":"Autowiring by type from bean name 'handlerExceptionResolver' via factory method to bean named 'mvcContentNegotiationManager'","serviceName":"tecnos-service"}
{"timestamp":"2024-11-25 00:38:38","thread":"main","level":"DEBUG","logger":"org.springframework.web.servlet.mvc.method.annotation.ExceptionHandlerExceptionResolver","message":"ControllerAdvice beans: 2 @ExceptionHandler, 1 ResponseBodyAdvice","serviceName":"tecnos-service"}
{"timestamp":"2024-11-25 00:38:38","thread":"main","level":"DEBUG","logger":"org.springframework.beans.factory.support.DefaultListableBeanFactory","message":"Creating shared instance of singleton bean 'mvcViewResolver'","serviceName":"tecnos-service"}
{"timestamp":"2024-11-25 00:38:38","thread":"main","level":"DEBUG","logger":"org.springframework.beans.factory.support.DefaultListableBeanFactory","message":"Autowiring by type from bean name 'mvcViewResolver' via factory method to bean named 'mvcContentNegotiationManager'","serviceName":"tecnos-service"}
{"timestamp":"2024-11-25 00:38:38","thread":"main","level":"DEBUG","logger":"org.springframework.beans.factory.support.DefaultListableBeanFactory","message":"Creating shared instance of singleton bean 'viewNameTranslator'","serviceName":"tecnos-service"}
{"timestamp":"2024-11-25 00:38:38","thread":"main","level":"DEBUG","logger":"org.springframework.beans.factory.support.DefaultListableBeanFactory","message":"Creating shared instance of singleton bean 'defaultViewResolver'","serviceName":"tecnos-service"}
{"timestamp":"2024-11-25 00:38:38","thread":"main","level":"DEBUG","logger":"org.springframework.beans.factory.support.DefaultListableBeanFactory","message":"Creating shared instance of singleton bean 'viewResolver'","serviceName":"tecnos-service"}
{"timestamp":"2024-11-25 00:38:38","thread":"main","level":"DEBUG","logger":"org.springframework.beans.factory.support.DefaultListableBeanFactory","message":"Autowiring by type from bean name 'viewResolver' via factory method to bean named 'org.springframework.beans.factory.support.DefaultListableBeanFactory@3ed7821'","serviceName":"tecnos-service"}
{"timestamp":"2024-11-25 00:38:38","thread":"main","level":"DEBUG","logger":"org.springframework.beans.factory.support.DefaultListableBeanFactory","message":"Creating shared instance of singleton bean 'viewResolver'","serviceName":"tecnos-service"}
{"timestamp":"2024-11-25 00:38:38","thread":"main","level":"DEBUG","logger":"org.springframework.beans.factory.support.DefaultListableBeanFactory","message":"Creating shared instance of singleton bean 'requestContextFilter'","serviceName":"tecnos-service"}
{"timestamp":"2024-11-25 00:38:38","thread":"main","level":"DEBUG","logger":"org.springframework.beans.factory.support.DefaultListableBeanFactory","message":"Creating shared instance of singleton bean 'org.springframework.boot.autoconfigure.web.servlet.WebMvcAutoConfiguration'","serviceName":"tecnos-service"}
{"timestamp":"2024-11-25 00:38:38","thread":"main","level":"DEBUG","logger":"org.springframework.beans.factory.support.DefaultListableBeanFactory","message":"Creating shared instance of singleton bean 'formContentFilter'","serviceName":"tecnos-service"}
{"timestamp":"2024-11-25 00:38:38","thread":"main","level":"DEBUG","logger":"org.springframework.beans.factory.support.DefaultListableBeanFactory","message":"Creating shared instance of singleton bean 'org.springdoc.core.configuration.SpringDocConfiguration$SpringDocSpringDataWebPropertiesProvider'","serviceName":"tecnos-service"}
{"timestamp":"2024-11-25 00:38:38","thread":"main","level":"DEBUG","logger":"org.springframework.beans.factory.support.DefaultListableBeanFactory","message":"Creating shared instance of singleton bean 'springDataWebPropertiesProvider'","serviceName":"tecnos-service"}
{"timestamp":"2024-11-25 00:38:38","thread":"main","level":"DEBUG","logger":"org.springframework.beans.factory.support.DefaultListableBeanFactory","message":"Creating shared instance of singleton bean 'org.springdoc.core.configuration.SpringDocConfiguration$WebConversionServiceConfiguration'","serviceName":"tecnos-service"}
{"timestamp":"2024-11-25 00:38:38","thread":"main","level":"DEBUG","logger":"org.springframework.beans.factory.support.DefaultListableBeanFactory","message":"Creating shared instance of singleton bean 'webConversionServiceProvider'","serviceName":"tecnos-service"}
{"timestamp":"2024-11-25 00:38:38","thread":"main","level":"DEBUG","logger":"org.springframework.beans.factory.support.DefaultListableBeanFactory","message":"Creating shared instance of singleton bean 'localSpringDocParameterNameDiscoverer'","serviceName":"tecnos-service"}
{"timestamp":"2024-11-25 00:38:38","thread":"main","level":"DEBUG","logger":"org.springframework.beans.factory.support.DefaultListableBeanFactory","message":"Creating shared instance of singleton bean 'additionalModelsConverter'","serviceName":"tecnos-service"}
{"timestamp":"2024-11-25 00:38:38","thread":"main","level":"DEBUG","logger":"org.springframework.beans.factory.support.DefaultListableBeanFactory","message":"Autowiring by type from bean name 'additionalModelsConverter' via factory method to bean named 'objectMapperProvider'","serviceName":"tecnos-service"}
{"timestamp":"2024-11-25 00:38:38","thread":"main","level":"DEBUG","logger":"org.springframework.beans.factory.support.DefaultListableBeanFactory","message":"Creating shared instance of singleton bean 'fileSupportConverter'","serviceName":"tecnos-service"}
{"timestamp":"2024-11-25 00:38:38","thread":"main","level":"DEBUG","logger":"org.springframework.beans.factory.support.DefaultListableBeanFactory","message":"Autowiring by type from bean name 'fileSupportConverter' via factory method to bean named 'objectMapperProvider'","serviceName":"tecnos-service"}
{"timestamp":"2024-11-25 00:38:38","thread":"main","level":"DEBUG","logger":"org.springframework.beans.factory.support.DefaultListableBeanFactory","message":"Creating shared instance of singleton bean 'responseSupportConverter'","serviceName":"tecnos-service"}
{"timestamp":"2024-11-25 00:38:38","thread":"main","level":"DEBUG","logger":"org.springframework.beans.factory.support.DefaultListableBeanFactory","message":"Autowiring by type from bean name 'responseSupportConverter' via factory method to bean named 'objectMapperProvider'","serviceName":"tecnos-service"}
{"timestamp":"2024-11-25 00:38:38","thread":"main","level":"DEBUG","logger":"org.springframework.beans.factory.support.DefaultListableBeanFactory","message":"Creating shared instance of singleton bean 'schemaPropertyDeprecatingConverter'","serviceName":"tecnos-service"}
{"timestamp":"2024-11-25 00:38:38","thread":"main","level":"DEBUG","logger":"org.springframework.beans.factory.support.DefaultListableBeanFactory","message":"Creating shared instance of singleton bean 'polymorphicModelConverter'","serviceName":"tecnos-service"}
{"timestamp":"2024-11-25 00:38:38","thread":"main","level":"DEBUG","logger":"org.springframework.beans.factory.support.DefaultListableBeanFactory","message":"Autowiring by type from bean name 'polymorphicModelConverter' via factory method to bean named 'objectMapperProvider'","serviceName":"tecnos-service"}
{"timestamp":"2024-11-25 00:38:38","thread":"main","level":"DEBUG","logger":"org.springframework.beans.factory.support.DefaultListableBeanFactory","message":"Creating shared instance of singleton bean 'openAPIBuilder'","serviceName":"tecnos-service"}
{"timestamp":"2024-11-25 00:38:38","thread":"main","level":"DEBUG","logger":"org.springframework.beans.factory.support.DefaultListableBeanFactory","message":"Creating shared instance of singleton bean 'securityParser'","serviceName":"tecnos-service"}
{"timestamp":"2024-11-25 00:38:38","thread":"main","level":"DEBUG","logger":"org.springframework.beans.factory.support.DefaultListableBeanFactory","message":"Creating shared instance of singleton bean 'propertyResolverUtils'","serviceName":"tecnos-service"}
{"timestamp":"2024-11-25 00:38:38","thread":"main","level":"DEBUG","logger":"org.springframework.beans.factory.support.DefaultListableBeanFactory","message":"Autowiring by type from bean name 'propertyResolverUtils' via factory method to bean named 'org.springframework.beans.factory.support.DefaultListableBeanFactory@3ed7821'","serviceName":"tecnos-service"}
{"timestamp":"2024-11-25 00:38:38","thread":"main","level":"DEBUG","logger":"org.springframework.beans.factory.support.DefaultListableBeanFactory","message":"Autowiring by type from bean name 'propertyResolverUtils' via factory method to bean named 'messageSource'","serviceName":"tecnos-service"}
{"timestamp":"2024-11-25 00:38:38","thread":"main","level":"DEBUG","logger":"org.springframework.beans.factory.support.DefaultListableBeanFactory","message":"Autowiring by type from bean name 'propertyResolverUtils' via factory method to bean named 'org.springdoc.core.properties.SpringDocConfigProperties'","serviceName":"tecnos-service"}
{"timestamp":"2024-11-25 00:38:38","thread":"main","level":"DEBUG","logger":"org.springframework.beans.factory.support.DefaultListableBeanFactory","message":"Autowiring by type from bean name 'securityParser' via factory method to bean named 'propertyResolverUtils'","serviceName":"tecnos-service"}
{"timestamp":"2024-11-25 00:38:38","thread":"main","level":"DEBUG","logger":"org.springframework.beans.factory.support.DefaultListableBeanFactory","message":"Autowiring by type from bean name 'openAPIBuilder' via factory method to bean named 'securityParser'","serviceName":"tecnos-service"}
{"timestamp":"2024-11-25 00:38:38","thread":"main","level":"DEBUG","logger":"org.springframework.beans.factory.support.DefaultListableBeanFactory","message":"Autowiring by type from bean name 'openAPIBuilder' via factory method to bean named 'org.springdoc.core.properties.SpringDocConfigProperties'","serviceName":"tecnos-service"}
{"timestamp":"2024-11-25 00:38:38","thread":"main","level":"DEBUG","logger":"org.springframework.beans.factory.support.DefaultListableBeanFactory","message":"Autowiring by type from bean name 'openAPIBuilder' via factory method to bean named 'propertyResolverUtils'","serviceName":"tecnos-service"}
{"timestamp":"2024-11-25 00:38:38","thread":"main","level":"DEBUG","logger":"org.springframework.beans.factory.support.DefaultListableBeanFactory","message":"Creating shared instance of singleton bean 'modelConverterRegistrar'","serviceName":"tecnos-service"}
{"timestamp":"2024-11-25 00:38:38","thread":"main","level":"DEBUG","logger":"org.springframework.beans.factory.support.DefaultListableBeanFactory","message":"Creating shared instance of singleton bean 'pageableOpenAPIConverter'","serviceName":"tecnos-service"}
{"timestamp":"2024-11-25 00:38:38","thread":"main","level":"DEBUG","logger":"org.springframework.beans.factory.support.DefaultListableBeanFactory","message":"Creating shared instance of singleton bean 'org.springdoc.core.configuration.SpringDocPageableConfiguration'","serviceName":"tecnos-service"}
{"timestamp":"2024-11-25 00:38:38","thread":"main","level":"DEBUG","logger":"org.springframework.beans.factory.support.DefaultListableBeanFactory","message":"Autowiring by type from bean name 'pageableOpenAPIConverter' via factory method to bean named 'objectMapperProvider'","serviceName":"tecnos-service"}
{"timestamp":"2024-11-25 00:38:38","thread":"main","level":"DEBUG","logger":"org.springframework.beans.factory.support.DefaultListableBeanFactory","message":"Creating shared instance of singleton bean 'sortOpenAPIConverter'","serviceName":"tecnos-service"}
{"timestamp":"2024-11-25 00:38:38","thread":"main","level":"DEBUG","logger":"org.springframework.beans.factory.support.DefaultListableBeanFactory","message":"Creating shared instance of singleton bean 'org.springdoc.core.configuration.SpringDocSortConfiguration'","serviceName":"tecnos-service"}
{"timestamp":"2024-11-25 00:38:38","thread":"main","level":"DEBUG","logger":"org.springframework.beans.factory.support.DefaultListableBeanFactory","message":"Autowiring by type from bean name 'sortOpenAPIConverter' via factory method to bean named 'objectMapperProvider'","serviceName":"tecnos-service"}
{"timestamp":"2024-11-25 00:38:38","thread":"main","level":"DEBUG","logger":"org.springframework.beans.factory.support.DefaultListableBeanFactory","message":"Creating shared instance of singleton bean 'operationBuilder'","serviceName":"tecnos-service"}
{"timestamp":"2024-11-25 00:38:38","thread":"main","level":"DEBUG","logger":"org.springframework.beans.factory.support.DefaultListableBeanFactory","message":"Creating shared instance of singleton bean 'parameterBuilder'","serviceName":"tecnos-service"}
{"timestamp":"2024-11-25 00:38:38","thread":"main","level":"DEBUG","logger":"org.springframework.beans.factory.support.DefaultListableBeanFactory","message":"Creating shared instance of singleton bean 'delegatingMethodParameterCustomizer'","serviceName":"tecnos-service"}
{"timestamp":"2024-11-25 00:38:38","thread":"main","level":"DEBUG","logger":"org.springframework.beans.factory.support.DefaultListableBeanFactory","message":"Autowiring by type from bean name 'parameterBuilder' via factory method to bean named 'propertyResolverUtils'","serviceName":"tecnos-service"}
{"timestamp":"2024-11-25 00:38:38","thread":"main","level":"DEBUG","logger":"org.springframework.beans.factory.support.DefaultListableBeanFactory","message":"Autowiring by type from bean name 'parameterBuilder' via factory method to bean named 'objectMapperProvider'","serviceName":"tecnos-service"}
{"timestamp":"2024-11-25 00:38:38","thread":"main","level":"DEBUG","logger":"org.springframework.beans.factory.support.DefaultListableBeanFactory","message":"Creating shared instance of singleton bean 'requestBodyBuilder'","serviceName":"tecnos-service"}
{"timestamp":"2024-11-25 00:38:38","thread":"main","level":"DEBUG","logger":"org.springframework.beans.factory.support.DefaultListableBeanFactory","message":"Autowiring by type from bean name 'requestBodyBuilder' via factory method to bean named 'parameterBuilder'","serviceName":"tecnos-service"}
{"timestamp":"2024-11-25 00:38:38","thread":"main","level":"DEBUG","logger":"org.springframework.beans.factory.support.DefaultListableBeanFactory","message":"Autowiring by type from bean name 'operationBuilder' via factory method to bean named 'parameterBuilder'","serviceName":"tecnos-service"}
{"timestamp":"2024-11-25 00:38:38","thread":"main","level":"DEBUG","logger":"org.springframework.beans.factory.support.DefaultListableBeanFactory","message":"Autowiring by type from bean name 'operationBuilder' via factory method to bean named 'requestBodyBuilder'","serviceName":"tecnos-service"}
{"timestamp":"2024-11-25 00:38:38","thread":"main","level":"DEBUG","logger":"org.springframework.beans.factory.support.DefaultListableBeanFactory","message":"Autowiring by type from bean name 'operationBuilder' via factory method to bean named 'securityParser'","serviceName":"tecnos-service"}
{"timestamp":"2024-11-25 00:38:38","thread":"main","level":"DEBUG","logger":"org.springframework.beans.factory.support.DefaultListableBeanFactory","message":"Autowiring by type from bean name 'operationBuilder' via factory method to bean named 'propertyResolverUtils'","serviceName":"tecnos-service"}
{"timestamp":"2024-11-25 00:38:38","thread":"main","level":"DEBUG","logger":"org.springframework.beans.factory.support.DefaultListableBeanFactory","message":"Creating shared instance of singleton bean 'genericReturnTypeParser'","serviceName":"tecnos-service"}
{"timestamp":"2024-11-25 00:38:38","thread":"main","level":"DEBUG","logger":"org.springframework.beans.factory.support.DefaultListableBeanFactory","message":"Creating shared instance of singleton bean 'springDocProviders'","serviceName":"tecnos-service"}
{"timestamp":"2024-11-25 00:38:38","thread":"main","level":"DEBUG","logger":"org.springframework.beans.factory.support.DefaultListableBeanFactory","message":"Creating shared instance of singleton bean 'routerFunctionProvider'","serviceName":"tecnos-service"}
{"timestamp":"2024-11-25 00:38:38","thread":"main","level":"DEBUG","logger":"org.springframework.beans.factory.support.DefaultListableBeanFactory","message":"Creating shared instance of singleton bean 'org.springdoc.webmvc.core.configuration.SpringDocWebMvcConfiguration$SpringDocWebMvcRouterConfiguration'","serviceName":"tecnos-service"}
{"timestamp":"2024-11-25 00:38:38","thread":"main","level":"DEBUG","logger":"org.springframework.beans.factory.support.DefaultListableBeanFactory","message":"Autowiring by type from bean name 'springDocProviders' via factory method to bean named 'objectMapperProvider'","serviceName":"tecnos-service"}
{"timestamp":"2024-11-25 00:38:38","thread":"main","level":"DEBUG","logger":"org.springframework.beans.factory.support.DefaultListableBeanFactory","message":"Creating shared instance of singleton bean 'springDocCustomizers'","serviceName":"tecnos-service"}
{"timestamp":"2024-11-25 00:38:38","thread":"main","level":"DEBUG","logger":"org.springframework.beans.factory.support.DefaultListableBeanFactory","message":"Creating shared instance of singleton bean 'org.springdoc.core.configuration.SpringDocSecurityConfiguration$SpringSecurityLoginEndpointConfiguration'","serviceName":"tecnos-service"}
{"timestamp":"2024-11-25 00:38:38","thread":"main","level":"DEBUG","logger":"org.springframework.beans.factory.support.DefaultListableBeanFactory","message":"Creating shared instance of singleton bean 'org.springdoc.core.configuration.SpringDocSecurityConfiguration'","serviceName":"tecnos-service"}
{"timestamp":"2024-11-25 00:38:38","thread":"main","level":"DEBUG","logger":"org.springframework.beans.factory.support.DefaultListableBeanFactory","message":"Autowiring by type from bean name 'org.springdoc.core.configuration.SpringDocSecurityConfiguration$SpringSecurityLoginEndpointConfiguration' via constructor to bean named 'org.springdoc.core.configuration.SpringDocSecurityConfiguration'","serviceName":"tecnos-service"}
{"timestamp":"2024-11-25 00:38:38","thread":"main","level":"DEBUG","logger":"org.springframework.beans.factory.support.DefaultListableBeanFactory","message":"Creating shared instance of singleton bean 'org.springdoc.core.configuration.SpringDocUIConfiguration'","serviceName":"tecnos-service"}
{"timestamp":"2024-11-25 00:38:38","thread":"main","level":"DEBUG","logger":"org.springframework.beans.factory.support.DefaultListableBeanFactory","message":"Creating shared instance of singleton bean 'org.springdoc.webmvc.core.configuration.SpringDocWebMvcConfiguration$SpringDocWebMvcActuatorConfiguration'","serviceName":"tecnos-service"}
{"timestamp":"2024-11-25 00:38:38","thread":"main","level":"DEBUG","logger":"org.springframework.beans.factory.support.DefaultListableBeanFactory","message":"Creating shared instance of singleton bean 'openApiResource'","serviceName":"tecnos-service"}
{"timestamp":"2024-11-25 00:38:38","thread":"main","level":"DEBUG","logger":"org.springframework.beans.factory.support.DefaultListableBeanFactory","message":"Creating shared instance of singleton bean 'requestBuilder'","serviceName":"tecnos-service"}
{"timestamp":"2024-11-25 00:38:38","thread":"main","level":"DEBUG","logger":"org.springframework.beans.factory.support.DefaultListableBeanFactory","message":"Autowiring by type from bean name 'requestBuilder' via factory method to bean named 'parameterBuilder'","serviceName":"tecnos-service"}
{"timestamp":"2024-11-25 00:38:38","thread":"main","level":"DEBUG","logger":"org.springframework.beans.factory.support.DefaultListableBeanFactory","message":"Autowiring by type from bean name 'requestBuilder' via factory method to bean named 'requestBodyBuilder'","serviceName":"tecnos-service"}
{"timestamp":"2024-11-25 00:38:38","thread":"main","level":"DEBUG","logger":"org.springframework.beans.factory.support.DefaultListableBeanFactory","message":"Autowiring by type from bean name 'requestBuilder' via factory method to bean named 'operationBuilder'","serviceName":"tecnos-service"}
{"timestamp":"2024-11-25 00:38:38","thread":"main","level":"DEBUG","logger":"org.springframework.beans.factory.support.DefaultListableBeanFactory","message":"Autowiring by type from bean name 'requestBuilder' via factory method to bean named 'localSpringDocParameterNameDiscoverer'","serviceName":"tecnos-service"}
{"timestamp":"2024-11-25 00:38:38","thread":"main","level":"DEBUG","logger":"org.springframework.beans.factory.support.DefaultListableBeanFactory","message":"Creating shared instance of singleton bean 'responseBuilder'","serviceName":"tecnos-service"}
{"timestamp":"2024-11-25 00:38:38","thread":"main","level":"DEBUG","logger":"org.springframework.beans.factory.support.DefaultListableBeanFactory","message":"Autowiring by type from bean name 'responseBuilder' via factory method to bean named 'operationBuilder'","serviceName":"tecnos-service"}
{"timestamp":"2024-11-25 00:38:38","thread":"main","level":"DEBUG","logger":"org.springframework.beans.factory.support.DefaultListableBeanFactory","message":"Autowiring by type from bean name 'responseBuilder' via factory method to bean named 'genericReturnTypeParser'","serviceName":"tecnos-service"}
{"timestamp":"2024-11-25 00:38:38","thread":"main","level":"DEBUG","logger":"org.springframework.beans.factory.support.DefaultListableBeanFactory","message":"Autowiring by type from bean name 'responseBuilder' via factory method to bean named 'org.springdoc.core.properties.SpringDocConfigProperties'","serviceName":"tecnos-service"}
{"timestamp":"2024-11-25 00:38:38","thread":"main","level":"DEBUG","logger":"org.springframework.beans.factory.support.DefaultListableBeanFactory","message":"Autowiring by type from bean name 'responseBuilder' via factory method to bean named 'propertyResolverUtils'","serviceName":"tecnos-service"}
{"timestamp":"2024-11-25 00:38:38","thread":"main","level":"DEBUG","logger":"org.springframework.beans.factory.support.DefaultListableBeanFactory","message":"Autowiring by type from bean name 'openApiResource' via factory method to bean named 'requestBuilder'","serviceName":"tecnos-service"}
{"timestamp":"2024-11-25 00:38:38","thread":"main","level":"DEBUG","logger":"org.springframework.beans.factory.support.DefaultListableBeanFactory","message":"Autowiring by type from bean name 'openApiResource' via factory method to bean named 'responseBuilder'","serviceName":"tecnos-service"}
{"timestamp":"2024-11-25 00:38:38","thread":"main","level":"DEBUG","logger":"org.springframework.beans.factory.support.DefaultListableBeanFactory","message":"Autowiring by type from bean name 'openApiResource' via factory method to bean named 'operationBuilder'","serviceName":"tecnos-service"}
{"timestamp":"2024-11-25 00:38:38","thread":"main","level":"DEBUG","logger":"org.springframework.beans.factory.support.DefaultListableBeanFactory","message":"Autowiring by type from bean name 'openApiResource' via factory method to bean named 'org.springdoc.core.properties.SpringDocConfigProperties'","serviceName":"tecnos-service"}
{"timestamp":"2024-11-25 00:38:38","thread":"main","level":"DEBUG","logger":"org.springframework.beans.factory.support.DefaultListableBeanFactory","message":"Autowiring by type from bean name 'openApiResource' via factory method to bean named 'springDocProviders'","serviceName":"tecnos-service"}
{"timestamp":"2024-11-25 00:38:38","thread":"main","level":"DEBUG","logger":"org.springframework.beans.factory.support.DefaultListableBeanFactory","message":"Autowiring by type from bean name 'openApiResource' via factory method to bean named 'springDocCustomizers'","serviceName":"tecnos-service"}
{"timestamp":"2024-11-25 00:38:38","thread":"main","level":"DEBUG","logger":"org.springframework.beans.factory.support.DefaultListableBeanFactory","message":"Creating shared instance of singleton bean 'swaggerConfigResource'","serviceName":"tecnos-service"}
{"timestamp":"2024-11-25 00:38:38","thread":"main","level":"DEBUG","logger":"org.springframework.beans.factory.support.DefaultListableBeanFactory","message":"Autowiring by type from bean name 'swaggerConfigResource' via factory method to bean named 'swaggerWelcome'","serviceName":"tecnos-service"}
{"timestamp":"2024-11-25 00:38:38","thread":"main","level":"DEBUG","logger":"org.springframework.beans.factory.support.DefaultListableBeanFactory","message":"Creating shared instance of singleton bean 'org.springframework.boot.autoconfigure.availability.ApplicationAvailabilityAutoConfiguration'","serviceName":"tecnos-service"}
{"timestamp":"2024-11-25 00:38:38","thread":"main","level":"DEBUG","logger":"org.springframework.beans.factory.support.DefaultListableBeanFactory","message":"Creating shared instance of singleton bean 'applicationAvailability'","serviceName":"tecnos-service"}
{"timestamp":"2024-11-25 00:38:38","thread":"main","level":"DEBUG","logger":"org.springframework.beans.factory.support.DefaultListableBeanFactory","message":"Creating shared instance of singleton bean 'org.springframework.boot.actuate.autoconfigure.availability.AvailabilityHealthContributorAutoConfiguration'","serviceName":"tecnos-service"}
{"timestamp":"2024-11-25 00:38:38","thread":"main","level":"DEBUG","logger":"org.springframework.beans.factory.support.DefaultListableBeanFactory","message":"Creating shared instance of singleton bean 'org.springframework.boot.autoconfigure.transaction.jta.JtaAutoConfiguration'","serviceName":"tecnos-service"}
{"timestamp":"2024-11-25 00:38:38","thread":"main","level":"DEBUG","logger":"org.springframework.beans.factory.support.DefaultListableBeanFactory","message":"Creating shared instance of singleton bean 'org.springframework.boot.autoconfigure.jdbc.metadata.DataSourcePoolMetadataProvidersConfiguration'","serviceName":"tecnos-service"}
{"timestamp":"2024-11-25 00:38:38","thread":"main","level":"DEBUG","logger":"org.springframework.beans.factory.support.DefaultListableBeanFactory","message":"Creating shared instance of singleton bean 'org.springframework.boot.autoconfigure.jdbc.DataSourceAutoConfiguration'","serviceName":"tecnos-service"}
{"timestamp":"2024-11-25 00:38:38","thread":"main","level":"DEBUG","logger":"org.springframework.beans.factory.support.DefaultListableBeanFactory","message":"Creating shared instance of singleton bean 'loggingRebinder'","serviceName":"tecnos-service"}
{"timestamp":"2024-11-25 00:38:38","thread":"main","level":"DEBUG","logger":"org.springframework.beans.factory.support.DefaultListableBeanFactory","message":"Creating shared instance of singleton bean 'org.springframework.boot.autoconfigure.orm.jpa.JpaBaseConfiguration$PersistenceManagedTypesConfiguration'","serviceName":"tecnos-service"}
{"timestamp":"2024-11-25 00:38:38","thread":"main","level":"DEBUG","logger":"org.springframework.beans.factory.support.DefaultListableBeanFactory","message":"Creating shared instance of singleton bean 'transactionManager'","serviceName":"tecnos-service"}
{"timestamp":"2024-11-25 00:38:38","thread":"main","level":"DEBUG","logger":"org.springframework.beans.factory.support.DefaultListableBeanFactory","message":"Creating shared instance of singleton bean 'platformTransactionManagerCustomizers'","serviceName":"tecnos-service"}
{"timestamp":"2024-11-25 00:38:38","thread":"main","level":"DEBUG","logger":"org.springframework.beans.factory.support.DefaultListableBeanFactory","message":"Creating shared instance of singleton bean 'org.springframework.boot.autoconfigure.transaction.TransactionAutoConfiguration'","serviceName":"tecnos-service"}
{"timestamp":"2024-11-25 00:38:38","thread":"main","level":"DEBUG","logger":"org.springframework.beans.factory.support.DefaultListableBeanFactory","message":"Creating shared instance of singleton bean 'spring.transaction-org.springframework.boot.autoconfigure.transaction.TransactionProperties'","serviceName":"tecnos-service"}
{"timestamp":"2024-11-25 00:38:38","thread":"main","level":"DEBUG","logger":"org.springframework.beans.factory.support.DefaultListableBeanFactory","message":"Creating shared instance of singleton bean 'org.springframework.boot.autoconfigure.orm.jpa.HibernateJpaAutoConfiguration'","serviceName":"tecnos-service"}
{"timestamp":"2024-11-25 00:38:38","thread":"main","level":"DEBUG","logger":"org.springframework.beans.factory.support.DefaultListableBeanFactory","message":"Creating shared instance of singleton bean 'org.springframework.boot.actuate.autoconfigure.web.servlet.ServletManagementContextAutoConfiguration'","serviceName":"tecnos-service"}
{"timestamp":"2024-11-25 00:38:38","thread":"main","level":"DEBUG","logger":"org.springframework.beans.factory.support.DefaultListableBeanFactory","message":"Creating shared instance of singleton bean 'servletWebChildContextFactory'","serviceName":"tecnos-service"}
{"timestamp":"2024-11-25 00:38:38","thread":"main","level":"DEBUG","logger":"org.springframework.beans.factory.support.DefaultListableBeanFactory","message":"Creating shared instance of singleton bean 'managementServletContext'","serviceName":"tecnos-service"}
{"timestamp":"2024-11-25 00:38:38","thread":"main","level":"DEBUG","logger":"org.springframework.beans.factory.support.DefaultListableBeanFactory","message":"Creating shared instance of singleton bean 'management.endpoints.web-org.springframework.boot.actuate.autoconfigure.endpoint.web.WebEndpointProperties'","serviceName":"tecnos-service"}
{"timestamp":"2024-11-25 00:38:38","thread":"main","level":"DEBUG","logger":"org.springframework.beans.factory.support.DefaultListableBeanFactory","message":"Autowiring by type from bean name 'managementServletContext' via factory method to bean named 'management.endpoints.web-org.springframework.boot.actuate.autoconfigure.endpoint.web.WebEndpointProperties'","serviceName":"tecnos-service"}
{"timestamp":"2024-11-25 00:38:38","thread":"main","level":"DEBUG","logger":"org.springframework.beans.factory.support.DefaultListableBeanFactory","message":"Creating shared instance of singleton bean 'org.springframework.boot.actuate.autoconfigure.health.HealthEndpointConfiguration'","serviceName":"tecnos-service"}
{"timestamp":"2024-11-25 00:38:38","thread":"main","level":"DEBUG","logger":"org.springframework.beans.factory.support.DefaultListableBeanFactory","message":"Creating shared instance of singleton bean 'healthStatusAggregator'","serviceName":"tecnos-service"}
{"timestamp":"2024-11-25 00:38:38","thread":"main","level":"DEBUG","logger":"org.springframework.beans.factory.support.DefaultListableBeanFactory","message":"Creating shared instance of singleton bean 'management.endpoint.health-org.springframework.boot.actuate.autoconfigure.health.HealthEndpointProperties'","serviceName":"tecnos-service"}
{"timestamp":"2024-11-25 00:38:38","thread":"main","level":"DEBUG","logger":"org.springframework.beans.factory.support.DefaultListableBeanFactory","message":"Autowiring by type from bean name 'healthStatusAggregator' via factory method to bean named 'management.endpoint.health-org.springframework.boot.actuate.autoconfigure.health.HealthEndpointProperties'","serviceName":"tecnos-service"}
{"timestamp":"2024-11-25 00:38:38","thread":"main","level":"DEBUG","logger":"org.springframework.beans.factory.support.DefaultListableBeanFactory","message":"Creating shared instance of singleton bean 'healthHttpCodeStatusMapper'","serviceName":"tecnos-service"}
{"timestamp":"2024-11-25 00:38:38","thread":"main","level":"DEBUG","logger":"org.springframework.beans.factory.support.DefaultListableBeanFactory","message":"Autowiring by type from bean name 'healthHttpCodeStatusMapper' via factory method to bean named 'management.endpoint.health-org.springframework.boot.actuate.autoconfigure.health.HealthEndpointProperties'","serviceName":"tecnos-service"}
{"timestamp":"2024-11-25 00:38:38","thread":"main","level":"DEBUG","logger":"org.springframework.beans.factory.support.DefaultListableBeanFactory","message":"Creating shared instance of singleton bean 'healthEndpointGroups'","serviceName":"tecnos-service"}
{"timestamp":"2024-11-25 00:38:38","thread":"main","level":"DEBUG","logger":"org.springframework.beans.factory.support.DefaultListableBeanFactory","message":"Autowiring by type from bean name 'healthEndpointGroups' via factory method to bean named 'org.springframework.web.context.support.GenericWebApplicationContext@75fa1be3'","serviceName":"tecnos-service"}
{"timestamp":"2024-11-25 00:38:38","thread":"main","level":"DEBUG","logger":"org.springframework.beans.factory.support.DefaultListableBeanFactory","message":"Autowiring by type from bean name 'healthEndpointGroups' via factory method to bean named 'management.endpoint.health-org.springframework.boot.actuate.autoconfigure.health.HealthEndpointProperties'","serviceName":"tecnos-service"}
{"timestamp":"2024-11-25 00:38:38","thread":"main","level":"DEBUG","logger":"org.springframework.beans.factory.support.DefaultListableBeanFactory","message":"Creating shared instance of singleton bean 'healthContributorRegistry'","serviceName":"tecnos-service"}
{"timestamp":"2024-11-25 00:38:38","thread":"main","level":"DEBUG","logger":"org.springframework.beans.factory.support.DefaultListableBeanFactory","message":"Creating shared instance of singleton bean 'diskSpaceHealthIndicator'","serviceName":"tecnos-service"}
{"timestamp":"2024-11-25 00:38:38","thread":"main","level":"DEBUG","logger":"org.springframework.beans.factory.support.DefaultListableBeanFactory","message":"Creating shared instance of singleton bean 'org.springframework.boot.actuate.autoconfigure.system.DiskSpaceHealthContributorAutoConfiguration'","serviceName":"tecnos-service"}
{"timestamp":"2024-11-25 00:38:38","thread":"main","level":"DEBUG","logger":"org.springframework.beans.factory.support.DefaultListableBeanFactory","message":"Creating shared instance of singleton bean 'management.health.diskspace-org.springframework.boot.actuate.autoconfigure.system.DiskSpaceHealthIndicatorProperties'","serviceName":"tecnos-service"}
{"timestamp":"2024-11-25 00:38:38","thread":"main","level":"DEBUG","logger":"org.springframework.beans.factory.support.DefaultListableBeanFactory","message":"Autowiring by type from bean name 'diskSpaceHealthIndicator' via factory method to bean named 'management.health.diskspace-org.springframework.boot.actuate.autoconfigure.system.DiskSpaceHealthIndicatorProperties'","serviceName":"tecnos-service"}
{"timestamp":"2024-11-25 00:38:38","thread":"main","level":"DEBUG","logger":"org.springframework.beans.factory.support.DefaultListableBeanFactory","message":"Creating shared instance of singleton bean 'pingHealthContributor'","serviceName":"tecnos-service"}
{"timestamp":"2024-11-25 00:38:38","thread":"main","level":"DEBUG","logger":"org.springframework.beans.factory.support.DefaultListableBeanFactory","message":"Creating shared instance of singleton bean 'org.springframework.boot.actuate.autoconfigure.health.HealthContributorAutoConfiguration'","serviceName":"tecnos-service"}
{"timestamp":"2024-11-25 00:38:38","thread":"main","level":"DEBUG","logger":"org.springframework.beans.factory.support.DefaultListableBeanFactory","message":"Creating shared instance of singleton bean 'dbHealthContributor'","serviceName":"tecnos-service"}
{"timestamp":"2024-11-25 00:38:38","thread":"main","level":"DEBUG","logger":"org.springframework.beans.factory.support.DefaultListableBeanFactory","message":"Creating shared instance of singleton bean 'org.springframework.boot.actuate.autoconfigure.jdbc.DataSourceHealthContributorAutoConfiguration'","serviceName":"tecnos-service"}
{"timestamp":"2024-11-25 00:38:38","thread":"main","level":"DEBUG","logger":"org.springframework.beans.factory.support.DefaultListableBeanFactory","message":"Creating shared instance of singleton bean 'management.health.db-org.springframework.boot.actuate.autoconfigure.jdbc.DataSourceHealthIndicatorProperties'","serviceName":"tecnos-service"}
{"timestamp":"2024-11-25 00:38:38","thread":"main","level":"DEBUG","logger":"org.springframework.beans.factory.support.DefaultListableBeanFactory","message":"Autowiring by type from bean name 'dbHealthContributor' via factory method to bean named 'dataSource'","serviceName":"tecnos-service"}
{"timestamp":"2024-11-25 00:38:38","thread":"main","level":"DEBUG","logger":"org.springframework.beans.factory.support.DefaultListableBeanFactory","message":"Autowiring by type from bean name 'dbHealthContributor' via factory method to bean named 'management.health.db-org.springframework.boot.actuate.autoconfigure.jdbc.DataSourceHealthIndicatorProperties'","serviceName":"tecnos-service"}
{"timestamp":"2024-11-25 00:38:39","thread":"main","level":"DEBUG","logger":"org.springframework.beans.factory.support.DefaultListableBeanFactory","message":"Creating shared instance of singleton bean 'refreshScopeHealthIndicator'","serviceName":"tecnos-service"}
{"timestamp":"2024-11-25 00:38:39","thread":"main","level":"DEBUG","logger":"org.springframework.beans.factory.support.DefaultListableBeanFactory","message":"Creating shared instance of singleton bean 'org.springframework.cloud.autoconfigure.RefreshEndpointAutoConfiguration'","serviceName":"tecnos-service"}
{"timestamp":"2024-11-25 00:38:39","thread":"main","level":"DEBUG","logger":"org.springframework.beans.factory.support.DefaultListableBeanFactory","message":"Creating shared instance of singleton bean 'configurationPropertiesRebinder'","serviceName":"tecnos-service"}
{"timestamp":"2024-11-25 00:38:39","thread":"main","level":"DEBUG","logger":"org.springframework.beans.factory.support.DefaultListableBeanFactory","message":"Creating shared instance of singleton bean 'org.springframework.cloud.autoconfigure.ConfigurationPropertiesRebinderAutoConfiguration'","serviceName":"tecnos-service"}
{"timestamp":"2024-11-25 00:38:39","thread":"main","level":"DEBUG","logger":"org.springframework.beans.factory.support.DefaultListableBeanFactory","message":"Autowiring by type from bean name 'configurationPropertiesRebinder' via factory method to bean named 'configurationPropertiesBeans'","serviceName":"tecnos-service"}
{"timestamp":"2024-11-25 00:38:39","thread":"main","level":"DEBUG","logger":"org.springframework.beans.factory.support.DefaultListableBeanFactory","message":"Autowiring by type from bean name 'refreshScopeHealthIndicator' via factory method to bean named 'configurationPropertiesRebinder'","serviceName":"tecnos-service"}
{"timestamp":"2024-11-25 00:38:39","thread":"main","level":"DEBUG","logger":"org.springframework.beans.factory.support.DefaultListableBeanFactory","message":"Creating shared instance of singleton bean 'discoveryCompositeHealthContributor'","serviceName":"tecnos-service"}
{"timestamp":"2024-11-25 00:38:39","thread":"main","level":"DEBUG","logger":"org.springframework.beans.factory.support.DefaultListableBeanFactory","message":"Creating shared instance of singleton bean 'org.springframework.cloud.client.CommonsClientAutoConfiguration$DiscoveryLoadBalancerConfiguration'","serviceName":"tecnos-service"}
{"timestamp":"2024-11-25 00:38:39","thread":"main","level":"DEBUG","logger":"org.springframework.beans.factory.support.DefaultListableBeanFactory","message":"Creating shared instance of singleton bean 'discoveryClientHealthIndicator'","serviceName":"tecnos-service"}
{"timestamp":"2024-11-25 00:38:39","thread":"main","level":"DEBUG","logger":"org.springframework.beans.factory.support.DefaultListableBeanFactory","message":"Creating shared instance of singleton bean 'spring.cloud.discovery.client.health-indicator-org.springframework.cloud.client.discovery.health.DiscoveryClientHealthIndicatorProperties'","serviceName":"tecnos-service"}
{"timestamp":"2024-11-25 00:38:39","thread":"main","level":"DEBUG","logger":"org.springframework.beans.factory.support.DefaultListableBeanFactory","message":"Autowiring by type from bean name 'discoveryClientHealthIndicator' via factory method to bean named 'spring.cloud.discovery.client.health-indicator-org.springframework.cloud.client.discovery.health.DiscoveryClientHealthIndicatorProperties'","serviceName":"tecnos-service"}
{"timestamp":"2024-11-25 00:38:39","thread":"main","level":"DEBUG","logger":"org.springframework.beans.factory.support.DefaultListableBeanFactory","message":"Autowiring by type from bean name 'discoveryCompositeHealthContributor' via factory method to bean named 'discoveryClientHealthIndicator'","serviceName":"tecnos-service"}
{"timestamp":"2024-11-25 00:38:39","thread":"main","level":"DEBUG","logger":"org.springframework.beans.factory.support.DefaultListableBeanFactory","message":"Autowiring by type from bean name 'healthContributorRegistry' via factory method to bean named 'org.springframework.web.context.support.GenericWebApplicationContext@75fa1be3'","serviceName":"tecnos-service"}
{"timestamp":"2024-11-25 00:38:39","thread":"main","level":"DEBUG","logger":"org.springframework.beans.factory.support.DefaultListableBeanFactory","message":"Autowiring by type from bean name 'healthContributorRegistry' via factory method to bean named 'healthEndpointGroups'","serviceName":"tecnos-service"}
{"timestamp":"2024-11-25 00:38:39","thread":"main","level":"DEBUG","logger":"org.springframework.beans.factory.support.DefaultListableBeanFactory","message":"Autowiring by type from bean name 'healthContributorRegistry' via factory method to bean named 'diskSpaceHealthIndicator'","serviceName":"tecnos-service"}
{"timestamp":"2024-11-25 00:38:39","thread":"main","level":"DEBUG","logger":"org.springframework.beans.factory.support.DefaultListableBeanFactory","message":"Autowiring by type from bean name 'healthContributorRegistry' via factory method to bean named 'pingHealthContributor'","serviceName":"tecnos-service"}
{"timestamp":"2024-11-25 00:38:39","thread":"main","level":"DEBUG","logger":"org.springframework.beans.factory.support.DefaultListableBeanFactory","message":"Autowiring by type from bean name 'healthContributorRegistry' via factory method to bean named 'dbHealthContributor'","serviceName":"tecnos-service"}
{"timestamp":"2024-11-25 00:38:39","thread":"main","level":"DEBUG","logger":"org.springframework.beans.factory.support.DefaultListableBeanFactory","message":"Autowiring by type from bean name 'healthContributorRegistry' via factory method to bean named 'refreshScopeHealthIndicator'","serviceName":"tecnos-service"}
{"timestamp":"2024-11-25 00:38:39","thread":"main","level":"DEBUG","logger":"org.springframework.beans.factory.support.DefaultListableBeanFactory","message":"Autowiring by type from bean name 'healthContributorRegistry' via factory method to bean named 'discoveryCompositeHealthContributor'","serviceName":"tecnos-service"}
{"timestamp":"2024-11-25 00:38:39","thread":"main","level":"DEBUG","logger":"org.springframework.beans.factory.support.DefaultListableBeanFactory","message":"Creating shared instance of singleton bean 'healthEndpointGroupMembershipValidator'","serviceName":"tecnos-service"}
{"timestamp":"2024-11-25 00:38:39","thread":"main","level":"DEBUG","logger":"org.springframework.beans.factory.support.DefaultListableBeanFactory","message":"Autowiring by type from bean name 'healthEndpointGroupMembershipValidator' via factory method to bean named 'management.endpoint.health-org.springframework.boot.actuate.autoconfigure.health.HealthEndpointProperties'","serviceName":"tecnos-service"}
{"timestamp":"2024-11-25 00:38:39","thread":"main","level":"DEBUG","logger":"org.springframework.beans.factory.support.DefaultListableBeanFactory","message":"Autowiring by type from bean name 'healthEndpointGroupMembershipValidator' via factory method to bean named 'healthContributorRegistry'","serviceName":"tecnos-service"}
{"timestamp":"2024-11-25 00:38:39","thread":"main","level":"DEBUG","logger":"org.springframework.beans.factory.support.DefaultListableBeanFactory","message":"Creating shared instance of singleton bean 'healthEndpoint'","serviceName":"tecnos-service"}
{"timestamp":"2024-11-25 00:38:39","thread":"main","level":"DEBUG","logger":"org.springframework.beans.factory.support.DefaultListableBeanFactory","message":"Autowiring by type from bean name 'healthEndpoint' via factory method to bean named 'healthContributorRegistry'","serviceName":"tecnos-service"}
{"timestamp":"2024-11-25 00:38:39","thread":"main","level":"DEBUG","logger":"org.springframework.beans.factory.support.DefaultListableBeanFactory","message":"Autowiring by type from bean name 'healthEndpoint' via factory method to bean named 'healthEndpointGroups'","serviceName":"tecnos-service"}
{"timestamp":"2024-11-25 00:38:39","thread":"main","level":"DEBUG","logger":"org.springframework.beans.factory.support.DefaultListableBeanFactory","message":"Autowiring by type from bean name 'healthEndpoint' via factory method to bean named 'management.endpoint.health-org.springframework.boot.actuate.autoconfigure.health.HealthEndpointProperties'","serviceName":"tecnos-service"}
{"timestamp":"2024-11-25 00:38:39","thread":"main","level":"DEBUG","logger":"org.springframework.beans.factory.support.DefaultListableBeanFactory","message":"Creating shared instance of singleton bean 'org.springframework.boot.actuate.autoconfigure.health.HealthEndpointWebExtensionConfiguration$MvcAdditionalHealthEndpointPathsConfiguration'","serviceName":"tecnos-service"}
{"timestamp":"2024-11-25 00:38:39","thread":"main","level":"DEBUG","logger":"org.springframework.beans.factory.support.DefaultListableBeanFactory","message":"Creating shared instance of singleton bean 'healthEndpointWebMvcHandlerMapping'","serviceName":"tecnos-service"}
{"timestamp":"2024-11-25 00:38:39","thread":"main","level":"DEBUG","logger":"org.springframework.beans.factory.support.DefaultListableBeanFactory","message":"Creating shared instance of singleton bean 'webEndpointDiscoverer'","serviceName":"tecnos-service"}
{"timestamp":"2024-11-25 00:38:39","thread":"main","level":"DEBUG","logger":"org.springframework.beans.factory.support.DefaultListableBeanFactory","message":"Creating shared instance of singleton bean 'org.springframework.boot.actuate.autoconfigure.endpoint.web.WebEndpointAutoConfiguration'","serviceName":"tecnos-service"}
{"timestamp":"2024-11-25 00:38:39","thread":"main","level":"DEBUG","logger":"org.springframework.beans.factory.support.DefaultListableBeanFactory","message":"Autowiring by type from bean name 'org.springframework.boot.actuate.autoconfigure.endpoint.web.WebEndpointAutoConfiguration' via constructor to bean named 'org.springframework.web.context.support.GenericWebApplicationContext@75fa1be3'","serviceName":"tecnos-service"}
{"timestamp":"2024-11-25 00:38:39","thread":"main","level":"DEBUG","logger":"org.springframework.beans.factory.support.DefaultListableBeanFactory","message":"Autowiring by type from bean name 'org.springframework.boot.actuate.autoconfigure.endpoint.web.WebEndpointAutoConfiguration' via constructor to bean named 'management.endpoints.web-org.springframework.boot.actuate.autoconfigure.endpoint.web.WebEndpointProperties'","serviceName":"tecnos-service"}
{"timestamp":"2024-11-25 00:38:39","thread":"main","level":"DEBUG","logger":"org.springframework.beans.factory.support.DefaultListableBeanFactory","message":"Creating shared instance of singleton bean 'endpointOperationParameterMapper'","serviceName":"tecnos-service"}
{"timestamp":"2024-11-25 00:38:39","thread":"main","level":"DEBUG","logger":"org.springframework.beans.factory.support.DefaultListableBeanFactory","message":"Creating shared instance of singleton bean 'org.springframework.boot.actuate.autoconfigure.endpoint.EndpointAutoConfiguration'","serviceName":"tecnos-service"}
{"timestamp":"2024-11-25 00:38:39","thread":"main","level":"DEBUG","logger":"org.springframework.beans.factory.support.DefaultListableBeanFactory","message":"Creating shared instance of singleton bean 'endpointMediaTypes'","serviceName":"tecnos-service"}
{"timestamp":"2024-11-25 00:38:39","thread":"main","level":"DEBUG","logger":"org.springframework.beans.factory.support.DefaultListableBeanFactory","message":"Autowiring by type from bean name 'webEndpointDiscoverer' via factory method to bean named 'endpointOperationParameterMapper'","serviceName":"tecnos-service"}
{"timestamp":"2024-11-25 00:38:39","thread":"main","level":"DEBUG","logger":"org.springframework.beans.factory.support.DefaultListableBeanFactory","message":"Autowiring by type from bean name 'webEndpointDiscoverer' via factory method to bean named 'endpointMediaTypes'","serviceName":"tecnos-service"}
{"timestamp":"2024-11-25 00:38:39","thread":"main","level":"DEBUG","logger":"org.springframework.beans.factory.support.DefaultListableBeanFactory","message":"Creating shared instance of singleton bean 'webEndpointPathMapper'","serviceName":"tecnos-service"}
{"timestamp":"2024-11-25 00:38:39","thread":"main","level":"DEBUG","logger":"org.springframework.beans.factory.support.DefaultListableBeanFactory","message":"Creating shared instance of singleton bean 'endpointCachingOperationInvokerAdvisor'","serviceName":"tecnos-service"}
{"timestamp":"2024-11-25 00:38:39","thread":"main","level":"DEBUG","logger":"org.springframework.beans.factory.support.DefaultListableBeanFactory","message":"Autowiring by type from bean name 'endpointCachingOperationInvokerAdvisor' via factory method to bean named 'environment'","serviceName":"tecnos-service"}
{"timestamp":"2024-11-25 00:38:39","thread":"main","level":"DEBUG","logger":"org.springframework.beans.factory.support.DefaultListableBeanFactory","message":"Creating shared instance of singleton bean 'webExposeExcludePropertyEndpointFilter'","serviceName":"tecnos-service"}
{"timestamp":"2024-11-25 00:38:39","thread":"main","level":"DEBUG","logger":"org.springframework.beans.factory.support.DefaultListableBeanFactory","message":"Autowiring by type from bean name 'healthEndpointWebMvcHandlerMapping' via factory method to bean named 'webEndpointDiscoverer'","serviceName":"tecnos-service"}
{"timestamp":"2024-11-25 00:38:39","thread":"main","level":"DEBUG","logger":"org.springframework.beans.factory.support.DefaultListableBeanFactory","message":"Autowiring by type from bean name 'healthEndpointWebMvcHandlerMapping' via factory method to bean named 'healthEndpointGroups'","serviceName":"tecnos-service"}
{"timestamp":"2024-11-25 00:38:39","thread":"main","level":"DEBUG","logger":"org.springframework.beans.factory.support.DefaultListableBeanFactory","message":"Creating shared instance of singleton bean 'healthEndpointWebExtension'","serviceName":"tecnos-service"}
{"timestamp":"2024-11-25 00:38:39","thread":"main","level":"DEBUG","logger":"org.springframework.beans.factory.support.DefaultListableBeanFactory","message":"Creating shared instance of singleton bean 'org.springframework.boot.actuate.autoconfigure.health.HealthEndpointWebExtensionConfiguration'","serviceName":"tecnos-service"}
{"timestamp":"2024-11-25 00:38:39","thread":"main","level":"DEBUG","logger":"org.springframework.beans.factory.support.DefaultListableBeanFactory","message":"Autowiring by type from bean name 'healthEndpointWebExtension' via factory method to bean named 'healthContributorRegistry'","serviceName":"tecnos-service"}
{"timestamp":"2024-11-25 00:38:39","thread":"main","level":"DEBUG","logger":"org.springframework.beans.factory.support.DefaultListableBeanFactory","message":"Autowiring by type from bean name 'healthEndpointWebExtension' via factory method to bean named 'healthEndpointGroups'","serviceName":"tecnos-service"}
{"timestamp":"2024-11-25 00:38:39","thread":"main","level":"DEBUG","logger":"org.springframework.beans.factory.support.DefaultListableBeanFactory","message":"Autowiring by type from bean name 'healthEndpointWebExtension' via factory method to bean named 'management.endpoint.health-org.springframework.boot.actuate.autoconfigure.health.HealthEndpointProperties'","serviceName":"tecnos-service"}
{"timestamp":"2024-11-25 00:38:39","thread":"main","level":"DEBUG","logger":"org.springframework.beans.factory.support.DefaultListableBeanFactory","message":"Creating shared instance of singleton bean 'org.springframework.boot.actuate.autoconfigure.health.HealthEndpointAutoConfiguration'","serviceName":"tecnos-service"}
{"timestamp":"2024-11-25 00:38:39","thread":"main","level":"DEBUG","logger":"org.springframework.beans.factory.support.DefaultListableBeanFactory","message":"Creating shared instance of singleton bean 'org.springframework.boot.autoconfigure.info.ProjectInfoAutoConfiguration'","serviceName":"tecnos-service"}
{"timestamp":"2024-11-25 00:38:39","thread":"main","level":"DEBUG","logger":"org.springframework.beans.factory.support.DefaultListableBeanFactory","message":"Creating shared instance of singleton bean 'spring.info-org.springframework.boot.autoconfigure.info.ProjectInfoProperties'","serviceName":"tecnos-service"}
{"timestamp":"2024-11-25 00:38:39","thread":"main","level":"DEBUG","logger":"org.springframework.beans.factory.support.DefaultListableBeanFactory","message":"Autowiring by type from bean name 'org.springframework.boot.autoconfigure.info.ProjectInfoAutoConfiguration' via constructor to bean named 'spring.info-org.springframework.boot.autoconfigure.info.ProjectInfoProperties'","serviceName":"tecnos-service"}
{"timestamp":"2024-11-25 00:38:39","thread":"main","level":"DEBUG","logger":"org.springframework.beans.factory.support.DefaultListableBeanFactory","message":"Creating shared instance of singleton bean 'org.springframework.boot.actuate.autoconfigure.info.InfoContributorAutoConfiguration'","serviceName":"tecnos-service"}
{"timestamp":"2024-11-25 00:38:39","thread":"main","level":"DEBUG","logger":"org.springframework.beans.factory.support.DefaultListableBeanFactory","message":"Creating shared instance of singleton bean 'management.info-org.springframework.boot.actuate.autoconfigure.info.InfoContributorProperties'","serviceName":"tecnos-service"}
{"timestamp":"2024-11-25 00:38:39","thread":"main","level":"DEBUG","logger":"org.springframework.beans.factory.support.DefaultListableBeanFactory","message":"Creating shared instance of singleton bean 'org.springframework.boot.actuate.autoconfigure.endpoint.web.WebEndpointAutoConfiguration$WebEndpointServletConfiguration'","serviceName":"tecnos-service"}
{"timestamp":"2024-11-25 00:38:39","thread":"main","level":"DEBUG","logger":"org.springframework.beans.factory.support.DefaultListableBeanFactory","message":"Creating shared instance of singleton bean 'servletEndpointDiscoverer'","serviceName":"tecnos-service"}
{"timestamp":"2024-11-25 00:38:39","thread":"main","level":"DEBUG","logger":"org.springframework.beans.factory.support.DefaultListableBeanFactory","message":"Autowiring by type from bean name 'servletEndpointDiscoverer' via factory method to bean named 'org.springframework.web.context.support.GenericWebApplicationContext@75fa1be3'","serviceName":"tecnos-service"}
{"timestamp":"2024-11-25 00:38:39","thread":"main","level":"DEBUG","logger":"org.springframework.beans.factory.support.DefaultListableBeanFactory","message":"Creating shared instance of singleton bean 'servletExposeExcludePropertyEndpointFilter'","serviceName":"tecnos-service"}
{"timestamp":"2024-11-25 00:38:39","thread":"main","level":"DEBUG","logger":"org.springframework.beans.factory.support.DefaultListableBeanFactory","message":"Creating shared instance of singleton bean 'org.springframework.boot.actuate.autoconfigure.endpoint.web.ServletEndpointManagementContextConfiguration'","serviceName":"tecnos-service"}
{"timestamp":"2024-11-25 00:38:39","thread":"main","level":"DEBUG","logger":"org.springframework.beans.factory.support.DefaultListableBeanFactory","message":"Autowiring by type from bean name 'servletExposeExcludePropertyEndpointFilter' via factory method to bean named 'management.endpoints.web-org.springframework.boot.actuate.autoconfigure.endpoint.web.WebEndpointProperties'","serviceName":"tecnos-service"}
{"timestamp":"2024-11-25 00:38:39","thread":"main","level":"DEBUG","logger":"org.springframework.beans.factory.support.DefaultListableBeanFactory","message":"Creating shared instance of singleton bean 'controllerEndpointDiscoverer'","serviceName":"tecnos-service"}
{"timestamp":"2024-11-25 00:38:39","thread":"main","level":"DEBUG","logger":"org.springframework.beans.factory.support.DefaultListableBeanFactory","message":"Creating shared instance of singleton bean 'controllerExposeExcludePropertyEndpointFilter'","serviceName":"tecnos-service"}
{"timestamp":"2024-11-25 00:38:39","thread":"main","level":"DEBUG","logger":"org.springframework.beans.factory.support.DefaultListableBeanFactory","message":"Creating shared instance of singleton bean 'pathMappedEndpoints'","serviceName":"tecnos-service"}
{"timestamp":"2024-11-25 00:38:39","thread":"main","level":"DEBUG","logger":"org.springframework.beans.factory.support.DefaultListableBeanFactory","message":"Autowiring by type from bean name 'pathMappedEndpoints' via factory method to bean named 'servletEndpointDiscoverer'","serviceName":"tecnos-service"}
{"timestamp":"2024-11-25 00:38:39","thread":"main","level":"DEBUG","logger":"org.springframework.beans.factory.support.DefaultListableBeanFactory","message":"Autowiring by type from bean name 'pathMappedEndpoints' via factory method to bean named 'webEndpointDiscoverer'","serviceName":"tecnos-service"}
{"timestamp":"2024-11-25 00:38:39","thread":"main","level":"DEBUG","logger":"org.springframework.beans.factory.support.DefaultListableBeanFactory","message":"Autowiring by type from bean name 'pathMappedEndpoints' via factory method to bean named 'controllerEndpointDiscoverer'","serviceName":"tecnos-service"}
{"timestamp":"2024-11-25 00:38:39","thread":"main","level":"DEBUG","logger":"org.springframework.beans.factory.support.DefaultListableBeanFactory","message":"Creating shared instance of singleton bean 'org.springframework.cloud.autoconfigure.LifecycleMvcEndpointAutoConfiguration'","serviceName":"tecnos-service"}
{"timestamp":"2024-11-25 00:38:39","thread":"main","level":"DEBUG","logger":"org.springframework.beans.factory.support.DefaultListableBeanFactory","message":"Creating shared instance of singleton bean 'environmentManager'","serviceName":"tecnos-service"}
{"timestamp":"2024-11-25 00:38:39","thread":"main","level":"DEBUG","logger":"org.springframework.beans.factory.support.DefaultListableBeanFactory","message":"Autowiring by type from bean name 'environmentManager' via factory method to bean named 'environment'","serviceName":"tecnos-service"}
{"timestamp":"2024-11-25 00:38:39","thread":"main","level":"DEBUG","logger":"org.springframework.beans.factory.support.DefaultListableBeanFactory","message":"Creating shared instance of singleton bean 'org.springframework.boot.actuate.autoconfigure.metrics.CompositeMeterRegistryAutoConfiguration'","serviceName":"tecnos-service"}
{"timestamp":"2024-11-25 00:38:39","thread":"main","level":"DEBUG","logger":"org.springframework.beans.factory.support.DefaultListableBeanFactory","message":"Creating shared instance of singleton bean 'org.springframework.boot.actuate.autoconfigure.metrics.JvmMetricsAutoConfiguration'","serviceName":"tecnos-service"}
{"timestamp":"2024-11-25 00:38:39","thread":"main","level":"DEBUG","logger":"org.springframework.beans.factory.support.DefaultListableBeanFactory","message":"Creating shared instance of singleton bean 'jvmGcMetrics'","serviceName":"tecnos-service"}
{"timestamp":"2024-11-25 00:38:39","thread":"main","level":"DEBUG","logger":"io.micrometer.common.util.internal.logging.InternalLoggerFactory","message":"Using SLF4J as the default logging framework","serviceName":"tecnos-service"}
{"timestamp":"2024-11-25 00:38:39","thread":"main","level":"DEBUG","logger":"org.springframework.beans.factory.support.DefaultListableBeanFactory","message":"Creating shared instance of singleton bean 'jvmHeapPressureMetrics'","serviceName":"tecnos-service"}
{"timestamp":"2024-11-25 00:38:39","thread":"main","level":"DEBUG","logger":"org.springframework.beans.factory.support.DefaultListableBeanFactory","message":"Creating shared instance of singleton bean 'jvmMemoryMetrics'","serviceName":"tecnos-service"}
{"timestamp":"2024-11-25 00:38:39","thread":"main","level":"DEBUG","logger":"org.springframework.beans.factory.support.DefaultListableBeanFactory","message":"Creating shared instance of singleton bean 'jvmThreadMetrics'","serviceName":"tecnos-service"}
{"timestamp":"2024-11-25 00:38:39","thread":"main","level":"DEBUG","logger":"org.springframework.beans.factory.support.DefaultListableBeanFactory","message":"Creating shared instance of singleton bean 'classLoaderMetrics'","serviceName":"tecnos-service"}
{"timestamp":"2024-11-25 00:38:39","thread":"main","level":"DEBUG","logger":"org.springframework.beans.factory.support.DefaultListableBeanFactory","message":"Creating shared instance of singleton bean 'jvmInfoMetrics'","serviceName":"tecnos-service"}
{"timestamp":"2024-11-25 00:38:39","thread":"main","level":"DEBUG","logger":"org.springframework.beans.factory.support.DefaultListableBeanFactory","message":"Creating shared instance of singleton bean 'jvmCompilationMetrics'","serviceName":"tecnos-service"}
{"timestamp":"2024-11-25 00:38:39","thread":"main","level":"DEBUG","logger":"org.springframework.beans.factory.support.DefaultListableBeanFactory","message":"Creating shared instance of singleton bean 'org.springframework.boot.actuate.autoconfigure.metrics.LogbackMetricsAutoConfiguration'","serviceName":"tecnos-service"}
{"timestamp":"2024-11-25 00:38:39","thread":"main","level":"DEBUG","logger":"org.springframework.beans.factory.support.DefaultListableBeanFactory","message":"Creating shared instance of singleton bean 'logbackMetrics'","serviceName":"tecnos-service"}
{"timestamp":"2024-11-25 00:38:39","thread":"main","level":"DEBUG","logger":"org.springframework.beans.factory.support.DefaultListableBeanFactory","message":"Creating shared instance of singleton bean 'org.springframework.boot.actuate.autoconfigure.metrics.SystemMetricsAutoConfiguration'","serviceName":"tecnos-service"}
{"timestamp":"2024-11-25 00:38:39","thread":"main","level":"DEBUG","logger":"org.springframework.beans.factory.support.DefaultListableBeanFactory","message":"Creating shared instance of singleton bean 'uptimeMetrics'","serviceName":"tecnos-service"}
{"timestamp":"2024-11-25 00:38:39","thread":"main","level":"DEBUG","logger":"org.springframework.beans.factory.support.DefaultListableBeanFactory","message":"Creating shared instance of singleton bean 'processorMetrics'","serviceName":"tecnos-service"}
{"timestamp":"2024-11-25 00:38:39","thread":"main","level":"DEBUG","logger":"org.springframework.beans.factory.support.DefaultListableBeanFactory","message":"Creating shared instance of singleton bean 'fileDescriptorMetrics'","serviceName":"tecnos-service"}
{"timestamp":"2024-11-25 00:38:39","thread":"main","level":"DEBUG","logger":"org.springframework.beans.factory.support.DefaultListableBeanFactory","message":"Creating shared instance of singleton bean 'diskSpaceMetrics'","serviceName":"tecnos-service"}
{"timestamp":"2024-11-25 00:38:39","thread":"main","level":"DEBUG","logger":"org.springframework.beans.factory.support.DefaultListableBeanFactory","message":"Autowiring by type from bean name 'diskSpaceMetrics' via factory method to bean named 'management.metrics-org.springframework.boot.actuate.autoconfigure.metrics.MetricsProperties'","serviceName":"tecnos-service"}
{"timestamp":"2024-11-25 00:38:39","thread":"main","level":"DEBUG","logger":"org.springframework.beans.factory.support.DefaultListableBeanFactory","message":"Creating shared instance of singleton bean 'org.springframework.boot.actuate.autoconfigure.metrics.integration.IntegrationMetricsAutoConfiguration'","serviceName":"tecnos-service"}
{"timestamp":"2024-11-25 00:38:39","thread":"main","level":"DEBUG","logger":"org.springframework.beans.factory.support.DefaultListableBeanFactory","message":"Creating shared instance of singleton bean 'org.springframework.boot.actuate.autoconfigure.metrics.jdbc.DataSourcePoolMetricsAutoConfiguration$HikariDataSourceMetricsConfiguration'","serviceName":"tecnos-service"}
{"timestamp":"2024-11-25 00:38:39","thread":"main","level":"DEBUG","logger":"org.springframework.beans.factory.support.DefaultListableBeanFactory","message":"Creating shared instance of singleton bean 'hikariDataSourceMeterBinder'","serviceName":"tecnos-service"}
{"timestamp":"2024-11-25 00:38:39","thread":"main","level":"DEBUG","logger":"org.springframework.beans.factory.support.DefaultListableBeanFactory","message":"Creating shared instance of singleton bean 'org.springframework.boot.actuate.autoconfigure.metrics.jdbc.DataSourcePoolMetricsAutoConfiguration$DataSourcePoolMetadataMetricsConfiguration'","serviceName":"tecnos-service"}
{"timestamp":"2024-11-25 00:38:39","thread":"main","level":"DEBUG","logger":"org.springframework.beans.factory.support.DefaultListableBeanFactory","message":"Creating shared instance of singleton bean 'dataSourcePoolMetadataMeterBinder'","serviceName":"tecnos-service"}
{"timestamp":"2024-11-25 00:38:39","thread":"main","level":"DEBUG","logger":"org.springframework.beans.factory.support.DefaultListableBeanFactory","message":"Autowiring by type from bean name 'dataSourcePoolMetadataMeterBinder' via factory method to bean named 'dataSource'","serviceName":"tecnos-service"}
{"timestamp":"2024-11-25 00:38:39","thread":"main","level":"DEBUG","logger":"org.springframework.beans.factory.support.DefaultListableBeanFactory","message":"Creating shared instance of singleton bean 'org.springframework.boot.actuate.autoconfigure.metrics.jdbc.DataSourcePoolMetricsAutoConfiguration'","serviceName":"tecnos-service"}
{"timestamp":"2024-11-25 00:38:39","thread":"main","level":"DEBUG","logger":"org.springframework.beans.factory.support.DefaultListableBeanFactory","message":"Creating shared instance of singleton bean 'org.springframework.boot.autoconfigure.task.TaskSchedulingAutoConfiguration'","serviceName":"tecnos-service"}
{"timestamp":"2024-11-25 00:38:39","thread":"main","level":"DEBUG","logger":"org.springframework.beans.factory.support.DefaultListableBeanFactory","message":"Creating shared instance of singleton bean 'taskSchedulerBuilder'","serviceName":"tecnos-service"}
{"timestamp":"2024-11-25 00:38:39","thread":"main","level":"DEBUG","logger":"org.springframework.beans.factory.support.DefaultListableBeanFactory","message":"Creating shared instance of singleton bean 'spring.task.scheduling-org.springframework.boot.autoconfigure.task.TaskSchedulingProperties'","serviceName":"tecnos-service"}
{"timestamp":"2024-11-25 00:38:39","thread":"main","level":"DEBUG","logger":"org.springframework.beans.factory.support.DefaultListableBeanFactory","message":"Autowiring by type from bean name 'taskSchedulerBuilder' via factory method to bean named 'spring.task.scheduling-org.springframework.boot.autoconfigure.task.TaskSchedulingProperties'","serviceName":"tecnos-service"}
{"timestamp":"2024-11-25 00:38:39","thread":"main","level":"DEBUG","logger":"org.springframework.beans.factory.support.DefaultListableBeanFactory","message":"Creating shared instance of singleton bean 'org.springframework.boot.actuate.autoconfigure.metrics.task.TaskExecutorMetricsAutoConfiguration'","serviceName":"tecnos-service"}
{"timestamp":"2024-11-25 00:38:39","thread":"main","level":"DEBUG","logger":"org.springframework.beans.factory.support.DefaultListableBeanFactory","message":"Creating shared instance of singleton bean 'org.springframework.boot.actuate.autoconfigure.metrics.web.tomcat.TomcatMetricsAutoConfiguration'","serviceName":"tecnos-service"}
{"timestamp":"2024-11-25 00:38:39","thread":"main","level":"DEBUG","logger":"org.springframework.beans.factory.support.DefaultListableBeanFactory","message":"Creating shared instance of singleton bean 'tomcatMetricsBinder'","serviceName":"tecnos-service"}
{"timestamp":"2024-11-25 00:38:39","thread":"main","level":"DEBUG","logger":"org.springframework.beans.factory.support.DefaultListableBeanFactory","message":"Autowiring by type from bean name 'tomcatMetricsBinder' via factory method to bean named 'simpleMeterRegistry'","serviceName":"tecnos-service"}
{"timestamp":"2024-11-25 00:38:39","thread":"main","level":"DEBUG","logger":"org.springframework.beans.factory.support.DefaultListableBeanFactory","message":"Creating shared instance of singleton bean 'org.springframework.boot.actuate.autoconfigure.observation.ObservationAutoConfiguration$MeterObservationHandlerConfiguration'","serviceName":"tecnos-service"}
{"timestamp":"2024-11-25 00:38:39","thread":"main","level":"DEBUG","logger":"org.springframework.beans.factory.support.DefaultListableBeanFactory","message":"Creating shared instance of singleton bean 'org.springframework.boot.autoconfigure.http.JacksonHttpMessageConvertersConfiguration'","serviceName":"tecnos-service"}
{"timestamp":"2024-11-25 00:38:39","thread":"main","level":"DEBUG","logger":"org.springframework.beans.factory.support.DefaultListableBeanFactory","message":"Creating shared instance of singleton bean 'org.springframework.boot.autoconfigure.web.client.RestTemplateAutoConfiguration'","serviceName":"tecnos-service"}
{"timestamp":"2024-11-25 00:38:39","thread":"main","level":"DEBUG","logger":"org.springframework.beans.factory.support.DefaultListableBeanFactory","message":"Creating shared instance of singleton bean 'org.springframework.boot.actuate.autoconfigure.observation.web.client.RestTemplateObservationConfiguration'","serviceName":"tecnos-service"}
{"timestamp":"2024-11-25 00:38:39","thread":"main","level":"DEBUG","logger":"org.springframework.beans.factory.support.DefaultListableBeanFactory","message":"Creating shared instance of singleton bean 'observationRestTemplateCustomizer'","serviceName":"tecnos-service"}
{"timestamp":"2024-11-25 00:38:39","thread":"main","level":"DEBUG","logger":"org.springframework.beans.factory.support.DefaultListableBeanFactory","message":"Autowiring by type from bean name 'observationRestTemplateCustomizer' via factory method to bean named 'observationRegistry'","serviceName":"tecnos-service"}
{"timestamp":"2024-11-25 00:38:39","thread":"main","level":"DEBUG","logger":"org.springframework.beans.factory.support.DefaultListableBeanFactory","message":"Autowiring by type from bean name 'observationRestTemplateCustomizer' via factory method to bean named 'management.observations-org.springframework.boot.actuate.autoconfigure.observation.ObservationProperties'","serviceName":"tecnos-service"}
{"timestamp":"2024-11-25 00:38:39","thread":"main","level":"DEBUG","logger":"org.springframework.beans.factory.support.DefaultListableBeanFactory","message":"Autowiring by type from bean name 'observationRestTemplateCustomizer' via factory method to bean named 'management.metrics-org.springframework.boot.actuate.autoconfigure.metrics.MetricsProperties'","serviceName":"tecnos-service"}
{"timestamp":"2024-11-25 00:38:39","thread":"main","level":"DEBUG","logger":"org.springframework.beans.factory.support.DefaultListableBeanFactory","message":"Creating shared instance of singleton bean 'org.springframework.boot.actuate.autoconfigure.observation.web.client.HttpClientObservationsAutoConfiguration'","serviceName":"tecnos-service"}
{"timestamp":"2024-11-25 00:38:39","thread":"main","level":"DEBUG","logger":"org.springframework.beans.factory.support.DefaultListableBeanFactory","message":"Creating shared instance of singleton bean 'org.springframework.boot.actuate.autoconfigure.observation.web.servlet.WebMvcObservationAutoConfiguration'","serviceName":"tecnos-service"}
{"timestamp":"2024-11-25 00:38:39","thread":"main","level":"DEBUG","logger":"org.springframework.beans.factory.support.DefaultListableBeanFactory","message":"Autowiring by type from bean name 'org.springframework.boot.actuate.autoconfigure.observation.web.servlet.WebMvcObservationAutoConfiguration' via constructor to bean named 'management.observations-org.springframework.boot.actuate.autoconfigure.observation.ObservationProperties'","serviceName":"tecnos-service"}
{"timestamp":"2024-11-25 00:38:39","thread":"main","level":"DEBUG","logger":"org.springframework.beans.factory.support.DefaultListableBeanFactory","message":"Autowiring by type from bean name 'org.springframework.boot.actuate.autoconfigure.observation.web.servlet.WebMvcObservationAutoConfiguration' via constructor to bean named 'management.metrics-org.springframework.boot.actuate.autoconfigure.metrics.MetricsProperties'","serviceName":"tecnos-service"}
{"timestamp":"2024-11-25 00:38:39","thread":"main","level":"DEBUG","logger":"org.springframework.beans.factory.support.DefaultListableBeanFactory","message":"Creating shared instance of singleton bean 'webMvcObservationFilter'","serviceName":"tecnos-service"}
{"timestamp":"2024-11-25 00:38:39","thread":"main","level":"DEBUG","logger":"org.springframework.beans.factory.support.DefaultListableBeanFactory","message":"Autowiring by type from bean name 'webMvcObservationFilter' via factory method to bean named 'observationRegistry'","serviceName":"tecnos-service"}
{"timestamp":"2024-11-25 00:38:39","thread":"main","level":"DEBUG","logger":"org.springframework.beans.factory.support.DefaultListableBeanFactory","message":"Creating shared instance of singleton bean 'org.springframework.boot.autoconfigure.aop.AopAutoConfiguration$AspectJAutoProxyingConfiguration$CglibAutoProxyConfiguration'","serviceName":"tecnos-service"}
{"timestamp":"2024-11-25 00:38:39","thread":"main","level":"DEBUG","logger":"org.springframework.beans.factory.support.DefaultListableBeanFactory","message":"Creating shared instance of singleton bean 'org.springframework.boot.autoconfigure.aop.AopAutoConfiguration$AspectJAutoProxyingConfiguration'","serviceName":"tecnos-service"}
{"timestamp":"2024-11-25 00:38:39","thread":"main","level":"DEBUG","logger":"org.springframework.beans.factory.support.DefaultListableBeanFactory","message":"Creating shared instance of singleton bean 'org.springframework.boot.autoconfigure.aop.AopAutoConfiguration'","serviceName":"tecnos-service"}
{"timestamp":"2024-11-25 00:38:39","thread":"main","level":"DEBUG","logger":"org.springframework.beans.factory.support.DefaultListableBeanFactory","message":"Creating shared instance of singleton bean 'org.springframework.boot.autoconfigure.context.ConfigurationPropertiesAutoConfiguration'","serviceName":"tecnos-service"}
{"timestamp":"2024-11-25 00:38:39","thread":"main","level":"DEBUG","logger":"org.springframework.beans.factory.support.DefaultListableBeanFactory","message":"Creating shared instance of singleton bean 'org.springframework.boot.autoconfigure.context.LifecycleAutoConfiguration'","serviceName":"tecnos-service"}
{"timestamp":"2024-11-25 00:38:39","thread":"main","level":"DEBUG","logger":"org.springframework.beans.factory.support.DefaultListableBeanFactory","message":"Creating shared instance of singleton bean 'lifecycleProcessor'","serviceName":"tecnos-service"}
{"timestamp":"2024-11-25 00:38:39","thread":"main","level":"DEBUG","logger":"org.springframework.beans.factory.support.DefaultListableBeanFactory","message":"Creating shared instance of singleton bean 'spring.lifecycle-org.springframework.boot.autoconfigure.context.LifecycleProperties'","serviceName":"tecnos-service"}
{"timestamp":"2024-11-25 00:38:39","thread":"main","level":"DEBUG","logger":"org.springframework.beans.factory.support.DefaultListableBeanFactory","message":"Autowiring by type from bean name 'lifecycleProcessor' via factory method to bean named 'spring.lifecycle-org.springframework.boot.autoconfigure.context.LifecycleProperties'","serviceName":"tecnos-service"}
{"timestamp":"2024-11-25 00:38:39","thread":"main","level":"DEBUG","logger":"org.springframework.beans.factory.support.DefaultListableBeanFactory","message":"Creating shared instance of singleton bean 'org.springframework.boot.autoconfigure.dao.PersistenceExceptionTranslationAutoConfiguration'","serviceName":"tecnos-service"}
{"timestamp":"2024-11-25 00:38:39","thread":"main","level":"DEBUG","logger":"org.springframework.beans.factory.support.DefaultListableBeanFactory","message":"Creating shared instance of singleton bean 'org.springframework.boot.autoconfigure.data.jpa.JpaRepositoriesAutoConfiguration'","serviceName":"tecnos-service"}
{"timestamp":"2024-11-25 00:38:39","thread":"main","level":"DEBUG","logger":"org.springframework.beans.factory.support.DefaultListableBeanFactory","message":"Creating shared instance of singleton bean 'org.springframework.data.jpa.util.JpaMetamodelCacheCleanup'","serviceName":"tecnos-service"}
{"timestamp":"2024-11-25 00:38:39","thread":"main","level":"DEBUG","logger":"org.springframework.beans.factory.support.DefaultListableBeanFactory","message":"Creating shared instance of singleton bean 'org.springframework.data.jpa.repository.support.JpaEvaluationContextExtension'","serviceName":"tecnos-service"}
{"timestamp":"2024-11-25 00:38:39","thread":"main","level":"DEBUG","logger":"org.springframework.beans.factory.support.DefaultListableBeanFactory","message":"Creating shared instance of singleton bean 'data-jpa.repository-aot-processor#0'","serviceName":"tecnos-service"}
{"timestamp":"2024-11-25 00:38:39","thread":"main","level":"DEBUG","logger":"org.springframework.beans.factory.support.DefaultListableBeanFactory","message":"Creating shared instance of singleton bean 'org.springframework.data.web.config.ProjectingArgumentResolverRegistrar'","serviceName":"tecnos-service"}
{"timestamp":"2024-11-25 00:38:39","thread":"main","level":"DEBUG","logger":"org.springframework.beans.factory.support.DefaultListableBeanFactory","message":"Creating shared instance of singleton bean 'org.springframework.boot.autoconfigure.jdbc.JdbcTemplateConfiguration'","serviceName":"tecnos-service"}
{"timestamp":"2024-11-25 00:38:39","thread":"main","level":"DEBUG","logger":"org.springframework.beans.factory.support.DefaultListableBeanFactory","message":"Creating shared instance of singleton bean 'jdbcTemplate'","serviceName":"tecnos-service"}
{"timestamp":"2024-11-25 00:38:39","thread":"main","level":"DEBUG","logger":"org.springframework.beans.factory.support.DefaultListableBeanFactory","message":"Creating shared instance of singleton bean 'spring.jdbc-org.springframework.boot.autoconfigure.jdbc.JdbcProperties'","serviceName":"tecnos-service"}
{"timestamp":"2024-11-25 00:38:39","thread":"main","level":"DEBUG","logger":"org.springframework.beans.factory.support.DefaultListableBeanFactory","message":"Autowiring by type from bean name 'jdbcTemplate' via factory method to bean named 'dataSource'","serviceName":"tecnos-service"}
{"timestamp":"2024-11-25 00:38:39","thread":"main","level":"DEBUG","logger":"org.springframework.beans.factory.support.DefaultListableBeanFactory","message":"Autowiring by type from bean name 'jdbcTemplate' via factory method to bean named 'spring.jdbc-org.springframework.boot.autoconfigure.jdbc.JdbcProperties'","serviceName":"tecnos-service"}
{"timestamp":"2024-11-25 00:38:39","thread":"main","level":"DEBUG","logger":"org.springframework.beans.factory.support.DefaultListableBeanFactory","message":"Creating shared instance of singleton bean 'org.springframework.boot.autoconfigure.jdbc.NamedParameterJdbcTemplateConfiguration'","serviceName":"tecnos-service"}
{"timestamp":"2024-11-25 00:38:39","thread":"main","level":"DEBUG","logger":"org.springframework.beans.factory.support.DefaultListableBeanFactory","message":"Creating shared instance of singleton bean 'namedParameterJdbcTemplate'","serviceName":"tecnos-service"}
{"timestamp":"2024-11-25 00:38:39","thread":"main","level":"DEBUG","logger":"org.springframework.beans.factory.support.DefaultListableBeanFactory","message":"Autowiring by type from bean name 'namedParameterJdbcTemplate' via factory method to bean named 'jdbcTemplate'","serviceName":"tecnos-service"}
{"timestamp":"2024-11-25 00:38:39","thread":"main","level":"DEBUG","logger":"org.springframework.beans.factory.support.DefaultListableBeanFactory","message":"Creating shared instance of singleton bean 'org.springframework.boot.autoconfigure.jdbc.JdbcTemplateAutoConfiguration'","serviceName":"tecnos-service"}
{"timestamp":"2024-11-25 00:38:39","thread":"main","level":"DEBUG","logger":"org.springframework.beans.factory.support.DefaultListableBeanFactory","message":"Creating shared instance of singleton bean 'org.springframework.boot.autoconfigure.security.servlet.SpringBootWebSecurityConfiguration'","serviceName":"tecnos-service"}
{"timestamp":"2024-11-25 00:38:39","thread":"main","level":"DEBUG","logger":"org.springframework.beans.factory.support.DefaultListableBeanFactory","message":"Creating shared instance of singleton bean 'spring.security-org.springframework.boot.autoconfigure.security.SecurityProperties'","serviceName":"tecnos-service"}
{"timestamp":"2024-11-25 00:38:39","thread":"main","level":"DEBUG","logger":"org.springframework.beans.factory.support.DefaultListableBeanFactory","message":"Creating shared instance of singleton bean 'org.springframework.boot.autoconfigure.security.servlet.SecurityFilterAutoConfiguration'","serviceName":"tecnos-service"}
{"timestamp":"2024-11-25 00:38:39","thread":"main","level":"DEBUG","logger":"org.springframework.beans.factory.support.DefaultListableBeanFactory","message":"Creating shared instance of singleton bean 'securityFilterChainRegistration'","serviceName":"tecnos-service"}
{"timestamp":"2024-11-25 00:38:39","thread":"main","level":"DEBUG","logger":"org.springframework.beans.factory.support.DefaultListableBeanFactory","message":"Autowiring by type from bean name 'securityFilterChainRegistration' via factory method to bean named 'spring.security-org.springframework.boot.autoconfigure.security.SecurityProperties'","serviceName":"tecnos-service"}
{"timestamp":"2024-11-25 00:38:39","thread":"main","level":"DEBUG","logger":"org.springframework.beans.factory.support.DefaultListableBeanFactory","message":"Creating shared instance of singleton bean 'org.springframework.boot.autoconfigure.sql.init.SqlInitializationAutoConfiguration'","serviceName":"tecnos-service"}
{"timestamp":"2024-11-25 00:38:39","thread":"main","level":"DEBUG","logger":"org.springframework.beans.factory.support.DefaultListableBeanFactory","message":"Creating shared instance of singleton bean 'org.springframework.boot.autoconfigure.jdbc.DataSourceTransactionManagerAutoConfiguration$JdbcTransactionManagerConfiguration'","serviceName":"tecnos-service"}
{"timestamp":"2024-11-25 00:38:39","thread":"main","level":"DEBUG","logger":"org.springframework.beans.factory.support.DefaultListableBeanFactory","message":"Creating shared instance of singleton bean 'org.springframework.boot.autoconfigure.jdbc.DataSourceTransactionManagerAutoConfiguration'","serviceName":"tecnos-service"}
{"timestamp":"2024-11-25 00:38:39","thread":"main","level":"DEBUG","logger":"org.springframework.beans.factory.support.DefaultListableBeanFactory","message":"Creating shared instance of singleton bean 'org.springframework.boot.autoconfigure.transaction.TransactionAutoConfiguration$EnableTransactionManagementConfiguration$CglibAutoProxyConfiguration'","serviceName":"tecnos-service"}
{"timestamp":"2024-11-25 00:38:39","thread":"main","level":"DEBUG","logger":"org.springframework.beans.factory.support.DefaultListableBeanFactory","message":"Creating shared instance of singleton bean 'org.springframework.boot.autoconfigure.transaction.TransactionAutoConfiguration$EnableTransactionManagementConfiguration'","serviceName":"tecnos-service"}
{"timestamp":"2024-11-25 00:38:39","thread":"main","level":"DEBUG","logger":"org.springframework.beans.factory.support.DefaultListableBeanFactory","message":"Creating shared instance of singleton bean 'org.springframework.boot.autoconfigure.transaction.TransactionAutoConfiguration$TransactionTemplateConfiguration'","serviceName":"tecnos-service"}
{"timestamp":"2024-11-25 00:38:39","thread":"main","level":"DEBUG","logger":"org.springframework.beans.factory.support.DefaultListableBeanFactory","message":"Creating shared instance of singleton bean 'transactionTemplate'","serviceName":"tecnos-service"}
{"timestamp":"2024-11-25 00:38:39","thread":"main","level":"DEBUG","logger":"org.springframework.beans.factory.support.DefaultListableBeanFactory","message":"Autowiring by type from bean name 'transactionTemplate' via factory method to bean named 'transactionManager'","serviceName":"tecnos-service"}
{"timestamp":"2024-11-25 00:38:39","thread":"main","level":"DEBUG","logger":"org.springframework.beans.factory.support.DefaultListableBeanFactory","message":"Creating shared instance of singleton bean 'characterEncodingFilter'","serviceName":"tecnos-service"}
{"timestamp":"2024-11-25 00:38:39","thread":"main","level":"DEBUG","logger":"org.springframework.beans.factory.support.DefaultListableBeanFactory","message":"Creating shared instance of singleton bean 'multipartResolver'","serviceName":"tecnos-service"}
{"timestamp":"2024-11-25 00:38:39","thread":"main","level":"DEBUG","logger":"org.springframework.beans.factory.support.DefaultListableBeanFactory","message":"Creating shared instance of singleton bean 'org.springframework.cloud.autoconfigure.RefreshEndpointAutoConfiguration$RefreshEndpointConfiguration'","serviceName":"tecnos-service"}
{"timestamp":"2024-11-25 00:38:39","thread":"main","level":"DEBUG","logger":"org.springframework.beans.factory.support.DefaultListableBeanFactory","message":"Creating shared instance of singleton bean 'org.springframework.cloud.autoconfigure.RestartEndpointWithoutIntegrationConfiguration'","serviceName":"tecnos-service"}
{"timestamp":"2024-11-25 00:38:39","thread":"main","level":"DEBUG","logger":"org.springframework.beans.factory.support.DefaultListableBeanFactory","message":"Creating shared instance of singleton bean 'org.springframework.cloud.autoconfigure.PauseResumeEndpointsConfiguration'","serviceName":"tecnos-service"}
{"timestamp":"2024-11-25 00:38:39","thread":"main","level":"DEBUG","logger":"org.springframework.beans.factory.support.DefaultListableBeanFactory","message":"Creating shared instance of singleton bean 'org.springframework.cloud.client.discovery.composite.CompositeDiscoveryClientAutoConfiguration'","serviceName":"tecnos-service"}
{"timestamp":"2024-11-25 00:38:39","thread":"main","level":"DEBUG","logger":"org.springframework.beans.factory.support.DefaultListableBeanFactory","message":"Creating shared instance of singleton bean 'compositeDiscoveryClient'","serviceName":"tecnos-service"}
{"timestamp":"2024-11-25 00:38:39","thread":"main","level":"DEBUG","logger":"org.springframework.beans.factory.support.DefaultListableBeanFactory","message":"Creating shared instance of singleton bean 'simpleDiscoveryClient'","serviceName":"tecnos-service"}
{"timestamp":"2024-11-25 00:38:39","thread":"main","level":"DEBUG","logger":"org.springframework.beans.factory.support.DefaultListableBeanFactory","message":"Creating shared instance of singleton bean 'org.springframework.cloud.client.discovery.simple.SimpleDiscoveryClientAutoConfiguration'","serviceName":"tecnos-service"}
{"timestamp":"2024-11-25 00:38:39","thread":"main","level":"DEBUG","logger":"org.springframework.beans.factory.support.DefaultListableBeanFactory","message":"Creating shared instance of singleton bean 'inetUtils'","serviceName":"tecnos-service"}
{"timestamp":"2024-11-25 00:38:39","thread":"main","level":"DEBUG","logger":"org.springframework.beans.factory.support.DefaultListableBeanFactory","message":"Creating shared instance of singleton bean 'org.springframework.cloud.commons.util.UtilAutoConfiguration'","serviceName":"tecnos-service"}
{"timestamp":"2024-11-25 00:38:39","thread":"main","level":"DEBUG","logger":"org.springframework.beans.factory.support.DefaultListableBeanFactory","message":"Creating shared instance of singleton bean 'inetUtilsProperties'","serviceName":"tecnos-service"}
{"timestamp":"2024-11-25 00:38:39","thread":"main","level":"DEBUG","logger":"org.springframework.beans.factory.support.DefaultListableBeanFactory","message":"Autowiring by type from bean name 'inetUtils' via factory method to bean named 'inetUtilsProperties'","serviceName":"tecnos-service"}
{"timestamp":"2024-11-25 00:38:39","thread":"main","level":"DEBUG","logger":"org.springframework.beans.factory.support.DefaultListableBeanFactory","message":"Creating shared instance of singleton bean 'simpleDiscoveryProperties'","serviceName":"tecnos-service"}
{"timestamp":"2024-11-25 00:38:39","thread":"main","level":"DEBUG","logger":"org.springframework.core.env.PropertySourcesPropertyResolver","message":"Found key 'spring.application.name' in PropertySource 'environmentProperties' with value of type String","serviceName":"tecnos-service"}
{"timestamp":"2024-11-25 00:38:39","thread":"main","level":"DEBUG","logger":"org.springframework.beans.factory.support.DefaultListableBeanFactory","message":"Autowiring by type from bean name 'simpleDiscoveryClient' via factory method to bean named 'simpleDiscoveryProperties'","serviceName":"tecnos-service"}
{"timestamp":"2024-11-25 00:38:39","thread":"main","level":"DEBUG","logger":"org.springframework.beans.factory.support.DefaultListableBeanFactory","message":"Autowiring by type from bean name 'compositeDiscoveryClient' via factory method to bean named 'simpleDiscoveryClient'","serviceName":"tecnos-service"}
{"timestamp":"2024-11-25 00:38:39","thread":"main","level":"DEBUG","logger":"org.springframework.beans.factory.support.DefaultListableBeanFactory","message":"Creating shared instance of singleton bean 'org.springframework.cloud.client.CommonsClientAutoConfiguration$ActuatorConfiguration'","serviceName":"tecnos-service"}
{"timestamp":"2024-11-25 00:38:39","thread":"main","level":"DEBUG","logger":"org.springframework.beans.factory.support.DefaultListableBeanFactory","message":"Creating shared instance of singleton bean 'springCloudCommonsFeatures'","serviceName":"tecnos-service"}
{"timestamp":"2024-11-25 00:38:39","thread":"main","level":"DEBUG","logger":"org.springframework.beans.factory.support.DefaultListableBeanFactory","message":"Creating shared instance of singleton bean 'feignFeature'","serviceName":"tecnos-service"}
{"timestamp":"2024-11-25 00:38:39","thread":"main","level":"DEBUG","logger":"org.springframework.beans.factory.support.DefaultListableBeanFactory","message":"Creating shared instance of singleton bean 'org.springframework.cloud.client.CommonsClientAutoConfiguration'","serviceName":"tecnos-service"}
{"timestamp":"2024-11-25 00:38:39","thread":"main","level":"DEBUG","logger":"org.springframework.beans.factory.support.DefaultListableBeanFactory","message":"Creating shared instance of singleton bean 'org.springframework.cloud.client.ReactiveCommonsClientAutoConfiguration'","serviceName":"tecnos-service"}
{"timestamp":"2024-11-25 00:38:39","thread":"main","level":"DEBUG","logger":"org.springframework.beans.factory.support.DefaultListableBeanFactory","message":"Creating shared instance of singleton bean 'org.springframework.cloud.client.serviceregistry.AutoServiceRegistrationConfiguration'","serviceName":"tecnos-service"}
{"timestamp":"2024-11-25 00:38:39","thread":"main","level":"DEBUG","logger":"org.springframework.beans.factory.support.DefaultListableBeanFactory","message":"Creating shared instance of singleton bean 'spring.cloud.service-registry.auto-registration-org.springframework.cloud.client.serviceregistry.AutoServiceRegistrationProperties'","serviceName":"tecnos-service"}
{"timestamp":"2024-11-25 00:38:39","thread":"main","level":"DEBUG","logger":"org.springframework.beans.factory.support.DefaultListableBeanFactory","message":"Creating shared instance of singleton bean 'org.springframework.cloud.client.serviceregistry.AutoServiceRegistrationAutoConfiguration'","serviceName":"tecnos-service"}
{"timestamp":"2024-11-25 00:38:39","thread":"main","level":"DEBUG","logger":"org.springframework.beans.factory.support.DefaultListableBeanFactory","message":"Creating shared instance of singleton bean 'org.springframework.cloud.client.serviceregistry.ServiceRegistryAutoConfiguration'","serviceName":"tecnos-service"}
{"timestamp":"2024-11-25 00:38:39","thread":"main","level":"DEBUG","logger":"org.springframework.beans.factory.support.DefaultListableBeanFactory","message":"Creating shared instance of singleton bean 'org.springframework.cloud.commons.security.ResourceServerTokenRelayAutoConfiguration'","serviceName":"tecnos-service"}
{"timestamp":"2024-11-25 00:38:39","thread":"main","level":"DEBUG","logger":"org.springframework.beans.factory.support.DefaultListableBeanFactory","message":"Creating shared instance of singleton bean 'org.springframework.cloud.configuration.CompatibilityVerifierAutoConfiguration'","serviceName":"tecnos-service"}
{"timestamp":"2024-11-25 00:38:39","thread":"main","level":"DEBUG","logger":"org.springframework.beans.factory.support.DefaultListableBeanFactory","message":"Creating shared instance of singleton bean 'compositeCompatibilityVerifier'","serviceName":"tecnos-service"}
{"timestamp":"2024-11-25 00:38:39","thread":"main","level":"DEBUG","logger":"org.springframework.beans.factory.support.DefaultListableBeanFactory","message":"Creating shared instance of singleton bean 'springBootVersionVerifier'","serviceName":"tecnos-service"}
{"timestamp":"2024-11-25 00:38:39","thread":"main","level":"DEBUG","logger":"org.springframework.beans.factory.support.DefaultListableBeanFactory","message":"Creating shared instance of singleton bean 'spring.cloud.compatibility-verifier-org.springframework.cloud.configuration.CompatibilityVerifierProperties'","serviceName":"tecnos-service"}
{"timestamp":"2024-11-25 00:38:39","thread":"main","level":"DEBUG","logger":"org.springframework.beans.factory.support.DefaultListableBeanFactory","message":"Autowiring by type from bean name 'springBootVersionVerifier' via factory method to bean named 'spring.cloud.compatibility-verifier-org.springframework.cloud.configuration.CompatibilityVerifierProperties'","serviceName":"tecnos-service"}
{"timestamp":"2024-11-25 00:38:39","thread":"main","level":"DEBUG","logger":"org.springframework.beans.factory.support.DefaultListableBeanFactory","message":"Creating shared instance of singleton bean 'sleuthPresentVerifier'","serviceName":"tecnos-service"}
{"timestamp":"2024-11-25 00:38:39","thread":"main","level":"DEBUG","logger":"org.springframework.beans.factory.support.DefaultListableBeanFactory","message":"Autowiring by type from bean name 'compositeCompatibilityVerifier' via factory method to bean named 'springBootVersionVerifier'","serviceName":"tecnos-service"}
{"timestamp":"2024-11-25 00:38:39","thread":"main","level":"DEBUG","logger":"org.springframework.beans.factory.support.DefaultListableBeanFactory","message":"Autowiring by type from bean name 'compositeCompatibilityVerifier' via factory method to bean named 'sleuthPresentVerifier'","serviceName":"tecnos-service"}
{"timestamp":"2024-11-25 00:38:39","thread":"main","level":"DEBUG","logger":"org.springframework.cloud.configuration.SpringBootVersionVerifier","message":"Version found in Boot manifest [3.1.3]","serviceName":"tecnos-service"}
{"timestamp":"2024-11-25 00:38:39","thread":"main","level":"DEBUG","logger":"org.springframework.cloud.configuration.SpringBootVersionVerifier","message":"Version found in Boot manifest [3.1.3]","serviceName":"tecnos-service"}
{"timestamp":"2024-11-25 00:38:39","thread":"main","level":"DEBUG","logger":"org.springframework.cloud.configuration.CompositeCompatibilityVerifier","message":"All conditions are passing","serviceName":"tecnos-service"}
{"timestamp":"2024-11-25 00:38:39","thread":"main","level":"DEBUG","logger":"org.springframework.beans.factory.support.DefaultListableBeanFactory","message":"Creating shared instance of singleton bean 'feignChildContextInitializer'","serviceName":"tecnos-service"}
{"timestamp":"2024-11-25 00:38:39","thread":"main","level":"DEBUG","logger":"org.springframework.beans.factory.support.DefaultListableBeanFactory","message":"Autowiring by type from bean name 'feignChildContextInitializer' via factory method to bean named 'org.springframework.web.context.support.GenericWebApplicationContext@75fa1be3'","serviceName":"tecnos-service"}
{"timestamp":"2024-11-25 00:38:39","thread":"main","level":"DEBUG","logger":"org.springframework.beans.factory.support.DefaultListableBeanFactory","message":"Autowiring by type from bean name 'feignChildContextInitializer' via factory method to bean named 'feignContext'","serviceName":"tecnos-service"}
{"timestamp":"2024-11-25 00:38:39","thread":"main","level":"DEBUG","logger":"org.springframework.beans.factory.support.DefaultListableBeanFactory","message":"Creating shared instance of singleton bean 'feignClientBeanFactoryInitializationCodeGenerator'","serviceName":"tecnos-service"}
{"timestamp":"2024-11-25 00:38:39","thread":"main","level":"DEBUG","logger":"org.springframework.beans.factory.support.DefaultListableBeanFactory","message":"Autowiring by type from bean name 'feignClientBeanFactoryInitializationCodeGenerator' via factory method to bean named 'org.springframework.web.context.support.GenericWebApplicationContext@75fa1be3'","serviceName":"tecnos-service"}
{"timestamp":"2024-11-25 00:38:39","thread":"main","level":"DEBUG","logger":"org.springframework.beans.factory.support.DefaultListableBeanFactory","message":"Autowiring by type from bean name 'feignClientBeanFactoryInitializationCodeGenerator' via factory method to bean named 'feignContext'","serviceName":"tecnos-service"}
{"timestamp":"2024-11-25 00:38:39","thread":"main","level":"DEBUG","logger":"org.springframework.beans.factory.support.DefaultListableBeanFactory","message":"Creating shared instance of singleton bean 'spring.cloud.openfeign.httpclient-org.springframework.cloud.openfeign.support.FeignHttpClientProperties'","serviceName":"tecnos-service"}
{"timestamp":"2024-11-25 00:38:39","thread":"main","level":"DEBUG","logger":"org.springframework.beans.factory.support.DefaultListableBeanFactory","message":"Creating shared instance of singleton bean 'org.springframework.boot.actuate.autoconfigure.endpoint.web.ServletEndpointManagementContextConfiguration$WebMvcServletEndpointManagementContextConfiguration'","serviceName":"tecnos-service"}
{"timestamp":"2024-11-25 00:38:39","thread":"main","level":"DEBUG","logger":"org.springframework.beans.factory.support.DefaultListableBeanFactory","message":"Creating shared instance of singleton bean 'servletEndpointRegistrar'","serviceName":"tecnos-service"}
{"timestamp":"2024-11-25 00:38:39","thread":"main","level":"DEBUG","logger":"org.springframework.beans.factory.support.DefaultListableBeanFactory","message":"Autowiring by type from bean name 'servletEndpointRegistrar' via factory method to bean named 'management.endpoints.web-org.springframework.boot.actuate.autoconfigure.endpoint.web.WebEndpointProperties'","serviceName":"tecnos-service"}
{"timestamp":"2024-11-25 00:38:39","thread":"main","level":"DEBUG","logger":"org.springframework.beans.factory.support.DefaultListableBeanFactory","message":"Autowiring by type from bean name 'servletEndpointRegistrar' via factory method to bean named 'servletEndpointDiscoverer'","serviceName":"tecnos-service"}
{"timestamp":"2024-11-25 00:38:39","thread":"main","level":"DEBUG","logger":"org.springframework.beans.factory.support.DefaultListableBeanFactory","message":"Autowiring by type from bean name 'servletEndpointRegistrar' via factory method to bean named 'dispatcherServletRegistration'","serviceName":"tecnos-service"}
{"timestamp":"2024-11-25 00:38:39","thread":"main","level":"DEBUG","logger":"org.springframework.beans.factory.support.DefaultListableBeanFactory","message":"Creating shared instance of singleton bean 'org.springframework.boot.actuate.autoconfigure.endpoint.web.servlet.WebMvcEndpointManagementContextConfiguration'","serviceName":"tecnos-service"}
{"timestamp":"2024-11-25 00:38:39","thread":"main","level":"DEBUG","logger":"org.springframework.beans.factory.support.DefaultListableBeanFactory","message":"Creating shared instance of singleton bean 'webEndpointServletHandlerMapping'","serviceName":"tecnos-service"}
{"timestamp":"2024-11-25 00:38:39","thread":"main","level":"DEBUG","logger":"org.springframework.beans.factory.support.DefaultListableBeanFactory","message":"Creating shared instance of singleton bean 'management.endpoints.web.cors-org.springframework.boot.actuate.autoconfigure.endpoint.web.CorsEndpointProperties'","serviceName":"tecnos-service"}
{"timestamp":"2024-11-25 00:38:39","thread":"main","level":"DEBUG","logger":"org.springframework.beans.factory.support.DefaultListableBeanFactory","message":"Autowiring by type from bean name 'webEndpointServletHandlerMapping' via factory method to bean named 'webEndpointDiscoverer'","serviceName":"tecnos-service"}
{"timestamp":"2024-11-25 00:38:39","thread":"main","level":"DEBUG","logger":"org.springframework.beans.factory.support.DefaultListableBeanFactory","message":"Autowiring by type from bean name 'webEndpointServletHandlerMapping' via factory method to bean named 'servletEndpointDiscoverer'","serviceName":"tecnos-service"}
{"timestamp":"2024-11-25 00:38:39","thread":"main","level":"DEBUG","logger":"org.springframework.beans.factory.support.DefaultListableBeanFactory","message":"Autowiring by type from bean name 'webEndpointServletHandlerMapping' via factory method to bean named 'controllerEndpointDiscoverer'","serviceName":"tecnos-service"}
{"timestamp":"2024-11-25 00:38:39","thread":"main","level":"DEBUG","logger":"org.springframework.beans.factory.support.DefaultListableBeanFactory","message":"Autowiring by type from bean name 'webEndpointServletHandlerMapping' via factory method to bean named 'endpointMediaTypes'","serviceName":"tecnos-service"}
{"timestamp":"2024-11-25 00:38:39","thread":"main","level":"DEBUG","logger":"org.springframework.beans.factory.support.DefaultListableBeanFactory","message":"Autowiring by type from bean name 'webEndpointServletHandlerMapping' via factory method to bean named 'management.endpoints.web.cors-org.springframework.boot.actuate.autoconfigure.endpoint.web.CorsEndpointProperties'","serviceName":"tecnos-service"}
{"timestamp":"2024-11-25 00:38:39","thread":"main","level":"DEBUG","logger":"org.springframework.beans.factory.support.DefaultListableBeanFactory","message":"Autowiring by type from bean name 'webEndpointServletHandlerMapping' via factory method to bean named 'management.endpoints.web-org.springframework.boot.actuate.autoconfigure.endpoint.web.WebEndpointProperties'","serviceName":"tecnos-service"}
{"timestamp":"2024-11-25 00:38:39","thread":"main","level":"DEBUG","logger":"org.springframework.beans.factory.support.DefaultListableBeanFactory","message":"Autowiring by type from bean name 'webEndpointServletHandlerMapping' via factory method to bean named 'environment'","serviceName":"tecnos-service"}
{"timestamp":"2024-11-25 00:38:39","thread":"main","level":"INFO","logger":"org.springframework.boot.actuate.endpoint.web.EndpointLinksResolver","message":"Exposing 1 endpoint(s) beneath base path '/actuator'","serviceName":"tecnos-service"}
{"timestamp":"2024-11-25 00:38:39","thread":"main","level":"DEBUG","logger":"org.springframework.beans.factory.support.DefaultListableBeanFactory","message":"Creating shared instance of singleton bean 'controllerEndpointHandlerMapping'","serviceName":"tecnos-service"}
{"timestamp":"2024-11-25 00:38:39","thread":"main","level":"DEBUG","logger":"org.springframework.beans.factory.support.DefaultListableBeanFactory","message":"Autowiring by type from bean name 'controllerEndpointHandlerMapping' via factory method to bean named 'controllerEndpointDiscoverer'","serviceName":"tecnos-service"}
{"timestamp":"2024-11-25 00:38:39","thread":"main","level":"DEBUG","logger":"org.springframework.beans.factory.support.DefaultListableBeanFactory","message":"Autowiring by type from bean name 'controllerEndpointHandlerMapping' via factory method to bean named 'management.endpoints.web.cors-org.springframework.boot.actuate.autoconfigure.endpoint.web.CorsEndpointProperties'","serviceName":"tecnos-service"}
{"timestamp":"2024-11-25 00:38:39","thread":"main","level":"DEBUG","logger":"org.springframework.beans.factory.support.DefaultListableBeanFactory","message":"Autowiring by type from bean name 'controllerEndpointHandlerMapping' via factory method to bean named 'management.endpoints.web-org.springframework.boot.actuate.autoconfigure.endpoint.web.WebEndpointProperties'","serviceName":"tecnos-service"}
{"timestamp":"2024-11-25 00:38:39","thread":"main","level":"DEBUG","logger":"org.springframework.beans.factory.support.DefaultListableBeanFactory","message":"Creating shared instance of singleton bean 'org.springframework.boot.actuate.autoconfigure.security.servlet.SecurityRequestMatchersManagementContextConfiguration$MvcRequestMatcherConfiguration'","serviceName":"tecnos-service"}
{"timestamp":"2024-11-25 00:38:39","thread":"main","level":"DEBUG","logger":"org.springframework.beans.factory.support.DefaultListableBeanFactory","message":"Creating shared instance of singleton bean 'requestMatcherProvider'","serviceName":"tecnos-service"}
{"timestamp":"2024-11-25 00:38:39","thread":"main","level":"DEBUG","logger":"org.springframework.beans.factory.support.DefaultListableBeanFactory","message":"Autowiring by type from bean name 'requestMatcherProvider' via factory method to bean named 'dispatcherServletRegistration'","serviceName":"tecnos-service"}
{"timestamp":"2024-11-25 00:38:39","thread":"main","level":"DEBUG","logger":"org.springframework.beans.factory.support.DefaultListableBeanFactory","message":"Creating shared instance of singleton bean 'org.springframework.boot.actuate.autoconfigure.security.servlet.SecurityRequestMatchersManagementContextConfiguration'","serviceName":"tecnos-service"}
{"timestamp":"2024-11-25 00:38:39","thread":"main","level":"DEBUG","logger":"org.springframework.beans.factory.support.DefaultListableBeanFactory","message":"Creating shared instance of singleton bean 'org.springframework.boot.actuate.autoconfigure.web.server.ManagementContextAutoConfiguration$SameManagementContextConfiguration$EnableSameManagementContextConfiguration'","serviceName":"tecnos-service"}
{"timestamp":"2024-11-25 00:38:39","thread":"main","level":"DEBUG","logger":"org.springframework.beans.factory.support.DefaultListableBeanFactory","message":"Creating shared instance of singleton bean 'org.springframework.boot.actuate.autoconfigure.web.server.ManagementContextAutoConfiguration$SameManagementContextConfiguration'","serviceName":"tecnos-service"}
{"timestamp":"2024-11-25 00:38:39","thread":"main","level":"DEBUG","logger":"org.springframework.beans.factory.support.DefaultListableBeanFactory","message":"Autowiring by type from bean name 'org.springframework.boot.actuate.autoconfigure.web.server.ManagementContextAutoConfiguration$SameManagementContextConfiguration' via constructor to bean named 'environment'","serviceName":"tecnos-service"}
{"timestamp":"2024-11-25 00:38:39","thread":"main","level":"DEBUG","logger":"org.springframework.beans.factory.support.DefaultListableBeanFactory","message":"Creating shared instance of singleton bean 'org.springframework.boot.actuate.autoconfigure.web.server.ManagementContextAutoConfiguration'","serviceName":"tecnos-service"}
{"timestamp":"2024-11-25 00:38:39","thread":"main","level":"DEBUG","logger":"org.springframework.beans.factory.support.DefaultListableBeanFactory","message":"Creating shared instance of singleton bean 'management.server-org.springframework.boot.actuate.autoconfigure.web.server.ManagementServerProperties'","serviceName":"tecnos-service"}
{"timestamp":"2024-11-25 00:38:39","thread":"main","level":"DEBUG","logger":"org.springframework.beans.factory.support.DefaultListableBeanFactory","message":"Creating shared instance of singleton bean 'noopTracer'","serviceName":"tecnos-service"}
{"timestamp":"2024-11-25 00:38:39","thread":"main","level":"DEBUG","logger":"org.springframework.context.event.EventListenerMethodProcessor","message":"1 @EventListener methods processed on bean 'authenticationFailureListener': {public void com.example.tecnosserver.system.jwt.AuthenticationFailureListener.onAuthenticationFailure(org.springframework.security.authentication.event.AuthenticationFailureBadCredentialsEvent)=@org.springframework.context.event.EventListener(classes={}, condition=\"\", id=\"\", value={})}","serviceName":"tecnos-service"}
{"timestamp":"2024-11-25 00:38:39","thread":"main","level":"DEBUG","logger":"org.springframework.context.event.EventListenerMethodProcessor","message":"1 @EventListener methods processed on bean 'authenticationSuccessListener': {public void com.example.tecnosserver.system.jwt.AuthenticationSuccessListener.onAuthenticationSuccess(org.springframework.security.authentication.event.AuthenticationSuccessEvent)=@org.springframework.context.event.EventListener(classes={}, condition=\"\", id=\"\", value={})}","serviceName":"tecnos-service"}
{"timestamp":"2024-11-25 00:38:39","thread":"main","level":"DEBUG","logger":"org.springframework.context.support.DefaultLifecycleProcessor","message":"Starting beans in phase -2147483647","serviceName":"tecnos-service"}
{"timestamp":"2024-11-25 00:38:39","thread":"main","level":"DEBUG","logger":"org.springframework.context.support.DefaultLifecycleProcessor","message":"Successfully started bean 'springBootLoggingLifecycle'","serviceName":"tecnos-service"}
{"timestamp":"2024-11-25 00:38:39","thread":"main","level":"DEBUG","logger":"org.springframework.boot.autoconfigure.logging.ConditionEvaluationReportLogger","message":"\r\n\r\n\r\n============================\r\nCONDITIONS EVALUATION REPORT\r\n============================\r\n\r\n\r\nPositive matches:\r\n-----------------\r\n\r\n   AopAutoConfiguration matched:\r\n      - @ConditionalOnProperty (spring.aop.auto=true) matched (OnPropertyCondition)\r\n\r\n   AopAutoConfiguration.AspectJAutoProxyingConfiguration matched:\r\n      - @ConditionalOnClass found required class 'org.aspectj.weaver.Advice' (OnClassCondition)\r\n\r\n   AopAutoConfiguration.AspectJAutoProxyingConfiguration.CglibAutoProxyConfiguration matched:\r\n      - @ConditionalOnProperty (spring.aop.proxy-target-class=true) matched (OnPropertyCondition)\r\n\r\n   ApplicationAvailabilityAutoConfiguration#applicationAvailability matched:\r\n      - @ConditionalOnMissingBean (types: org.springframework.boot.availability.ApplicationAvailability; SearchStrategy: all) did not find any beans (OnBeanCondition)\r\n\r\n   AutoServiceRegistrationAutoConfiguration matched:\r\n      - @ConditionalOnProperty (spring.cloud.service-registry.auto-registration.enabled) matched (OnPropertyCondition)\r\n\r\n   AutoServiceRegistrationConfiguration matched:\r\n      - @ConditionalOnProperty (spring.cloud.service-registry.auto-registration.enabled) matched (OnPropertyCondition)\r\n\r\n   CacheMeterBinderProvidersConfiguration matched:\r\n      - @ConditionalOnClass found required class 'io.micrometer.core.instrument.binder.MeterBinder' (OnClassCondition)\r\n\r\n   CommonsClientAutoConfiguration.ActuatorConfiguration matched:\r\n      - @ConditionalOnClass found required class 'org.springframework.boot.actuate.endpoint.annotation.Endpoint' (OnClassCondition)\r\n      - @ConditionalOnProperty (spring.cloud.features.enabled) matched (OnPropertyCondition)\r\n\r\n   CommonsClientAutoConfiguration.DiscoveryLoadBalancerConfiguration matched:\r\n      - @ConditionalOnClass found required class 'org.springframework.boot.actuate.health.HealthIndicator' (OnClassCondition)\r\n      - @ConditionalOnProperty (spring.cloud.discovery.enabled) matched; @ConditionalOnProperty (spring.cloud.discovery.blocking.enabled) matched (OnPropertyCondition)\r\n      - @ConditionalOnBean (types: org.springframework.cloud.client.discovery.DiscoveryClient; SearchStrategy: all) found beans 'simpleDiscoveryClient', 'compositeDiscoveryClient' (OnBeanCondition)\r\n\r\n   CommonsClientAutoConfiguration.DiscoveryLoadBalancerConfiguration#discoveryClientHealthIndicator matched:\r\n      - @ConditionalOnProperty (spring.cloud.discovery.client.health-indicator.enabled) matched (OnPropertyCondition)\r\n\r\n   CommonsClientAutoConfiguration.DiscoveryLoadBalancerConfiguration#discoveryCompositeHealthContributor matched:\r\n      - @ConditionalOnProperty (spring.cloud.discovery.client.composite-indicator.enabled) matched (OnPropertyCondition)\r\n      - @ConditionalOnBean (types: org.springframework.cloud.client.discovery.health.DiscoveryHealthIndicator; SearchStrategy: all) found bean 'discoveryClientHealthIndicator' (OnBeanCondition)\r\n\r\n   CompatibilityVerifierAutoConfiguration matched:\r\n      - @ConditionalOnProperty (spring.cloud.compatibility-verifier.enabled) matched (OnPropertyCondition)\r\n\r\n   CompositeMeterRegistryAutoConfiguration matched:\r\n      - @ConditionalOnClass found required class 'io.micrometer.core.instrument.composite.CompositeMeterRegistry' (OnClassCondition)\r\n\r\n   ConfigurationPropertiesRebinderAutoConfiguration matched:\r\n      - @ConditionalOnBean (types: org.springframework.boot.context.properties.ConfigurationPropertiesBindingPostProcessor; SearchStrategy: all) found bean 'org.springframework.boot.context.properties.ConfigurationPropertiesBindingPostProcessor' (OnBeanCondition)\r\n\r\n   ConfigurationPropertiesRebinderAutoConfiguration#configurationPropertiesBeans matched:\r\n      - @ConditionalOnMissingBean (types: org.springframework.cloud.context.properties.ConfigurationPropertiesBeans; SearchStrategy: current) did not find any beans (OnBeanCondition)\r\n\r\n   ConfigurationPropertiesRebinderAutoConfiguration#configurationPropertiesRebinder matched:\r\n      - @ConditionalOnMissingBean (types: org.springframework.cloud.context.properties.ConfigurationPropertiesRebinder; SearchStrategy: current) did not find any beans (OnBeanCondition)\r\n\r\n   DataSourceAutoConfiguration matched:\r\n      - @ConditionalOnClass found required classes 'javax.sql.DataSource', 'org.springframework.jdbc.datasource.embedded.EmbeddedDatabaseType' (OnClassCondition)\r\n      - @ConditionalOnMissingBean (types: io.r2dbc.spi.ConnectionFactory; SearchStrategy: all) did not find any beans (OnBeanCondition)\r\n\r\n   DataSourceAutoConfiguration.PooledDataSourceConfiguration matched:\r\n      - AnyNestedCondition 1 matched 1 did not; NestedCondition on DataSourceAutoConfiguration.PooledDataSourceCondition.PooledDataSourceAvailable PooledDataSource found supported DataSource; NestedCondition on DataSourceAutoConfiguration.PooledDataSourceCondition.ExplicitType @ConditionalOnProperty (spring.datasource.type) did not find property 'type' (DataSourceAutoConfiguration.PooledDataSourceCondition)\r\n      - @ConditionalOnMissingBean (types: javax.sql.DataSource,javax.sql.XADataSource; SearchStrategy: all) did not find any beans (OnBeanCondition)\r\n\r\n   DataSourceAutoConfiguration.PooledDataSourceConfiguration#jdbcConnectionDetails matched:\r\n      - @ConditionalOnMissingBean (types: org.springframework.boot.autoconfigure.jdbc.JdbcConnectionDetails; SearchStrategy: all) did not find any beans (OnBeanCondition)\r\n\r\n   DataSourceConfiguration.Hikari matched:\r\n      - @ConditionalOnClass found required class 'com.zaxxer.hikari.HikariDataSource' (OnClassCondition)\r\n      - @ConditionalOnProperty (spring.datasource.type=com.zaxxer.hikari.HikariDataSource) matched (OnPropertyCondition)\r\n      - @ConditionalOnMissingBean (types: javax.sql.DataSource; SearchStrategy: all) did not find any beans (OnBeanCondition)\r\n\r\n   DataSourceHealthContributorAutoConfiguration matched:\r\n      - @ConditionalOnClass found required classes 'org.springframework.jdbc.core.JdbcTemplate', 'org.springframework.jdbc.datasource.lookup.AbstractRoutingDataSource' (OnClassCondition)\r\n      - @ConditionalOnEnabledHealthIndicator management.health.defaults.enabled is considered true (OnEnabledHealthIndicatorCondition)\r\n      - @ConditionalOnBean (types: javax.sql.DataSource; SearchStrategy: all) found bean 'dataSource' (OnBeanCondition)\r\n\r\n   DataSourceHealthContributorAutoConfiguration#dbHealthContributor matched:\r\n      - @ConditionalOnMissingBean (names: dbHealthIndicator,dbHealthContributor; SearchStrategy: all) did not find any beans (OnBeanCondition)\r\n\r\n   DataSourceInitializationConfiguration matched:\r\n      - @ConditionalOnClass found required class 'org.springframework.jdbc.datasource.init.DatabasePopulator' (OnClassCondition)\r\n      - @ConditionalOnSingleCandidate (types: javax.sql.DataSource; SearchStrategy: all) found a single bean 'dataSource'; @ConditionalOnMissingBean (types: org.springframework.boot.autoconfigure.sql.init.SqlDataSourceScriptDatabaseInitializer,org.springframework.boot.autoconfigure.sql.init.SqlR2dbcScriptDatabaseInitializer; SearchStrategy: all) did not find any beans (OnBeanCondition)\r\n\r\n   DataSourcePoolMetadataProvidersConfiguration.HikariPoolDataSourceMetadataProviderConfiguration matched:\r\n      - @ConditionalOnClass found required class 'com.zaxxer.hikari.HikariDataSource' (OnClassCondition)\r\n\r\n   DataSourcePoolMetricsAutoConfiguration matched:\r\n      - @ConditionalOnClass found required classes 'javax.sql.DataSource', 'io.micrometer.core.instrument.MeterRegistry' (OnClassCondition)\r\n      - @ConditionalOnBean (types: javax.sql.DataSource,io.micrometer.core.instrument.MeterRegistry; SearchStrategy: all) found beans 'simpleMeterRegistry', 'dataSource' (OnBeanCondition)\r\n\r\n   DataSourcePoolMetricsAutoConfiguration.DataSourcePoolMetadataMetricsConfiguration matched:\r\n      - @ConditionalOnBean (types: org.springframework.boot.jdbc.metadata.DataSourcePoolMetadataProvider; SearchStrategy: all) found bean 'hikariPoolDataSourceMetadataProvider' (OnBeanCondition)\r\n\r\n   DataSourcePoolMetricsAutoConfiguration.HikariDataSourceMetricsConfiguration matched:\r\n      - @ConditionalOnClass found required class 'com.zaxxer.hikari.HikariDataSource' (OnClassCondition)\r\n\r\n   DataSourceTransactionManagerAutoConfiguration matched:\r\n      - @ConditionalOnClass found required classes 'org.springframework.jdbc.core.JdbcTemplate', 'org.springframework.transaction.TransactionManager' (OnClassCondition)\r\n\r\n   DataSourceTransactionManagerAutoConfiguration.JdbcTransactionManagerConfiguration matched:\r\n      - @ConditionalOnSingleCandidate (types: javax.sql.DataSource; SearchStrategy: all) found a single bean 'dataSource' (OnBeanCondition)\r\n\r\n   DiskSpaceHealthContributorAutoConfiguration matched:\r\n      - @ConditionalOnEnabledHealthIndicator management.health.defaults.enabled is considered true (OnEnabledHealthIndicatorCondition)\r\n\r\n   DiskSpaceHealthContributorAutoConfiguration#diskSpaceHealthIndicator matched:\r\n      - @ConditionalOnMissingBean (names: diskSpaceHealthIndicator; SearchStrategy: all) did not find any beans (OnBeanCondition)\r\n\r\n   DispatcherServletAutoConfiguration matched:\r\n      - @ConditionalOnClass found required class 'org.springframework.web.servlet.DispatcherServlet' (OnClassCondition)\r\n      - found 'session' scope (OnWebApplicationCondition)\r\n\r\n   DispatcherServletAutoConfiguration.DispatcherServletConfiguration matched:\r\n      - @ConditionalOnClass found required class 'jakarta.servlet.ServletRegistration' (OnClassCondition)\r\n      - Default DispatcherServlet did not find dispatcher servlet beans (DispatcherServletAutoConfiguration.DefaultDispatcherServletCondition)\r\n\r\n   DispatcherServletAutoConfiguration.DispatcherServletRegistrationConfiguration matched:\r\n      - @ConditionalOnClass found required class 'jakarta.servlet.ServletRegistration' (OnClassCondition)\r\n      - DispatcherServlet Registration did not find servlet registration bean (DispatcherServletAutoConfiguration.DispatcherServletRegistrationCondition)\r\n\r\n   DispatcherServletAutoConfiguration.DispatcherServletRegistrationConfiguration#dispatcherServletRegistration matched:\r\n      - @ConditionalOnBean (names: dispatcherServlet types: org.springframework.web.servlet.DispatcherServlet; SearchStrategy: all) found bean 'dispatcherServlet' (OnBeanCondition)\r\n\r\n   EndpointAutoConfiguration#endpointCachingOperationInvokerAdvisor matched:\r\n      - @ConditionalOnMissingBean (types: org.springframework.boot.actuate.endpoint.invoker.cache.CachingOperationInvokerAdvisor; SearchStrategy: all) did not find any beans (OnBeanCondition)\r\n\r\n   EndpointAutoConfiguration#endpointOperationParameterMapper matched:\r\n      - @ConditionalOnMissingBean (types: org.springframework.boot.actuate.endpoint.invoke.ParameterValueMapper; SearchStrategy: all) did not find any beans (OnBeanCondition)\r\n\r\n   ErrorMvcAutoConfiguration matched:\r\n      - @ConditionalOnClass found required classes 'jakarta.servlet.Servlet', 'org.springframework.web.servlet.DispatcherServlet' (OnClassCondition)\r\n      - found 'session' scope (OnWebApplicationCondition)\r\n\r\n   ErrorMvcAutoConfiguration#basicErrorController matched:\r\n      - @ConditionalOnMissingBean (types: org.springframework.boot.web.servlet.error.ErrorController; SearchStrategy: current) did not find any beans (OnBeanCondition)\r\n\r\n   ErrorMvcAutoConfiguration#errorAttributes matched:\r\n      - @ConditionalOnMissingBean (types: org.springframework.boot.web.servlet.error.ErrorAttributes; SearchStrategy: current) did not find any beans (OnBeanCondition)\r\n\r\n   ErrorMvcAutoConfiguration.DefaultErrorViewResolverConfiguration#conventionErrorViewResolver matched:\r\n      - @ConditionalOnBean (types: org.springframework.web.servlet.DispatcherServlet; SearchStrategy: all) found bean 'dispatcherServlet'; @ConditionalOnMissingBean (types: org.springframework.boot.autoconfigure.web.servlet.error.ErrorViewResolver; SearchStrategy: all) did not find any beans (OnBeanCondition)\r\n\r\n   ErrorMvcAutoConfiguration.WhitelabelErrorViewConfiguration matched:\r\n      - @ConditionalOnProperty (server.error.whitelabel.enabled) matched (OnPropertyCondition)\r\n      - ErrorTemplate Missing did not find error template view (ErrorMvcAutoConfiguration.ErrorTemplateMissingCondition)\r\n\r\n   ErrorMvcAutoConfiguration.WhitelabelErrorViewConfiguration#beanNameViewResolver matched:\r\n      - @ConditionalOnMissingBean (types: org.springframework.web.servlet.view.BeanNameViewResolver; SearchStrategy: all) did not find any beans (OnBeanCondition)\r\n\r\n   ErrorMvcAutoConfiguration.WhitelabelErrorViewConfiguration#defaultErrorView matched:\r\n      - @ConditionalOnMissingBean (names: error; SearchStrategy: all) did not find any beans (OnBeanCondition)\r\n\r\n   FeignAutoConfiguration matched:\r\n      - @ConditionalOnClass found required class 'feign.Feign' (OnClassCondition)\r\n\r\n   FeignAutoConfiguration.DefaultFeignTargeterConfiguration matched:\r\n      - AnyNestedCondition 1 matched 1 did not; NestedCondition on FeignCircuitBreakerDisabledConditions.CircuitBreakerDisabled @ConditionalOnProperty (spring.cloud.openfeign.circuitbreaker.enabled=false) matched; NestedCondition on FeignCircuitBreakerDisabledConditions.CircuitBreakerClassMissing @ConditionalOnMissingClass found unwanted class 'org.springframework.cloud.client.circuitbreaker.CircuitBreaker' (FeignCircuitBreakerDisabledConditions)\r\n\r\n   FeignAutoConfiguration.DefaultFeignTargeterConfiguration#feignTargeter matched:\r\n      - @ConditionalOnMissingBean (types: org.springframework.cloud.openfeign.Targeter; SearchStrategy: all) did not find any beans (OnBeanCondition)\r\n\r\n   FeignAutoConfiguration.FeignJacksonConfiguration matched:\r\n      - @ConditionalOnClass found required classes 'com.fasterxml.jackson.databind.Module', 'org.springframework.data.domain.Page', 'org.springframework.data.domain.Sort' (OnClassCondition)\r\n      - @ConditionalOnProperty (spring.cloud.openfeign.autoconfiguration.jackson.enabled=true) matched (OnPropertyCondition)\r\n\r\n   FeignAutoConfiguration.FeignJacksonConfiguration#pageJacksonModule matched:\r\n      - @ConditionalOnMissingBean (types: org.springframework.cloud.openfeign.support.PageJacksonModule; SearchStrategy: all) did not find any beans (OnBeanCondition)\r\n\r\n   FeignAutoConfiguration.FeignJacksonConfiguration#sortModule matched:\r\n      - @ConditionalOnMissingBean (types: org.springframework.cloud.openfeign.support.SortJacksonModule; SearchStrategy: all) did not find any beans (OnBeanCondition)\r\n\r\n   GenericCacheConfiguration matched:\r\n      - Cache org.springframework.boot.autoconfigure.cache.GenericCacheConfiguration automatic cache type (CacheCondition)\r\n\r\n   HealthContributorAutoConfiguration#pingHealthContributor matched:\r\n      - @ConditionalOnEnabledHealthIndicator management.health.defaults.enabled is considered true (OnEnabledHealthIndicatorCondition)\r\n\r\n   HealthEndpointAutoConfiguration matched:\r\n      - @ConditionalOnAvailableEndpoint marked as exposed by a 'management.endpoints.web.exposure' property (OnAvailableEndpointCondition)\r\n\r\n   HealthEndpointConfiguration#healthContributorRegistry matched:\r\n      - @ConditionalOnMissingBean (types: org.springframework.boot.actuate.health.HealthContributorRegistry; SearchStrategy: all) did not find any beans (OnBeanCondition)\r\n\r\n   HealthEndpointConfiguration#healthEndpoint matched:\r\n      - @ConditionalOnMissingBean (types: org.springframework.boot.actuate.health.HealthEndpoint; SearchStrategy: all) did not find any beans (OnBeanCondition)\r\n\r\n   HealthEndpointConfiguration#healthEndpointGroupMembershipValidator matched:\r\n      - @ConditionalOnProperty (management.endpoint.health.validate-group-membership=true) matched (OnPropertyCondition)\r\n\r\n   HealthEndpointConfiguration#healthEndpointGroups matched:\r\n      - @ConditionalOnMissingBean (types: org.springframework.boot.actuate.health.HealthEndpointGroups; SearchStrategy: all) did not find any beans (OnBeanCondition)\r\n\r\n   HealthEndpointConfiguration#healthHttpCodeStatusMapper matched:\r\n      - @ConditionalOnMissingBean (types: org.springframework.boot.actuate.health.HttpCodeStatusMapper; SearchStrategy: all) did not find any beans (OnBeanCondition)\r\n\r\n   HealthEndpointConfiguration#healthStatusAggregator matched:\r\n      - @ConditionalOnMissingBean (types: org.springframework.boot.actuate.health.StatusAggregator; SearchStrategy: all) did not find any beans (OnBeanCondition)\r\n\r\n   HealthEndpointWebExtensionConfiguration matched:\r\n      - found 'session' scope (OnWebApplicationCondition)\r\n      - @ConditionalOnAvailableEndpoint marked as exposed by a 'management.endpoints.web.exposure' property (OnAvailableEndpointCondition)\r\n      - @ConditionalOnBean (types: org.springframework.boot.actuate.health.HealthEndpoint; SearchStrategy: all) found bean 'healthEndpoint' (OnBeanCondition)\r\n\r\n   HealthEndpointWebExtensionConfiguration#healthEndpointWebExtension matched:\r\n      - @ConditionalOnMissingBean (types: org.springframework.boot.actuate.health.HealthEndpointWebExtension; SearchStrategy: all) did not find any beans (OnBeanCondition)\r\n\r\n   HealthEndpointWebExtensionConfiguration.MvcAdditionalHealthEndpointPathsConfiguration matched:\r\n      - @ConditionalOnAvailableEndpoint marked as exposed by a 'management.endpoints.web.exposure' property (OnAvailableEndpointCondition)\r\n      - @ConditionalOnBean (types: org.springframework.web.servlet.DispatcherServlet; SearchStrategy: all) found bean 'dispatcherServlet' (OnBeanCondition)\r\n\r\n   HibernateJpaAutoConfiguration matched:\r\n      - @ConditionalOnClass found required classes 'org.springframework.orm.jpa.LocalContainerEntityManagerFactoryBean', 'jakarta.persistence.EntityManager', 'org.hibernate.engine.spi.SessionImplementor' (OnClassCondition)\r\n\r\n   HibernateJpaConfiguration matched:\r\n      - @ConditionalOnSingleCandidate (types: javax.sql.DataSource; SearchStrategy: all) found a single bean 'dataSource' (OnBeanCondition)\r\n\r\n   HttpClientObservationsAutoConfiguration matched:\r\n      - @ConditionalOnClass found required class 'io.micrometer.observation.Observation' (OnClassCondition)\r\n      - @ConditionalOnBean (types: io.micrometer.observation.ObservationRegistry; SearchStrategy: all) found bean 'observationRegistry' (OnBeanCondition)\r\n\r\n   HttpClientObservationsAutoConfiguration.MeterFilterConfiguration matched:\r\n      - @ConditionalOnClass found required class 'io.micrometer.core.instrument.MeterRegistry' (OnClassCondition)\r\n      - @ConditionalOnBean (types: io.micrometer.core.instrument.MeterRegistry; SearchStrategy: all) found bean 'simpleMeterRegistry' (OnBeanCondition)\r\n\r\n   HttpEncodingAutoConfiguration matched:\r\n      - @ConditionalOnClass found required class 'org.springframework.web.filter.CharacterEncodingFilter' (OnClassCondition)\r\n      - found 'session' scope (OnWebApplicationCondition)\r\n      - @ConditionalOnProperty (server.servlet.encoding.enabled) matched (OnPropertyCondition)\r\n\r\n   HttpEncodingAutoConfiguration#characterEncodingFilter matched:\r\n      - @ConditionalOnMissingBean (types: org.springframework.web.filter.CharacterEncodingFilter; SearchStrategy: all) did not find any beans (OnBeanCondition)\r\n\r\n   HttpMessageConvertersAutoConfiguration matched:\r\n      - @ConditionalOnClass found required class 'org.springframework.http.converter.HttpMessageConverter' (OnClassCondition)\r\n      - NoneNestedConditions 0 matched 1 did not; NestedCondition on HttpMessageConvertersAutoConfiguration.NotReactiveWebApplicationCondition.ReactiveWebApplication did not find reactive web application classes (HttpMessageConvertersAutoConfiguration.NotReactiveWebApplicationCondition)\r\n\r\n   HttpMessageConvertersAutoConfiguration#messageConverters matched:\r\n      - @ConditionalOnMissingBean (types: org.springframework.boot.autoconfigure.http.HttpMessageConverters; SearchStrategy: all) did not find any beans (OnBeanCondition)\r\n\r\n   HttpMessageConvertersAutoConfiguration.StringHttpMessageConverterConfiguration matched:\r\n      - @ConditionalOnClass found required class 'org.springframework.http.converter.StringHttpMessageConverter' (OnClassCondition)\r\n\r\n   HttpMessageConvertersAutoConfiguration.StringHttpMessageConverterConfiguration#stringHttpMessageConverter matched:\r\n      - @ConditionalOnMissingBean (types: org.springframework.http.converter.StringHttpMessageConverter; SearchStrategy: all) did not find any beans (OnBeanCondition)\r\n\r\n   JacksonAutoConfiguration matched:\r\n      - @ConditionalOnClass found required class 'com.fasterxml.jackson.databind.ObjectMapper' (OnClassCondition)\r\n\r\n   JacksonAutoConfiguration.Jackson2ObjectMapperBuilderCustomizerConfiguration matched:\r\n      - @ConditionalOnClass found required class 'org.springframework.http.converter.json.Jackson2ObjectMapperBuilder' (OnClassCondition)\r\n\r\n   JacksonAutoConfiguration.JacksonObjectMapperBuilderConfiguration matched:\r\n      - @ConditionalOnClass found required class 'org.springframework.http.converter.json.Jackson2ObjectMapperBuilder' (OnClassCondition)\r\n\r\n   JacksonAutoConfiguration.JacksonObjectMapperBuilderConfiguration#jacksonObjectMapperBuilder matched:\r\n      - @ConditionalOnMissingBean (types: org.springframework.http.converter.json.Jackson2ObjectMapperBuilder; SearchStrategy: all) did not find any beans (OnBeanCondition)\r\n\r\n   JacksonAutoConfiguration.JacksonObjectMapperConfiguration matched:\r\n      - @ConditionalOnClass found required class 'org.springframework.http.converter.json.Jackson2ObjectMapperBuilder' (OnClassCondition)\r\n\r\n   JacksonAutoConfiguration.JacksonObjectMapperConfiguration#jacksonObjectMapper matched:\r\n      - @ConditionalOnMissingBean (types: com.fasterxml.jackson.databind.ObjectMapper; SearchStrategy: all) did not find any beans (OnBeanCondition)\r\n\r\n   JacksonAutoConfiguration.ParameterNamesModuleConfiguration matched:\r\n      - @ConditionalOnClass found required class 'com.fasterxml.jackson.module.paramnames.ParameterNamesModule' (OnClassCondition)\r\n\r\n   JacksonAutoConfiguration.ParameterNamesModuleConfiguration#parameterNamesModule matched:\r\n      - @ConditionalOnMissingBean (types: com.fasterxml.jackson.module.paramnames.ParameterNamesModule; SearchStrategy: all) did not find any beans (OnBeanCondition)\r\n\r\n   JacksonEndpointAutoConfiguration#endpointObjectMapper matched:\r\n      - @ConditionalOnClass found required classes 'com.fasterxml.jackson.databind.ObjectMapper', 'org.springframework.http.converter.json.Jackson2ObjectMapperBuilder' (OnClassCondition)\r\n      - @ConditionalOnProperty (management.endpoints.jackson.isolated-object-mapper) matched (OnPropertyCondition)\r\n\r\n   JacksonHttpMessageConvertersConfiguration.MappingJackson2HttpMessageConverterConfiguration matched:\r\n      - @ConditionalOnClass found required class 'com.fasterxml.jackson.databind.ObjectMapper' (OnClassCondition)\r\n      - @ConditionalOnProperty (spring.mvc.converters.preferred-json-mapper=jackson) matched (OnPropertyCondition)\r\n      - @ConditionalOnBean (types: com.fasterxml.jackson.databind.ObjectMapper; SearchStrategy: all) found bean 'jacksonObjectMapper' (OnBeanCondition)\r\n\r\n   JacksonHttpMessageConvertersConfiguration.MappingJackson2HttpMessageConverterConfiguration#mappingJackson2HttpMessageConverter matched:\r\n      - @ConditionalOnMissingBean (types: org.springframework.http.converter.json.MappingJackson2HttpMessageConverter ignored: org.springframework.hateoas.server.mvc.TypeConstrainedMappingJackson2HttpMessageConverter,org.springframework.data.rest.webmvc.alps.AlpsJsonHttpMessageConverter; SearchStrategy: all) did not find any beans (OnBeanCondition)\r\n\r\n   JdbcTemplateAutoConfiguration matched:\r\n      - @ConditionalOnClass found required classes 'javax.sql.DataSource', 'org.springframework.jdbc.core.JdbcTemplate' (OnClassCondition)\r\n      - @ConditionalOnSingleCandidate (types: javax.sql.DataSource; SearchStrategy: all) found a single bean 'dataSource' (OnBeanCondition)\r\n\r\n   JdbcTemplateConfiguration matched:\r\n      - @ConditionalOnMissingBean (types: org.springframework.jdbc.core.JdbcOperations; SearchStrategy: all) did not find any beans (OnBeanCondition)\r\n\r\n   JpaBaseConfiguration#entityManagerFactory matched:\r\n      - @ConditionalOnMissingBean (types: org.springframework.orm.jpa.LocalContainerEntityManagerFactoryBean,jakarta.persistence.EntityManagerFactory; SearchStrategy: all) did not find any beans (OnBeanCondition)\r\n\r\n   JpaBaseConfiguration#entityManagerFactoryBuilder matched:\r\n      - @ConditionalOnMissingBean (types: org.springframework.boot.orm.jpa.EntityManagerFactoryBuilder; SearchStrategy: all) did not find any beans (OnBeanCondition)\r\n\r\n   JpaBaseConfiguration#jpaVendorAdapter matched:\r\n      - @ConditionalOnMissingBean (types: org.springframework.orm.jpa.JpaVendorAdapter; SearchStrategy: all) did not find any beans (OnBeanCondition)\r\n\r\n   JpaBaseConfiguration#transactionManager matched:\r\n      - @ConditionalOnMissingBean (types: org.springframework.transaction.TransactionManager; SearchStrategy: all) did not find any beans (OnBeanCondition)\r\n\r\n   JpaBaseConfiguration.JpaWebConfiguration matched:\r\n      - @ConditionalOnClass found required class 'org.springframework.web.servlet.config.annotation.WebMvcConfigurer' (OnClassCondition)\r\n      - found 'session' scope (OnWebApplicationCondition)\r\n      - @ConditionalOnProperty (spring.jpa.open-in-view=true) matched (OnPropertyCondition)\r\n      - @ConditionalOnMissingBean (types: org.springframework.orm.jpa.support.OpenEntityManagerInViewInterceptor,org.springframework.orm.jpa.support.OpenEntityManagerInViewFilter; SearchStrategy: all) did not find any beans (OnBeanCondition)\r\n\r\n   JpaBaseConfiguration.PersistenceManagedTypesConfiguration matched:\r\n      - @ConditionalOnMissingBean (types: org.springframework.orm.jpa.LocalContainerEntityManagerFactoryBean,jakarta.persistence.EntityManagerFactory; SearchStrategy: all) did not find any beans (OnBeanCondition)\r\n\r\n   JpaBaseConfiguration.PersistenceManagedTypesConfiguration#persistenceManagedTypes matched:\r\n      - @ConditionalOnMissingBean (types: org.springframework.orm.jpa.persistenceunit.PersistenceManagedTypes; SearchStrategy: all) did not find any beans (OnBeanCondition)\r\n\r\n   JpaRepositoriesAutoConfiguration matched:\r\n      - @ConditionalOnClass found required class 'org.springframework.data.jpa.repository.JpaRepository' (OnClassCondition)\r\n      - @ConditionalOnProperty (spring.data.jpa.repositories.enabled=true) matched (OnPropertyCondition)\r\n      - @ConditionalOnBean (types: javax.sql.DataSource; SearchStrategy: all) found bean 'dataSource'; @ConditionalOnMissingBean (types: org.springframework.data.jpa.repository.support.JpaRepositoryFactoryBean,org.springframework.data.jpa.repository.config.JpaRepositoryConfigExtension; SearchStrategy: all) did not find any beans (OnBeanCondition)\r\n\r\n   JtaAutoConfiguration matched:\r\n      - @ConditionalOnClass found required class 'jakarta.transaction.Transaction' (OnClassCondition)\r\n      - @ConditionalOnProperty (spring.jta.enabled) matched (OnPropertyCondition)\r\n\r\n   JvmMetricsAutoConfiguration matched:\r\n      - @ConditionalOnClass found required class 'io.micrometer.core.instrument.MeterRegistry' (OnClassCondition)\r\n      - @ConditionalOnBean (types: io.micrometer.core.instrument.MeterRegistry; SearchStrategy: all) found bean 'simpleMeterRegistry' (OnBeanCondition)\r\n\r\n   JvmMetricsAutoConfiguration#classLoaderMetrics matched:\r\n      - @ConditionalOnMissingBean (types: io.micrometer.core.instrument.binder.jvm.ClassLoaderMetrics; SearchStrategy: all) did not find any beans (OnBeanCondition)\r\n\r\n   JvmMetricsAutoConfiguration#jvmCompilationMetrics matched:\r\n      - @ConditionalOnMissingBean (types: io.micrometer.core.instrument.binder.jvm.JvmCompilationMetrics; SearchStrategy: all) did not find any beans (OnBeanCondition)\r\n\r\n   JvmMetricsAutoConfiguration#jvmGcMetrics matched:\r\n      - @ConditionalOnMissingBean (types: io.micrometer.core.instrument.binder.jvm.JvmGcMetrics; SearchStrategy: all) did not find any beans (OnBeanCondition)\r\n\r\n   JvmMetricsAutoConfiguration#jvmHeapPressureMetrics matched:\r\n      - @ConditionalOnMissingBean (types: io.micrometer.core.instrument.binder.jvm.JvmHeapPressureMetrics; SearchStrategy: all) did not find any beans (OnBeanCondition)\r\n\r\n   JvmMetricsAutoConfiguration#jvmInfoMetrics matched:\r\n      - @ConditionalOnMissingBean (types: io.micrometer.core.instrument.binder.jvm.JvmInfoMetrics; SearchStrategy: all) did not find any beans (OnBeanCondition)\r\n\r\n   JvmMetricsAutoConfiguration#jvmMemoryMetrics matched:\r\n      - @ConditionalOnMissingBean (types: io.micrometer.core.instrument.binder.jvm.JvmMemoryMetrics; SearchStrategy: all) did not find any beans (OnBeanCondition)\r\n\r\n   JvmMetricsAutoConfiguration#jvmThreadMetrics matched:\r\n      - @ConditionalOnMissingBean (types: io.micrometer.core.instrument.binder.jvm.JvmThreadMetrics; SearchStrategy: all) did not find any beans (OnBeanCondition)\r\n\r\n   LifecycleAutoConfiguration#defaultLifecycleProcessor matched:\r\n      - @ConditionalOnMissingBean (names: lifecycleProcessor; SearchStrategy: current) did not find any beans (OnBeanCondition)\r\n\r\n   LifecycleMvcEndpointAutoConfiguration#environmentManager matched:\r\n      - @ConditionalOnMissingBean (types: org.springframework.cloud.context.environment.EnvironmentManager; SearchStrategy: all) did not find any beans (OnBeanCondition)\r\n\r\n   LogbackMetricsAutoConfiguration matched:\r\n      - @ConditionalOnClass found required classes 'io.micrometer.core.instrument.MeterRegistry', 'ch.qos.logback.classic.LoggerContext', 'org.slf4j.LoggerFactory' (OnClassCondition)\r\n      - LogbackLoggingCondition ILoggerFactory is a Logback LoggerContext (LogbackMetricsAutoConfiguration.LogbackLoggingCondition)\r\n      - @ConditionalOnBean (types: io.micrometer.core.instrument.MeterRegistry; SearchStrategy: all) found bean 'simpleMeterRegistry' (OnBeanCondition)\r\n\r\n   LogbackMetricsAutoConfiguration#logbackMetrics matched:\r\n      - @ConditionalOnMissingBean (types: io.micrometer.core.instrument.binder.logging.LogbackMetrics; SearchStrategy: all) did not find any beans (OnBeanCondition)\r\n\r\n   ManagementContextAutoConfiguration.SameManagementContextConfiguration matched:\r\n      - Management Port actual port type (SAME) matched required type (OnManagementPortCondition)\r\n\r\n   MetricsAutoConfiguration matched:\r\n      - @ConditionalOnClass found required class 'io.micrometer.core.annotation.Timed' (OnClassCondition)\r\n\r\n   MetricsAutoConfiguration#micrometerClock matched:\r\n      - @ConditionalOnMissingBean (types: io.micrometer.core.instrument.Clock; SearchStrategy: all) did not find any beans (OnBeanCondition)\r\n\r\n   MultipartAutoConfiguration matched:\r\n      - @ConditionalOnClass found required classes 'jakarta.servlet.Servlet', 'org.springframework.web.multipart.support.StandardServletMultipartResolver', 'jakarta.servlet.MultipartConfigElement' (OnClassCondition)\r\n      - found 'session' scope (OnWebApplicationCondition)\r\n      - @ConditionalOnProperty (spring.servlet.multipart.enabled) matched (OnPropertyCondition)\r\n\r\n   MultipartAutoConfiguration#multipartConfigElement matched:\r\n      - @ConditionalOnMissingBean (types: jakarta.servlet.MultipartConfigElement; SearchStrategy: all) did not find any beans (OnBeanCondition)\r\n\r\n   MultipartAutoConfiguration#multipartResolver matched:\r\n      - @ConditionalOnMissingBean (types: org.springframework.web.multipart.MultipartResolver; SearchStrategy: all) did not find any beans (OnBeanCondition)\r\n\r\n   NamedParameterJdbcTemplateConfiguration matched:\r\n      - @ConditionalOnSingleCandidate (types: org.springframework.jdbc.core.JdbcTemplate; SearchStrategy: all) found a single bean 'jdbcTemplate'; @ConditionalOnMissingBean (types: org.springframework.jdbc.core.namedparam.NamedParameterJdbcOperations; SearchStrategy: all) did not find any beans (OnBeanCondition)\r\n\r\n   NoOpCacheConfiguration matched:\r\n      - Cache org.springframework.boot.autoconfigure.cache.NoOpCacheConfiguration automatic cache type (CacheCondition)\r\n\r\n   ObservationAutoConfiguration matched:\r\n      - @ConditionalOnClass found required class 'io.micrometer.observation.ObservationRegistry' (OnClassCondition)\r\n\r\n   ObservationAutoConfiguration#observationRegistry matched:\r\n      - @ConditionalOnMissingBean (types: io.micrometer.observation.ObservationRegistry; SearchStrategy: all) did not find any beans (OnBeanCondition)\r\n\r\n   ObservationAutoConfiguration.MeterObservationHandlerConfiguration matched:\r\n      - @ConditionalOnBean (types: io.micrometer.core.instrument.MeterRegistry; SearchStrategy: all) found bean 'simpleMeterRegistry'; @ConditionalOnMissingBean (types: io.micrometer.core.instrument.observation.MeterObservationHandler; SearchStrategy: all) did not find any beans (OnBeanCondition)\r\n\r\n   ObservationAutoConfiguration.MeterObservationHandlerConfiguration.OnlyMetricsMeterObservationHandlerConfiguration matched:\r\n      - @ConditionalOnMissingBean (types: io.micrometer.tracing.Tracer; SearchStrategy: all) did not find any beans (OnBeanCondition)\r\n\r\n   ObservationAutoConfiguration.MetricsWithTracingConfiguration matched:\r\n      - @ConditionalOnClass found required classes 'io.micrometer.core.instrument.MeterRegistry', 'io.micrometer.tracing.Tracer' (OnClassCondition)\r\n\r\n   PersistenceExceptionTranslationAutoConfiguration matched:\r\n      - @ConditionalOnClass found required class 'org.springframework.dao.annotation.PersistenceExceptionTranslationPostProcessor' (OnClassCondition)\r\n\r\n   PersistenceExceptionTranslationAutoConfiguration#persistenceExceptionTranslationPostProcessor matched:\r\n      - @ConditionalOnProperty (spring.dao.exceptiontranslation.enabled) matched (OnPropertyCondition)\r\n      - @ConditionalOnMissingBean (types: org.springframework.dao.annotation.PersistenceExceptionTranslationPostProcessor; SearchStrategy: all) did not find any beans (OnBeanCondition)\r\n\r\n   PropertyPlaceholderAutoConfiguration#propertySourcesPlaceholderConfigurer matched:\r\n      - @ConditionalOnMissingBean (types: org.springframework.context.support.PropertySourcesPlaceholderConfigurer; SearchStrategy: current) did not find any beans (OnBeanCondition)\r\n\r\n   RefreshAutoConfiguration matched:\r\n      - @ConditionalOnClass found required class 'org.springframework.cloud.context.scope.refresh.RefreshScope' (OnClassCondition)\r\n      - @ConditionalOnProperty (spring.cloud.refresh.enabled) matched (OnPropertyCondition)\r\n\r\n   RefreshAutoConfiguration#configDataContextRefresher matched:\r\n      - @ConditionalOnMissingBean (types: org.springframework.cloud.context.refresh.ConfigDataContextRefresher; SearchStrategy: all) did not find any beans (OnBeanCondition)\r\n      - NoneNestedConditions 0 matched 3 did not; NestedCondition on ConditionalOnBootstrapDisabled.OnBootstrapDisabledCondition.OnBootstrapEnabled @ConditionalOnProperty (spring.cloud.bootstrap.enabled) did not find property 'spring.cloud.bootstrap.enabled'; NestedCondition on ConditionalOnBootstrapDisabled.OnBootstrapDisabledCondition.OnUseLegacyProcessingEnabled @ConditionalOnProperty (spring.config.use-legacy-processing) did not find property 'spring.config.use-legacy-processing'; NestedCondition on ConditionalOnBootstrapDisabled.OnBootstrapDisabledCondition.OnBootstrapMarkerClassPresent @ConditionalOnClass did not find required class 'org.springframework.cloud.bootstrap.marker.Marker' (ConditionalOnBootstrapDisabled.OnBootstrapDisabledCondition)\r\n\r\n   RefreshAutoConfiguration#loggingRebinder matched:\r\n      - @ConditionalOnMissingBean (types: org.springframework.cloud.logging.LoggingRebinder; SearchStrategy: all) did not find any beans (OnBeanCondition)\r\n\r\n   RefreshAutoConfiguration#refreshScope matched:\r\n      - @ConditionalOnMissingBean (types: org.springframework.cloud.context.scope.refresh.RefreshScope; SearchStrategy: all) did not find any beans (OnBeanCondition)\r\n\r\n   RefreshEndpointAutoConfiguration matched:\r\n      - @ConditionalOnClass found required classes 'org.springframework.boot.actuate.autoconfigure.endpoint.EndpointAutoConfiguration', 'org.springframework.boot.actuate.health.Health' (OnClassCondition)\r\n\r\n   RefreshEndpointAutoConfiguration#refreshScopeHealthIndicator matched:\r\n      - @ConditionalOnMissingBean (types: org.springframework.cloud.health.RefreshScopeHealthIndicator; SearchStrategy: all) did not find any beans (OnBeanCondition)\r\n      - @ConditionalOnEnabledHealthIndicator management.health.defaults.enabled is considered true (OnEnabledHealthIndicatorCondition)\r\n\r\n   RepositoryMetricsAutoConfiguration matched:\r\n      - @ConditionalOnClass found required class 'org.springframework.data.repository.Repository' (OnClassCondition)\r\n      - @ConditionalOnBean (types: io.micrometer.core.instrument.MeterRegistry; SearchStrategy: all) found bean 'simpleMeterRegistry' (OnBeanCondition)\r\n\r\n   RepositoryMetricsAutoConfiguration#metricsRepositoryMethodInvocationListener matched:\r\n      - @ConditionalOnMissingBean (types: org.springframework.boot.actuate.metrics.data.MetricsRepositoryMethodInvocationListener; SearchStrategy: all) did not find any beans (OnBeanCondition)\r\n\r\n   RepositoryMetricsAutoConfiguration#repositoryTagsProvider matched:\r\n      - @ConditionalOnMissingBean (types: org.springframework.boot.actuate.metrics.data.RepositoryTagsProvider; SearchStrategy: all) did not find any beans (OnBeanCondition)\r\n\r\n   ResourceServerTokenRelayAutoConfiguration matched:\r\n      - found 'session' scope (OnWebApplicationCondition)\r\n      - @ConditionalOnProperty (spring.cloud.mvc.token-relay.enabled) matched (OnPropertyCondition)\r\n\r\n   RestTemplateAutoConfiguration matched:\r\n      - @ConditionalOnClass found required class 'org.springframework.web.client.RestTemplate' (OnClassCondition)\r\n      - NoneNestedConditions 0 matched 1 did not; NestedCondition on RestTemplateAutoConfiguration.NotReactiveWebApplicationCondition.ReactiveWebApplication did not find reactive web application classes (RestTemplateAutoConfiguration.NotReactiveWebApplicationCondition)\r\n\r\n   RestTemplateAutoConfiguration#restTemplateBuilder matched:\r\n      - @ConditionalOnMissingBean (types: org.springframework.boot.web.client.RestTemplateBuilder; SearchStrategy: all) did not find any beans (OnBeanCondition)\r\n\r\n   RestTemplateAutoConfiguration#restTemplateBuilderConfigurer matched:\r\n      - @ConditionalOnMissingBean (types: org.springframework.boot.autoconfigure.web.client.RestTemplateBuilderConfigurer; SearchStrategy: all) did not find any beans (OnBeanCondition)\r\n\r\n   RestTemplateObservationConfiguration matched:\r\n      - @ConditionalOnClass found required class 'org.springframework.web.client.RestTemplate' (OnClassCondition)\r\n      - @ConditionalOnBean (types: org.springframework.boot.web.client.RestTemplateBuilder; SearchStrategy: all) found bean 'restTemplateBuilder' (OnBeanCondition)\r\n\r\n   RestartEndpointWithoutIntegrationConfiguration matched:\r\n      - @ConditionalOnMissingClass did not find unwanted class 'org.springframework.integration.monitor.IntegrationMBeanExporter' (OnClassCondition)\r\n\r\n   SecurityAutoConfiguration matched:\r\n      - @ConditionalOnClass found required class 'org.springframework.security.authentication.DefaultAuthenticationEventPublisher' (OnClassCondition)\r\n\r\n   SecurityAutoConfiguration#authenticationEventPublisher matched:\r\n      - @ConditionalOnMissingBean (types: org.springframework.security.authentication.AuthenticationEventPublisher; SearchStrategy: all) did not find any beans (OnBeanCondition)\r\n\r\n   SecurityFilterAutoConfiguration matched:\r\n      - @ConditionalOnClass found required classes 'org.springframework.security.web.context.AbstractSecurityWebApplicationInitializer', 'org.springframework.security.config.http.SessionCreationPolicy' (OnClassCondition)\r\n      - found 'session' scope (OnWebApplicationCondition)\r\n\r\n   SecurityFilterAutoConfiguration#securityFilterChainRegistration matched:\r\n      - @ConditionalOnBean (names: springSecurityFilterChain; SearchStrategy: all) found bean 'springSecurityFilterChain' (OnBeanCondition)\r\n\r\n   SecurityRequestMatchersManagementContextConfiguration matched:\r\n      - @ConditionalOnClass found required class 'org.springframework.security.web.util.matcher.RequestMatcher' (OnClassCondition)\r\n      - found 'session' scope (OnWebApplicationCondition)\r\n\r\n   SecurityRequestMatchersManagementContextConfiguration.MvcRequestMatcherConfiguration matched:\r\n      - @ConditionalOnClass found required class 'org.springframework.web.servlet.DispatcherServlet' (OnClassCondition)\r\n      - @ConditionalOnBean (types: org.springframework.boot.autoconfigure.web.servlet.DispatcherServletPath; SearchStrategy: all) found bean 'dispatcherServletRegistration' (OnBeanCondition)\r\n\r\n   SecurityRequestMatchersManagementContextConfiguration.MvcRequestMatcherConfiguration#requestMatcherProvider matched:\r\n      - @ConditionalOnClass found required class 'org.springframework.web.servlet.DispatcherServlet' (OnClassCondition)\r\n      - @ConditionalOnMissingBean (types: org.springframework.boot.autoconfigure.security.servlet.RequestMatcherProvider; SearchStrategy: all) did not find any beans (OnBeanCondition)\r\n\r\n   ServletEndpointManagementContextConfiguration matched:\r\n      - found 'session' scope (OnWebApplicationCondition)\r\n\r\n   ServletEndpointManagementContextConfiguration.WebMvcServletEndpointManagementContextConfiguration matched:\r\n      - @ConditionalOnClass found required class 'org.springframework.web.servlet.DispatcherServlet' (OnClassCondition)\r\n\r\n   ServletManagementContextAutoConfiguration matched:\r\n      - @ConditionalOnClass found required class 'jakarta.servlet.Servlet' (OnClassCondition)\r\n      - found 'session' scope (OnWebApplicationCondition)\r\n\r\n   ServletWebServerFactoryAutoConfiguration matched:\r\n      - @ConditionalOnClass found required class 'jakarta.servlet.ServletRequest' (OnClassCondition)\r\n      - found 'session' scope (OnWebApplicationCondition)\r\n\r\n   ServletWebServerFactoryAutoConfiguration#tomcatServletWebServerFactoryCustomizer matched:\r\n      - @ConditionalOnClass found required class 'org.apache.catalina.startup.Tomcat' (OnClassCondition)\r\n\r\n   ServletWebServerFactoryConfiguration.EmbeddedTomcat matched:\r\n      - @ConditionalOnClass found required classes 'jakarta.servlet.Servlet', 'org.apache.catalina.startup.Tomcat', 'org.apache.coyote.UpgradeProtocol' (OnClassCondition)\r\n      - @ConditionalOnMissingBean (types: org.springframework.boot.web.servlet.server.ServletWebServerFactory; SearchStrategy: current) did not find any beans (OnBeanCondition)\r\n\r\n   SimpleCacheConfiguration matched:\r\n      - Cache org.springframework.boot.autoconfigure.cache.SimpleCacheConfiguration automatic cache type (CacheCondition)\r\n\r\n   SimpleDiscoveryClientAutoConfiguration#simpleDiscoveryProperties matched:\r\n      - @ConditionalOnMissingBean (types: org.springframework.cloud.client.discovery.simple.SimpleDiscoveryProperties; SearchStrategy: all) did not find any beans (OnBeanCondition)\r\n\r\n   SimpleMetricsExportAutoConfiguration matched:\r\n      - @ConditionalOnEnabledMetricsExport management.simple.metrics.export.enabled is true (OnMetricsExportEnabledCondition)\r\n      - @ConditionalOnBean (types: io.micrometer.core.instrument.Clock; SearchStrategy: all) found bean 'micrometerClock'; @ConditionalOnMissingBean (types: io.micrometer.core.instrument.MeterRegistry; SearchStrategy: all) did not find any beans (OnBeanCondition)\r\n\r\n   SimpleMetricsExportAutoConfiguration#simpleConfig matched:\r\n      - @ConditionalOnMissingBean (types: io.micrometer.core.instrument.simple.SimpleConfig; SearchStrategy: all) did not find any beans (OnBeanCondition)\r\n\r\n   SpringBootWebSecurityConfiguration matched:\r\n      - found 'session' scope (OnWebApplicationCondition)\r\n\r\n   SpringDataWebAutoConfiguration matched:\r\n      - @ConditionalOnClass found required classes 'org.springframework.data.web.PageableHandlerMethodArgumentResolver', 'org.springframework.web.servlet.config.annotation.WebMvcConfigurer' (OnClassCondition)\r\n      - found 'session' scope (OnWebApplicationCondition)\r\n      - @ConditionalOnMissingBean (types: org.springframework.data.web.PageableHandlerMethodArgumentResolver; SearchStrategy: all) did not find any beans (OnBeanCondition)\r\n\r\n   SpringDataWebAutoConfiguration#pageableCustomizer matched:\r\n      - @ConditionalOnMissingBean (types: org.springframework.data.web.config.PageableHandlerMethodArgumentResolverCustomizer; SearchStrategy: all) did not find any beans (OnBeanCondition)\r\n\r\n   SpringDataWebAutoConfiguration#sortCustomizer matched:\r\n      - @ConditionalOnMissingBean (types: org.springframework.data.web.config.SortHandlerMethodArgumentResolverCustomizer; SearchStrategy: all) did not find any beans (OnBeanCondition)\r\n\r\n   SpringDocConfigProperties matched:\r\n      - @ConditionalOnProperty (springdoc.api-docs.enabled) matched (OnPropertyCondition)\r\n      - @ConditionalOnBean (types: org.springdoc.core.configuration.SpringDocConfiguration; SearchStrategy: all) found bean 'org.springdoc.core.configuration.SpringDocConfiguration' (OnBeanCondition)\r\n\r\n   SpringDocConfiguration matched:\r\n      - @ConditionalOnWebApplication (required) found 'session' scope (OnWebApplicationCondition)\r\n      - @ConditionalOnProperty (springdoc.api-docs.enabled) matched (OnPropertyCondition)\r\n\r\n   SpringDocConfiguration#fileSupportConverter matched:\r\n      - @ConditionalOnMissingBean (types: org.springdoc.core.converters.FileSupportConverter; SearchStrategy: all) did not find any beans (OnBeanCondition)\r\n\r\n   SpringDocConfiguration#objectMapperProvider matched:\r\n      - @ConditionalOnMissingBean (types: org.springdoc.core.providers.ObjectMapperProvider; SearchStrategy: all) did not find any beans (OnBeanCondition)\r\n\r\n   SpringDocConfiguration#openAPIBuilder matched:\r\n      - @ConditionalOnMissingBean (types: org.springdoc.core.service.OpenAPIService; SearchStrategy: all) did not find any beans (OnBeanCondition)\r\n\r\n   SpringDocConfiguration#operationBuilder matched:\r\n      - @ConditionalOnMissingBean (types: org.springdoc.core.service.OperationService; SearchStrategy: all) did not find any beans (OnBeanCondition)\r\n\r\n   SpringDocConfiguration#parameterBuilder matched:\r\n      - @ConditionalOnMissingBean (types: org.springdoc.core.service.GenericParameterService; SearchStrategy: all) did not find any beans (OnBeanCondition)\r\n\r\n   SpringDocConfiguration#polymorphicModelConverter matched:\r\n      - @ConditionalOnProperty (springdoc.model-converters.polymorphic-converter.enabled) matched (OnPropertyCondition)\r\n      - @ConditionalOnMissingBean (types: org.springdoc.core.converters.PolymorphicModelConverter; SearchStrategy: all) did not find any beans (OnBeanCondition)\r\n\r\n   SpringDocConfiguration#requestBodyBuilder matched:\r\n      - @ConditionalOnMissingBean (types: org.springdoc.core.service.RequestBodyService; SearchStrategy: all) did not find any beans (OnBeanCondition)\r\n\r\n   SpringDocConfiguration#responseSupportConverter matched:\r\n      - @ConditionalOnMissingBean (types: org.springdoc.core.converters.ResponseSupportConverter; SearchStrategy: all) did not find any beans (OnBeanCondition)\r\n\r\n   SpringDocConfiguration#schemaPropertyDeprecatingConverter matched:\r\n      - @ConditionalOnProperty (springdoc.model-converters.deprecating-converter.enabled) matched (OnPropertyCondition)\r\n      - @ConditionalOnMissingBean (types: org.springdoc.core.converters.SchemaPropertyDeprecatingConverter; SearchStrategy: all) did not find any beans (OnBeanCondition)\r\n\r\n   SpringDocConfiguration#securityParser matched:\r\n      - @ConditionalOnMissingBean (types: org.springdoc.core.service.SecurityService; SearchStrategy: all) did not find any beans (OnBeanCondition)\r\n\r\n   SpringDocConfiguration#springDocCustomizers matched:\r\n      - @ConditionalOnMissingBean (types: org.springdoc.core.customizers.SpringDocCustomizers; SearchStrategy: all) did not find any beans (OnBeanCondition)\r\n\r\n   SpringDocConfiguration#springDocProviders matched:\r\n      - @ConditionalOnMissingBean (types: org.springdoc.core.providers.SpringDocProviders; SearchStrategy: all) did not find any beans (OnBeanCondition)\r\n\r\n   SpringDocConfiguration.SpringDocSpringDataWebPropertiesProvider matched:\r\n      - @ConditionalOnClass found required class 'org.springframework.boot.autoconfigure.data.web.SpringDataWebProperties' (OnClassCondition)\r\n\r\n   SpringDocConfiguration.SpringDocSpringDataWebPropertiesProvider#springDataWebPropertiesProvider matched:\r\n      - @ConditionalOnMissingBean (types: org.springdoc.core.providers.SpringDataWebPropertiesProvider; SearchStrategy: all) did not find any beans (OnBeanCondition)\r\n\r\n   SpringDocConfiguration.WebConversionServiceConfiguration matched:\r\n      - @ConditionalOnClass found required class 'org.springframework.boot.autoconfigure.web.format.WebConversionService' (OnClassCondition)\r\n\r\n   SpringDocPageableConfiguration matched:\r\n      - @ConditionalOnClass found required class 'org.springframework.data.domain.Pageable' (OnClassCondition)\r\n      - @ConditionalOnWebApplication (required) found 'session' scope (OnWebApplicationCondition)\r\n      - @ConditionalOnProperty (springdoc.api-docs.enabled) matched (OnPropertyCondition)\r\n      - @ConditionalOnBean (types: org.springdoc.core.configuration.SpringDocConfiguration; SearchStrategy: all) found bean 'org.springdoc.core.configuration.SpringDocConfiguration' (OnBeanCondition)\r\n\r\n   SpringDocPageableConfiguration#delegatingMethodParameterCustomizer matched:\r\n      - @ConditionalOnMissingBean (types: org.springdoc.core.customizers.DelegatingMethodParameterCustomizer; SearchStrategy: all) did not find any beans (OnBeanCondition)\r\n\r\n   SpringDocPageableConfiguration#pageableOpenAPIConverter matched:\r\n      - @ConditionalOnProperty (springdoc.model-converters.pageable-converter.enabled) matched (OnPropertyCondition)\r\n      - @ConditionalOnMissingBean (types: org.springdoc.core.converters.PageableOpenAPIConverter; SearchStrategy: all) did not find any beans (OnBeanCondition)\r\n\r\n   SpringDocSecurityConfiguration matched:\r\n      - @ConditionalOnClass found required class 'org.springframework.security.web.SecurityFilterChain' (OnClassCondition)\r\n      - @ConditionalOnWebApplication (required) found 'session' scope (OnWebApplicationCondition)\r\n      - @ConditionalOnExpression (#{${springdoc.api-docs.enabled:true} and ${springdoc.enable-spring-security:true}}) resulted in true (OnExpressionCondition)\r\n      - @ConditionalOnBean (types: org.springdoc.core.configuration.SpringDocConfiguration; SearchStrategy: all) found bean 'org.springdoc.core.configuration.SpringDocConfiguration' (OnBeanCondition)\r\n\r\n   SpringDocSecurityConfiguration.SpringSecurityLoginEndpointConfiguration matched:\r\n      - @ConditionalOnClass found required class 'jakarta.servlet.Filter' (OnClassCondition)\r\n\r\n   SpringDocSortConfiguration matched:\r\n      - @ConditionalOnClass found required class 'org.springframework.data.domain.Sort' (OnClassCondition)\r\n      - @ConditionalOnWebApplication (required) found 'session' scope (OnWebApplicationCondition)\r\n      - @ConditionalOnProperty (springdoc.api-docs.enabled) matched (OnPropertyCondition)\r\n      - @ConditionalOnBean (types: org.springdoc.core.configuration.SpringDocConfiguration; SearchStrategy: all) found bean 'org.springdoc.core.configuration.SpringDocConfiguration' (OnBeanCondition)\r\n\r\n   SpringDocSortConfiguration#sortOpenAPIConverter matched:\r\n      - @ConditionalOnProperty (springdoc.model-converters.sort-converter.enabled) matched (OnPropertyCondition)\r\n      - @ConditionalOnMissingBean (types: org.springdoc.core.converters.SortOpenAPIConverter; SearchStrategy: all) did not find any beans (OnBeanCondition)\r\n\r\n   SpringDocUIConfiguration matched:\r\n      - @ConditionalOnWebApplication (required) found 'session' scope (OnWebApplicationCondition)\r\n      - @ConditionalOnExpression (#{${springdoc.api-docs.enabled:true}}) resulted in true (OnExpressionCondition)\r\n      - @ConditionalOnBean (types: org.springdoc.core.configuration.SpringDocConfiguration; SearchStrategy: all) found bean 'org.springdoc.core.configuration.SpringDocConfiguration' (OnBeanCondition)\r\n\r\n   SpringDocWebMvcConfiguration matched:\r\n      - found 'session' scope (OnWebApplicationCondition)\r\n      - @ConditionalOnProperty (springdoc.api-docs.enabled) matched (OnPropertyCondition)\r\n      - @ConditionalOnBean (types: org.springdoc.core.configuration.SpringDocConfiguration; SearchStrategy: all) found bean 'org.springdoc.core.configuration.SpringDocConfiguration' (OnBeanCondition)\r\n\r\n   SpringDocWebMvcConfiguration#openApiResource matched:\r\n      - @ConditionalOnProperty (springdoc.use-management-port=false) matched (OnPropertyCondition)\r\n      - @ConditionalOnMissingBean (types: org.springdoc.webmvc.api.OpenApiWebMvcResource; SearchStrategy: all) did not find any beans (OnBeanCondition)\r\n\r\n   SpringDocWebMvcConfiguration#requestBuilder matched:\r\n      - @ConditionalOnMissingBean (types: org.springdoc.webmvc.core.service.RequestService; SearchStrategy: all) did not find any beans (OnBeanCondition)\r\n\r\n   SpringDocWebMvcConfiguration#responseBuilder matched:\r\n      - @ConditionalOnMissingBean (types: org.springdoc.core.service.GenericResponseService; SearchStrategy: all) did not find any beans (OnBeanCondition)\r\n\r\n   SpringDocWebMvcConfiguration#springWebProvider matched:\r\n      - @ConditionalOnMissingBean (types: org.springdoc.core.providers.SpringWebProvider; SearchStrategy: all) did not find any beans (OnBeanCondition)\r\n\r\n   SpringDocWebMvcConfiguration.SpringDocWebMvcActuatorConfiguration matched:\r\n      - @ConditionalOnClass found required class 'org.springframework.boot.actuate.endpoint.web.servlet.WebMvcEndpointHandlerMapping' (OnClassCondition)\r\n\r\n   SpringDocWebMvcConfiguration.SpringDocWebMvcRouterConfiguration matched:\r\n      - @ConditionalOnClass found required class 'org.springframework.web.servlet.function.RouterFunction' (OnClassCondition)\r\n\r\n   SpringDocWebMvcConfiguration.SpringDocWebMvcRouterConfiguration#routerFunctionProvider matched:\r\n      - @ConditionalOnMissingBean (types: org.springdoc.webmvc.core.providers.RouterFunctionWebMvcProvider; SearchStrategy: all) did not find any beans (OnBeanCondition)\r\n\r\n   SqlInitializationAutoConfiguration matched:\r\n      - @ConditionalOnProperty (spring.sql.init.enabled) matched (OnPropertyCondition)\r\n      - NoneNestedConditions 0 matched 1 did not; NestedCondition on SqlInitializationAutoConfiguration.SqlInitializationModeCondition.ModeIsNever @ConditionalOnProperty (spring.sql.init.mode=never) did not find property 'mode' (SqlInitializationAutoConfiguration.SqlInitializationModeCondition)\r\n\r\n   SslAutoConfiguration#sslBundleRegistry matched:\r\n      - @ConditionalOnMissingBean (types: org.springframework.boot.ssl.SslBundleRegistry,org.springframework.boot.ssl.SslBundles; SearchStrategy: all) did not find any beans (OnBeanCondition)\r\n\r\n   StartupTimeMetricsListenerAutoConfiguration matched:\r\n      - @ConditionalOnClass found required class 'io.micrometer.core.instrument.MeterRegistry' (OnClassCondition)\r\n      - @ConditionalOnBean (types: io.micrometer.core.instrument.MeterRegistry; SearchStrategy: all) found bean 'simpleMeterRegistry' (OnBeanCondition)\r\n\r\n   StartupTimeMetricsListenerAutoConfiguration#startupTimeMetrics matched:\r\n      - @ConditionalOnMissingBean (types: org.springframework.boot.actuate.metrics.startup.StartupTimeMetricsListener; SearchStrategy: all) did not find any beans (OnBeanCondition)\r\n\r\n   SwaggerConfig matched:\r\n      - found 'session' scope (OnWebApplicationCondition)\r\n      - @ConditionalOnProperty (springdoc.swagger-ui.enabled) matched (OnPropertyCondition)\r\n      - @ConditionalOnBean (types: org.springdoc.core.configuration.SpringDocConfiguration; SearchStrategy: all) found bean 'org.springdoc.core.configuration.SpringDocConfiguration' (OnBeanCondition)\r\n\r\n   SwaggerConfig#indexPageTransformer matched:\r\n      - @ConditionalOnMissingBean (types: org.springdoc.webmvc.ui.SwaggerIndexTransformer; SearchStrategy: all) did not find any beans (OnBeanCondition)\r\n\r\n   SwaggerConfig#swaggerConfigResource matched:\r\n      - @ConditionalOnProperty (springdoc.use-management-port=false) matched (OnPropertyCondition)\r\n      - @ConditionalOnMissingBean (types: org.springdoc.webmvc.ui.SwaggerConfigResource; SearchStrategy: all) did not find any beans (OnBeanCondition)\r\n\r\n   SwaggerConfig#swaggerResourceResolver matched:\r\n      - @ConditionalOnMissingBean (types: org.springdoc.webmvc.ui.SwaggerResourceResolver; SearchStrategy: all) did not find any beans (OnBeanCondition)\r\n\r\n   SwaggerConfig#swaggerWebMvcConfigurer matched:\r\n      - @ConditionalOnMissingBean (types: org.springdoc.webmvc.ui.SwaggerWebMvcConfigurer; SearchStrategy: all) did not find any beans (OnBeanCondition)\r\n\r\n   SwaggerConfig#swaggerWelcome matched:\r\n      - @ConditionalOnProperty (springdoc.use-management-port=false) matched (OnPropertyCondition)\r\n      - @ConditionalOnMissingBean (types: org.springdoc.webmvc.ui.SwaggerWelcomeWebMvc; SearchStrategy: all) did not find any beans (OnBeanCondition)\r\n\r\n   SwaggerUiConfigParameters matched:\r\n      - @ConditionalOnProperty (springdoc.swagger-ui.enabled) matched (OnPropertyCondition)\r\n      - @ConditionalOnBean (types: org.springdoc.core.configuration.SpringDocConfiguration; SearchStrategy: all) found bean 'org.springdoc.core.configuration.SpringDocConfiguration' (OnBeanCondition)\r\n\r\n   SwaggerUiConfigProperties matched:\r\n      - @ConditionalOnProperty (springdoc.swagger-ui.enabled) matched (OnPropertyCondition)\r\n      - @ConditionalOnBean (types: org.springdoc.core.configuration.SpringDocConfiguration; SearchStrategy: all) found bean 'org.springdoc.core.configuration.SpringDocConfiguration' (OnBeanCondition)\r\n\r\n   SwaggerUiOAuthProperties matched:\r\n      - @ConditionalOnProperty (springdoc.swagger-ui.enabled) matched (OnPropertyCondition)\r\n      - @ConditionalOnBean (types: org.springdoc.core.configuration.SpringDocConfiguration; SearchStrategy: all) found bean 'org.springdoc.core.configuration.SpringDocConfiguration' (OnBeanCondition)\r\n\r\n   SystemMetricsAutoConfiguration matched:\r\n      - @ConditionalOnClass found required class 'io.micrometer.core.instrument.MeterRegistry' (OnClassCondition)\r\n      - @ConditionalOnBean (types: io.micrometer.core.instrument.MeterRegistry; SearchStrategy: all) found bean 'simpleMeterRegistry' (OnBeanCondition)\r\n\r\n   SystemMetricsAutoConfiguration#diskSpaceMetrics matched:\r\n      - @ConditionalOnMissingBean (types: org.springframework.boot.actuate.metrics.system.DiskSpaceMetricsBinder; SearchStrategy: all) did not find any beans (OnBeanCondition)\r\n\r\n   SystemMetricsAutoConfiguration#fileDescriptorMetrics matched:\r\n      - @ConditionalOnMissingBean (types: io.micrometer.core.instrument.binder.system.FileDescriptorMetrics; SearchStrategy: all) did not find any beans (OnBeanCondition)\r\n\r\n   SystemMetricsAutoConfiguration#processorMetrics matched:\r\n      - @ConditionalOnMissingBean (types: io.micrometer.core.instrument.binder.system.ProcessorMetrics; SearchStrategy: all) did not find any beans (OnBeanCondition)\r\n\r\n   SystemMetricsAutoConfiguration#uptimeMetrics matched:\r\n      - @ConditionalOnMissingBean (types: io.micrometer.core.instrument.binder.system.UptimeMetrics; SearchStrategy: all) did not find any beans (OnBeanCondition)\r\n\r\n   TaskExecutionAutoConfiguration matched:\r\n      - @ConditionalOnClass found required class 'org.springframework.scheduling.concurrent.ThreadPoolTaskExecutor' (OnClassCondition)\r\n\r\n   TaskExecutionAutoConfiguration#applicationTaskExecutor matched:\r\n      - @ConditionalOnMissingBean (types: java.util.concurrent.Executor; SearchStrategy: all) did not find any beans (OnBeanCondition)\r\n\r\n   TaskExecutionAutoConfiguration#taskExecutorBuilder matched:\r\n      - @ConditionalOnMissingBean (types: org.springframework.boot.task.TaskExecutorBuilder; SearchStrategy: all) did not find any beans (OnBeanCondition)\r\n\r\n   TaskExecutorMetricsAutoConfiguration matched:\r\n      - @ConditionalOnClass found required class 'io.micrometer.core.instrument.binder.jvm.ExecutorServiceMetrics' (OnClassCondition)\r\n      - @ConditionalOnBean (types: java.util.concurrent.Executor,io.micrometer.core.instrument.MeterRegistry; SearchStrategy: all) found beans 'applicationTaskExecutor', 'simpleMeterRegistry' (OnBeanCondition)\r\n\r\n   TaskSchedulingAutoConfiguration matched:\r\n      - @ConditionalOnClass found required class 'org.springframework.scheduling.concurrent.ThreadPoolTaskScheduler' (OnClassCondition)\r\n\r\n   TaskSchedulingAutoConfiguration#taskSchedulerBuilder matched:\r\n      - @ConditionalOnMissingBean (types: org.springframework.boot.task.TaskSchedulerBuilder; SearchStrategy: all) did not find any beans (OnBeanCondition)\r\n\r\n   TomcatMetricsAutoConfiguration matched:\r\n      - @ConditionalOnClass found required classes 'io.micrometer.core.instrument.binder.tomcat.TomcatMetrics', 'org.apache.catalina.Manager' (OnClassCondition)\r\n      - @ConditionalOnWebApplication (required) found 'session' scope (OnWebApplicationCondition)\r\n\r\n   TomcatMetricsAutoConfiguration#tomcatMetricsBinder matched:\r\n      - @ConditionalOnBean (types: io.micrometer.core.instrument.MeterRegistry; SearchStrategy: all) found bean 'simpleMeterRegistry'; @ConditionalOnMissingBean (types: io.micrometer.core.instrument.binder.tomcat.TomcatMetrics,org.springframework.boot.actuate.metrics.web.tomcat.TomcatMetricsBinder; SearchStrategy: all) did not find any beans (OnBeanCondition)\r\n\r\n   TransactionAutoConfiguration matched:\r\n      - @ConditionalOnClass found required class 'org.springframework.transaction.PlatformTransactionManager' (OnClassCondition)\r\n\r\n   TransactionAutoConfiguration#platformTransactionManagerCustomizers matched:\r\n      - @ConditionalOnMissingBean (types: org.springframework.boot.autoconfigure.transaction.TransactionManagerCustomizers; SearchStrategy: all) did not find any beans (OnBeanCondition)\r\n\r\n   TransactionAutoConfiguration.EnableTransactionManagementConfiguration matched:\r\n      - @ConditionalOnBean (types: org.springframework.transaction.TransactionManager; SearchStrategy: all) found bean 'transactionManager'; @ConditionalOnMissingBean (types: org.springframework.transaction.annotation.AbstractTransactionManagementConfiguration; SearchStrategy: all) did not find any beans (OnBeanCondition)\r\n\r\n   TransactionAutoConfiguration.EnableTransactionManagementConfiguration.CglibAutoProxyConfiguration matched:\r\n      - @ConditionalOnProperty (spring.aop.proxy-target-class=true) matched (OnPropertyCondition)\r\n\r\n   TransactionAutoConfiguration.TransactionTemplateConfiguration matched:\r\n      - @ConditionalOnSingleCandidate (types: org.springframework.transaction.PlatformTransactionManager; SearchStrategy: all) found a single bean 'transactionManager' (OnBeanCondition)\r\n\r\n   TransactionAutoConfiguration.TransactionTemplateConfiguration#transactionTemplate matched:\r\n      - @ConditionalOnMissingBean (types: org.springframework.transaction.support.TransactionOperations; SearchStrategy: all) did not find any beans (OnBeanCondition)\r\n\r\n   UtilAutoConfiguration matched:\r\n      - @ConditionalOnProperty (spring.cloud.util.enabled) matched (OnPropertyCondition)\r\n\r\n   UtilAutoConfiguration#inetUtils matched:\r\n      - @ConditionalOnMissingBean (types: org.springframework.cloud.commons.util.InetUtils; SearchStrategy: all) did not find any beans (OnBeanCondition)\r\n\r\n   ValidationAutoConfiguration matched:\r\n      - @ConditionalOnClass found required class 'jakarta.validation.executable.ExecutableValidator' (OnClassCondition)\r\n      - @ConditionalOnResource found location classpath:META-INF/services/jakarta.validation.spi.ValidationProvider (OnResourceCondition)\r\n\r\n   ValidationAutoConfiguration#defaultValidator matched:\r\n      - @ConditionalOnMissingBean (types: jakarta.validation.Validator; SearchStrategy: all) did not find any beans (OnBeanCondition)\r\n\r\n   ValidationAutoConfiguration#methodValidationPostProcessor matched:\r\n      - @ConditionalOnMissingBean (types: org.springframework.validation.beanvalidation.MethodValidationPostProcessor; SearchStrategy: current) did not find any beans (OnBeanCondition)\r\n\r\n   WebEndpointAutoConfiguration matched:\r\n      - @ConditionalOnWebApplication (required) found 'session' scope (OnWebApplicationCondition)\r\n\r\n   WebEndpointAutoConfiguration#controllerEndpointDiscoverer matched:\r\n      - @ConditionalOnMissingBean (types: org.springframework.boot.actuate.endpoint.web.annotation.ControllerEndpointsSupplier; SearchStrategy: all) did not find any beans (OnBeanCondition)\r\n\r\n   WebEndpointAutoConfiguration#endpointMediaTypes matched:\r\n      - @ConditionalOnMissingBean (types: org.springframework.boot.actuate.endpoint.web.EndpointMediaTypes; SearchStrategy: all) did not find any beans (OnBeanCondition)\r\n\r\n   WebEndpointAutoConfiguration#pathMappedEndpoints matched:\r\n      - @ConditionalOnMissingBean (types: org.springframework.boot.actuate.endpoint.web.PathMappedEndpoints; SearchStrategy: all) did not find any beans (OnBeanCondition)\r\n\r\n   WebEndpointAutoConfiguration#webEndpointDiscoverer matched:\r\n      - @ConditionalOnMissingBean (types: org.springframework.boot.actuate.endpoint.web.WebEndpointsSupplier; SearchStrategy: all) did not find any beans (OnBeanCondition)\r\n\r\n   WebEndpointAutoConfiguration.WebEndpointServletConfiguration matched:\r\n      - found 'session' scope (OnWebApplicationCondition)\r\n\r\n   WebEndpointAutoConfiguration.WebEndpointServletConfiguration#servletEndpointDiscoverer matched:\r\n      - @ConditionalOnMissingBean (types: org.springframework.boot.actuate.endpoint.web.annotation.ServletEndpointsSupplier; SearchStrategy: all) did not find any beans (OnBeanCondition)\r\n\r\n   WebMvcAutoConfiguration matched:\r\n      - @ConditionalOnClass found required classes 'jakarta.servlet.Servlet', 'org.springframework.web.servlet.DispatcherServlet', 'org.springframework.web.servlet.config.annotation.WebMvcConfigurer' (OnClassCondition)\r\n      - found 'session' scope (OnWebApplicationCondition)\r\n      - @ConditionalOnMissingBean (types: org.springframework.web.servlet.config.annotation.WebMvcConfigurationSupport; SearchStrategy: all) did not find any beans (OnBeanCondition)\r\n\r\n   WebMvcAutoConfiguration#formContentFilter matched:\r\n      - @ConditionalOnProperty (spring.mvc.formcontent.filter.enabled) matched (OnPropertyCondition)\r\n      - @ConditionalOnMissingBean (types: org.springframework.web.filter.FormContentFilter; SearchStrategy: all) did not find any beans (OnBeanCondition)\r\n\r\n   WebMvcAutoConfiguration.EnableWebMvcConfiguration#flashMapManager matched:\r\n      - @ConditionalOnMissingBean (names: flashMapManager; SearchStrategy: all) did not find any beans (OnBeanCondition)\r\n\r\n   WebMvcAutoConfiguration.EnableWebMvcConfiguration#localeResolver matched:\r\n      - @ConditionalOnMissingBean (names: localeResolver; SearchStrategy: all) did not find any beans (OnBeanCondition)\r\n\r\n   WebMvcAutoConfiguration.EnableWebMvcConfiguration#themeResolver matched:\r\n      - @ConditionalOnMissingBean (names: themeResolver; SearchStrategy: all) did not find any beans (OnBeanCondition)\r\n\r\n   WebMvcAutoConfiguration.WebMvcAutoConfigurationAdapter#defaultViewResolver matched:\r\n      - @ConditionalOnMissingBean (types: org.springframework.web.servlet.view.InternalResourceViewResolver; SearchStrategy: all) did not find any beans (OnBeanCondition)\r\n\r\n   WebMvcAutoConfiguration.WebMvcAutoConfigurationAdapter#requestContextFilter matched:\r\n      - @ConditionalOnMissingBean (types: org.springframework.web.context.request.RequestContextListener,org.springframework.web.filter.RequestContextFilter; SearchStrategy: all) did not find any beans (OnBeanCondition)\r\n\r\n   WebMvcAutoConfiguration.WebMvcAutoConfigurationAdapter#viewResolver matched:\r\n      - @ConditionalOnBean (types: org.springframework.web.servlet.ViewResolver; SearchStrategy: all) found beans 'defaultViewResolver', 'beanNameViewResolver', 'mvcViewResolver'; @ConditionalOnMissingBean (names: viewResolver types: org.springframework.web.servlet.view.ContentNegotiatingViewResolver; SearchStrategy: all) did not find any beans (OnBeanCondition)\r\n\r\n   WebMvcEndpointManagementContextConfiguration matched:\r\n      - @ConditionalOnClass found required class 'org.springframework.web.servlet.DispatcherServlet' (OnClassCondition)\r\n      - found 'session' scope (OnWebApplicationCondition)\r\n      - @ConditionalOnBean (types: org.springframework.web.servlet.DispatcherServlet,org.springframework.boot.actuate.endpoint.web.WebEndpointsSupplier; SearchStrategy: all) found beans 'webEndpointDiscoverer', 'dispatcherServlet' (OnBeanCondition)\r\n\r\n   WebMvcEndpointManagementContextConfiguration#controllerEndpointHandlerMapping matched:\r\n      - @ConditionalOnMissingBean (types: org.springframework.boot.actuate.endpoint.web.servlet.ControllerEndpointHandlerMapping; SearchStrategy: all) did not find any beans (OnBeanCondition)\r\n\r\n   WebMvcEndpointManagementContextConfiguration#endpointObjectMapperWebMvcConfigurer matched:\r\n      - @ConditionalOnBean (types: org.springframework.boot.actuate.endpoint.jackson.EndpointObjectMapper; SearchStrategy: all) found bean 'endpointObjectMapper' (OnBeanCondition)\r\n\r\n   WebMvcEndpointManagementContextConfiguration#webEndpointServletHandlerMapping matched:\r\n      - @ConditionalOnMissingBean (types: org.springframework.boot.actuate.endpoint.web.servlet.WebMvcEndpointHandlerMapping; SearchStrategy: all) did not find any beans (OnBeanCondition)\r\n\r\n   WebMvcObservationAutoConfiguration matched:\r\n      - @ConditionalOnClass found required classes 'org.springframework.web.servlet.DispatcherServlet', 'io.micrometer.observation.Observation' (OnClassCondition)\r\n      - found 'session' scope (OnWebApplicationCondition)\r\n      - @ConditionalOnBean (types: io.micrometer.observation.ObservationRegistry; SearchStrategy: all) found bean 'observationRegistry' (OnBeanCondition)\r\n\r\n   WebMvcObservationAutoConfiguration#webMvcObservationFilter matched:\r\n      - @ConditionalOnMissingBean (types: org.springframework.web.filter.ServerHttpObservationFilter; SearchStrategy: all) did not find any beans (OnBeanCondition)\r\n\r\n   WebMvcObservationAutoConfiguration.MeterFilterConfiguration matched:\r\n      - @ConditionalOnClass found required class 'io.micrometer.core.instrument.MeterRegistry' (OnClassCondition)\r\n      - @ConditionalOnBean (types: io.micrometer.core.instrument.MeterRegistry; SearchStrategy: all) found bean 'simpleMeterRegistry' (OnBeanCondition)\r\n\r\n   WebSocketServletAutoConfiguration matched:\r\n      - @ConditionalOnClass found required classes 'jakarta.servlet.Servlet', 'jakarta.websocket.server.ServerContainer' (OnClassCondition)\r\n      - found 'session' scope (OnWebApplicationCondition)\r\n\r\n   WebSocketServletAutoConfiguration.TomcatWebSocketConfiguration matched:\r\n      - @ConditionalOnClass found required classes 'org.apache.catalina.startup.Tomcat', 'org.apache.tomcat.websocket.server.WsSci' (OnClassCondition)\r\n\r\n   WebSocketServletAutoConfiguration.TomcatWebSocketConfiguration#websocketServletWebServerCustomizer matched:\r\n      - @ConditionalOnMissingBean (names: websocketServletWebServerCustomizer; SearchStrategy: all) did not find any beans (OnBeanCondition)\r\n\r\n\r\nNegative matches:\r\n-----------------\r\n\r\n   ActiveMQAutoConfiguration:\r\n      Did not match:\r\n         - @ConditionalOnClass did not find required class 'jakarta.jms.ConnectionFactory' (OnClassCondition)\r\n\r\n   AopAutoConfiguration.AspectJAutoProxyingConfiguration.JdkDynamicAutoProxyConfiguration:\r\n      Did not match:\r\n         - @ConditionalOnProperty (spring.aop.proxy-target-class=false) did not find property 'proxy-target-class' (OnPropertyCondition)\r\n\r\n   AopAutoConfiguration.ClassProxyingConfiguration:\r\n      Did not match:\r\n         - @ConditionalOnMissingClass found unwanted class 'org.aspectj.weaver.Advice' (OnClassCondition)\r\n\r\n   AppOpticsMetricsExportAutoConfiguration:\r\n      Did not match:\r\n         - @ConditionalOnClass did not find required class 'io.micrometer.appoptics.AppOpticsMeterRegistry' (OnClassCondition)\r\n\r\n   ArtemisAutoConfiguration:\r\n      Did not match:\r\n         - @ConditionalOnClass did not find required class 'jakarta.jms.ConnectionFactory' (OnClassCondition)\r\n\r\n   AtlasMetricsExportAutoConfiguration:\r\n      Did not match:\r\n         - @ConditionalOnClass did not find required class 'io.micrometer.atlas.AtlasMeterRegistry' (OnClassCondition)\r\n\r\n   AuditAutoConfiguration:\r\n      Did not match:\r\n         - @ConditionalOnBean (types: org.springframework.boot.actuate.audit.AuditEventRepository; SearchStrategy: all) did not find any beans of type org.springframework.boot.actuate.audit.AuditEventRepository (OnBeanCondition)\r\n      Matched:\r\n         - @ConditionalOnProperty (management.auditevents.enabled) matched (OnPropertyCondition)\r\n\r\n   AuditEventsEndpointAutoConfiguration:\r\n      Did not match:\r\n         - @ConditionalOnAvailableEndpoint no 'management.endpoints' property marked it as exposed (OnAvailableEndpointCondition)\r\n\r\n   AvailabilityHealthContributorAutoConfiguration#livenessStateHealthIndicator:\r\n      Did not match:\r\n         - @ConditionalOnProperty (management.health.livenessstate.enabled=true) did not find property 'enabled' (OnPropertyCondition)\r\n\r\n   AvailabilityHealthContributorAutoConfiguration#readinessStateHealthIndicator:\r\n      Did not match:\r\n         - @ConditionalOnProperty (management.health.readinessstate.enabled=true) did not find property 'enabled' (OnPropertyCondition)\r\n\r\n   AvailabilityProbesAutoConfiguration:\r\n      Did not match:\r\n         - Probes availability not running on a supported cloud platform (AvailabilityProbesAutoConfiguration.ProbesCondition)\r\n\r\n   BatchAutoConfiguration:\r\n      Did not match:\r\n         - @ConditionalOnClass did not find required class 'org.springframework.batch.core.launch.JobLauncher' (OnClassCondition)\r\n\r\n   BatchObservationAutoConfiguration:\r\n      Did not match:\r\n         - @ConditionalOnClass did not find required class 'org.springframework.batch.core.configuration.annotation.BatchObservabilityBeanPostProcessor' (OnClassCondition)\r\n\r\n   BeansEndpointAutoConfiguration:\r\n      Did not match:\r\n         - @ConditionalOnAvailableEndpoint no 'management.endpoints' property marked it as exposed (OnAvailableEndpointCondition)\r\n\r\n   BraveAutoConfiguration:\r\n      Did not match:\r\n         - @ConditionalOnProperty (management.tracing.enabled) found different value in property 'enabled' (OnPropertyCondition)\r\n      Matched:\r\n         - @ConditionalOnClass found required classes 'brave.Tracer', 'io.micrometer.tracing.brave.bridge.BraveTracer' (OnClassCondition)\r\n\r\n   Cache2kCacheConfiguration:\r\n      Did not match:\r\n         - @ConditionalOnClass did not find required class 'org.cache2k.Cache2kBuilder' (OnClassCondition)\r\n\r\n   CacheAutoConfiguration:\r\n      Did not match:\r\n         - @ConditionalOnBean (types: org.springframework.cache.interceptor.CacheAspectSupport; SearchStrategy: all) did not find any beans of type org.springframework.cache.interceptor.CacheAspectSupport (OnBeanCondition)\r\n      Matched:\r\n         - @ConditionalOnClass found required class 'org.springframework.cache.CacheManager' (OnClassCondition)\r\n\r\n   CacheAutoConfiguration.CacheManagerEntityManagerFactoryDependsOnPostProcessor:\r\n      Did not match:\r\n         - Ancestor org.springframework.boot.autoconfigure.cache.CacheAutoConfiguration did not match (ConditionEvaluationReport.AncestorsMatchedCondition)\r\n      Matched:\r\n         - @ConditionalOnClass found required class 'org.springframework.orm.jpa.LocalContainerEntityManagerFactoryBean' (OnClassCondition)\r\n\r\n   CacheMeterBinderProvidersConfiguration.Cache2kCacheMeterBinderProviderConfiguration:\r\n      Did not match:\r\n         - @ConditionalOnClass did not find required classes 'org.cache2k.Cache2kBuilder', 'org.cache2k.extra.spring.SpringCache2kCache', 'org.cache2k.extra.micrometer.Cache2kCacheMetrics' (OnClassCondition)\r\n\r\n   CacheMeterBinderProvidersConfiguration.CaffeineCacheMeterBinderProviderConfiguration:\r\n      Did not match:\r\n         - @ConditionalOnClass did not find required classes 'org.springframework.cache.caffeine.CaffeineCache', 'com.github.benmanes.caffeine.cache.Cache' (OnClassCondition)\r\n\r\n   CacheMeterBinderProvidersConfiguration.HazelcastCacheMeterBinderProviderConfiguration:\r\n      Did not match:\r\n         - @ConditionalOnClass did not find required classes 'com.hazelcast.spring.cache.HazelcastCache', 'com.hazelcast.core.Hazelcast' (OnClassCondition)\r\n\r\n   CacheMeterBinderProvidersConfiguration.JCacheCacheMeterBinderProviderConfiguration:\r\n      Did not match:\r\n         - @ConditionalOnClass did not find required classes 'org.springframework.cache.jcache.JCacheCache', 'javax.cache.CacheManager' (OnClassCondition)\r\n\r\n   CacheMeterBinderProvidersConfiguration.RedisCacheMeterBinderProviderConfiguration:\r\n      Did not match:\r\n         - @ConditionalOnClass did not find required class 'org.springframework.data.redis.cache.RedisCache' (OnClassCondition)\r\n\r\n   CacheMetricsAutoConfiguration:\r\n      Did not match:\r\n         - @ConditionalOnBean (types: org.springframework.cache.CacheManager; SearchStrategy: all) did not find any beans of type org.springframework.cache.CacheManager (OnBeanCondition)\r\n\r\n   CachesEndpointAutoConfiguration:\r\n      Did not match:\r\n         - @ConditionalOnAvailableEndpoint no 'management.endpoints' property marked it as exposed (OnAvailableEndpointCondition)\r\n      Matched:\r\n         - @ConditionalOnClass found required class 'org.springframework.cache.CacheManager' (OnClassCondition)\r\n\r\n   CaffeineCacheConfiguration:\r\n      Did not match:\r\n         - @ConditionalOnClass did not find required class 'com.github.benmanes.caffeine.cache.Caffeine' (OnClassCondition)\r\n\r\n   CassandraAutoConfiguration:\r\n      Did not match:\r\n         - @ConditionalOnClass did not find required class 'com.datastax.oss.driver.api.core.CqlSession' (OnClassCondition)\r\n\r\n   CassandraDataAutoConfiguration:\r\n      Did not match:\r\n         - @ConditionalOnClass did not find required class 'com.datastax.oss.driver.api.core.CqlSession' (OnClassCondition)\r\n\r\n   CassandraHealthContributorAutoConfiguration:\r\n      Did not match:\r\n         - @ConditionalOnClass did not find required class 'com.datastax.oss.driver.api.core.CqlSession' (OnClassCondition)\r\n\r\n   CassandraReactiveDataAutoConfiguration:\r\n      Did not match:\r\n         - @ConditionalOnClass did not find required class 'com.datastax.oss.driver.api.core.CqlSession' (OnClassCondition)\r\n\r\n   CassandraReactiveHealthContributorAutoConfiguration:\r\n      Did not match:\r\n         - @ConditionalOnClass did not find required class 'com.datastax.oss.driver.api.core.CqlSession' (OnClassCondition)\r\n\r\n   CassandraReactiveRepositoriesAutoConfiguration:\r\n      Did not match:\r\n         - @ConditionalOnClass did not find required class 'org.springframework.data.cassandra.ReactiveSession' (OnClassCondition)\r\n\r\n   CassandraRepositoriesAutoConfiguration:\r\n      Did not match:\r\n         - @ConditionalOnClass did not find required class 'com.datastax.oss.driver.api.core.CqlSession' (OnClassCondition)\r\n\r\n   ClientHttpConnectorAutoConfiguration:\r\n      Did not match:\r\n         - @ConditionalOnClass did not find required class 'org.springframework.web.reactive.function.client.WebClient' (OnClassCondition)\r\n\r\n   CloudFoundryActuatorAutoConfiguration:\r\n      Did not match:\r\n         - @ConditionalOnCloudPlatform did not find CLOUD_FOUNDRY (OnCloudPlatformCondition)\r\n      Matched:\r\n         - @ConditionalOnClass found required class 'org.springframework.web.servlet.DispatcherServlet' (OnClassCondition)\r\n         - found 'session' scope (OnWebApplicationCondition)\r\n         - @ConditionalOnProperty (management.cloudfoundry.enabled) matched (OnPropertyCondition)\r\n\r\n   CloudHypermediaAutoConfiguration:\r\n      Did not match:\r\n         - @ConditionalOnClass did not find required class 'org.springframework.hateoas.Link' (OnClassCondition)\r\n\r\n   CodecsAutoConfiguration:\r\n      Did not match:\r\n         - @ConditionalOnClass did not find required class 'org.springframework.web.reactive.function.client.WebClient' (OnClassCondition)\r\n\r\n   CommonsClientAutoConfiguration.ActuatorConfiguration#featuresEndpoint:\r\n      Did not match:\r\n         - @ConditionalOnAvailableEndpoint no 'management.endpoints' property marked it as exposed (OnAvailableEndpointCondition)\r\n\r\n   CompositeMeterRegistryConfiguration:\r\n      Did not match:\r\n         - NoneNestedConditions 1 matched 1 did not; NestedCondition on CompositeMeterRegistryConfiguration.MultipleNonPrimaryMeterRegistriesCondition.SingleInjectableMeterRegistry @ConditionalOnSingleCandidate (types: io.micrometer.core.instrument.MeterRegistry; SearchStrategy: all) found a single bean 'simpleMeterRegistry'; NestedCondition on CompositeMeterRegistryConfiguration.MultipleNonPrimaryMeterRegistriesCondition.NoMeterRegistryCondition @ConditionalOnMissingBean (types: io.micrometer.core.instrument.MeterRegistry; SearchStrategy: all) found beans of type 'io.micrometer.core.instrument.MeterRegistry' simpleMeterRegistry (CompositeMeterRegistryConfiguration.MultipleNonPrimaryMeterRegistriesCondition)\r\n\r\n   ConditionsReportEndpointAutoConfiguration:\r\n      Did not match:\r\n         - @ConditionalOnAvailableEndpoint no 'management.endpoints' property marked it as exposed (OnAvailableEndpointCondition)\r\n\r\n   ConfigurationPropertiesReportEndpointAutoConfiguration:\r\n      Did not match:\r\n         - @ConditionalOnAvailableEndpoint no 'management.endpoints' property marked it as exposed (OnAvailableEndpointCondition)\r\n\r\n   ConnectionFactoryHealthContributorAutoConfiguration:\r\n      Did not match:\r\n         - @ConditionalOnClass did not find required class 'io.r2dbc.spi.ConnectionFactory' (OnClassCondition)\r\n\r\n   ConnectionPoolMetricsAutoConfiguration:\r\n      Did not match:\r\n         - @ConditionalOnClass did not find required class 'io.r2dbc.pool.ConnectionPool' (OnClassCondition)\r\n\r\n   CouchbaseAutoConfiguration:\r\n      Did not match:\r\n         - @ConditionalOnClass did not find required class 'com.couchbase.client.java.Cluster' (OnClassCondition)\r\n\r\n   CouchbaseCacheConfiguration:\r\n      Did not match:\r\n         - @ConditionalOnClass did not find required class 'com.couchbase.client.java.Cluster' (OnClassCondition)\r\n\r\n   CouchbaseDataAutoConfiguration:\r\n      Did not match:\r\n         - @ConditionalOnClass did not find required class 'com.couchbase.client.java.Bucket' (OnClassCondition)\r\n\r\n   CouchbaseHealthContributorAutoConfiguration:\r\n      Did not match:\r\n         - @ConditionalOnClass did not find required class 'com.couchbase.client.java.Cluster' (OnClassCondition)\r\n\r\n   CouchbaseReactiveDataAutoConfiguration:\r\n      Did not match:\r\n         - @ConditionalOnClass did not find required class 'com.couchbase.client.java.Cluster' (OnClassCondition)\r\n\r\n   CouchbaseReactiveHealthContributorAutoConfiguration:\r\n      Did not match:\r\n         - @ConditionalOnClass did not find required class 'com.couchbase.client.java.Cluster' (OnClassCondition)\r\n\r\n   CouchbaseReactiveRepositoriesAutoConfiguration:\r\n      Did not match:\r\n         - @ConditionalOnClass did not find required class 'com.couchbase.client.java.Cluster' (OnClassCondition)\r\n\r\n   CouchbaseRepositoriesAutoConfiguration:\r\n      Did not match:\r\n         - @ConditionalOnClass did not find required class 'com.couchbase.client.java.Bucket' (OnClassCondition)\r\n\r\n   DataSourceAutoConfiguration.EmbeddedDatabaseConfiguration:\r\n      Did not match:\r\n         - EmbeddedDataSource spring.datasource.url is set (DataSourceAutoConfiguration.EmbeddedDatabaseCondition)\r\n\r\n   DataSourceConfiguration.Dbcp2:\r\n      Did not match:\r\n         - @ConditionalOnClass did not find required class 'org.apache.commons.dbcp2.BasicDataSource' (OnClassCondition)\r\n\r\n   DataSourceConfiguration.Generic:\r\n      Did not match:\r\n         - @ConditionalOnProperty (spring.datasource.type) did not find property 'spring.datasource.type' (OnPropertyCondition)\r\n\r\n   DataSourceConfiguration.OracleUcp:\r\n      Did not match:\r\n         - @ConditionalOnClass did not find required classes 'oracle.ucp.jdbc.PoolDataSourceImpl', 'oracle.jdbc.OracleConnection' (OnClassCondition)\r\n\r\n   DataSourceConfiguration.Tomcat:\r\n      Did not match:\r\n         - @ConditionalOnClass did not find required class 'org.apache.tomcat.jdbc.pool.DataSource' (OnClassCondition)\r\n\r\n   DataSourceJmxConfiguration:\r\n      Did not match:\r\n         - @ConditionalOnProperty (spring.jmx.enabled=true) found different value in property 'enabled' (OnPropertyCondition)\r\n\r\n   DataSourcePoolMetadataProvidersConfiguration.CommonsDbcp2PoolDataSourceMetadataProviderConfiguration:\r\n      Did not match:\r\n         - @ConditionalOnClass did not find required class 'org.apache.commons.dbcp2.BasicDataSource' (OnClassCondition)\r\n\r\n   DataSourcePoolMetadataProvidersConfiguration.OracleUcpPoolDataSourceMetadataProviderConfiguration:\r\n      Did not match:\r\n         - @ConditionalOnClass did not find required classes 'oracle.ucp.jdbc.PoolDataSource', 'oracle.jdbc.OracleConnection' (OnClassCondition)\r\n\r\n   DataSourcePoolMetadataProvidersConfiguration.TomcatDataSourcePoolMetadataProviderConfiguration:\r\n      Did not match:\r\n         - @ConditionalOnClass did not find required class 'org.apache.tomcat.jdbc.pool.DataSource' (OnClassCondition)\r\n\r\n   DataSourceTransactionManagerAutoConfiguration.JdbcTransactionManagerConfiguration#transactionManager:\r\n      Did not match:\r\n         - @ConditionalOnMissingBean (types: org.springframework.transaction.TransactionManager; SearchStrategy: all) found beans of type 'org.springframework.transaction.TransactionManager' transactionManager (OnBeanCondition)\r\n\r\n   DatadogMetricsExportAutoConfiguration:\r\n      Did not match:\r\n         - @ConditionalOnClass did not find required class 'io.micrometer.datadog.DatadogMeterRegistry' (OnClassCondition)\r\n\r\n   DispatcherServletAutoConfiguration.DispatcherServletConfiguration#multipartResolver:\r\n      Did not match:\r\n         - @ConditionalOnBean (types: org.springframework.web.multipart.MultipartResolver; SearchStrategy: all) did not find any beans of type org.springframework.web.multipart.MultipartResolver (OnBeanCondition)\r\n\r\n   DynatraceMetricsExportAutoConfiguration:\r\n      Did not match:\r\n         - @ConditionalOnClass did not find required class 'io.micrometer.dynatrace.DynatraceMeterRegistry' (OnClassCondition)\r\n\r\n   ElasticMetricsExportAutoConfiguration:\r\n      Did not match:\r\n         - @ConditionalOnClass did not find required class 'io.micrometer.elastic.ElasticMeterRegistry' (OnClassCondition)\r\n\r\n   ElasticsearchClientAutoConfiguration:\r\n      Did not match:\r\n         - @ConditionalOnClass did not find required class 'co.elastic.clients.elasticsearch.ElasticsearchClient' (OnClassCondition)\r\n\r\n   ElasticsearchDataAutoConfiguration:\r\n      Did not match:\r\n         - @ConditionalOnClass did not find required class 'org.springframework.data.elasticsearch.client.elc.ElasticsearchTemplate' (OnClassCondition)\r\n\r\n   ElasticsearchReactiveHealthContributorAutoConfiguration:\r\n      Did not match:\r\n         - @ConditionalOnClass did not find required class 'reactor.core.publisher.Flux' (OnClassCondition)\r\n\r\n   ElasticsearchRepositoriesAutoConfiguration:\r\n      Did not match:\r\n         - @ConditionalOnClass did not find required class 'org.springframework.data.elasticsearch.repository.ElasticsearchRepository' (OnClassCondition)\r\n\r\n   ElasticsearchRestClientAutoConfiguration:\r\n      Did not match:\r\n         - @ConditionalOnClass did not find required class 'org.elasticsearch.client.RestClientBuilder' (OnClassCondition)\r\n\r\n   ElasticsearchRestHealthContributorAutoConfiguration:\r\n      Did not match:\r\n         - @ConditionalOnClass did not find required class 'org.elasticsearch.client.RestClient' (OnClassCondition)\r\n\r\n   EmbeddedLdapAutoConfiguration:\r\n      Did not match:\r\n         - @ConditionalOnClass did not find required class 'com.unboundid.ldap.listener.InMemoryDirectoryServer' (OnClassCondition)\r\n\r\n   EmbeddedWebServerFactoryCustomizerAutoConfiguration:\r\n      Did not match:\r\n         - Application is deployed as a WAR file. (OnWarDeploymentCondition)\r\n      Matched:\r\n         - @ConditionalOnWebApplication (required) found 'session' scope (OnWebApplicationCondition)\r\n\r\n   EnvironmentEndpointAutoConfiguration:\r\n      Did not match:\r\n         - @ConditionalOnAvailableEndpoint no 'management.endpoints' property marked it as exposed (OnAvailableEndpointCondition)\r\n\r\n   ErrorWebFluxAutoConfiguration:\r\n      Did not match:\r\n         - @ConditionalOnClass did not find required class 'org.springframework.web.reactive.config.WebFluxConfigurer' (OnClassCondition)\r\n\r\n   FeignAcceptGzipEncodingAutoConfiguration:\r\n      Did not match:\r\n         - @ConditionalOnProperty (spring.cloud.openfeign.compression.response.enabled) did not find property 'spring.cloud.openfeign.compression.response.enabled' (OnPropertyCondition)\r\n      Matched:\r\n         - @ConditionalOnClass found required class 'feign.Feign' (OnClassCondition)\r\n\r\n   FeignAutoConfiguration#cachingCapability:\r\n      Did not match:\r\n         - @ConditionalOnBean (types: org.springframework.cache.interceptor.CacheInterceptor; SearchStrategy: all) did not find any beans of type org.springframework.cache.interceptor.CacheInterceptor (OnBeanCondition)\r\n      Matched:\r\n         - @ConditionalOnProperty (spring.cloud.openfeign.cache.enabled) matched (OnPropertyCondition)\r\n\r\n   FeignAutoConfiguration.CircuitBreakerPresentFeignTargeterConfiguration:\r\n      Did not match:\r\n         - @ConditionalOnProperty (spring.cloud.openfeign.circuitbreaker.enabled=true) did not find property 'spring.cloud.openfeign.circuitbreaker.enabled' (OnPropertyCondition)\r\n      Matched:\r\n         - @ConditionalOnClass found required class 'org.springframework.cloud.client.circuitbreaker.CircuitBreaker' (OnClassCondition)\r\n\r\n   FeignAutoConfiguration.HttpClient5FeignConfiguration:\r\n      Did not match:\r\n         - @ConditionalOnClass did not find required class 'feign.hc5.ApacheHttp5Client' (OnClassCondition)\r\n\r\n   FeignAutoConfiguration.Oauth2FeignConfiguration:\r\n      Did not match:\r\n         - @ConditionalOnClass did not find required class 'org.springframework.security.oauth2.client.OAuth2AuthorizedClientManager' (OnClassCondition)\r\n\r\n   FeignAutoConfiguration.OkHttpFeignConfiguration:\r\n      Did not match:\r\n         - @ConditionalOnClass did not find required class 'feign.okhttp.OkHttpClient' (OnClassCondition)\r\n\r\n   FeignContentGzipEncodingAutoConfiguration:\r\n      Did not match:\r\n         - @ConditionalOnProperty (spring.cloud.openfeign.compression.request.enabled) did not find property 'spring.cloud.openfeign.compression.request.enabled' (OnPropertyCondition)\r\n      Matched:\r\n         - @ConditionalOnClass found required class 'feign.Feign' (OnClassCondition)\r\n\r\n   FeignHalAutoConfiguration:\r\n      Did not match:\r\n         - @ConditionalOnClass did not find required class 'org.springframework.hateoas.config.WebConverters' (OnClassCondition)\r\n\r\n   FeignLoadBalancerAutoConfiguration:\r\n      Did not match:\r\n         - @ConditionalOnBean did not find required type 'org.springframework.cloud.loadbalancer.support.LoadBalancerClientFactory' (OnBeanCondition)\r\n\r\n   FlywayAutoConfiguration:\r\n      Did not match:\r\n         - @ConditionalOnClass did not find required class 'org.flywaydb.core.Flyway' (OnClassCondition)\r\n\r\n   FlywayEndpointAutoConfiguration:\r\n      Did not match:\r\n         - @ConditionalOnClass did not find required class 'org.flywaydb.core.Flyway' (OnClassCondition)\r\n\r\n   FreeMarkerAutoConfiguration:\r\n      Did not match:\r\n         - @ConditionalOnClass did not find required class 'freemarker.template.Configuration' (OnClassCondition)\r\n\r\n   GangliaMetricsExportAutoConfiguration:\r\n      Did not match:\r\n         - @ConditionalOnClass did not find required class 'io.micrometer.ganglia.GangliaMeterRegistry' (OnClassCondition)\r\n\r\n   GraphQlAutoConfiguration:\r\n      Did not match:\r\n         - @ConditionalOnClass did not find required class 'graphql.GraphQL' (OnClassCondition)\r\n\r\n   GraphQlObservationAutoConfiguration:\r\n      Did not match:\r\n         - @ConditionalOnClass did not find required class 'graphql.GraphQL' (OnClassCondition)\r\n\r\n   GraphQlQueryByExampleAutoConfiguration:\r\n      Did not match:\r\n         - @ConditionalOnClass did not find required class 'graphql.GraphQL' (OnClassCondition)\r\n\r\n   GraphQlQuerydslAutoConfiguration:\r\n      Did not match:\r\n         - @ConditionalOnClass did not find required class 'graphql.GraphQL' (OnClassCondition)\r\n\r\n   GraphQlRSocketAutoConfiguration:\r\n      Did not match:\r\n         - @ConditionalOnClass did not find required class 'graphql.GraphQL' (OnClassCondition)\r\n\r\n   GraphQlReactiveQueryByExampleAutoConfiguration:\r\n      Did not match:\r\n         - @ConditionalOnClass did not find required class 'graphql.GraphQL' (OnClassCondition)\r\n\r\n   GraphQlReactiveQuerydslAutoConfiguration:\r\n      Did not match:\r\n         - @ConditionalOnClass did not find required class 'graphql.GraphQL' (OnClassCondition)\r\n\r\n   GraphQlWebFluxAutoConfiguration:\r\n      Did not match:\r\n         - @ConditionalOnClass did not find required class 'graphql.GraphQL' (OnClassCondition)\r\n\r\n   GraphQlWebFluxSecurityAutoConfiguration:\r\n      Did not match:\r\n         - @ConditionalOnClass did not find required class 'graphql.GraphQL' (OnClassCondition)\r\n\r\n   GraphQlWebMvcAutoConfiguration:\r\n      Did not match:\r\n         - @ConditionalOnClass did not find required class 'graphql.GraphQL' (OnClassCondition)\r\n\r\n   GraphQlWebMvcSecurityAutoConfiguration:\r\n      Did not match:\r\n         - @ConditionalOnClass did not find required class 'graphql.GraphQL' (OnClassCondition)\r\n\r\n   GraphiteMetricsExportAutoConfiguration:\r\n      Did not match:\r\n         - @ConditionalOnClass did not find required class 'io.micrometer.graphite.GraphiteMeterRegistry' (OnClassCondition)\r\n\r\n   GroovyTemplateAutoConfiguration:\r\n      Did not match:\r\n         - @ConditionalOnClass did not find required class 'groovy.text.markup.MarkupTemplateEngine' (OnClassCondition)\r\n\r\n   GsonAutoConfiguration:\r\n      Did not match:\r\n         - @ConditionalOnClass did not find required class 'com.google.gson.Gson' (OnClassCondition)\r\n\r\n   GsonHttpMessageConvertersConfiguration:\r\n      Did not match:\r\n         - @ConditionalOnClass did not find required class 'com.google.gson.Gson' (OnClassCondition)\r\n\r\n   H2ConsoleAutoConfiguration:\r\n      Did not match:\r\n         - @ConditionalOnClass did not find required class 'org.h2.server.web.JakartaWebServlet' (OnClassCondition)\r\n\r\n   HazelcastAutoConfiguration:\r\n      Did not match:\r\n         - @ConditionalOnClass did not find required class 'com.hazelcast.core.HazelcastInstance' (OnClassCondition)\r\n\r\n   HazelcastCacheConfiguration:\r\n      Did not match:\r\n         - @ConditionalOnClass did not find required class 'com.hazelcast.core.HazelcastInstance' (OnClassCondition)\r\n\r\n   HazelcastHealthContributorAutoConfiguration:\r\n      Did not match:\r\n         - @ConditionalOnClass did not find required class 'com.hazelcast.core.HazelcastInstance' (OnClassCondition)\r\n\r\n   HazelcastJpaDependencyAutoConfiguration:\r\n      Did not match:\r\n         - @ConditionalOnClass did not find required class 'com.hazelcast.core.HazelcastInstance' (OnClassCondition)\r\n\r\n   HealthEndpointReactiveWebExtensionConfiguration:\r\n      Did not match:\r\n         - did not find reactive web application classes (OnWebApplicationCondition)\r\n\r\n   HealthEndpointWebExtensionConfiguration.JerseyAdditionalHealthEndpointPathsConfiguration:\r\n      Did not match:\r\n         - @ConditionalOnClass did not find required class 'org.glassfish.jersey.server.ResourceConfig' (OnClassCondition)\r\n\r\n   HeapDumpWebEndpointAutoConfiguration:\r\n      Did not match:\r\n         - @ConditionalOnAvailableEndpoint no 'management.endpoints' property marked it as exposed (OnAvailableEndpointCondition)\r\n\r\n   HibernateMetricsAutoConfiguration:\r\n      Did not match:\r\n         - @ConditionalOnClass did not find required class 'org.hibernate.stat.HibernateMetrics' (OnClassCondition)\r\n\r\n   HttpExchangesAutoConfiguration:\r\n      Did not match:\r\n         - @ConditionalOnBean (types: org.springframework.boot.actuate.web.exchanges.HttpExchangeRepository; SearchStrategy: all) did not find any beans of type org.springframework.boot.actuate.web.exchanges.HttpExchangeRepository (OnBeanCondition)\r\n      Matched:\r\n         - @ConditionalOnWebApplication (required) found 'session' scope (OnWebApplicationCondition)\r\n         - @ConditionalOnProperty (management.httpexchanges.recording.enabled) matched (OnPropertyCondition)\r\n\r\n   HttpExchangesAutoConfiguration.ReactiveHttpExchangesConfiguration:\r\n      Did not match:\r\n         - did not find reactive web application classes (OnWebApplicationCondition)\r\n         - Ancestor org.springframework.boot.actuate.autoconfigure.web.exchanges.HttpExchangesAutoConfiguration did not match (ConditionEvaluationReport.AncestorsMatchedCondition)\r\n\r\n   HttpExchangesAutoConfiguration.ServletHttpExchangesConfiguration:\r\n      Did not match:\r\n         - Ancestor org.springframework.boot.actuate.autoconfigure.web.exchanges.HttpExchangesAutoConfiguration did not match (ConditionEvaluationReport.AncestorsMatchedCondition)\r\n      Matched:\r\n         - found 'session' scope (OnWebApplicationCondition)\r\n\r\n   HttpExchangesEndpointAutoConfiguration:\r\n      Did not match:\r\n         - @ConditionalOnAvailableEndpoint no 'management.endpoints' property marked it as exposed (OnAvailableEndpointCondition)\r\n\r\n   HttpHandlerAutoConfiguration:\r\n      Did not match:\r\n         - @ConditionalOnClass did not find required class 'org.springframework.web.reactive.DispatcherHandler' (OnClassCondition)\r\n\r\n   HumioMetricsExportAutoConfiguration:\r\n      Did not match:\r\n         - @ConditionalOnClass did not find required class 'io.micrometer.humio.HumioMeterRegistry' (OnClassCondition)\r\n\r\n   HypermediaAutoConfiguration:\r\n      Did not match:\r\n         - @ConditionalOnClass did not find required class 'org.springframework.hateoas.EntityModel' (OnClassCondition)\r\n\r\n   InfinispanCacheConfiguration:\r\n      Did not match:\r\n         - @ConditionalOnClass did not find required class 'org.infinispan.spring.embedded.provider.SpringEmbeddedCacheManager' (OnClassCondition)\r\n\r\n   InfluxDbAutoConfiguration:\r\n      Did not match:\r\n         - @ConditionalOnClass did not find required class 'org.influxdb.InfluxDB' (OnClassCondition)\r\n\r\n   InfluxDbHealthContributorAutoConfiguration:\r\n      Did not match:\r\n         - @ConditionalOnClass did not find required class 'org.influxdb.InfluxDB' (OnClassCondition)\r\n\r\n   InfluxMetricsExportAutoConfiguration:\r\n      Did not match:\r\n         - @ConditionalOnClass did not find required class 'io.micrometer.influx.InfluxMeterRegistry' (OnClassCondition)\r\n\r\n   InfoContributorAutoConfiguration#buildInfoContributor:\r\n      Did not match:\r\n         - @ConditionalOnSingleCandidate (types: org.springframework.boot.info.BuildProperties; SearchStrategy: all) did not find any beans (OnBeanCondition)\r\n      Matched:\r\n         - @ConditionalOnEnabledInfoContributor management.info.defaults.enabled is considered true (OnEnabledInfoContributorCondition)\r\n\r\n   InfoContributorAutoConfiguration#envInfoContributor:\r\n      Did not match:\r\n         - @ConditionalOnEnabledInfoContributor management.info.env.enabled is not true (OnEnabledInfoContributorCondition)\r\n\r\n   InfoContributorAutoConfiguration#gitInfoContributor:\r\n      Did not match:\r\n         - @ConditionalOnSingleCandidate (types: org.springframework.boot.info.GitProperties; SearchStrategy: all) did not find any beans (OnBeanCondition)\r\n      Matched:\r\n         - @ConditionalOnEnabledInfoContributor management.info.defaults.enabled is considered true (OnEnabledInfoContributorCondition)\r\n\r\n   InfoContributorAutoConfiguration#javaInfoContributor:\r\n      Did not match:\r\n         - @ConditionalOnEnabledInfoContributor management.info.java.enabled is not true (OnEnabledInfoContributorCondition)\r\n\r\n   InfoContributorAutoConfiguration#osInfoContributor:\r\n      Did not match:\r\n         - @ConditionalOnEnabledInfoContributor management.info.os.enabled is not true (OnEnabledInfoContributorCondition)\r\n\r\n   InfoEndpointAutoConfiguration:\r\n      Did not match:\r\n         - @ConditionalOnAvailableEndpoint no 'management.endpoints' property marked it as exposed (OnAvailableEndpointCondition)\r\n\r\n   IntegrationAutoConfiguration:\r\n      Did not match:\r\n         - @ConditionalOnClass did not find required class 'org.springframework.integration.config.EnableIntegration' (OnClassCondition)\r\n\r\n   IntegrationGraphEndpointAutoConfiguration:\r\n      Did not match:\r\n         - @ConditionalOnClass did not find required class 'org.springframework.integration.graph.IntegrationGraphServer' (OnClassCondition)\r\n\r\n   JCacheCacheConfiguration:\r\n      Did not match:\r\n         - @ConditionalOnClass did not find required class 'javax.cache.Caching' (OnClassCondition)\r\n\r\n   JacksonHttpMessageConvertersConfiguration.MappingJackson2XmlHttpMessageConverterConfiguration:\r\n      Did not match:\r\n         - @ConditionalOnClass did not find required class 'com.fasterxml.jackson.dataformat.xml.XmlMapper' (OnClassCondition)\r\n\r\n   JdbcRepositoriesAutoConfiguration:\r\n      Did not match:\r\n         - @ConditionalOnClass did not find required class 'org.springframework.data.jdbc.repository.config.AbstractJdbcConfiguration' (OnClassCondition)\r\n\r\n   JerseyAutoConfiguration:\r\n      Did not match:\r\n         - @ConditionalOnClass did not find required class 'org.glassfish.jersey.server.spring.SpringComponentProvider' (OnClassCondition)\r\n\r\n   JerseySameManagementContextConfiguration:\r\n      Did not match:\r\n         - @ConditionalOnClass did not find required class 'org.glassfish.jersey.server.ResourceConfig' (OnClassCondition)\r\n\r\n   JerseyServerMetricsAutoConfiguration:\r\n      Did not match:\r\n         - @ConditionalOnClass did not find required class 'io.micrometer.core.instrument.binder.jersey.server.MetricsApplicationEventListener' (OnClassCondition)\r\n\r\n   JerseyWebEndpointManagementContextConfiguration:\r\n      Did not match:\r\n         - @ConditionalOnClass did not find required class 'org.glassfish.jersey.server.ResourceConfig' (OnClassCondition)\r\n\r\n   JettyMetricsAutoConfiguration:\r\n      Did not match:\r\n         - @ConditionalOnClass did not find required class 'org.eclipse.jetty.server.Server' (OnClassCondition)\r\n\r\n   JmsAutoConfiguration:\r\n      Did not match:\r\n         - @ConditionalOnClass did not find required class 'jakarta.jms.Message' (OnClassCondition)\r\n\r\n   JmsHealthContributorAutoConfiguration:\r\n      Did not match:\r\n         - @ConditionalOnClass did not find required class 'jakarta.jms.ConnectionFactory' (OnClassCondition)\r\n\r\n   JmxAutoConfiguration:\r\n      Did not match:\r\n         - @ConditionalOnProperty (spring.jmx.enabled=true) found different value in property 'enabled' (OnPropertyCondition)\r\n      Matched:\r\n         - @ConditionalOnClass found required class 'org.springframework.jmx.export.MBeanExporter' (OnClassCondition)\r\n\r\n   JmxEndpointAutoConfiguration:\r\n      Did not match:\r\n         - @ConditionalOnProperty (spring.jmx.enabled=true) found different value in property 'enabled' (OnPropertyCondition)\r\n\r\n   JmxMetricsExportAutoConfiguration:\r\n      Did not match:\r\n         - @ConditionalOnClass did not find required class 'io.micrometer.jmx.JmxMeterRegistry' (OnClassCondition)\r\n\r\n   JndiConnectionFactoryAutoConfiguration:\r\n      Did not match:\r\n         - @ConditionalOnClass did not find required class 'org.springframework.jms.core.JmsTemplate' (OnClassCondition)\r\n\r\n   JndiDataSourceAutoConfiguration:\r\n      Did not match:\r\n         - @ConditionalOnProperty (spring.datasource.jndi-name) did not find property 'jndi-name' (OnPropertyCondition)\r\n      Matched:\r\n         - @ConditionalOnClass found required classes 'javax.sql.DataSource', 'org.springframework.jdbc.datasource.embedded.EmbeddedDatabaseType' (OnClassCondition)\r\n\r\n   JndiJtaConfiguration:\r\n      Did not match:\r\n         - @ConditionalOnJndi JNDI environment is not available (OnJndiCondition)\r\n      Matched:\r\n         - @ConditionalOnClass found required class 'org.springframework.transaction.jta.JtaTransactionManager' (OnClassCondition)\r\n\r\n   JooqAutoConfiguration:\r\n      Did not match:\r\n         - @ConditionalOnClass did not find required class 'org.jooq.DSLContext' (OnClassCondition)\r\n\r\n   JpaRepositoriesAutoConfiguration#entityManagerFactoryBootstrapExecutorCustomizer:\r\n      Did not match:\r\n         - AnyNestedCondition 0 matched 2 did not; NestedCondition on JpaRepositoriesAutoConfiguration.BootstrapExecutorCondition.LazyBootstrapMode @ConditionalOnProperty (spring.data.jpa.repositories.bootstrap-mode=lazy) did not find property 'bootstrap-mode'; NestedCondition on JpaRepositoriesAutoConfiguration.BootstrapExecutorCondition.DeferredBootstrapMode @ConditionalOnProperty (spring.data.jpa.repositories.bootstrap-mode=deferred) did not find property 'bootstrap-mode' (JpaRepositoriesAutoConfiguration.BootstrapExecutorCondition)\r\n\r\n   JsonbAutoConfiguration:\r\n      Did not match:\r\n         - @ConditionalOnClass did not find required class 'jakarta.json.bind.Jsonb' (OnClassCondition)\r\n\r\n   JsonbHttpMessageConvertersConfiguration:\r\n      Did not match:\r\n         - @ConditionalOnClass did not find required class 'jakarta.json.bind.Jsonb' (OnClassCondition)\r\n\r\n   KafkaAutoConfiguration:\r\n      Did not match:\r\n         - @ConditionalOnClass did not find required class 'org.springframework.kafka.core.KafkaTemplate' (OnClassCondition)\r\n\r\n   KafkaMetricsAutoConfiguration:\r\n      Did not match:\r\n         - @ConditionalOnClass did not find required class 'org.springframework.kafka.core.ProducerFactory' (OnClassCondition)\r\n\r\n   KairosMetricsExportAutoConfiguration:\r\n      Did not match:\r\n         - @ConditionalOnClass did not find required class 'io.micrometer.kairos.KairosMeterRegistry' (OnClassCondition)\r\n\r\n   LdapAutoConfiguration:\r\n      Did not match:\r\n         - @ConditionalOnClass did not find required class 'org.springframework.ldap.core.ContextSource' (OnClassCondition)\r\n\r\n   LdapHealthContributorAutoConfiguration:\r\n      Did not match:\r\n         - @ConditionalOnClass did not find required class 'org.springframework.ldap.core.LdapOperations' (OnClassCondition)\r\n\r\n   LdapRepositoriesAutoConfiguration:\r\n      Did not match:\r\n         - @ConditionalOnClass did not find required class 'org.springframework.data.ldap.repository.LdapRepository' (OnClassCondition)\r\n\r\n   LettuceMetricsAutoConfiguration:\r\n      Did not match:\r\n         - @ConditionalOnClass did not find required class 'io.lettuce.core.metrics.MicrometerCommandLatencyRecorder' (OnClassCondition)\r\n\r\n   LiquibaseAutoConfiguration:\r\n      Did not match:\r\n         - @ConditionalOnClass did not find required class 'liquibase.change.DatabaseChange' (OnClassCondition)\r\n\r\n   LiquibaseEndpointAutoConfiguration:\r\n      Did not match:\r\n         - @ConditionalOnClass did not find required class 'liquibase.integration.spring.SpringLiquibase' (OnClassCondition)\r\n\r\n   LoadBalancerAutoConfiguration:\r\n      Did not match:\r\n         - @ConditionalOnBean (types: org.springframework.cloud.client.loadbalancer.LoadBalancerClient; SearchStrategy: all) did not find any beans of type org.springframework.cloud.client.loadbalancer.LoadBalancerClient (OnBeanCondition)\r\n      Matched:\r\n         - @ConditionalOnClass found required class 'org.springframework.web.client.RestTemplate' (OnClassCondition)\r\n\r\n   LoadBalancerAutoConfiguration.RetryAutoConfiguration:\r\n      Did not match:\r\n         - @ConditionalOnClass did not find required class 'org.springframework.retry.support.RetryTemplate' (OnClassCondition)\r\n         - Ancestor org.springframework.cloud.client.loadbalancer.LoadBalancerAutoConfiguration did not match (ConditionEvaluationReport.AncestorsMatchedCondition)\r\n\r\n   LoadBalancerAutoConfiguration.RetryInterceptorAutoConfiguration:\r\n      Did not match:\r\n         - @ConditionalOnClass did not find required class 'org.springframework.retry.support.RetryTemplate' (OnClassCondition)\r\n         - Ancestor org.springframework.cloud.client.loadbalancer.LoadBalancerAutoConfiguration did not match (ConditionEvaluationReport.AncestorsMatchedCondition)\r\n\r\n   LoadBalancerBeanPostProcessorAutoConfiguration:\r\n      Did not match:\r\n         - @ConditionalOnClass did not find required class 'org.springframework.web.reactive.function.client.WebClient' (OnClassCondition)\r\n\r\n   Log4J2MetricsAutoConfiguration:\r\n      Did not match:\r\n         - @ConditionalOnClass did not find required class 'org.apache.logging.log4j.core.LoggerContext' (OnClassCondition)\r\n\r\n   LogFileWebEndpointAutoConfiguration:\r\n      Did not match:\r\n         - @ConditionalOnAvailableEndpoint no 'management.endpoints' property marked it as exposed (OnAvailableEndpointCondition)\r\n\r\n   LoggersEndpointAutoConfiguration:\r\n      Did not match:\r\n         - @ConditionalOnAvailableEndpoint no 'management.endpoints' property marked it as exposed (OnAvailableEndpointCondition)\r\n\r\n   MailHealthContributorAutoConfiguration:\r\n      Did not match:\r\n         - @ConditionalOnClass did not find required class 'org.springframework.mail.javamail.JavaMailSenderImpl' (OnClassCondition)\r\n\r\n   MailSenderAutoConfiguration:\r\n      Did not match:\r\n         - @ConditionalOnClass did not find required class 'jakarta.mail.internet.MimeMessage' (OnClassCondition)\r\n\r\n   MailSenderValidatorAutoConfiguration:\r\n      Did not match:\r\n         - @ConditionalOnSingleCandidate did not find required type 'org.springframework.mail.javamail.JavaMailSenderImpl' (OnBeanCondition)\r\n\r\n   ManagementContextAutoConfiguration.DifferentManagementContextConfiguration:\r\n      Did not match:\r\n         - Management Port actual port type (SAME) did not match required type (DIFFERENT) (OnManagementPortCondition)\r\n\r\n   ManagementWebSecurityAutoConfiguration:\r\n      Did not match:\r\n         - AllNestedConditions 1 matched 1 did not; NestedCondition on DefaultWebSecurityCondition.Beans @ConditionalOnMissingBean (types: org.springframework.security.web.SecurityFilterChain; SearchStrategy: all) found beans of type 'org.springframework.security.web.SecurityFilterChain' filterChain; NestedCondition on DefaultWebSecurityCondition.Classes @ConditionalOnClass found required classes 'org.springframework.security.web.SecurityFilterChain', 'org.springframework.security.config.annotation.web.builders.HttpSecurity' (DefaultWebSecurityCondition)\r\n      Matched:\r\n         - found 'session' scope (OnWebApplicationCondition)\r\n\r\n   MappingsEndpointAutoConfiguration:\r\n      Did not match:\r\n         - @ConditionalOnAvailableEndpoint no 'management.endpoints' property marked it as exposed (OnAvailableEndpointCondition)\r\n\r\n   MessageSourceAutoConfiguration:\r\n      Did not match:\r\n         - ResourceBundle did not find bundle with basename messages (MessageSourceAutoConfiguration.ResourceBundleCondition)\r\n\r\n   MetricsEndpointAutoConfiguration:\r\n      Did not match:\r\n         - @ConditionalOnAvailableEndpoint no 'management.endpoints' property marked it as exposed (OnAvailableEndpointCondition)\r\n      Matched:\r\n         - @ConditionalOnClass found required class 'io.micrometer.core.annotation.Timed' (OnClassCondition)\r\n\r\n   MicrometerTracingAutoConfiguration:\r\n      Did not match:\r\n         - @ConditionalOnProperty (management.tracing.enabled) found different value in property 'enabled' (OnPropertyCondition)\r\n      Matched:\r\n         - @ConditionalOnClass found required class 'io.micrometer.tracing.Tracer' (OnClassCondition)\r\n\r\n   MongoAutoConfiguration:\r\n      Did not match:\r\n         - @ConditionalOnClass did not find required class 'com.mongodb.client.MongoClient' (OnClassCondition)\r\n\r\n   MongoDataAutoConfiguration:\r\n      Did not match:\r\n         - @ConditionalOnClass did not find required class 'com.mongodb.client.MongoClient' (OnClassCondition)\r\n\r\n   MongoHealthContributorAutoConfiguration:\r\n      Did not match:\r\n         - @ConditionalOnClass did not find required class 'org.springframework.data.mongodb.core.MongoTemplate' (OnClassCondition)\r\n\r\n   MongoMetricsAutoConfiguration:\r\n      Did not match:\r\n         - @ConditionalOnClass did not find required class 'com.mongodb.MongoClientSettings' (OnClassCondition)\r\n\r\n   MongoReactiveAutoConfiguration:\r\n      Did not match:\r\n         - @ConditionalOnClass did not find required class 'com.mongodb.reactivestreams.client.MongoClient' (OnClassCondition)\r\n\r\n   MongoReactiveDataAutoConfiguration:\r\n      Did not match:\r\n         - @ConditionalOnClass did not find required class 'com.mongodb.reactivestreams.client.MongoClient' (OnClassCondition)\r\n\r\n   MongoReactiveHealthContributorAutoConfiguration:\r\n      Did not match:\r\n         - @ConditionalOnClass did not find required class 'reactor.core.publisher.Flux' (OnClassCondition)\r\n\r\n   MongoReactiveRepositoriesAutoConfiguration:\r\n      Did not match:\r\n         - @ConditionalOnClass did not find required class 'com.mongodb.reactivestreams.client.MongoClient' (OnClassCondition)\r\n\r\n   MongoRepositoriesAutoConfiguration:\r\n      Did not match:\r\n         - @ConditionalOnClass did not find required class 'com.mongodb.client.MongoClient' (OnClassCondition)\r\n\r\n   MultipleOpenApiSupportConfiguration:\r\n      Did not match:\r\n         - AnyNestedCondition 0 matched 2 did not; NestedCondition on MultipleOpenApiSupportCondition.OnActuatorDifferentPort found non-matching nested conditions Management Port actual port type (SAME) did not match required type (DIFFERENT), @ConditionalOnProperty (springdoc.show-actuator) did not find property 'springdoc.show-actuator'; NestedCondition on MultipleOpenApiSupportCondition.OnMultipleOpenApiSupportCondition AnyNestedCondition 0 matched 2 did not; NestedCondition on MultipleOpenApiGroupsCondition.OnGroupConfigProperty @ConditionalOnProperty (springdoc.group-configs[0].group) did not find property 'springdoc.group-configs[0].group'; NestedCondition on MultipleOpenApiGroupsCondition.OnGroupedOpenApiBean @ConditionalOnBean (types: org.springdoc.core.models.GroupedOpenApi; SearchStrategy: all) did not find any beans of type org.springdoc.core.models.GroupedOpenApi (MultipleOpenApiSupportCondition)\r\n      Matched:\r\n         - found 'session' scope (OnWebApplicationCondition)\r\n         - @ConditionalOnProperty (springdoc.api-docs.enabled) matched (OnPropertyCondition)\r\n\r\n   MultipleOpenApiSupportConfiguration.SpringDocWebMvcActuatorDifferentConfiguration:\r\n      Did not match:\r\n         - Management Port actual port type (SAME) did not match required type (DIFFERENT) (OnManagementPortCondition)\r\n         - Ancestor org.springdoc.webmvc.core.configuration.MultipleOpenApiSupportConfiguration did not match (ConditionEvaluationReport.AncestorsMatchedCondition)\r\n      Matched:\r\n         - @ConditionalOnClass found required class 'org.springframework.boot.actuate.endpoint.web.servlet.WebMvcEndpointHandlerMapping' (OnClassCondition)\r\n\r\n   MustacheAutoConfiguration:\r\n      Did not match:\r\n         - @ConditionalOnClass did not find required class 'com.samskivert.mustache.Mustache' (OnClassCondition)\r\n\r\n   Neo4jAutoConfiguration:\r\n      Did not match:\r\n         - @ConditionalOnClass did not find required class 'org.neo4j.driver.Driver' (OnClassCondition)\r\n\r\n   Neo4jDataAutoConfiguration:\r\n      Did not match:\r\n         - @ConditionalOnClass did not find required class 'org.neo4j.driver.Driver' (OnClassCondition)\r\n\r\n   Neo4jHealthContributorAutoConfiguration:\r\n      Did not match:\r\n         - @ConditionalOnClass did not find required class 'org.neo4j.driver.Driver' (OnClassCondition)\r\n\r\n   Neo4jReactiveDataAutoConfiguration:\r\n      Did not match:\r\n         - @ConditionalOnClass did not find required class 'org.neo4j.driver.Driver' (OnClassCondition)\r\n\r\n   Neo4jReactiveRepositoriesAutoConfiguration:\r\n      Did not match:\r\n         - @ConditionalOnClass did not find required class 'org.neo4j.driver.Driver' (OnClassCondition)\r\n\r\n   Neo4jRepositoriesAutoConfiguration:\r\n      Did not match:\r\n         - @ConditionalOnClass did not find required class 'org.neo4j.driver.Driver' (OnClassCondition)\r\n\r\n   NettyAutoConfiguration:\r\n      Did not match:\r\n         - @ConditionalOnClass did not find required class 'io.netty.util.NettyRuntime' (OnClassCondition)\r\n\r\n   NewRelicMetricsExportAutoConfiguration:\r\n      Did not match:\r\n         - @ConditionalOnClass did not find required class 'io.micrometer.newrelic.NewRelicMeterRegistry' (OnClassCondition)\r\n\r\n   NoOpMeterRegistryConfiguration:\r\n      Did not match:\r\n         - @ConditionalOnMissingBean (types: io.micrometer.core.instrument.MeterRegistry; SearchStrategy: all) found beans of type 'io.micrometer.core.instrument.MeterRegistry' simpleMeterRegistry (OnBeanCondition)\r\n\r\n   OAuth2AuthorizationServerAutoConfiguration:\r\n      Did not match:\r\n         - @ConditionalOnClass did not find required class 'org.springframework.security.oauth2.server.authorization.OAuth2Authorization' (OnClassCondition)\r\n\r\n   OAuth2AuthorizationServerJwtAutoConfiguration:\r\n      Did not match:\r\n         - @ConditionalOnClass did not find required class 'org.springframework.security.oauth2.server.authorization.OAuth2Authorization' (OnClassCondition)\r\n\r\n   OAuth2ClientAutoConfiguration:\r\n      Did not match:\r\n         - @ConditionalOnClass did not find required class 'org.springframework.security.oauth2.client.registration.ClientRegistration' (OnClassCondition)\r\n\r\n   OAuth2ResourceServerAutoConfiguration:\r\n      Did not match:\r\n         - @ConditionalOnClass did not find required class 'org.springframework.security.oauth2.server.resource.authentication.BearerTokenAuthenticationToken' (OnClassCondition)\r\n\r\n   ObservationAutoConfiguration.MeterObservationHandlerConfiguration.TracingAndMetricsObservationHandlerConfiguration:\r\n      Did not match:\r\n         - @ConditionalOnBean (types: io.micrometer.tracing.Tracer; SearchStrategy: all) did not find any beans of type io.micrometer.tracing.Tracer (OnBeanCondition)\r\n\r\n   ObservationAutoConfiguration.OnlyMetricsConfiguration:\r\n      Did not match:\r\n         - @ConditionalOnMissingClass found unwanted class 'io.micrometer.tracing.Tracer' (OnClassCondition)\r\n\r\n   ObservationAutoConfiguration.OnlyTracingConfiguration:\r\n      Did not match:\r\n         - @ConditionalOnMissingClass found unwanted class 'io.micrometer.core.instrument.MeterRegistry' (OnClassCondition)\r\n\r\n   OpenTelemetryAutoConfiguration:\r\n      Did not match:\r\n         - @ConditionalOnClass did not find required class 'io.micrometer.tracing.otel.bridge.OtelTracer' (OnClassCondition)\r\n\r\n   OtlpAutoConfiguration:\r\n      Did not match:\r\n         - @ConditionalOnClass did not find required class 'io.micrometer.tracing.otel.bridge.OtelTracer' (OnClassCondition)\r\n\r\n   OtlpMetricsExportAutoConfiguration:\r\n      Did not match:\r\n         - @ConditionalOnClass did not find required class 'io.micrometer.registry.otlp.OtlpMeterRegistry' (OnClassCondition)\r\n\r\n   PauseResumeEndpointsConfiguration#pauseEndpoint:\r\n      Did not match:\r\n         - @ConditionalOnBean (types: org.springframework.cloud.context.restart.RestartEndpoint; SearchStrategy: all) did not find any beans of type org.springframework.cloud.context.restart.RestartEndpoint (OnBeanCondition)\r\n\r\n   PauseResumeEndpointsConfiguration#resumeEndpoint:\r\n      Did not match:\r\n         - @ConditionalOnBean (types: org.springframework.cloud.context.restart.RestartEndpoint; SearchStrategy: all) did not find any beans of type org.springframework.cloud.context.restart.RestartEndpoint (OnBeanCondition)\r\n\r\n   ProjectInfoAutoConfiguration#buildProperties:\r\n      Did not match:\r\n         - @ConditionalOnResource did not find resource '${spring.info.build.location:classpath:META-INF/build-info.properties}' (OnResourceCondition)\r\n\r\n   ProjectInfoAutoConfiguration#gitProperties:\r\n      Did not match:\r\n         - GitResource did not find git info at classpath:git.properties (ProjectInfoAutoConfiguration.GitResourceAvailableCondition)\r\n\r\n   PrometheusExemplarsAutoConfiguration:\r\n      Did not match:\r\n         - @ConditionalOnClass did not find required class 'io.prometheus.client.exemplars.tracer.common.SpanContextSupplier' (OnClassCondition)\r\n\r\n   PrometheusMetricsExportAutoConfiguration:\r\n      Did not match:\r\n         - @ConditionalOnClass did not find required class 'io.micrometer.prometheus.PrometheusMeterRegistry' (OnClassCondition)\r\n\r\n   QuartzAutoConfiguration:\r\n      Did not match:\r\n         - @ConditionalOnClass did not find required class 'org.quartz.Scheduler' (OnClassCondition)\r\n\r\n   QuartzEndpointAutoConfiguration:\r\n      Did not match:\r\n         - @ConditionalOnClass did not find required class 'org.quartz.Scheduler' (OnClassCondition)\r\n\r\n   R2dbcAutoConfiguration:\r\n      Did not match:\r\n         - @ConditionalOnClass did not find required class 'io.r2dbc.spi.ConnectionFactory' (OnClassCondition)\r\n\r\n   R2dbcDataAutoConfiguration:\r\n      Did not match:\r\n         - @ConditionalOnClass did not find required class 'org.springframework.data.r2dbc.core.R2dbcEntityTemplate' (OnClassCondition)\r\n\r\n   R2dbcInitializationConfiguration:\r\n      Did not match:\r\n         - @ConditionalOnClass did not find required classes 'io.r2dbc.spi.ConnectionFactory', 'org.springframework.r2dbc.connection.init.DatabasePopulator' (OnClassCondition)\r\n\r\n   R2dbcRepositoriesAutoConfiguration:\r\n      Did not match:\r\n         - @ConditionalOnClass did not find required class 'io.r2dbc.spi.ConnectionFactory' (OnClassCondition)\r\n\r\n   R2dbcTransactionManagerAutoConfiguration:\r\n      Did not match:\r\n         - @ConditionalOnClass did not find required class 'org.springframework.r2dbc.connection.R2dbcTransactionManager' (OnClassCondition)\r\n\r\n   RSocketGraphQlClientAutoConfiguration:\r\n      Did not match:\r\n         - @ConditionalOnClass did not find required class 'graphql.GraphQL' (OnClassCondition)\r\n\r\n   RSocketMessagingAutoConfiguration:\r\n      Did not match:\r\n         - @ConditionalOnClass did not find required class 'io.rsocket.RSocket' (OnClassCondition)\r\n\r\n   RSocketRequesterAutoConfiguration:\r\n      Did not match:\r\n         - @ConditionalOnClass did not find required class 'io.rsocket.RSocket' (OnClassCondition)\r\n\r\n   RSocketSecurityAutoConfiguration:\r\n      Did not match:\r\n         - @ConditionalOnClass did not find required class 'org.springframework.security.rsocket.core.SecuritySocketAcceptorInterceptor' (OnClassCondition)\r\n\r\n   RSocketServerAutoConfiguration:\r\n      Did not match:\r\n         - @ConditionalOnClass did not find required class 'io.rsocket.core.RSocketServer' (OnClassCondition)\r\n\r\n   RSocketStrategiesAutoConfiguration:\r\n      Did not match:\r\n         - @ConditionalOnClass did not find required class 'io.netty.buffer.PooledByteBufAllocator' (OnClassCondition)\r\n\r\n   RabbitAutoConfiguration:\r\n      Did not match:\r\n         - @ConditionalOnClass did not find required class 'com.rabbitmq.client.Channel' (OnClassCondition)\r\n\r\n   RabbitHealthContributorAutoConfiguration:\r\n      Did not match:\r\n         - @ConditionalOnClass did not find required class 'org.springframework.amqp.rabbit.core.RabbitTemplate' (OnClassCondition)\r\n\r\n   RabbitMetricsAutoConfiguration:\r\n      Did not match:\r\n         - @ConditionalOnClass did not find required class 'com.rabbitmq.client.ConnectionFactory' (OnClassCondition)\r\n\r\n   ReactiveCloudFoundryActuatorAutoConfiguration:\r\n      Did not match:\r\n         - @ConditionalOnWebApplication did not find reactive web application classes (OnWebApplicationCondition)\r\n\r\n   ReactiveCommonsClientAutoConfiguration.ReactiveDiscoveryLoadBalancerConfiguration:\r\n      Did not match:\r\n         - @ConditionalOnClass did not find required class 'org.springframework.web.reactive.function.client.WebClient' (OnClassCondition)\r\n\r\n   ReactiveCompositeDiscoveryClientAutoConfiguration:\r\n      Did not match:\r\n         - @ConditionalOnClass did not find required class 'org.springframework.web.reactive.function.client.WebClient' (OnClassCondition)\r\n\r\n   ReactiveElasticsearchClientAutoConfiguration:\r\n      Did not match:\r\n         - @ConditionalOnClass did not find required class 'co.elastic.clients.transport.ElasticsearchTransport' (OnClassCondition)\r\n\r\n   ReactiveElasticsearchRepositoriesAutoConfiguration:\r\n      Did not match:\r\n         - @ConditionalOnClass did not find required class 'org.springframework.data.elasticsearch.client.elc.ReactiveElasticsearchClient' (OnClassCondition)\r\n\r\n   ReactiveHealthEndpointConfiguration:\r\n      Did not match:\r\n         - @ConditionalOnClass did not find required class 'reactor.core.publisher.Flux' (OnClassCondition)\r\n\r\n   ReactiveManagementContextAutoConfiguration:\r\n      Did not match:\r\n         - @ConditionalOnClass did not find required class 'reactor.core.publisher.Flux' (OnClassCondition)\r\n\r\n   ReactiveManagementWebSecurityAutoConfiguration:\r\n      Did not match:\r\n         - @ConditionalOnWebApplication did not find reactive web application classes (OnWebApplicationCondition)\r\n\r\n   ReactiveMultipartAutoConfiguration:\r\n      Did not match:\r\n         - @ConditionalOnClass did not find required class 'org.springframework.web.reactive.config.WebFluxConfigurer' (OnClassCondition)\r\n\r\n   ReactiveOAuth2ClientAutoConfiguration:\r\n      Did not match:\r\n         - @ConditionalOnClass did not find required class 'reactor.core.publisher.Flux' (OnClassCondition)\r\n\r\n   ReactiveOAuth2ResourceServerAutoConfiguration:\r\n      Did not match:\r\n         - @ConditionalOnWebApplication did not find reactive web application classes (OnWebApplicationCondition)\r\n\r\n   ReactiveSecurityAutoConfiguration:\r\n      Did not match:\r\n         - @ConditionalOnClass did not find required class 'reactor.core.publisher.Flux' (OnClassCondition)\r\n\r\n   ReactiveUserDetailsServiceAutoConfiguration:\r\n      Did not match:\r\n         - AnyNestedCondition 0 matched 2 did not; NestedCondition on ReactiveUserDetailsServiceAutoConfiguration.ReactiveUserDetailsServiceCondition.ReactiveWebApplicationCondition did not find reactive web application classes; NestedCondition on ReactiveUserDetailsServiceAutoConfiguration.ReactiveUserDetailsServiceCondition.RSocketSecurityEnabledCondition @ConditionalOnBean (types: org.springframework.messaging.rsocket.annotation.support.RSocketMessageHandler; SearchStrategy: all) did not find any beans of type org.springframework.messaging.rsocket.annotation.support.RSocketMessageHandler (ReactiveUserDetailsServiceAutoConfiguration.ReactiveUserDetailsServiceCondition)\r\n      Matched:\r\n         - @ConditionalOnClass found required class 'org.springframework.security.authentication.ReactiveAuthenticationManager' (OnClassCondition)\r\n\r\n   ReactiveWebServerFactoryAutoConfiguration:\r\n      Did not match:\r\n         - @ConditionalOnWebApplication did not find reactive web application classes (OnWebApplicationCondition)\r\n\r\n   ReactorLoadBalancerClientAutoConfiguration:\r\n      Did not match:\r\n         - @ConditionalOnClass did not find required class 'org.springframework.web.reactive.function.client.WebClient' (OnClassCondition)\r\n\r\n   RedisAutoConfiguration:\r\n      Did not match:\r\n         - @ConditionalOnClass did not find required class 'org.springframework.data.redis.core.RedisOperations' (OnClassCondition)\r\n\r\n   RedisCacheConfiguration:\r\n      Did not match:\r\n         - @ConditionalOnClass did not find required class 'org.springframework.data.redis.connection.RedisConnectionFactory' (OnClassCondition)\r\n\r\n   RedisHealthContributorAutoConfiguration:\r\n      Did not match:\r\n         - @ConditionalOnClass did not find required class 'org.springframework.data.redis.connection.RedisConnectionFactory' (OnClassCondition)\r\n\r\n   RedisReactiveAutoConfiguration:\r\n      Did not match:\r\n         - @ConditionalOnClass did not find required class 'reactor.core.publisher.Flux' (OnClassCondition)\r\n\r\n   RedisReactiveHealthContributorAutoConfiguration:\r\n      Did not match:\r\n         - @ConditionalOnClass did not find required class 'reactor.core.publisher.Flux' (OnClassCondition)\r\n\r\n   RedisRepositoriesAutoConfiguration:\r\n      Did not match:\r\n         - @ConditionalOnClass did not find required class 'org.springframework.data.redis.repository.configuration.EnableRedisRepositories' (OnClassCondition)\r\n\r\n   RefreshAutoConfiguration#legacyContextRefresher:\r\n      Did not match:\r\n         - AnyNestedCondition 0 matched 3 did not; NestedCondition on ConditionalOnBootstrapEnabled.OnBootstrapEnabledCondition.OnBootstrapEnabled @ConditionalOnProperty (spring.cloud.bootstrap.enabled) did not find property 'spring.cloud.bootstrap.enabled'; NestedCondition on ConditionalOnBootstrapEnabled.OnBootstrapEnabledCondition.OnUseLegacyProcessingEnabled @ConditionalOnProperty (spring.config.use-legacy-processing) did not find property 'spring.config.use-legacy-processing'; NestedCondition on ConditionalOnBootstrapEnabled.OnBootstrapEnabledCondition.OnBootstrapMarkerClassPresent @ConditionalOnClass did not find required class 'org.springframework.cloud.bootstrap.marker.Marker' (ConditionalOnBootstrapEnabled.OnBootstrapEnabledCondition)\r\n\r\n   RefreshAutoConfiguration.JpaInvokerConfiguration:\r\n      Did not match:\r\n         - @ConditionalOnClass did not find required class 'javax.persistence.EntityManagerFactory' (OnClassCondition)\r\n\r\n   RefreshEndpointAutoConfiguration.RefreshEndpointConfiguration#refreshEndpoint:\r\n      Did not match:\r\n         - @ConditionalOnAvailableEndpoint no 'management.endpoints' property marked it as exposed (OnAvailableEndpointCondition)\r\n      Matched:\r\n         - @ConditionalOnBean (types: org.springframework.cloud.context.refresh.ContextRefresher; SearchStrategy: all) found bean 'configDataContextRefresher'; @ConditionalOnMissingBean (types: org.springframework.cloud.endpoint.RefreshEndpoint; SearchStrategy: all) did not find any beans (OnBeanCondition)\r\n\r\n   RepositoryRestMvcAutoConfiguration:\r\n      Did not match:\r\n         - @ConditionalOnClass did not find required class 'org.springframework.data.rest.webmvc.config.RepositoryRestMvcConfiguration' (OnClassCondition)\r\n\r\n   RestartEndpointWithIntegrationConfiguration:\r\n      Did not match:\r\n         - @ConditionalOnClass did not find required class 'org.springframework.integration.monitor.IntegrationMBeanExporter' (OnClassCondition)\r\n\r\n   RestartEndpointWithoutIntegrationConfiguration#restartEndpointWithoutIntegration:\r\n      Did not match:\r\n         - @ConditionalOnAvailableEndpoint no property management.endpoint.restart.enabled found so using endpoint default of false (OnAvailableEndpointCondition)\r\n\r\n   Saml2RelyingPartyAutoConfiguration:\r\n      Did not match:\r\n         - @ConditionalOnClass did not find required class 'org.springframework.security.saml2.provider.service.registration.RelyingPartyRegistrationRepository' (OnClassCondition)\r\n\r\n   ScheduledTasksEndpointAutoConfiguration:\r\n      Did not match:\r\n         - @ConditionalOnAvailableEndpoint no 'management.endpoints' property marked it as exposed (OnAvailableEndpointCondition)\r\n\r\n   SecurityDataConfiguration:\r\n      Did not match:\r\n         - @ConditionalOnClass did not find required class 'org.springframework.security.data.repository.query.SecurityEvaluationContextExtension' (OnClassCondition)\r\n\r\n   SecurityRequestMatchersManagementContextConfiguration.JerseyRequestMatcherConfiguration:\r\n      Did not match:\r\n         - @ConditionalOnClass did not find required class 'org.glassfish.jersey.server.ResourceConfig' (OnClassCondition)\r\n\r\n   SendGridAutoConfiguration:\r\n      Did not match:\r\n         - @ConditionalOnClass did not find required class 'com.sendgrid.SendGrid' (OnClassCondition)\r\n\r\n   ServiceRegistryAutoConfiguration.ServiceRegistryEndpointConfiguration:\r\n      Did not match:\r\n         - @ConditionalOnBean (types: org.springframework.cloud.client.serviceregistry.ServiceRegistry; SearchStrategy: all) did not find any beans of type org.springframework.cloud.client.serviceregistry.ServiceRegistry (OnBeanCondition)\r\n      Matched:\r\n         - @ConditionalOnClass found required class 'org.springframework.boot.actuate.endpoint.annotation.Endpoint' (OnClassCondition)\r\n\r\n   ServletEndpointManagementContextConfiguration.JerseyServletEndpointManagementContextConfiguration:\r\n      Did not match:\r\n         - @ConditionalOnClass did not find required class 'org.glassfish.jersey.server.ResourceConfig' (OnClassCondition)\r\n\r\n   ServletManagementContextAutoConfiguration.ApplicationContextFilterConfiguration:\r\n      Did not match:\r\n         - @ConditionalOnProperty (management.server.add-application-context-header=true) did not find property 'add-application-context-header' (OnPropertyCondition)\r\n\r\n   ServletWebServerFactoryAutoConfiguration.ForwardedHeaderFilterConfiguration:\r\n      Did not match:\r\n         - @ConditionalOnProperty (server.forward-headers-strategy=framework) did not find property 'server.forward-headers-strategy' (OnPropertyCondition)\r\n\r\n   ServletWebServerFactoryConfiguration.EmbeddedJetty:\r\n      Did not match:\r\n         - @ConditionalOnClass did not find required classes 'org.eclipse.jetty.server.Server', 'org.eclipse.jetty.util.Loader', 'org.eclipse.jetty.webapp.WebAppContext' (OnClassCondition)\r\n\r\n   ServletWebServerFactoryConfiguration.EmbeddedUndertow:\r\n      Did not match:\r\n         - @ConditionalOnClass did not find required classes 'io.undertow.Undertow', 'org.xnio.SslClientAuthMode' (OnClassCondition)\r\n\r\n   SessionAutoConfiguration:\r\n      Did not match:\r\n         - @ConditionalOnClass did not find required class 'org.springframework.session.Session' (OnClassCondition)\r\n\r\n   SessionsEndpointAutoConfiguration:\r\n      Did not match:\r\n         - @ConditionalOnClass did not find required class 'org.springframework.session.FindByIndexNameSessionRepository' (OnClassCondition)\r\n\r\n   ShutdownEndpointAutoConfiguration:\r\n      Did not match:\r\n         - @ConditionalOnAvailableEndpoint no property management.endpoint.shutdown.enabled found so using endpoint default of false (OnAvailableEndpointCondition)\r\n\r\n   SignalFxMetricsExportAutoConfiguration:\r\n      Did not match:\r\n         - @ConditionalOnClass did not find required class 'io.micrometer.signalfx.SignalFxMeterRegistry' (OnClassCondition)\r\n\r\n   SimpleReactiveDiscoveryClientAutoConfiguration:\r\n      Did not match:\r\n         - @ConditionalOnClass did not find required class 'org.springframework.web.reactive.function.client.WebClient' (OnClassCondition)\r\n\r\n   SpringApplicationAdminJmxAutoConfiguration:\r\n      Did not match:\r\n         - @ConditionalOnProperty (spring.application.admin.enabled=true) did not find property 'enabled' (OnPropertyCondition)\r\n\r\n   SpringBootWebSecurityConfiguration.SecurityFilterChainConfiguration:\r\n      Did not match:\r\n         - AllNestedConditions 1 matched 1 did not; NestedCondition on DefaultWebSecurityCondition.Beans @ConditionalOnMissingBean (types: org.springframework.security.web.SecurityFilterChain; SearchStrategy: all) found beans of type 'org.springframework.security.web.SecurityFilterChain' filterChain; NestedCondition on DefaultWebSecurityCondition.Classes @ConditionalOnClass found required classes 'org.springframework.security.web.SecurityFilterChain', 'org.springframework.security.config.annotation.web.builders.HttpSecurity' (DefaultWebSecurityCondition)\r\n\r\n   SpringBootWebSecurityConfiguration.WebSecurityEnablerConfiguration:\r\n      Did not match:\r\n         - @ConditionalOnMissingBean (names: springSecurityFilterChain; SearchStrategy: all) found beans named springSecurityFilterChain (OnBeanCondition)\r\n      Matched:\r\n         - @ConditionalOnClass found required class 'org.springframework.security.config.annotation.web.configuration.EnableWebSecurity' (OnClassCondition)\r\n\r\n   SpringDocConfiguration#propertiesResolverForSchema:\r\n      Did not match:\r\n         - @ConditionalOnProperty (springdoc.api-docs.resolve-schema-properties) did not find property 'springdoc.api-docs.resolve-schema-properties' (OnPropertyCondition)\r\n\r\n   SpringDocConfiguration#propertyCustomizingConverter:\r\n      Did not match:\r\n         - @ConditionalOnBean (types: org.springdoc.core.customizers.PropertyCustomizer; SearchStrategy: all) did not find any beans of type org.springdoc.core.customizers.PropertyCustomizer (OnBeanCondition)\r\n\r\n   SpringDocConfiguration#springdocBeanFactoryPostProcessor:\r\n      Did not match:\r\n         - AnyNestedCondition 0 matched 2 did not; NestedCondition on CacheOrGroupedOpenApiCondition.OnCacheDisabled found non-matching nested conditions @ConditionalOnProperty (springdoc.cache.disabled) did not find property 'springdoc.cache.disabled'; NestedCondition on CacheOrGroupedOpenApiCondition.OnMultipleOpenApiSupportCondition AnyNestedCondition 0 matched 2 did not; NestedCondition on MultipleOpenApiSupportCondition.OnActuatorDifferentPort found non-matching nested conditions Management Port actual port type (SAME) did not match required type (DIFFERENT), @ConditionalOnProperty (springdoc.show-actuator) did not find property 'springdoc.show-actuator'; NestedCondition on MultipleOpenApiSupportCondition.OnMultipleOpenApiSupportCondition AnyNestedCondition 0 matched 2 did not; NestedCondition on MultipleOpenApiGroupsCondition.OnGroupConfigProperty @ConditionalOnProperty (springdoc.group-configs[0].group) did not find property 'springdoc.group-configs[0].group'; NestedCondition on MultipleOpenApiGroupsCondition.OnGroupedOpenApiBean @ConditionalOnBean (types: org.springdoc.core.models.GroupedOpenApi; SearchStrategy: all) did not find any beans of type org.springdoc.core.models.GroupedOpenApi (CacheOrGroupedOpenApiCondition)\r\n      Matched:\r\n         - @ConditionalOnClass found required class 'org.springframework.boot.context.properties.bind.BindResult' (OnClassCondition)\r\n\r\n   SpringDocConfiguration#springdocBeanFactoryPostProcessor2:\r\n      Did not match:\r\n         - @ConditionalOnMissingClass found unwanted class 'org.springframework.boot.context.properties.bind.BindResult' (OnClassCondition)\r\n\r\n   SpringDocConfiguration.SpringDocActuatorConfiguration:\r\n      Did not match:\r\n         - @ConditionalOnProperty (springdoc.show-actuator) did not find property 'springdoc.show-actuator' (OnPropertyCondition)\r\n      Matched:\r\n         - @ConditionalOnClass found required class 'org.springframework.boot.actuate.autoconfigure.endpoint.web.WebEndpointProperties' (OnClassCondition)\r\n\r\n   SpringDocConfiguration.SpringDocRepositoryRestConfiguration:\r\n      Did not match:\r\n         - @ConditionalOnClass did not find required class 'org.springframework.data.rest.core.config.RepositoryRestConfiguration' (OnClassCondition)\r\n\r\n   SpringDocConfiguration.SpringDocWebFluxSupportConfiguration:\r\n      Did not match:\r\n         - @ConditionalOnClass did not find required class 'reactor.core.publisher.Flux' (OnClassCondition)\r\n\r\n   SpringDocDataRestConfiguration:\r\n      Did not match:\r\n         - @ConditionalOnClass did not find required class 'org.springframework.data.rest.core.config.RepositoryRestConfiguration' (OnClassCondition)\r\n\r\n   SpringDocFunctionCatalogConfiguration:\r\n      Did not match:\r\n         - @ConditionalOnClass did not find required class 'org.springframework.cloud.function.web.function.FunctionEndpointInitializer' (OnClassCondition)\r\n\r\n   SpringDocGroovyConfiguration:\r\n      Did not match:\r\n         - @ConditionalOnClass did not find required class 'groovy.lang.MetaClass' (OnClassCondition)\r\n\r\n   SpringDocHateoasConfiguration:\r\n      Did not match:\r\n         - @ConditionalOnClass did not find required class 'org.springframework.hateoas.server.LinkRelationProvider' (OnClassCondition)\r\n\r\n   SpringDocJacksonKotlinModuleConfiguration:\r\n      Did not match:\r\n         - @ConditionalOnClass did not find required class 'com.fasterxml.jackson.module.kotlin.KotlinModule' (OnClassCondition)\r\n\r\n   SpringDocJavadocConfiguration:\r\n      Did not match:\r\n         - @ConditionalOnClass did not find required class 'com.github.therapi.runtimejavadoc.CommentFormatter' (OnClassCondition)\r\n\r\n   SpringDocKotlinConfiguration:\r\n      Did not match:\r\n         - @ConditionalOnClass did not find required class 'kotlin.coroutines.Continuation' (OnClassCondition)\r\n\r\n   SpringDocKotlinxConfiguration:\r\n      Did not match:\r\n         - @ConditionalOnClass did not find required class 'kotlinx.coroutines.flow.Flow' (OnClassCondition)\r\n\r\n   SpringDocSecurityConfiguration.SpringDocSecurityOAuth2Configuration:\r\n      Did not match:\r\n         - @ConditionalOnClass did not find required class 'org.springframework.security.oauth2.server.authorization.OAuth2AuthorizationService' (OnClassCondition)\r\n\r\n   SpringDocSecurityConfiguration.SpringSecurityLoginEndpointConfiguration#springSecurityLoginEndpointCustomiser:\r\n      Did not match:\r\n         - @ConditionalOnProperty (springdoc.show-login-endpoint) did not find property 'springdoc.show-login-endpoint' (OnPropertyCondition)\r\n\r\n   SpringDocSortConfiguration#delegatingMethodParameterCustomizer:\r\n      Did not match:\r\n         - @ConditionalOnMissingBean (types: org.springdoc.core.customizers.DelegatingMethodParameterCustomizer; SearchStrategy: all) found beans of type 'org.springdoc.core.customizers.DelegatingMethodParameterCustomizer' delegatingMethodParameterCustomizer (OnBeanCondition)\r\n\r\n   SpringDocWebMvcConfiguration.SpringDocWebMvcActuatorConfiguration#actuatorProvider:\r\n      Did not match:\r\n         - @ConditionalOnExpression (#{${springdoc.show-actuator:false} or ${springdoc.use-management-port:false}}) resulted in false (OnExpressionCondition)\r\n\r\n   SpringDocWebMvcConfiguration.SpringDocWebMvcActuatorConfiguration#openApiActuatorResource:\r\n      Did not match:\r\n         - @ConditionalOnProperty (springdoc.use-management-port) did not find property 'springdoc.use-management-port' (OnPropertyCondition)\r\n\r\n   StackdriverMetricsExportAutoConfiguration:\r\n      Did not match:\r\n         - @ConditionalOnClass did not find required class 'io.micrometer.stackdriver.StackdriverMeterRegistry' (OnClassCondition)\r\n\r\n   StartupEndpointAutoConfiguration:\r\n      Did not match:\r\n         - ApplicationStartup configured applicationStartup is of type class org.springframework.core.metrics.DefaultApplicationStartup, expected BufferingApplicationStartup. (StartupEndpointAutoConfiguration.ApplicationStartupCondition)\r\n\r\n   StatsdMetricsExportAutoConfiguration:\r\n      Did not match:\r\n         - @ConditionalOnClass did not find required class 'io.micrometer.statsd.StatsdMeterRegistry' (OnClassCondition)\r\n\r\n   SwaggerConfig#springWebProvider:\r\n      Did not match:\r\n         - @ConditionalOnMissingBean (types: org.springdoc.core.providers.SpringWebProvider; SearchStrategy: all) found beans of type 'org.springdoc.core.providers.SpringWebProvider' springWebProvider (OnBeanCondition)\r\n\r\n   SwaggerConfig#swaggerUiConfigParameters:\r\n      Did not match:\r\n         - @ConditionalOnMissingBean (types: org.springdoc.core.properties.SwaggerUiConfigParameters; SearchStrategy: all) found beans of type 'org.springdoc.core.properties.SwaggerUiConfigParameters' org.springdoc.core.properties.SwaggerUiConfigParameters (OnBeanCondition)\r\n\r\n   SwaggerConfig#swaggerUiHome:\r\n      Did not match:\r\n         - @ConditionalOnProperty (springdoc.swagger-ui.use-root-path=true) did not find property 'springdoc.swagger-ui.use-root-path' (OnPropertyCondition)\r\n\r\n   SwaggerConfig.SwaggerActuatorWelcomeConfiguration:\r\n      Did not match:\r\n         - @ConditionalOnProperty (springdoc.use-management-port) did not find property 'springdoc.use-management-port' (OnPropertyCondition)\r\n      Matched:\r\n         - @ConditionalOnClass found required class 'org.springframework.boot.actuate.endpoint.web.servlet.WebMvcEndpointHandlerMapping' (OnClassCondition)\r\n\r\n   TaskSchedulingAutoConfiguration#scheduledBeanLazyInitializationExcludeFilter:\r\n      Did not match:\r\n         - @ConditionalOnBean (names: org.springframework.context.annotation.internalScheduledAnnotationProcessor; SearchStrategy: all) did not find any beans named org.springframework.context.annotation.internalScheduledAnnotationProcessor (OnBeanCondition)\r\n\r\n   TaskSchedulingAutoConfiguration#taskScheduler:\r\n      Did not match:\r\n         - @ConditionalOnBean (names: org.springframework.context.annotation.internalScheduledAnnotationProcessor; SearchStrategy: all) did not find any beans named org.springframework.context.annotation.internalScheduledAnnotationProcessor (OnBeanCondition)\r\n\r\n   ThreadDumpEndpointAutoConfiguration:\r\n      Did not match:\r\n         - @ConditionalOnAvailableEndpoint no 'management.endpoints' property marked it as exposed (OnAvailableEndpointCondition)\r\n\r\n   ThymeleafAutoConfiguration:\r\n      Did not match:\r\n         - @ConditionalOnClass did not find required class 'org.thymeleaf.spring6.SpringTemplateEngine' (OnClassCondition)\r\n\r\n   TransactionAutoConfiguration#transactionalOperator:\r\n      Did not match:\r\n         - @ConditionalOnSingleCandidate (types: org.springframework.transaction.ReactiveTransactionManager; SearchStrategy: all) did not find any beans (OnBeanCondition)\r\n\r\n   TransactionAutoConfiguration.EnableTransactionManagementConfiguration.JdkDynamicAutoProxyConfiguration:\r\n      Did not match:\r\n         - @ConditionalOnProperty (spring.aop.proxy-target-class=false) did not find property 'proxy-target-class' (OnPropertyCondition)\r\n\r\n   UserDetailsServiceAutoConfiguration:\r\n      Did not match:\r\n         - @ConditionalOnMissingBean (types: org.springframework.security.authentication.AuthenticationManager,org.springframework.security.authentication.AuthenticationProvider,org.springframework.security.core.userdetails.UserDetailsService,org.springframework.security.authentication.AuthenticationManagerResolver,org.springframework.security.oauth2.jwt.JwtDecoder,org.springframework.security.oauth2.server.resource.introspection.OpaqueTokenIntrospector,org.springframework.security.oauth2.client.registration.ClientRegistrationRepository,org.springframework.security.saml2.provider.service.registration.RelyingPartyRegistrationRepository; SearchStrategy: all) found beans of type 'org.springframework.security.authentication.AuthenticationManager' authenticationManager and found beans of type 'org.springframework.security.core.userdetails.UserDetailsService' userDetailsImpl (OnBeanCondition)\r\n      Matched:\r\n         - @ConditionalOnClass found required class 'org.springframework.security.authentication.AuthenticationManager' (OnClassCondition)\r\n\r\n   WavefrontAutoConfiguration:\r\n      Did not match:\r\n         - @ConditionalOnClass did not find required class 'com.wavefront.sdk.common.application.ApplicationTags' (OnClassCondition)\r\n\r\n   WavefrontMetricsExportAutoConfiguration:\r\n      Did not match:\r\n         - @ConditionalOnClass did not find required class 'com.wavefront.sdk.common.WavefrontSender' (OnClassCondition)\r\n\r\n   WavefrontTracingAutoConfiguration:\r\n      Did not match:\r\n         - @ConditionalOnClass did not find required class 'com.wavefront.sdk.common.WavefrontSender' (OnClassCondition)\r\n\r\n   WebClientAutoConfiguration:\r\n      Did not match:\r\n         - @ConditionalOnClass did not find required class 'org.springframework.web.reactive.function.client.WebClient' (OnClassCondition)\r\n\r\n   WebClientObservationConfiguration:\r\n      Did not match:\r\n         - @ConditionalOnClass did not find required class 'org.springframework.web.reactive.function.client.WebClient' (OnClassCondition)\r\n\r\n   WebFluxAutoConfiguration:\r\n      Did not match:\r\n         - @ConditionalOnClass did not find required class 'org.springframework.web.reactive.config.WebFluxConfigurer' (OnClassCondition)\r\n\r\n   WebFluxEndpointManagementContextConfiguration:\r\n      Did not match:\r\n         - @ConditionalOnClass did not find required class 'org.springframework.web.reactive.DispatcherHandler' (OnClassCondition)\r\n\r\n   WebFluxObservationAutoConfiguration:\r\n      Did not match:\r\n         - @ConditionalOnWebApplication did not find reactive web application classes (OnWebApplicationCondition)\r\n\r\n   WebMvcAutoConfiguration#hiddenHttpMethodFilter:\r\n      Did not match:\r\n         - @ConditionalOnProperty (spring.mvc.hiddenmethod.filter.enabled) did not find property 'enabled' (OnPropertyCondition)\r\n\r\n   WebMvcAutoConfiguration.ProblemDetailsErrorHandlingConfiguration:\r\n      Did not match:\r\n         - @ConditionalOnProperty (spring.mvc.problemdetails.enabled=true) did not find property 'enabled' (OnPropertyCondition)\r\n\r\n   WebMvcAutoConfiguration.ResourceChainCustomizerConfiguration:\r\n      Did not match:\r\n         - @ConditionalOnEnabledResourceChain did not find class org.webjars.WebJarAssetLocator (OnEnabledResourceChainCondition)\r\n\r\n   WebMvcAutoConfiguration.WebMvcAutoConfigurationAdapter#beanNameViewResolver:\r\n      Did not match:\r\n         - @ConditionalOnMissingBean (types: org.springframework.web.servlet.view.BeanNameViewResolver; SearchStrategy: all) found beans of type 'org.springframework.web.servlet.view.BeanNameViewResolver' beanNameViewResolver (OnBeanCondition)\r\n\r\n   WebMvcEndpointManagementContextConfiguration#managementHealthEndpointWebMvcHandlerMapping:\r\n      Did not match:\r\n         - Management Port actual port type (SAME) did not match required type (DIFFERENT) (OnManagementPortCondition)\r\n\r\n   WebServiceTemplateAutoConfiguration:\r\n      Did not match:\r\n         - @ConditionalOnClass did not find required class 'org.springframework.oxm.Marshaller' (OnClassCondition)\r\n\r\n   WebServicesAutoConfiguration:\r\n      Did not match:\r\n         - @ConditionalOnClass did not find required class 'org.springframework.ws.transport.http.MessageDispatcherServlet' (OnClassCondition)\r\n\r\n   WebSessionIdResolverAutoConfiguration:\r\n      Did not match:\r\n         - @ConditionalOnClass did not find required class 'reactor.core.publisher.Mono' (OnClassCondition)\r\n\r\n   WebSocketMessagingAutoConfiguration:\r\n      Did not match:\r\n         - @ConditionalOnClass did not find required class 'org.springframework.web.socket.config.annotation.WebSocketMessageBrokerConfigurer' (OnClassCondition)\r\n\r\n   WebSocketReactiveAutoConfiguration:\r\n      Did not match:\r\n         - @ConditionalOnWebApplication did not find reactive web application classes (OnWebApplicationCondition)\r\n\r\n   WebSocketServletAutoConfiguration.JettyWebSocketConfiguration:\r\n      Did not match:\r\n         - @ConditionalOnClass did not find required class 'org.eclipse.jetty.websocket.jakarta.server.config.JakartaWebSocketServletContainerInitializer' (OnClassCondition)\r\n\r\n   WebSocketServletAutoConfiguration.UndertowWebSocketConfiguration:\r\n      Did not match:\r\n         - @ConditionalOnClass did not find required class 'io.undertow.websockets.jsr.Bootstrap' (OnClassCondition)\r\n\r\n   WritableEnvironmentEndpointAutoConfiguration:\r\n      Did not match:\r\n         - @ConditionalOnProperty (management.endpoint.env.post.enabled) did not find property 'management.endpoint.env.post.enabled' (OnPropertyCondition)\r\n      Matched:\r\n         - @ConditionalOnClass found required classes 'org.springframework.boot.actuate.env.EnvironmentEndpoint', 'org.springframework.boot.actuate.autoconfigure.env.EnvironmentEndpointProperties' (OnClassCondition)\r\n\r\n   XADataSourceAutoConfiguration:\r\n      Did not match:\r\n         - @ConditionalOnBean (types: org.springframework.boot.jdbc.XADataSourceWrapper; SearchStrategy: all) did not find any beans of type org.springframework.boot.jdbc.XADataSourceWrapper (OnBeanCondition)\r\n      Matched:\r\n         - @ConditionalOnClass found required classes 'javax.sql.DataSource', 'jakarta.transaction.TransactionManager', 'org.springframework.jdbc.datasource.embedded.EmbeddedDatabaseType' (OnClassCondition)\r\n\r\n   ZipkinAutoConfiguration:\r\n      Did not match:\r\n         - @ConditionalOnProperty (management.tracing.enabled) found different value in property 'enabled' (OnPropertyCondition)\r\n      Matched:\r\n         - @ConditionalOnClass found required class 'zipkin2.reporter.Sender' (OnClassCondition)\r\n\r\n\r\nExclusions:\r\n-----------\r\n\r\n    None\r\n\r\n\r\nUnconditional classes:\r\n----------------------\r\n\r\n    org.springframework.boot.autoconfigure.context.ConfigurationPropertiesAutoConfiguration\r\n\r\n    org.springframework.cloud.client.ReactiveCommonsClientAutoConfiguration\r\n\r\n    org.springframework.boot.actuate.autoconfigure.availability.AvailabilityHealthContributorAutoConfiguration\r\n\r\n    org.springframework.boot.autoconfigure.ssl.SslAutoConfiguration\r\n\r\n    org.springframework.boot.actuate.autoconfigure.info.InfoContributorAutoConfiguration\r\n\r\n    org.springframework.cloud.client.discovery.simple.SimpleDiscoveryClientAutoConfiguration\r\n\r\n    org.springframework.boot.autoconfigure.context.PropertyPlaceholderAutoConfiguration\r\n\r\n    org.springframework.boot.autoconfigure.context.LifecycleAutoConfiguration\r\n\r\n    org.springframework.cloud.client.CommonsClientAutoConfiguration\r\n\r\n    org.springframework.boot.actuate.autoconfigure.metrics.integration.IntegrationMetricsAutoConfiguration\r\n\r\n    org.springframework.boot.actuate.autoconfigure.endpoint.EndpointAutoConfiguration\r\n\r\n    org.springframework.cloud.commons.config.CommonsConfigAutoConfiguration\r\n\r\n    org.springframework.boot.actuate.autoconfigure.web.server.ManagementContextAutoConfiguration\r\n\r\n    org.springframework.cloud.client.loadbalancer.LoadBalancerDefaultMappingsProviderAutoConfiguration\r\n\r\n    org.springframework.cloud.client.discovery.composite.CompositeDiscoveryClientAutoConfiguration\r\n\r\n    org.springframework.boot.actuate.autoconfigure.health.HealthContributorAutoConfiguration\r\n\r\n    org.springframework.cloud.client.serviceregistry.ServiceRegistryAutoConfiguration\r\n\r\n    org.springframework.cloud.autoconfigure.LifecycleMvcEndpointAutoConfiguration\r\n\r\n    org.springframework.boot.actuate.autoconfigure.endpoint.jackson.JacksonEndpointAutoConfiguration\r\n\r\n    org.springframework.boot.autoconfigure.availability.ApplicationAvailabilityAutoConfiguration\r\n\r\n    org.springframework.boot.autoconfigure.info.ProjectInfoAutoConfiguration\r\n\r\n\r\n","serviceName":"tecnos-service"}
{"timestamp":"2024-11-25 00:38:39","thread":"main","level":"INFO","logger":"com.example.tecnosserver.TecnosServerApplicationTests","message":"Started TecnosServerApplicationTests in 7.866 seconds (process running for 8.603)","serviceName":"tecnos-service"}
{"timestamp":"2024-11-25 00:38:39","thread":"main","level":"DEBUG","logger":"org.springframework.boot.availability.ApplicationAvailabilityBean","message":"Application availability state LivenessState changed to CORRECT","serviceName":"tecnos-service"}
{"timestamp":"2024-11-25 00:38:39","thread":"main","level":"DEBUG","logger":"org.springframework.boot.availability.ApplicationAvailabilityBean","message":"Application availability state ReadinessState changed to ACCEPTING_TRAFFIC","serviceName":"tecnos-service"}
{"timestamp":"2024-11-25 00:38:39","thread":"main","level":"DEBUG","logger":"org.springframework.test.context.cache","message":"Spring test ApplicationContext cache statistics: [DefaultContextCache@262d72a size = 1, maxSize = 32, parentContextCount = 0, hitCount = 0, missCount = 1]","serviceName":"tecnos-service"}
{"timestamp":"2024-11-25 00:38:39","thread":"main","level":"DEBUG","logger":"org.springframework.test.context.web.ServletTestExecutionListener","message":"Setting up MockHttpServletRequest, MockHttpServletResponse, ServletWebRequest, and RequestContextHolder for test class com.example.tecnosserver.TecnosServerApplicationTests","serviceName":"tecnos-service"}
{"timestamp":"2024-11-25 00:38:39","thread":"main","level":"DEBUG","logger":"org.springframework.test.context.support.DependencyInjectionTestExecutionListener","message":"Performing dependency injection for test class com.example.tecnosserver.TecnosServerApplicationTests","serviceName":"tecnos-service"}
{"timestamp":"2024-11-25 00:38:39","thread":"main","level":"DEBUG","logger":"org.springframework.test.context.cache","message":"Spring test ApplicationContext cache statistics: [DefaultContextCache@262d72a size = 1, maxSize = 32, parentContextCount = 0, hitCount = 1, missCount = 1]","serviceName":"tecnos-service"}
{"timestamp":"2024-11-25 00:38:39","thread":"main","level":"DEBUG","logger":"org.springframework.test.context.cache","message":"Spring test ApplicationContext cache statistics: [DefaultContextCache@262d72a size = 1, maxSize = 32, parentContextCount = 0, hitCount = 2, missCount = 1]","serviceName":"tecnos-service"}
{"timestamp":"2024-11-25 00:38:39","thread":"main","level":"DEBUG","logger":"org.springframework.test.context.support.DirtiesContextBeforeModesTestExecutionListener","message":"Before test method: class [TecnosServerApplicationTests], method [contextLoads], class annotated with @DirtiesContext [false] with mode [null], method annotated with @DirtiesContext [false] with mode [null]","serviceName":"tecnos-service"}
{"timestamp":"2024-11-25 00:38:39","thread":"main","level":"DEBUG","logger":"org.springframework.test.context.cache","message":"Spring test ApplicationContext cache statistics: [DefaultContextCache@262d72a size = 1, maxSize = 32, parentContextCount = 0, hitCount = 3, missCount = 1]","serviceName":"tecnos-service"}
{"timestamp":"2024-11-25 00:38:39","thread":"main","level":"DEBUG","logger":"org.springframework.test.context.observation.MicrometerObservationRegistryTestExecutionListener","message":"Registering ObservationRegistry from ApplicationContext in ObservationThreadLocalAccessor for test class com.example.tecnosserver.TecnosServerApplicationTests","serviceName":"tecnos-service"}
{"timestamp":"2024-11-25 00:38:39","thread":"main","level":"DEBUG","logger":"org.springframework.test.context.cache","message":"Spring test ApplicationContext cache statistics: [DefaultContextCache@262d72a size = 1, maxSize = 32, parentContextCount = 0, hitCount = 4, missCount = 1]","serviceName":"tecnos-service"}
{"timestamp":"2024-11-25 00:38:39","thread":"main","level":"DEBUG","logger":"org.springframework.test.context.cache","message":"Spring test ApplicationContext cache statistics: [DefaultContextCache@262d72a size = 1, maxSize = 32, parentContextCount = 0, hitCount = 5, missCount = 1]","serviceName":"tecnos-service"}
{"timestamp":"2024-11-25 00:38:39","thread":"main","level":"DEBUG","logger":"org.springframework.test.context.cache","message":"Spring test ApplicationContext cache statistics: [DefaultContextCache@262d72a size = 1, maxSize = 32, parentContextCount = 0, hitCount = 6, missCount = 1]","serviceName":"tecnos-service"}
{"timestamp":"2024-11-25 00:38:39","thread":"main","level":"DEBUG","logger":"org.springframework.test.context.cache","message":"Spring test ApplicationContext cache statistics: [DefaultContextCache@262d72a size = 1, maxSize = 32, parentContextCount = 0, hitCount = 7, missCount = 1]","serviceName":"tecnos-service"}
{"timestamp":"2024-11-25 00:38:39","thread":"main","level":"DEBUG","logger":"org.springframework.test.context.cache","message":"Spring test ApplicationContext cache statistics: [DefaultContextCache@262d72a size = 1, maxSize = 32, parentContextCount = 0, hitCount = 8, missCount = 1]","serviceName":"tecnos-service"}
{"timestamp":"2024-11-25 00:38:39","thread":"main","level":"DEBUG","logger":"org.springframework.test.context.cache","message":"Spring test ApplicationContext cache statistics: [DefaultContextCache@262d72a size = 1, maxSize = 32, parentContextCount = 0, hitCount = 9, missCount = 1]","serviceName":"tecnos-service"}
{"timestamp":"2024-11-25 00:38:39","thread":"main","level":"DEBUG","logger":"org.springframework.test.context.cache","message":"Spring test ApplicationContext cache statistics: [DefaultContextCache@262d72a size = 1, maxSize = 32, parentContextCount = 0, hitCount = 10, missCount = 1]","serviceName":"tecnos-service"}
{"timestamp":"2024-11-25 00:38:39","thread":"main","level":"DEBUG","logger":"org.springframework.test.context.cache","message":"Spring test ApplicationContext cache statistics: [DefaultContextCache@262d72a size = 1, maxSize = 32, parentContextCount = 0, hitCount = 11, missCount = 1]","serviceName":"tecnos-service"}
{"timestamp":"2024-11-25 00:38:39","thread":"main","level":"DEBUG","logger":"org.springframework.test.context.cache","message":"Spring test ApplicationContext cache statistics: [DefaultContextCache@262d72a size = 1, maxSize = 32, parentContextCount = 0, hitCount = 12, missCount = 1]","serviceName":"tecnos-service"}
{"timestamp":"2024-11-25 00:38:39","thread":"main","level":"DEBUG","logger":"org.springframework.test.context.support.DirtiesContextTestExecutionListener","message":"After test method: class [TecnosServerApplicationTests], method [contextLoads], class annotated with @DirtiesContext [false] with mode [null], method annotated with @DirtiesContext [false] with mode [null]","serviceName":"tecnos-service"}
{"timestamp":"2024-11-25 00:38:39","thread":"main","level":"DEBUG","logger":"org.springframework.test.context.observation.MicrometerObservationRegistryTestExecutionListener","message":"Restoring ObservationRegistry in ObservationThreadLocalAccessor for test class com.example.tecnosserver.TecnosServerApplicationTests","serviceName":"tecnos-service"}
{"timestamp":"2024-11-25 00:38:39","thread":"main","level":"DEBUG","logger":"org.springframework.test.context.web.ServletTestExecutionListener","message":"Resetting RequestContextHolder for test class com.example.tecnosserver.TecnosServerApplicationTests","serviceName":"tecnos-service"}
]]></system-out>
  </testcase>
</testsuite>